#
# There is insufficient memory for the Java Runtime Environment to continue.
# Native memory allocation (mmap) failed to map 102236160 bytes for committing reserved memory.
# Possible reasons:
#   The system is out of physical RAM or swap space
#   In 32 bit mode, the process size limit was hit
# Possible solutions:
#   Reduce memory load on the system
#   Increase physical memory or swap space
#   Check if swap backing store is full
#   Use 64 bit Java on a 64 bit OS
#   Decrease Java heap size (-Xmx/-Xms)
#   Decrease number of Java threads
#   Decrease Java thread stack sizes (-Xss)
#   Set larger code cache with -XX:ReservedCodeCacheSize=
# This output file may be truncated or incomplete.
#
#  Out of Memory Error (os_linux.cpp:2640), pid=3525, tid=0x00007fd35508e700
#
# JRE version: Java(TM) SE Runtime Environment (8.0_144-b01) (build 1.8.0_144-b01)
# Java VM: Java HotSpot(TM) 64-Bit Server VM (25.144-b01 mixed mode linux-amd64 compressed oops)
# Failed to write core dump. Core dumps have been disabled. To enable core dumping, try "ulimit -c unlimited" before starting Java again
#

---------------  T H R E A D  ---------------

Current thread (0x00007fd368077800):  VMThread [stack: 0x00007fd354f8e000,0x00007fd35508f000] [id=3541]

Stack: [0x00007fd354f8e000,0x00007fd35508f000],  sp=0x00007fd35508d260,  free space=1020k
Native frames: (J=compiled Java code, j=interpreted, Vv=VM code, C=native code)
V  [libjvm.so+0xacb18a]  VMError::report_and_die()+0x2ba
V  [libjvm.so+0x4ff4db]  report_vm_out_of_memory(char const*, int, unsigned long, VMErrorType, char const*)+0x8b
V  [libjvm.so+0x927d23]  os::Linux::commit_memory_impl(char*, unsigned long, bool)+0x103
V  [libjvm.so+0x928279]  os::pd_commit_memory(char*, unsigned long, unsigned long, bool)+0x29
V  [libjvm.so+0x92249a]  os::commit_memory(char*, unsigned long, unsigned long, bool)+0x2a
V  [libjvm.so+0x996ff3]  PSVirtualSpace::expand_by(unsigned long)+0x53
V  [libjvm.so+0x9983f8]  PSYoungGen::resize_generation(unsigned long, unsigned long)+0xf8
V  [libjvm.so+0x997552]  PSYoungGen::resize(unsigned long, unsigned long)+0x22
V  [libjvm.so+0x99482b]  PSScavenge::invoke_no_policy()+0xf3b
V  [libjvm.so+0x994fb1]  PSScavenge::invoke()+0x41
V  [libjvm.so+0x94bce0]  ParallelScavengeHeap::failed_mem_allocate(unsigned long)+0x70
V  [libjvm.so+0xaccba7]  VM_ParallelGCFailedAllocation::doit()+0x97
V  [libjvm.so+0xad4685]  VM_Operation::evaluate()+0x55
V  [libjvm.so+0xad2a5a]  VMThread::evaluate_operation(VM_Operation*)+0xba
V  [libjvm.so+0xad2dde]  VMThread::loop()+0x1ce
V  [libjvm.so+0xad3250]  VMThread::run()+0x70
V  [libjvm.so+0x92a338]  java_start(Thread*)+0x108

VM_Operation (0x00007fd371ba3e40): ParallelGCFailedAllocation, mode: safepoint, requested by thread 0x00007fd36800a000


---------------  P R O C E S S  ---------------

Java Threads: ( => current thread )
  0x00007fd3680c8800 JavaThread "Service Thread" daemon [_thread_blocked, id=3548, stack(0x00007fd3546fe000,0x00007fd3547ff000)]
  0x00007fd3680bd800 JavaThread "C1 CompilerThread2" daemon [_thread_blocked, id=3547, stack(0x00007fd3547ff000,0x00007fd354900000)]
  0x00007fd3680bb800 JavaThread "C2 CompilerThread1" daemon [_thread_blocked, id=3546, stack(0x00007fd354900000,0x00007fd354a01000)]
  0x00007fd3680b9000 JavaThread "C2 CompilerThread0" daemon [_thread_blocked, id=3545, stack(0x00007fd354a01000,0x00007fd354b02000)]
  0x00007fd3680b7800 JavaThread "Signal Dispatcher" daemon [_thread_blocked, id=3544, stack(0x00007fd354b02000,0x00007fd354c03000)]
  0x00007fd368084000 JavaThread "Finalizer" daemon [_thread_blocked, id=3543, stack(0x00007fd354d8c000,0x00007fd354e8d000)]
  0x00007fd36807f800 JavaThread "Reference Handler" daemon [_thread_blocked, id=3542, stack(0x00007fd354e8d000,0x00007fd354f8e000)]
  0x00007fd36800a000 JavaThread "main" [_thread_blocked, id=3536, stack(0x00007fd371aa7000,0x00007fd371ba8000)]

Other Threads:
=>0x00007fd368077800 VMThread [stack: 0x00007fd354f8e000,0x00007fd35508f000] [id=3541]
  0x00007fd3680cb800 WatcherThread [stack: 0x00007fd3545fd000,0x00007fd3546fe000] [id=3549]

VM state:at safepoint (normal execution)

VM Mutex/Monitor currently owned by a thread:  ([mutex/lock_event])
[0x00007fd368006050] Threads_lock - owner thread: 0x00007fd368077800
[0x00007fd368006550] Heap_lock - owner thread: 0x00007fd36800a000

Heap:
 PSYoungGen      total 454656K, used 23016K [0x00000000d6600000, 0x00000000f8480000, 0x0000000100000000)
  eden space 431616K, 0% used [0x00000000d6600000,0x00000000d6600000,0x00000000f0b80000)
  from space 23040K, 99% used [0x00000000f5780000,0x00000000f6dfa240,0x00000000f6e00000)
  to   space 17408K, 0% used [0x00000000f7380000,0x00000000f7380000,0x00000000f8480000)
 ParOldGen       total 78848K, used 40152K [0x0000000083200000, 0x0000000087f00000, 0x00000000d6600000)
  object space 78848K, 50% used [0x0000000083200000,0x00000000859360b8,0x0000000087f00000)
 Metaspace       used 30799K, capacity 32078K, committed 32128K, reserved 1077248K
  class space    used 3470K, capacity 3697K, committed 3712K, reserved 1048576K

Card table byte_map: [0x00007fd36e459000,0x00007fd36e841000] byte_map_base: 0x00007fd36e040000

Marking Bits: (ParMarkBitMap*) 0x00007fd370f69dc0
 Begin Bits: [0x00007fd355190000, 0x00007fd3570c8000)
 End Bits:   [0x00007fd3570c8000, 0x00007fd359000000)

Polling page: 0x00007fd371bb7000

CodeCache: size=245760Kb used=23942Kb max_used=23942Kb free=221817Kb
 bounds [0x00007fd359000000, 0x00007fd35a780000, 0x00007fd368000000]
 total_blobs=6735 nmethods=6349 adapters=298
 compilation: enabled

Compilation events (10 events):
Event: 17.524 Thread 0x00007fd3680bd800 nmethod 7654 0x00007fd35a76fd50 code [0x00007fd35a76ff20, 0x00007fd35a770508]
Event: 17.524 Thread 0x00007fd3680bd800 7657       3       lombok.core.configuration.FileSystemSourceCache$1$1::findNext (104 bytes)
Event: 17.525 Thread 0x00007fd3680bd800 nmethod 7657 0x00007fd35a76ebd0 code [0x00007fd35a76ede0, 0x00007fd35a76f958]
Event: 17.525 Thread 0x00007fd3680bd800 7656   !   3       lombok.core.configuration.FileSystemSourceCache::sourcesForJavaFile (232 bytes)
Event: 17.535 Thread 0x00007fd3680bb800 nmethod 7652 0x00007fd35a76e5d0 code [0x00007fd35a76e760, 0x00007fd35a76e9f8]
Event: 17.535 Thread 0x00007fd3680bb800 7663       4       lombok.core.LombokImmutableList$1::hasNext (21 bytes)
Event: 17.536 Thread 0x00007fd3680bb800 nmethod 7663 0x00007fd35a76e310 code [0x00007fd35a76e460, 0x00007fd35a76e4f8]
Event: 17.536 Thread 0x00007fd3680bb800 7653   !   4       java.io.File::toURI (69 bytes)
Event: 17.544 Thread 0x00007fd3680bd800 nmethod 7656 0x00007fd35a778910 code [0x00007fd35a778ea0, 0x00007fd35a77c6a8]
Event: 17.544 Thread 0x00007fd3680bd800 7660   !   3       lombok.javac.JavacAST::drill (145 bytes)

GC Heap History (10 events):
Event: 3.510 GC heap after
Heap after GC invocations=5 (full 0):
 PSYoungGen      total 136192K, used 5120K [0x00000000d6600000, 0x00000000e8500000, 0x0000000100000000)
  eden space 131072K, 0% used [0x00000000d6600000,0x00000000d6600000,0x00000000de600000)
  from space 5120K, 100% used [0x00000000de600000,0x00000000deb00000,0x00000000deb00000)
  to   space 15872K, 0% used [0x00000000e7580000,0x00000000e7580000,0x00000000e8500000)
 ParOldGen       total 86016K, used 21008K [0x0000000083200000, 0x0000000088600000, 0x00000000d6600000)
  object space 86016K, 24% used [0x0000000083200000,0x0000000084684288,0x0000000088600000)
 Metaspace       used 15031K, capacity 15352K, committed 15488K, reserved 1062912K
  class space    used 1755K, capacity 1822K, committed 1920K, reserved 1048576K
}
Event: 4.964 GC heap before
{Heap before GC invocations=6 (full 0):
 PSYoungGen      total 136192K, used 136192K [0x00000000d6600000, 0x00000000e8500000, 0x0000000100000000)
  eden space 131072K, 100% used [0x00000000d6600000,0x00000000de600000,0x00000000de600000)
  from space 5120K, 100% used [0x00000000de600000,0x00000000deb00000,0x00000000deb00000)
  to   space 15872K, 0% used [0x00000000e7580000,0x00000000e7580000,0x00000000e8500000)
 ParOldGen       total 86016K, used 21008K [0x0000000083200000, 0x0000000088600000, 0x00000000d6600000)
  object space 86016K, 24% used [0x0000000083200000,0x0000000084684288,0x0000000088600000)
 Metaspace       used 20513K, capacity 21048K, committed 21248K, reserved 1069056K
  class space    used 2382K, capacity 2497K, committed 2560K, reserved 1048576K
Event: 5.011 GC heap after
Heap after GC invocations=6 (full 0):
 PSYoungGen      total 273920K, used 15864K [0x00000000d6600000, 0x00000000e8d00000, 0x0000000100000000)
  eden space 258048K, 0% used [0x00000000d6600000,0x00000000d6600000,0x00000000e6200000)
  from space 15872K, 99% used [0x00000000e7580000,0x00000000e84fe000,0x00000000e8500000)
  to   space 19968K, 0% used [0x00000000e6200000,0x00000000e6200000,0x00000000e7580000)
 ParOldGen       total 86016K, used 24032K [0x0000000083200000, 0x0000000088600000, 0x00000000d6600000)
  object space 86016K, 27% used [0x0000000083200000,0x0000000084978028,0x0000000088600000)
 Metaspace       used 20513K, capacity 21048K, committed 21248K, reserved 1069056K
  class space    used 2382K, capacity 2497K, committed 2560K, reserved 1048576K
}
Event: 5.148 GC heap before
{Heap before GC invocations=7 (full 0):
 PSYoungGen      total 273920K, used 26436K [0x00000000d6600000, 0x00000000e8d00000, 0x0000000100000000)
  eden space 258048K, 4% used [0x00000000d6600000,0x00000000d7053320,0x00000000e6200000)
  from space 15872K, 99% used [0x00000000e7580000,0x00000000e84fe000,0x00000000e8500000)
  to   space 19968K, 0% used [0x00000000e6200000,0x00000000e6200000,0x00000000e7580000)
 ParOldGen       total 86016K, used 24032K [0x0000000083200000, 0x0000000088600000, 0x00000000d6600000)
  object space 86016K, 27% used [0x0000000083200000,0x0000000084978028,0x0000000088600000)
 Metaspace       used 20669K, capacity 21176K, committed 21248K, reserved 1069056K
  class space    used 2393K, capacity 2497K, committed 2560K, reserved 1048576K
Event: 5.212 GC heap after
Heap after GC invocations=7 (full 0):
 PSYoungGen      total 278016K, used 16626K [0x00000000d6600000, 0x00000000f8900000, 0x0000000100000000)
  eden space 258048K, 0% used [0x00000000d6600000,0x00000000d6600000,0x00000000e6200000)
  from space 19968K, 83% used [0x00000000e6200000,0x00000000e723ca38,0x00000000e7580000)
  to   space 22016K, 0% used [0x00000000f7380000,0x00000000f7380000,0x00000000f8900000)
 ParOldGen       total 86016K, used 24868K [0x0000000083200000, 0x0000000088600000, 0x00000000d6600000)
  object space 86016K, 28% used [0x0000000083200000,0x0000000084a49058,0x0000000088600000)
 Metaspace       used 20669K, capacity 21176K, committed 21248K, reserved 1069056K
  class space    used 2393K, capacity 2497K, committed 2560K, reserved 1048576K
}
Event: 5.212 GC heap before
{Heap before GC invocations=8 (full 1):
 PSYoungGen      total 278016K, used 16626K [0x00000000d6600000, 0x00000000f8900000, 0x0000000100000000)
  eden space 258048K, 0% used [0x00000000d6600000,0x00000000d6600000,0x00000000e6200000)
  from space 19968K, 83% used [0x00000000e6200000,0x00000000e723ca38,0x00000000e7580000)
  to   space 22016K, 0% used [0x00000000f7380000,0x00000000f7380000,0x00000000f8900000)
 ParOldGen       total 86016K, used 24868K [0x0000000083200000, 0x0000000088600000, 0x00000000d6600000)
  object space 86016K, 28% used [0x0000000083200000,0x0000000084a49058,0x0000000088600000)
 Metaspace       used 20669K, capacity 21176K, committed 21248K, reserved 1069056K
  class space    used 2393K, capacity 2497K, committed 2560K, reserved 1048576K
Event: 5.424 GC heap after
Heap after GC invocations=8 (full 1):
 PSYoungGen      total 278016K, used 0K [0x00000000d6600000, 0x00000000f8900000, 0x0000000100000000)
  eden space 258048K, 0% used [0x00000000d6600000,0x00000000d6600000,0x00000000e6200000)
  from space 19968K, 0% used [0x00000000e6200000,0x00000000e6200000,0x00000000e7580000)
  to   space 22016K, 0% used [0x00000000f7380000,0x00000000f7380000,0x00000000f8900000)
 ParOldGen       total 78848K, used 27157K [0x0000000083200000, 0x0000000087f00000, 0x00000000d6600000)
  object space 78848K, 34% used [0x0000000083200000,0x0000000084c85558,0x0000000087f00000)
 Metaspace       used 20669K, capacity 21176K, committed 21248K, reserved 1069056K
  class space    used 2393K, capacity 2497K, committed 2560K, reserved 1048576K
}
Event: 10.218 GC heap before
{Heap before GC invocations=9 (full 1):
 PSYoungGen      total 278016K, used 258048K [0x00000000d6600000, 0x00000000f8900000, 0x0000000100000000)
  eden space 258048K, 100% used [0x00000000d6600000,0x00000000e6200000,0x00000000e6200000)
  from space 19968K, 0% used [0x00000000e6200000,0x00000000e6200000,0x00000000e7580000)
  to   space 22016K, 0% used [0x00000000f7380000,0x00000000f7380000,0x00000000f8900000)
 ParOldGen       total 78848K, used 27157K [0x0000000083200000, 0x0000000087f00000, 0x00000000d6600000)
  object space 78848K, 34% used [0x0000000083200000,0x0000000084c85558,0x0000000087f00000)
 Metaspace       used 25859K, capacity 26752K, committed 26880K, reserved 1073152K
  class space    used 2904K, capacity 3041K, committed 3072K, reserved 1048576K
Event: 10.269 GC heap after
Heap after GC invocations=9 (full 1):
 PSYoungGen      total 449024K, used 17113K [0x00000000d6600000, 0x00000000f8480000, 0x0000000100000000)
  eden space 431616K, 0% used [0x00000000d6600000,0x00000000d6600000,0x00000000f0b80000)
  from space 17408K, 98% used [0x00000000f7380000,0x00000000f84365e8,0x00000000f8480000)
  to   space 23040K, 0% used [0x00000000f5780000,0x00000000f5780000,0x00000000f6e00000)
 ParOldGen       total 78848K, used 27165K [0x0000000083200000, 0x0000000087f00000, 0x00000000d6600000)
  object space 78848K, 34% used [0x0000000083200000,0x0000000084c87558,0x0000000087f00000)
 Metaspace       used 25859K, capacity 26752K, committed 26880K, reserved 1073152K
  class space    used 2904K, capacity 3041K, committed 3072K, reserved 1048576K
}
Event: 17.550 GC heap before
{Heap before GC invocations=10 (full 1):
 PSYoungGen      total 449024K, used 448729K [0x00000000d6600000, 0x00000000f8480000, 0x0000000100000000)
  eden space 431616K, 100% used [0x00000000d6600000,0x00000000f0b80000,0x00000000f0b80000)
  from space 17408K, 98% used [0x00000000f7380000,0x00000000f84365e8,0x00000000f8480000)
  to   space 23040K, 0% used [0x00000000f5780000,0x00000000f5780000,0x00000000f6e00000)
 ParOldGen       total 78848K, used 27165K [0x0000000083200000, 0x0000000087f00000, 0x00000000d6600000)
  object space 78848K, 34% used [0x0000000083200000,0x0000000084c87558,0x0000000087f00000)
 Metaspace       used 30799K, capacity 32078K, committed 32128K, reserved 1077248K
  class space    used 3470K, capacity 3697K, committed 3712K, reserved 1048576K

Deoptimization events (10 events):
Event: 10.975 Thread 0x00007fd36800a000 Uncommon trap: reason=unstable_if action=reinterpret pc=0x00007fd35944f9b0 method=java.io.UnixFileSystem.resolve(Ljava/lang/String;Ljava/lang/String;)Ljava/lang/String; @ 6
Event: 12.362 Thread 0x00007fd36800a000 Uncommon trap: reason=null_check action=make_not_entrant pc=0x00007fd35974aa78 method=lombok.core.configuration.FileSystemSourceCache.ensureContent(Ljava/io/File;)Llombok/core/configuration/FileSystemSourceCache$Content; @ 10
Event: 12.400 Thread 0x00007fd36800a000 Uncommon trap: reason=class_check action=maybe_recompile pc=0x00007fd359584bfc method=java.util.regex.Pattern$Branch.match(Ljava/util/regex/Matcher;ILjava/lang/CharSequence;)Z @ 50
Event: 12.420 Thread 0x00007fd36800a000 Uncommon trap: reason=class_check action=maybe_recompile pc=0x00007fd359584bfc method=java.util.regex.Pattern$Branch.match(Ljava/util/regex/Matcher;ILjava/lang/CharSequence;)Z @ 50
Event: 12.424 Thread 0x00007fd36800a000 Uncommon trap: reason=class_check action=maybe_recompile pc=0x00007fd359584bfc method=java.util.regex.Pattern$Branch.match(Ljava/util/regex/Matcher;ILjava/lang/CharSequence;)Z @ 50
Event: 12.435 Thread 0x00007fd36800a000 Uncommon trap: reason=class_check action=maybe_recompile pc=0x00007fd359584bfc method=java.util.regex.Pattern$Branch.match(Ljava/util/regex/Matcher;ILjava/lang/CharSequence;)Z @ 50
Event: 13.827 Thread 0x00007fd36800a000 Uncommon trap: reason=unstable_if action=reinterpret pc=0x00007fd359f1a4d0 method=com.sun.tools.javac.util.Convert.utf2chars([BI[CII)I @ 37
Event: 14.347 Thread 0x00007fd36800a000 Uncommon trap: reason=unstable_if action=reinterpret pc=0x00007fd3595fe4ec method=com.sun.tools.javac.util.Convert.utf2chars([BI[CII)I @ 37
Event: 16.591 Thread 0x00007fd36800a000 Uncommon trap: reason=unstable_if action=reinterpret pc=0x00007fd35a65f858 method=com.sun.tools.javac.comp.Resolve.accessInternal(Lcom/sun/tools/javac/code/Symbol;Lcom/sun/tools/javac/util/JCDiagnostic$DiagnosticPosition;Lcom/sun/tools/javac/code/Symbol;L
Event: 16.610 Thread 0x00007fd36800a000 Uncommon trap: reason=unstable_if action=reinterpret pc=0x00007fd35a66c764 method=com.sun.tools.javac.comp.Attr.check(Lcom/sun/tools/javac/tree/JCTree;Lcom/sun/tools/javac/code/Type;ILcom/sun/tools/javac/comp/Attr$ResultInfo;)Lcom/sun/tools/javac/code/Typ

Internal exceptions (10 events):
Event: 8.945 Thread 0x00007fd36800a000 Exception <a 'java/lang/NoClassDefFoundError': org/slf4j/Logger> (0x00000000e422e128) thrown at [/HUDSON3/workspace/8-2-build-linux-amd64/jdk8u144/9417/hotspot/src/share/vm/oops/constantPool.cpp, line 235]
Event: 9.834 Thread 0x00007fd36800a000 Implicit null exception at 0x00007fd35989d500 to 0x00007fd35989fcf1
Event: 10.527 Thread 0x00007fd36800a000 Exception <a 'java/io/FileNotFoundException'> (0x00000000d8239b58) thrown at [/HUDSON3/workspace/8-2-build-linux-amd64/jdk8u144/9417/hotspot/src/share/vm/prims/jni.cpp, line 709]
Event: 10.527 Thread 0x00007fd36800a000 Exception <a 'java/io/FileNotFoundException'> (0x00000000d823af78) thrown at [/HUDSON3/workspace/8-2-build-linux-amd64/jdk8u144/9417/hotspot/src/share/vm/prims/jni.cpp, line 709]
Event: 11.978 Thread 0x00007fd36800a000 Exception <a 'java/io/FileNotFoundException'> (0x00000000de061158) thrown at [/HUDSON3/workspace/8-2-build-linux-amd64/jdk8u144/9417/hotspot/src/share/vm/prims/jni.cpp, line 709]
Event: 11.978 Thread 0x00007fd36800a000 Exception <a 'java/io/FileNotFoundException'> (0x00000000de062578) thrown at [/HUDSON3/workspace/8-2-build-linux-amd64/jdk8u144/9417/hotspot/src/share/vm/prims/jni.cpp, line 709]
Event: 13.795 Thread 0x00007fd36800a000 Exception <a 'java/io/FileNotFoundException'> (0x00000000e7bafe48) thrown at [/HUDSON3/workspace/8-2-build-linux-amd64/jdk8u144/9417/hotspot/src/share/vm/prims/jni.cpp, line 709]
Event: 13.796 Thread 0x00007fd36800a000 Exception <a 'java/io/FileNotFoundException'> (0x00000000e7bb1268) thrown at [/HUDSON3/workspace/8-2-build-linux-amd64/jdk8u144/9417/hotspot/src/share/vm/prims/jni.cpp, line 709]
Event: 16.534 Thread 0x00007fd36800a000 Exception <a 'java/io/FileNotFoundException'> (0x00000000ee9af8a8) thrown at [/HUDSON3/workspace/8-2-build-linux-amd64/jdk8u144/9417/hotspot/src/share/vm/prims/jni.cpp, line 709]
Event: 16.535 Thread 0x00007fd36800a000 Exception <a 'java/io/FileNotFoundException'> (0x00000000ee9b0cc8) thrown at [/HUDSON3/workspace/8-2-build-linux-amd64/jdk8u144/9417/hotspot/src/share/vm/prims/jni.cpp, line 709]

Events (10 events):
Event: 16.610 Thread 0x00007fd36800a000 DEOPT UNPACKING pc=0x00007fd359005229 sp=0x00007fd371ba3bb8 mode 2
Event: 16.633 loading class lombok/launch/AnnotationProcessorHider$AnnotationProcessor
Event: 16.633 loading class lombok/launch/AnnotationProcessorHider$AnnotationProcessor done
Event: 16.647 loading class lombok/launch/Main
Event: 16.647 loading class lombok/launch/Main done
Event: 16.648 loading class lombok/launch/ShadowClassLoader
Event: 16.648 loading class lombok/launch/ShadowClassLoader done
Event: 16.732 loading class com/sun/tools/javac/util/CancelService
Event: 16.732 loading class com/sun/tools/javac/util/CancelService done
Event: 17.545 Executing VM operation: ParallelGCFailedAllocation


Dynamic libraries:
00400000-00401000 r-xp 00000000 08:01 407645                             /usr/lib/jvm/java-8-oracle/bin/java
00600000-00601000 rw-p 00000000 08:01 407645                             /usr/lib/jvm/java-8-oracle/bin/java
01a0f000-01a30000 rw-p 00000000 00:00 0                                  [heap]
83200000-87f00000 rw-p 00000000 00:00 0 
87f00000-d6600000 ---p 00000000 00:00 0 
d6600000-f8480000 rw-p 00000000 00:00 0 
fe600000-100000000 ---p 00000000 00:00 0 
100000000-1003a0000 rw-p 00000000 00:00 0 
1003a0000-140000000 ---p 00000000 00:00 0 
7fd31c000000-7fd31c021000 rw-p 00000000 00:00 0 
7fd31c021000-7fd320000000 ---p 00000000 00:00 0 
7fd322964000-7fd3229c2000 r--s 004ac000 08:01 1573005                    /home/vagrant/.m2/repository/org/hibernate/hibernate-core/4.3.11.Final/hibernate-core-4.3.11.Final.jar
7fd3229c2000-7fd322b82000 rw-p 00000000 00:00 0 
7fd322b82000-7fd322bc2000 ---p 00000000 00:00 0 
7fd322bc2000-7fd322bd7000 r--s 00145000 08:01 1573319                    /home/vagrant/.m2/repository/org/projectlombok/lombok/1.16.12/lombok-1.16.12.jar
7fd322c23000-7fd322c2d000 r--s 00068000 08:01 1837061                    /home/vagrant/.m2/repository/org/springframework/spring-orm/4.2.2.RELEASE/spring-orm-4.2.2.RELEASE.jar
7fd322c2d000-7fd322e2d000 rw-p 00000000 00:00 0 
7fd322e32000-7fd322e33000 rw-p 00000000 00:00 0 
7fd322e33000-7fd322e36000 r--s 0000c000 08:01 1837063                    /home/vagrant/.m2/repository/org/springframework/spring-aspects/4.2.2.RELEASE/spring-aspects-4.2.2.RELEASE.jar
7fd322e36000-7fd322e3d000 r--s 00038000 08:01 1586387                    /home/vagrant/.m2/repository/org/springframework/data/spring-data-jpa/1.9.0.RELEASE/spring-data-jpa-1.9.0.RELEASE.jar
7fd322e3d000-7fd322e3f000 r--s 00006000 08:01 1573022                    /home/vagrant/.m2/repository/javax/transaction/javax.transaction-api/1.2/javax.transaction-api-1.2.jar
7fd322e3f000-7fd322e49000 r--s 000a5000 08:01 1573013                    /home/vagrant/.m2/repository/org/javassist/javassist/3.18.1-GA/javassist-3.18.1-GA.jar
7fd322e49000-7fd322e4e000 r--s 00017000 08:01 1573007                    /home/vagrant/.m2/repository/org/hibernate/javax/persistence/hibernate-jpa-2.1-api/1.0.0.Final/hibernate-jpa-2.1-api-1.0.0.Final.jar
7fd322e4e000-7fd322e51000 r--s 00010000 08:01 1573015                    /home/vagrant/.m2/repository/org/hibernate/common/hibernate-commons-annotations/4.0.5.Final/hibernate-commons-annotations-4.0.5.Final.jar
7fd322e51000-7fd322e56000 r--s 00016000 08:01 1451311                    /home/vagrant/.m2/repository/xml-apis/xml-apis/1.0.b2/xml-apis-1.0.b2.jar
7fd322e56000-7fd322e5b000 r--s 00048000 08:01 1451307                    /home/vagrant/.m2/repository/dom4j/dom4j/1.6.1/dom4j-1.6.1.jar
7fd322e5b000-7fd322e5d000 r--s 00011000 08:01 1573008                    /home/vagrant/.m2/repository/org/jboss/jandex/1.1.0.Final/jandex-1.1.0.Final.jar
7fd322e5d000-7fd322e62000 r--s 00068000 08:01 1451302                    /home/vagrant/.m2/repository/antlr/antlr/2.7.7/antlr-2.7.7.jar
7fd322e62000-7fd322e63000 r--s 00002000 08:01 1573019                    /home/vagrant/.m2/repository/org/jboss/logging/jboss-logging-annotations/1.2.0.Beta1/jboss-logging-annotations-1.2.0.Beta1.jar
7fd322e63000-7fd322e65000 r--s 0000f000 08:01 1450148                    /home/vagrant/.m2/repository/org/jboss/logging/jboss-logging/3.3.0.Final/jboss-logging-3.3.0.Final.jar
7fd322e65000-7fd322e73000 r--s 00091000 08:01 1573001                    /home/vagrant/.m2/repository/org/hibernate/hibernate-entitymanager/4.3.11.Final/hibernate-entitymanager-4.3.11.Final.jar
7fd322e73000-7fd322e7d000 r--s 0005e000 08:01 1452419                    /home/vagrant/.m2/repository/org/springframework/spring-jdbc/4.2.2.RELEASE/spring-jdbc-4.2.2.RELEASE.jar
7fd322e7d000-7fd322e80000 r--s 0001f000 08:01 806469                     /home/vagrant/.m2/repository/org/apache/tomcat/tomcat-jdbc/8.0.28/tomcat-jdbc-8.0.28.jar
7fd322e80000-7fd322e99000 r--s 001af000 08:01 1573025                    /home/vagrant/.m2/repository/org/aspectj/aspectjweaver/1.8.7/aspectjweaver-1.8.7.jar
7fd322e99000-7fd322eaa000 r--s 000c5000 08:01 1452106                    /home/vagrant/.m2/repository/org/springframework/spring-webmvc/4.2.2.RELEASE/spring-webmvc-4.2.2.RELEASE.jar
7fd322eaa000-7fd3230aa000 rw-p 00000000 00:00 0 
7fd3230aa000-7fd3230bd000 r--s 00345000 08:01 409126                     /usr/lib/jvm/java-8-oracle/jre/lib/resources.jar
7fd3230bd000-7fd3230be000 r--s 00009000 08:01 1058011                    /home/vagrant/.m2/repository/org/apache/tomcat/tomcat-juli/8.0.28/tomcat-juli-8.0.28.jar
7fd3230be000-7fd3230bf000 r--s 00000000 08:01 1572995                    /home/vagrant/.m2/repository/org/springframework/boot/spring-boot-starter-jdbc/1.3.0.RELEASE/spring-boot-starter-jdbc-1.3.0.RELEASE.jar
7fd3230bf000-7fd3230c0000 r--s 00000000 08:01 1572992                    /home/vagrant/.m2/repository/org/springframework/boot/spring-boot-starter-aop/1.3.0.RELEASE/spring-boot-starter-aop-1.3.0.RELEASE.jar
7fd3230c0000-7fd3230c1000 r--s 00000000 08:01 1572989                    /home/vagrant/.m2/repository/org/springframework/boot/spring-boot-starter-data-jpa/1.3.0.RELEASE/spring-boot-starter-data-jpa-1.3.0.RELEASE.jar
7fd3230c1000-7fd3230ca000 r--s 00051000 08:01 1452101                    /home/vagrant/.m2/repository/org/springframework/spring-aop/4.2.2.RELEASE/spring-aop-4.2.2.RELEASE.jar
7fd3230ca000-7fd3230db000 r--s 000ab000 08:01 1452098                    /home/vagrant/.m2/repository/org/springframework/spring-web/4.2.2.RELEASE/spring-web-4.2.2.RELEASE.jar
7fd3230db000-7fd3230dd000 r--s 0000e000 08:01 1317567                    /home/vagrant/.m2/repository/com/fasterxml/classmate/1.1.0/classmate-1.1.0.jar
7fd3230dd000-7fd3230e1000 r--s 0000c000 08:01 1450141                    /home/vagrant/.m2/repository/javax/validation/validation-api/1.1.0.Final/validation-api-1.1.0.Final.jar
7fd3230e1000-7fd3230f2000 r--s 0009a000 08:01 1451296                    /home/vagrant/.m2/repository/org/hibernate/hibernate-validator/5.2.2.Final/hibernate-validator-5.2.2.Final.jar
7fd3230f2000-7fd3230f3000 r--s 00000000 08:01 1451275                    /home/vagrant/.m2/repository/org/springframework/boot/spring-boot-starter-validation/1.3.0.RELEASE/spring-boot-starter-validation-1.3.0.RELEASE.jar
7fd3230f3000-7fd3230f9000 r--s 00036000 08:01 1317565                    /home/vagrant/.m2/repository/org/apache/tomcat/embed/tomcat-embed-websocket/8.0.28/tomcat-embed-websocket-8.0.28.jar
7fd3230f9000-7fd3230fa000 r--s 00009000 08:01 927836                     /home/vagrant/.m2/repository/org/apache/tomcat/embed/tomcat-embed-logging-juli/8.0.28/tomcat-embed-logging-juli-8.0.28.jar
7fd3230fa000-7fd3230ff000 r--s 00036000 08:01 806471                     /home/vagrant/.m2/repository/org/apache/tomcat/embed/tomcat-embed-el/8.0.28/tomcat-embed-el-8.0.28.jar
7fd3230ff000-7fd323124000 r--s 0028c000 08:01 806467                     /home/vagrant/.m2/repository/org/apache/tomcat/embed/tomcat-embed-core/8.0.28/tomcat-embed-core-8.0.28.jar
7fd323124000-7fd323125000 r--s 00000000 08:01 1451291                    /home/vagrant/.m2/repository/org/springframework/boot/spring-boot-starter-tomcat/1.3.0.RELEASE/spring-boot-starter-tomcat-1.3.0.RELEASE.jar
7fd323125000-7fd323126000 r--s 00000000 08:01 1451269                    /home/vagrant/.m2/repository/org/springframework/boot/spring-boot-starter-web/1.3.0.RELEASE/spring-boot-starter-web-1.3.0.RELEASE.jar
7fd323126000-7fd32312a000 r--s 0003c000 08:01 1451297                    /home/vagrant/.m2/repository/com/fasterxml/jackson/core/jackson-core/2.6.3/jackson-core-2.6.3.jar
7fd32312a000-7fd32313b000 r--s 0010d000 08:01 1317569                    /home/vagrant/.m2/repository/com/fasterxml/jackson/core/jackson-databind/2.6.3/jackson-databind-2.6.3.jar
7fd32313b000-7fd32313e000 r--s 00009000 08:01 1451272                    /home/vagrant/.m2/repository/com/fasterxml/jackson/core/jackson-annotations/2.6.3/jackson-annotations-2.6.3.jar
7fd32313e000-7fd32313f000 r--s 00000000 08:01 1451531                    /home/vagrant/.m2/repository/org/springframework/boot/spring-boot-starter-data-rest/1.3.0.RELEASE/spring-boot-starter-data-rest-1.3.0.RELEASE.jar
7fd32313f000-7fd323141000 r--s 00003000 08:01 1190391                    /home/vagrant/.m2/repository/org/slf4j/jcl-over-slf4j/1.7.13/jcl-over-slf4j-1.7.13.jar
7fd323141000-7fd323143000 r--s 00007000 08:01 1058013                    /home/vagrant/.m2/repository/org/slf4j/slf4j-api/1.7.13/slf4j-api-1.7.13.jar
7fd323143000-7fd323144000 r--s 00002000 08:01 1058104                    /home/vagrant/.m2/repository/com/github/fge/btf/1.2/btf-1.2.jar
7fd323144000-7fd323146000 r--s 00008000 08:01 1058101                    /home/vagrant/.m2/repository/com/github/fge/msg-simple/1.1/msg-simple-1.1.jar
7fd323146000-7fd323148000 r--s 00006000 08:01 1058099                    /home/vagrant/.m2/repository/com/github/fge/jackson-coreutils/1.6/jackson-coreutils-1.6.jar
7fd323148000-7fd32314a000 r--s 00009000 08:01 1058097                    /home/vagrant/.m2/repository/com/github/fge/json-patch/1.7/json-patch-1.7.jar
7fd32314a000-7fd32314c000 r--s 00002000 08:01 806615                     /home/vagrant/.m2/repository/org/atteo/evo-inflector/1.2.1/evo-inflector-1.2.1.jar
7fd32314c000-7fd32314d000 r--s 00004000 08:01 1451539                    /home/vagrant/.m2/repository/org/springframework/plugin/spring-plugin-core/1.2.0.RELEASE/spring-plugin-core-1.2.0.RELEASE.jar
7fd32314d000-7fd323152000 r--s 00027000 08:01 1451537                    /home/vagrant/.m2/repository/org/springframework/hateoas/spring-hateoas/0.19.0.RELEASE/spring-hateoas-0.19.0.RELEASE.jar
7fd323152000-7fd323156000 r--s 00017000 08:01 1586389                    /home/vagrant/.m2/repository/org/springframework/data/spring-data-rest-core/2.4.0.RELEASE/spring-data-rest-core-2.4.0.RELEASE.jar
7fd323156000-7fd32315b000 r--s 00033000 08:01 1452423                    /home/vagrant/.m2/repository/org/springframework/data/spring-data-rest-webmvc/2.4.0.RELEASE/spring-data-rest-webmvc-2.4.0.RELEASE.jar
7fd32315b000-7fd32316b000 r--s 0008c000 08:01 1837060                    /home/vagrant/.m2/repository/org/springframework/data/spring-data-commons/1.11.0.RELEASE/spring-data-commons-1.11.0.RELEASE.jar
7fd32316b000-7fd32336b000 rw-p 00000000 00:00 0 
7fd32336b000-7fd32356b000 rw-p 00000000 00:00 0 
7fd32356b000-7fd32357f000 r--s 0013c000 08:01 1586057                    /home/vagrant/.m2/repository/org/projectlombok/lombok/1.16.6/lombok-1.16.6.jar
7fd32357f000-7fd323581000 r--s 00058000 08:01 1837067                    /home/vagrant/.m2/repository/org/springframework/data/spring-data-rest-hal-browser/2.4.0.RELEASE/spring-data-rest-hal-browser-2.4.0.RELEASE.jar
7fd323581000-7fd323586000 r--s 0003c000 08:01 1452097                    /home/vagrant/.m2/repository/org/springframework/spring-expression/4.2.2.RELEASE/spring-expression-4.2.2.RELEASE.jar
7fd323586000-7fd323594000 r--s 000a5000 08:01 1452104                    /home/vagrant/.m2/repository/org/springframework/spring-beans/4.2.2.RELEASE/spring-beans-4.2.2.RELEASE.jar
7fd323594000-7fd3235ad000 r--s 000f1000 08:01 1452108                    /home/vagrant/.m2/repository/org/springframework/spring-context/4.2.2.RELEASE/spring-context-4.2.2.RELEASE.jar
7fd3235ad000-7fd3235bc000 r--s 00091000 08:01 1452469                    /home/vagrant/.m2/repository/org/springframework/data/spring-data-mongodb/1.8.0.RELEASE/spring-data-mongodb-1.8.0.RELEASE.jar
7fd3235bc000-7fd3235c6000 r--s 0008a000 08:01 1058975                    /home/vagrant/.m2/repository/org/mongodb/mongo-java-driver/2.13.3/mongo-java-driver-2.13.3.jar
7fd3235c6000-7fd3235d1000 r--s 00065000 08:01 1451287                    /home/vagrant/.m2/repository/ch/qos/logback/logback-core/1.1.3/logback-core-1.1.3.jar
7fd3235d1000-7fd3237d1000 rw-p 00000000 00:00 0 
7fd3237d1000-7fd3237e2000 r-xp 00000000 08:01 409176                     /usr/lib/jvm/java-8-oracle/jre/lib/amd64/libnio.so
7fd3237e2000-7fd3239e1000 ---p 00011000 08:01 409176                     /usr/lib/jvm/java-8-oracle/jre/lib/amd64/libnio.so
7fd3239e1000-7fd3239e2000 rw-p 00010000 08:01 409176                     /usr/lib/jvm/java-8-oracle/jre/lib/amd64/libnio.so
7fd3239e2000-7fd3239f8000 r-xp 00000000 08:01 409195                     /usr/lib/jvm/java-8-oracle/jre/lib/amd64/libnet.so
7fd3239f8000-7fd323bf8000 ---p 00016000 08:01 409195                     /usr/lib/jvm/java-8-oracle/jre/lib/amd64/libnet.so
7fd323bf8000-7fd323bf9000 rw-p 00016000 08:01 409195                     /usr/lib/jvm/java-8-oracle/jre/lib/amd64/libnet.so
7fd323bf9000-7fd323c00000 r--s 0003a000 08:01 1717952                    /home/vagrant/.m2/repository/org/springframework/spring-tx/4.2.2.RELEASE/spring-tx-4.2.2.RELEASE.jar
7fd323c00000-7fd323e00000 rw-p 00000000 00:00 0 
7fd323e00000-7fd324000000 rw-p 00000000 00:00 0 
7fd324000000-7fd324f8e000 rw-p 00000000 00:00 0 
7fd324f8e000-7fd328000000 ---p 00000000 00:00 0 
7fd328000000-7fd328021000 rw-p 00000000 00:00 0 
7fd328021000-7fd32c000000 ---p 00000000 00:00 0 
7fd32c000000-7fd32dd61000 rw-p 00000000 00:00 0 
7fd32dd61000-7fd330000000 ---p 00000000 00:00 0 
7fd330000000-7fd332011000 rw-p 00000000 00:00 0 
7fd332011000-7fd334000000 ---p 00000000 00:00 0 
7fd334000000-7fd334021000 rw-p 00000000 00:00 0 
7fd334021000-7fd338000000 ---p 00000000 00:00 0 
7fd338000000-7fd338021000 rw-p 00000000 00:00 0 
7fd338021000-7fd33c000000 ---p 00000000 00:00 0 
7fd33c000000-7fd33c291000 rw-p 00000000 00:00 0 
7fd33c291000-7fd340000000 ---p 00000000 00:00 0 
7fd340000000-7fd340021000 rw-p 00000000 00:00 0 
7fd340021000-7fd344000000 ---p 00000000 00:00 0 
7fd344000000-7fd344021000 rw-p 00000000 00:00 0 
7fd344021000-7fd348000000 ---p 00000000 00:00 0 
7fd348000000-7fd348021000 rw-p 00000000 00:00 0 
7fd348021000-7fd34c000000 ---p 00000000 00:00 0 
7fd34c000000-7fd34c021000 rw-p 00000000 00:00 0 
7fd34c021000-7fd350000000 ---p 00000000 00:00 0 
7fd350000000-7fd350021000 rw-p 00000000 00:00 0 
7fd350021000-7fd354000000 ---p 00000000 00:00 0 
7fd354000000-7fd354001000 r--s 00005000 08:01 1190393                    /home/vagrant/.m2/repository/org/slf4j/log4j-over-slf4j/1.7.13/log4j-over-slf4j-1.7.13.jar
7fd354001000-7fd354003000 r--s 00000000 08:01 1190390                    /home/vagrant/.m2/repository/org/slf4j/jul-to-slf4j/1.7.13/jul-to-slf4j-1.7.13.jar
7fd354003000-7fd354009000 r--s 0003f000 08:01 1451283                    /home/vagrant/.m2/repository/ch/qos/logback/logback-classic/1.1.3/logback-classic-1.1.3.jar
7fd354009000-7fd35400a000 r--s 00000000 08:01 1451281                    /home/vagrant/.m2/repository/org/springframework/boot/spring-boot-starter-logging/1.3.0.RELEASE/spring-boot-starter-logging-1.3.0.RELEASE.jar
7fd35400a000-7fd354021000 r--s 0009e000 08:01 1451270                    /home/vagrant/.m2/repository/org/springframework/boot/spring-boot-autoconfigure/1.3.0.RELEASE/spring-boot-autoconfigure-1.3.0.RELEASE.jar
7fd354021000-7fd35402e000 r--s 00076000 08:01 1451285                    /home/vagrant/.m2/repository/org/springframework/boot/spring-boot/1.3.0.RELEASE/spring-boot-1.3.0.RELEASE.jar
7fd35402e000-7fd35402f000 r--s 00000000 08:01 1451303                    /home/vagrant/.m2/repository/org/springframework/boot/spring-boot-starter/1.3.0.RELEASE/spring-boot-starter-1.3.0.RELEASE.jar
7fd35402f000-7fd354030000 r--s 00000000 08:01 1451782                    /home/vagrant/.m2/repository/org/springframework/boot/spring-boot-starter-data-mongodb/1.3.0.RELEASE/spring-boot-starter-data-mongodb-1.3.0.RELEASE.jar
7fd354030000-7fd35405b000 r--s 001fc000 08:01 1450965                    /home/vagrant/.m2/repository/com/google/guava/guava/18.0/guava-18.0.jar
7fd35405b000-7fd35405c000 r--s 00008000 08:01 1450964                    /home/vagrant/.m2/repository/asm/asm-util/3.2/asm-util-3.2.jar
7fd35405c000-7fd35405d000 r--s 00004000 08:01 1450962                    /home/vagrant/.m2/repository/asm/asm-analysis/3.2/asm-analysis-3.2.jar
7fd35405d000-7fd354060000 r--s 00013000 08:01 1450959                    /home/vagrant/.m2/repository/commons-io/commons-io/1.3.2/commons-io-1.3.2.jar
7fd354060000-7fd354061000 r--s 00002000 08:01 1450958                    /home/vagrant/.m2/repository/org/vafer/jdependency/0.7/jdependency-0.7.jar
7fd354061000-7fd354064000 r--s 0000c000 08:01 1450956                    /home/vagrant/.m2/repository/org/apache/maven/shared/maven-dependency-tree/2.1/maven-dependency-tree-2.1.jar
7fd354064000-7fd354067000 r--s 00023000 08:01 1450953                    /home/vagrant/.m2/repository/org/jdom/jdom/1.1/jdom-1.1.jar
7fd354067000-7fd354069000 r--s 00004000 08:01 1450952                    /home/vagrant/.m2/repository/asm/asm-tree/3.3.1/asm-tree-3.3.1.jar
7fd354069000-7fd35406b000 r--s 00008000 08:01 1450950                    /home/vagrant/.m2/repository/asm/asm-commons/3.3.1/asm-commons-3.3.1.jar
7fd35406b000-7fd35406c000 r--s 0000a000 08:01 1450948                    /home/vagrant/.m2/repository/asm/asm/3.3.1/asm-3.3.1.jar
7fd35406c000-7fd354077000 r--s 00069000 08:01 1317448                    /home/vagrant/.m2/repository/org/sonatype/sisu/sisu-guice/2.1.7/sisu-guice-2.1.7-noaop.jar
7fd354077000-7fd35407c000 r--s 00021000 08:01 1317447                    /home/vagrant/.m2/repository/org/sonatype/sisu/sisu-inject-bean/1.4.2/sisu-inject-bean-1.4.2.jar
7fd35407c000-7fd35407e000 r--s 00017000 08:01 1450941                    /home/vagrant/.m2/repository/org/apache/maven/plugins/maven-shade-plugin/2.2/maven-shade-plugin-2.2.jar
7fd35407e000-7fd354082000 r--s 00038000 08:01 1450413                    /home/vagrant/.m2/repository/org/codehaus/plexus/plexus-utils/3.0.20/plexus-utils-3.0.20.jar
7fd354082000-7fd354089000 r--s 00056000 08:01 1450424                    /home/vagrant/.m2/repository/org/apache/commons/commons-compress/1.9/commons-compress-1.9.jar
7fd354089000-7fd35408d000 r--s 0000f000 08:01 1450938                    /home/vagrant/.m2/repository/org/codehaus/plexus/plexus-io/2.3.2/plexus-io-2.3.2.jar
7fd35408d000-7fd354091000 r--s 0001f000 08:01 1450937                    /home/vagrant/.m2/repository/org/codehaus/plexus/plexus-archiver/2.8.1/plexus-archiver-2.8.1.jar
7fd354091000-7fd354093000 r--s 00009000 08:01 1450936                    /home/vagrant/.m2/repository/org/hamcrest/hamcrest-core/1.3/hamcrest-core-1.3.jar
7fd354093000-7fd35409b000 r--s 00045000 08:01 1450934                    /home/vagrant/.m2/repository/junit/junit/4.12/junit-4.12.jar
7fd35409b000-7fd3540a4000 r--s 0006f000 08:01 1450932                    /home/vagrant/.m2/repository/log4j/log4j/1.2.17/log4j-1.2.17.jar
7fd3540a4000-7fd3540a6000 r--s 00006000 08:01 1450921                    /home/vagrant/.m2/repository/org/apache/maven/shared/maven-common-artifact-filters/1.4/maven-common-artifact-filters-1.4.jar
7fd3540a6000-7fd3540ac000 r--s 00042000 08:01 927809                     /home/vagrant/.m2/repository/org/eclipse/sisu/org.eclipse.sisu.inject/0.0.0.M5/org.eclipse.sisu.inject-0.0.0.M5.jar
7fd3540ac000-7fd3540ae000 r--s 00000000 08:01 1450916                    /home/vagrant/.m2/repository/aopalliance/aopalliance/1.0/aopalliance-1.0.jar
7fd3540ae000-7fd3540b6000 r--s 00050000 08:01 1450913                    /home/vagrant/.m2/repository/org/sonatype/sisu/sisu-guice/3.1.0/sisu-guice-3.1.0-no_aop.jar
7fd3540b6000-7fd3540b7000 r--s 00000000 08:01 1450911                    /home/vagrant/.m2/repository/javax/inject/javax.inject/1/javax.inject-1.jar
7fd3540b7000-7fd3540b8000 r--s 00001000 08:01 1450908                    /home/vagrant/.m2/repository/javax/annotation/jsr250-api/1.0/jsr250-api-1.0.jar
7fd3540b8000-7fd3540bb000 r--s 00008000 08:01 1450907                    /home/vagrant/.m2/repository/javax/enterprise/cdi-api/1.0/cdi-api-1.0.jar
7fd3540bb000-7fd3540c1000 r--s 0002a000 08:01 806399                     /home/vagrant/.m2/repository/org/eclipse/sisu/org.eclipse.sisu.plexus/0.0.0.M5/org.eclipse.sisu.plexus-0.0.0.M5.jar
7fd3540c1000-7fd3540c5000 r--s 00020000 08:01 1450904                    /home/vagrant/.m2/repository/org/eclipse/aether/aether-util/1.0.2.v20150114/aether-util-1.0.2.v20150114.jar
7fd3540c5000-7fd3540ca000 r--s 0001d000 08:01 1057977                    /home/vagrant/.m2/repository/org/eclipse/aether/aether-api/1.0.2.v20150114/aether-api-1.0.2.v20150114.jar
7fd3540ca000-7fd3540ce000 r--s 00027000 08:01 1450893                    /home/vagrant/.m2/repository/org/eclipse/aether/aether-impl/1.0.2.v20150114/aether-impl-1.0.2.v20150114.jar
7fd3540ce000-7fd3540d0000 r--s 00006000 08:01 1317538                    /home/vagrant/.m2/repository/org/eclipse/aether/aether-spi/1.0.2.v20150114/aether-spi-1.0.2.v20150114.jar
7fd3540d0000-7fd3540d3000 r--s 0000d000 08:01 1450894                    /home/vagrant/.m2/repository/org/codehaus/plexus/plexus-interpolation/1.21/plexus-interpolation-1.21.jar
7fd3540d3000-7fd3540d7000 r--s 00026000 08:01 1057945                    /home/vagrant/.m2/repository/org/apache/maven/shared/maven-shared-utils/0.7/maven-shared-utils-0.7.jar
7fd3540d7000-7fd3540d8000 r--s 00005000 08:01 1450411                    /home/vagrant/.m2/repository/org/apache/maven/maven-archiver/2.6/maven-archiver-2.6.jar
7fd3540d8000-7fd3540da000 r--s 0000e000 08:01 1450892                    /home/vagrant/.m2/repository/commons-logging/commons-logging/1.2/commons-logging-1.2.jar
7fd3540da000-7fd3540ef000 r--s 000f2000 08:01 1451299                    /home/vagrant/.m2/repository/org/springframework/spring-core/4.2.3.RELEASE/spring-core-4.2.3.RELEASE.jar
7fd3540ef000-7fd3540f1000 r--s 0001f000 08:01 1573069                    /home/vagrant/.m2/repository/org/springframework/boot/spring-boot-loader-tools/1.3.0.RELEASE/spring-boot-loader-tools-1.3.0.RELEASE.jar
7fd3540f1000-7fd3540f3000 r--s 0000d000 08:01 1451308                    /home/vagrant/.m2/repository/org/springframework/boot/spring-boot-maven-plugin/1.3.0.RELEASE/spring-boot-maven-plugin-1.3.0.RELEASE.jar
7fd3540f3000-7fd3540f7000 r--s 00014000 08:01 1451060                    /home/vagrant/.m2/repository/org/tukaani/xz/1.2/xz-1.2.jar
7fd3540f7000-7fd3540fc000 r--s 0003a000 08:01 1451058                    /home/vagrant/.m2/repository/org/apache/commons/commons-compress/1.5/commons-compress-1.5.jar
7fd3540fc000-7fd3540ff000 r--s 0000c000 08:01 1451056                    /home/vagrant/.m2/repository/org/codehaus/plexus/plexus-io/2.0.10/plexus-io-2.0.10.jar
7fd3540ff000-7fd354104000 r--s 00024000 08:01 1451054                    /home/vagrant/.m2/repository/org/codehaus/plexus/plexus-archiver/2.4.4/plexus-archiver-2.4.4.jar
7fd354104000-7fd354106000 r--s 0000d000 08:01 1057498                    /home/vagrant/.m2/repository/org/codehaus/plexus/plexus-interpolation/1.15/plexus-interpolation-1.15.jar
7fd354106000-7fd354108000 r--s 00004000 08:01 927655                     /home/vagrant/.m2/repository/org/apache/maven/maven-archiver/2.5/maven-archiver-2.5.jar
7fd354108000-7fd35410a000 r--s 00005000 08:01 1057989                    /home/vagrant/.m2/repository/org/apache/maven/plugins/maven-jar-plugin/2.5/maven-jar-plugin-2.5.jar
7fd35410a000-7fd35410c000 r--s 00002000 08:01 1450468                    /home/vagrant/.m2/repository/org/apache/maven/plugin-tools/maven-plugin-annotations/3.3/maven-plugin-annotations-3.3.jar
7fd35410c000-7fd354111000 r--s 00020000 08:01 1450461                    /home/vagrant/.m2/repository/org/apache/maven/surefire/surefire-api/2.18.1/surefire-api-2.18.1.jar
7fd354111000-7fd354117000 r--s 00048000 08:01 806312                     /home/vagrant/.m2/repository/org/apache/commons/commons-lang3/3.1/commons-lang3-3.1.jar
7fd354117000-7fd354119000 r--s 00002000 08:01 1057849                    /home/vagrant/.m2/repository/org/sonatype/plexus/plexus-cipher/1.4/plexus-cipher-1.4.jar
7fd354119000-7fd35411a000 r--s 00006000 08:01 1057847                    /home/vagrant/.m2/repository/org/sonatype/plexus/plexus-sec-dispatcher/1.3/plexus-sec-dispatcher-1.3.jar
7fd35411a000-7fd35411b000 r--s 00002000 08:01 1190259                    /home/vagrant/.m2/repository/org/apache/maven/reporting/maven-reporting-api/3.0/maven-reporting-api-3.0.jar
7fd35411b000-7fd35411d000 r--s 00003000 08:01 1057898                    /home/vagrant/.m2/repository/org/slf4j/jcl-over-slf4j/1.5.6/jcl-over-slf4j-1.5.6.jar
7fd35411d000-7fd35411f000 r--s 00004000 08:01 1057895                    /home/vagrant/.m2/repository/org/slf4j/slf4j-api/1.5.6/slf4j-api-1.5.6.jar
7fd35411f000-7fd354121000 r--s 00001000 08:01 927750                     /home/vagrant/.m2/repository/org/slf4j/slf4j-jdk14/1.5.6/slf4j-jdk14-1.5.6.jar
7fd354121000-7fd354125000 r--s 00034000 08:01 806383                     /home/vagrant/.m2/repository/org/codehaus/plexus/plexus-utils/1.5.15/plexus-utils-1.5.15.jar
7fd354125000-7fd354127000 r--s 00008000 08:01 1450459                    /home/vagrant/.m2/repository/org/apache/maven/surefire/surefire-booter/2.18.1/surefire-booter-2.18.1.jar
7fd354127000-7fd35412d000 r--s 0003e000 08:01 1450457                    /home/vagrant/.m2/repository/org/apache/maven/surefire/maven-surefire-common/2.18.1/maven-surefire-common-2.18.1.jar
7fd35412d000-7fd35412f000 r--s 00008000 08:01 1450431                    /home/vagrant/.m2/repository/org/apache/maven/plugins/maven-surefire-plugin/2.18.1/maven-surefire-plugin-2.18.1.jar
7fd35412f000-7fd3541a9000 r--s 010f7000 08:01 408442                     /usr/lib/jvm/java-8-oracle/lib/tools.jar
7fd3541a9000-7fd3541ac000 r--s 0001b000 08:01 1190035                    /home/vagrant/.m2/repository/junit/junit/3.8.2/junit-3.8.2.jar
7fd3541ac000-7fd3541ba000 r--s 0008f000 08:01 1190034                    /home/vagrant/.m2/repository/com/google/collections/google-collections/1.0/google-collections-1.0.jar
7fd3541ba000-7fd3541bb000 r--s 0000a000 08:01 1190031                    /home/vagrant/.m2/repository/commons-logging/commons-logging-api/1.1/commons-logging-api-1.1.jar
7fd3541bb000-7fd3541c2000 r--s 00051000 08:01 1190029                    /home/vagrant/.m2/repository/log4j/log4j/1.2.12/log4j-1.2.12.jar
7fd3541c2000-7fd3541c6000 r--s 0001d000 08:01 1190027                    /home/vagrant/.m2/repository/org/apache/xbean/xbean-reflect/3.4/xbean-reflect-3.4.jar
7fd3541c6000-7fd3541c7000 r--s 00004000 08:01 1190023                    /home/vagrant/.m2/repository/org/codehaus/plexus/plexus-compiler-javac/2.2/plexus-compiler-javac-2.2.jar
7fd3541c7000-7fd3541c9000 r--s 00000000 08:01 1190021                    /home/vagrant/.m2/repository/org/codehaus/plexus/plexus-compiler-manager/2.2/plexus-compiler-manager-2.2.jar
7fd3541c9000-7fd3541cb000 r--s 00005000 08:01 1057796                    /home/vagrant/.m2/repository/org/codehaus/plexus/plexus-compiler-api/2.2/plexus-compiler-api-2.2.jar
7fd3541cb000-7fd3541cd000 r--s 00000000 08:01 1057792                    /home/vagrant/.m2/repository/org/codehaus/plexus/plexus-component-annotations/1.5.5/plexus-component-annotations-1.5.5.jar
7fd3541cd000-7fd3541cf000 r--s 00002000 08:01 1057791                    /home/vagrant/.m2/repository/org/apache/maven/shared/maven-shared-incremental/1.1/maven-shared-incremental-1.1.jar
7fd3541cf000-7fd3541d2000 r--s 00023000 08:01 1057788                    /home/vagrant/.m2/repository/org/apache/maven/shared/maven-shared-utils/0.1/maven-shared-utils-0.1.jar
7fd3541d2000-7fd3541d6000 r--s 00030000 08:01 1057756                    /home/vagrant/.m2/repository/org/codehaus/plexus/plexus-utils/1.5.1/plexus-utils-1.5.1.jar
7fd3541d6000-7fd3541d8000 r--s 00009000 08:01 1057511                    /home/vagrant/.m2/repository/org/apache/maven/plugins/maven-compiler-plugin/3.1/maven-compiler-plugin-3.1.jar
7fd3541d8000-7fd3541da000 r--s 0000d000 08:01 927619                     /home/vagrant/.m2/repository/org/codehaus/plexus/plexus-interpolation/1.13/plexus-interpolation-1.13.jar
7fd3541da000-7fd3541db000 r--s 00001000 08:01 927617                     /home/vagrant/.m2/repository/org/sonatype/plexus/plexus-build-api/0.0.4/plexus-build-api-0.0.4.jar
7fd3541db000-7fd3541dd000 r--s 00009000 08:01 927615                     /home/vagrant/.m2/repository/org/apache/maven/shared/maven-filtering/1.1/maven-filtering-1.1.jar
7fd3541dd000-7fd3541e1000 r--s 00033000 08:01 806290                     /home/vagrant/.m2/repository/org/codehaus/plexus/plexus-utils/2.0.5/plexus-utils-2.0.5.jar
7fd3541e1000-7fd3541e3000 r--s 00002000 08:01 927603                     /home/vagrant/.m2/repository/org/codehaus/plexus/plexus-interactivity-api/1.0-alpha-4/plexus-interactivity-api-1.0-alpha-4.jar
7fd3541e3000-7fd3541e5000 r--s 00006000 08:01 927601                     /home/vagrant/.m2/repository/commons-cli/commons-cli/1.0/commons-cli-1.0.jar
7fd3541e5000-7fd3541e6000 r--s 00001000 08:01 927595                     /home/vagrant/.m2/repository/org/apache/maven/doxia/doxia-sink-api/1.0-alpha-7/doxia-sink-api-1.0-alpha-7.jar
7fd3541e6000-7fd3541e7000 r--s 00002000 08:01 927591                     /home/vagrant/.m2/repository/org/apache/maven/reporting/maven-reporting-api/2.0.6/maven-reporting-api-2.0.6.jar
7fd3541e7000-7fd3541e9000 r--s 00006000 08:01 806243                     /home/vagrant/.m2/repository/org/apache/maven/plugins/maven-resources-plugin/2.6/maven-resources-plugin-2.6.jar
7fd3541e9000-7fd3541ed000 r--s 00037000 08:01 1450483                    /home/vagrant/.m2/repository/org/codehaus/plexus/plexus-utils/3.0.15/plexus-utils-3.0.15.jar
7fd3541ed000-7fd3541ef000 r--s 00006000 08:01 1057790                    /home/vagrant/.m2/repository/com/google/code/findbugs/jsr305/2.0.1/jsr305-2.0.1.jar
7fd3541ef000-7fd3541f5000 r--s 00033000 08:01 1450481                    /home/vagrant/.m2/repository/commons-codec/commons-codec/1.6/commons-codec-1.6.jar
7fd3541f5000-7fd3541fd000 r--s 00049000 08:01 1057909                    /home/vagrant/.m2/repository/backport-util-concurrent/backport-util-concurrent/3.1/backport-util-concurrent-3.1.jar
7fd3541fd000-7fd3543fd000 rw-p 00000000 00:00 0 
7fd3543fd000-7fd3545fd000 rw-p 00000000 00:00 0 
7fd3545fd000-7fd3545fe000 ---p 00000000 00:00 0 
7fd3545fe000-7fd3546fe000 rw-p 00000000 00:00 0                          [stack:3549]
7fd3546fe000-7fd354701000 ---p 00000000 00:00 0 
7fd354701000-7fd3547ff000 rw-p 00000000 00:00 0                          [stack:3548]
7fd3547ff000-7fd354802000 ---p 00000000 00:00 0 
7fd354802000-7fd354900000 rw-p 00000000 00:00 0                          [stack:3547]
7fd354900000-7fd354903000 ---p 00000000 00:00 0 
7fd354903000-7fd354a01000 rw-p 00000000 00:00 0                          [stack:3546]
7fd354a01000-7fd354a04000 ---p 00000000 00:00 0 
7fd354a04000-7fd354b02000 rw-p 00000000 00:00 0                          [stack:3545]
7fd354b02000-7fd354b05000 ---p 00000000 00:00 0 
7fd354b05000-7fd354c03000 rw-p 00000000 00:00 0                          [stack:3544]
7fd354c03000-7fd354d8c000 r--p 00000000 08:01 27112                      /usr/lib/locale/locale-archive
7fd354d8c000-7fd354d8f000 ---p 00000000 00:00 0 
7fd354d8f000-7fd354e8d000 rw-p 00000000 00:00 0                          [stack:3543]
7fd354e8d000-7fd354e90000 ---p 00000000 00:00 0 
7fd354e90000-7fd354f8e000 rw-p 00000000 00:00 0                          [stack:3542]
7fd354f8e000-7fd354f8f000 ---p 00000000 00:00 0 
7fd354f8f000-7fd359000000 rw-p 00000000 00:00 0                          [stack:3541]
7fd359000000-7fd35a780000 rwxp 00000000 00:00 0 
7fd35a780000-7fd368000000 ---p 00000000 00:00 0 
7fd368000000-7fd369507000 rw-p 00000000 00:00 0 
7fd369507000-7fd36c000000 ---p 00000000 00:00 0 
7fd36c000000-7fd36c003000 r--s 00023000 08:01 1057951                    /home/vagrant/.m2/repository/org/apache/maven/shared/maven-shared-utils/0.4/maven-shared-utils-0.4.jar
7fd36c003000-7fd36c006000 r--s 0001b000 08:01 927614                     /home/vagrant/.m2/repository/junit/junit/3.8.1/junit-3.8.1.jar
7fd36c006000-7fd36c008000 r--s 0000b000 08:01 1057920                    /home/vagrant/.m2/repository/org/codehaus/plexus/plexus-interpolation/1.11/plexus-interpolation-1.11.jar
7fd36c008000-7fd36c00a000 r--s 00007000 08:01 1450471                    /home/vagrant/.m2/repository/org/apache/maven/plugins/maven-install-plugin/2.5.2/maven-install-plugin-2.5.2.jar
7fd36c00a000-7fd36c00e000 r--s 00034000 08:01 806224                     /home/vagrant/.m2/repository/org/codehaus/plexus/plexus-utils/3.0/plexus-utils-3.0.jar
7fd36c00e000-7fd36c010000 r--s 00005000 08:01 806182                     /home/vagrant/.m2/repository/org/apache/maven/plugins/maven-clean-plugin/2.5/maven-clean-plugin-2.5.jar
7fd36c010000-7fd36c015000 r--s 0009a000 08:01 409166                     /usr/lib/jvm/java-8-oracle/jre/lib/jsse.jar
7fd36c015000-7fd36c017000 r--s 00009000 08:01 68086                      /usr/share/java/maven3-settings-3.0.5.jar
7fd36c017000-7fd36c01d000 r--s 0003e000 08:01 68090                      /usr/share/java/maven3-compat-3.0.5.jar
7fd36c01d000-7fd36c01f000 r--s 00008000 08:01 68085                      /usr/share/java/maven3-embedder-3.0.5.jar
7fd36c01f000-7fd36c021000 r--s 0000b000 08:01 68082                      /usr/share/java/maven3-aether-provider-3.0.5.jar
7fd36c021000-7fd36c023000 r--s 00007000 08:01 68089                      /usr/share/java/maven3-settings-builder-3.0.5.jar
7fd36c023000-7fd36c04c000 r--s 001e9000 08:01 67588                      /usr/share/java/guava.jar
7fd36c04c000-7fd36c04e000 r--s 00025000 08:01 68083                      /usr/share/java/maven3-model-3.0.5.jar
7fd36c04e000-7fd36c050000 r--s 00007000 08:01 67567                      /usr/share/java/commons-cli-1.2.jar
7fd36c050000-7fd36c053000 r--s 0001d000 08:01 656276                     /usr/share/maven-repo/org/sonatype/aether/aether-impl/1.13.1/aether-impl-1.13.1.jar
7fd36c053000-7fd36c057000 r--s 00033000 08:01 68043                      /usr/share/java/plexus-utils2-2.0.5.jar
7fd36c057000-7fd36c058000 r--s 0000d000 08:01 67364                      /usr/share/java/commons-logging-1.1.3.jar
7fd36c058000-7fd36c05d000 r--s 00044000 08:01 67835                      /usr/share/java/commons-httpclient-3.1.jar
7fd36c05d000-7fd36c05f000 r--s 00009000 08:01 68091                      /usr/share/java/maven3-plugin-api-3.0.5.jar
7fd36c05f000-7fd36c062000 r--s 00013000 08:01 656264                     /usr/share/maven-repo/org/sonatype/aether/aether-api/1.13.1/aether-api-1.13.1.jar
7fd36c062000-7fd36c064000 r--s 00005000 08:01 68087                      /usr/share/java/maven3-repository-metadata-3.0.5.jar
7fd36c064000-7fd36c080000 r--s 00110000 08:01 67961                      /usr/share/java/wagon-http-shaded-2.x.jar
7fd36c080000-7fd36c081000 r--s 00001000 08:01 67902                      /usr/share/java/wagon-file-2.x.jar
7fd36c081000-7fd36c083000 r--s 0000e000 08:01 67660                      /usr/share/java/plexus-interpolation.jar
7fd36c083000-7fd36c087000 r--s 00020000 08:01 68092                      /usr/share/java/maven3-model-builder-3.0.5.jar
7fd36c087000-7fd36c08d000 r--s 0002c000 08:01 67235                      /usr/share/java/sisu-inject-plexus.jar
7fd36c08d000-7fd36c08e000 r--s 00003000 08:01 656259                     /usr/share/maven-repo/org/sonatype/aether/aether-spi/1.13.1/aether-spi-1.13.1.jar
7fd36c08e000-7fd36c090000 r--s 00006000 08:01 656282                     /usr/share/maven-repo/org/sonatype/aether/aether-connector-wagon/1.13.1/aether-connector-wagon-1.13.1.jar
7fd36c090000-7fd36c097000 r--s 0003b000 08:01 67628                      /usr/share/java/commons-codec-1.9.jar
7fd36c097000-7fd36c0a3000 r--s 00082000 08:01 67205                      /usr/share/java/sisu-guice.jar
7fd36c0a3000-7fd36cf84000 rw-p 00000000 00:00 0 
7fd36cf84000-7fd36d15e000 r--s 03d4d000 08:01 409330                     /usr/lib/jvm/java-8-oracle/jre/lib/rt.jar
7fd36d15e000-7fd36ddbb000 rw-p 00000000 00:00 0 
7fd36ddbb000-7fd36ddbc000 ---p 00000000 00:00 0 
7fd36ddbc000-7fd36debc000 rw-p 00000000 00:00 0                          [stack:3540]
7fd36debc000-7fd36debd000 ---p 00000000 00:00 0 
7fd36debd000-7fd36dfbd000 rw-p 00000000 00:00 0                          [stack:3539]
7fd36dfbd000-7fd36dfbe000 ---p 00000000 00:00 0 
7fd36dfbe000-7fd36e0be000 rw-p 00000000 00:00 0                          [stack:3538]
7fd36e0be000-7fd36e0bf000 ---p 00000000 00:00 0 
7fd36e0bf000-7fd36e1e6000 rw-p 00000000 00:00 0                          [stack:3537]
7fd36e1e6000-7fd36e459000 ---p 00000000 00:00 0 
7fd36e459000-7fd36e480000 rw-p 00000000 00:00 0 
7fd36e480000-7fd36e6f3000 ---p 00000000 00:00 0 
7fd36e6f3000-7fd36e803000 rw-p 00000000 00:00 0 
7fd36e803000-7fd36e840000 ---p 00000000 00:00 0 
7fd36e840000-7fd36e89f000 rw-p 00000000 00:00 0 
7fd36e89f000-7fd36ec01000 ---p 00000000 00:00 0 
7fd36ec01000-7fd36ec1b000 r-xp 00000000 08:01 409202                     /usr/lib/jvm/java-8-oracle/jre/lib/amd64/libzip.so
7fd36ec1b000-7fd36ee1b000 ---p 0001a000 08:01 409202                     /usr/lib/jvm/java-8-oracle/jre/lib/amd64/libzip.so
7fd36ee1b000-7fd36ee1c000 rw-p 0001a000 08:01 409202                     /usr/lib/jvm/java-8-oracle/jre/lib/amd64/libzip.so
7fd36ee1c000-7fd36ee26000 r-xp 00000000 08:01 3144                       /lib/x86_64-linux-gnu/libnss_files-2.19.so
7fd36ee26000-7fd36f025000 ---p 0000a000 08:01 3144                       /lib/x86_64-linux-gnu/libnss_files-2.19.so
7fd36f025000-7fd36f026000 r--p 00009000 08:01 3144                       /lib/x86_64-linux-gnu/libnss_files-2.19.so
7fd36f026000-7fd36f027000 rw-p 0000a000 08:01 3144                       /lib/x86_64-linux-gnu/libnss_files-2.19.so
7fd36f027000-7fd36f032000 r-xp 00000000 08:01 3036                       /lib/x86_64-linux-gnu/libnss_nis-2.19.so
7fd36f032000-7fd36f231000 ---p 0000b000 08:01 3036                       /lib/x86_64-linux-gnu/libnss_nis-2.19.so
7fd36f231000-7fd36f232000 r--p 0000a000 08:01 3036                       /lib/x86_64-linux-gnu/libnss_nis-2.19.so
7fd36f232000-7fd36f233000 rw-p 0000b000 08:01 3036                       /lib/x86_64-linux-gnu/libnss_nis-2.19.so
7fd36f233000-7fd36f24a000 r-xp 00000000 08:01 2993                       /lib/x86_64-linux-gnu/libnsl-2.19.so
7fd36f24a000-7fd36f449000 ---p 00017000 08:01 2993                       /lib/x86_64-linux-gnu/libnsl-2.19.so
7fd36f449000-7fd36f44a000 r--p 00016000 08:01 2993                       /lib/x86_64-linux-gnu/libnsl-2.19.so
7fd36f44a000-7fd36f44b000 rw-p 00017000 08:01 2993                       /lib/x86_64-linux-gnu/libnsl-2.19.so
7fd36f44b000-7fd36f44d000 rw-p 00000000 00:00 0 
7fd36f44d000-7fd36f456000 r-xp 00000000 08:01 3004                       /lib/x86_64-linux-gnu/libnss_compat-2.19.so
7fd36f456000-7fd36f655000 ---p 00009000 08:01 3004                       /lib/x86_64-linux-gnu/libnss_compat-2.19.so
7fd36f655000-7fd36f656000 r--p 00008000 08:01 3004                       /lib/x86_64-linux-gnu/libnss_compat-2.19.so
7fd36f656000-7fd36f657000 rw-p 00009000 08:01 3004                       /lib/x86_64-linux-gnu/libnss_compat-2.19.so
7fd36f657000-7fd36f682000 r-xp 00000000 08:01 409188                     /usr/lib/jvm/java-8-oracle/jre/lib/amd64/libjava.so
7fd36f682000-7fd36f881000 ---p 0002b000 08:01 409188                     /usr/lib/jvm/java-8-oracle/jre/lib/amd64/libjava.so
7fd36f881000-7fd36f883000 rw-p 0002a000 08:01 409188                     /usr/lib/jvm/java-8-oracle/jre/lib/amd64/libjava.so
7fd36f883000-7fd36f890000 r-xp 00000000 08:01 409228                     /usr/lib/jvm/java-8-oracle/jre/lib/amd64/libverify.so
7fd36f890000-7fd36fa90000 ---p 0000d000 08:01 409228                     /usr/lib/jvm/java-8-oracle/jre/lib/amd64/libverify.so
7fd36fa90000-7fd36fa92000 rw-p 0000d000 08:01 409228                     /usr/lib/jvm/java-8-oracle/jre/lib/amd64/libverify.so
7fd36fa92000-7fd36fa99000 r-xp 00000000 08:01 2965                       /lib/x86_64-linux-gnu/librt-2.19.so
7fd36fa99000-7fd36fc98000 ---p 00007000 08:01 2965                       /lib/x86_64-linux-gnu/librt-2.19.so
7fd36fc98000-7fd36fc99000 r--p 00006000 08:01 2965                       /lib/x86_64-linux-gnu/librt-2.19.so
7fd36fc99000-7fd36fc9a000 rw-p 00007000 08:01 2965                       /lib/x86_64-linux-gnu/librt-2.19.so
7fd36fc9a000-7fd36fd9f000 r-xp 00000000 08:01 3059                       /lib/x86_64-linux-gnu/libm-2.19.so
7fd36fd9f000-7fd36ff9e000 ---p 00105000 08:01 3059                       /lib/x86_64-linux-gnu/libm-2.19.so
7fd36ff9e000-7fd36ff9f000 r--p 00104000 08:01 3059                       /lib/x86_64-linux-gnu/libm-2.19.so
7fd36ff9f000-7fd36ffa0000 rw-p 00105000 08:01 3059                       /lib/x86_64-linux-gnu/libm-2.19.so
7fd36ffa0000-7fd370c73000 r-xp 00000000 08:01 409186                     /usr/lib/jvm/java-8-oracle/jre/lib/amd64/server/libjvm.so
7fd370c73000-7fd370e72000 ---p 00cd3000 08:01 409186                     /usr/lib/jvm/java-8-oracle/jre/lib/amd64/server/libjvm.so
7fd370e72000-7fd370f4c000 rw-p 00cd2000 08:01 409186                     /usr/lib/jvm/java-8-oracle/jre/lib/amd64/server/libjvm.so
7fd370f4c000-7fd370f97000 rw-p 00000000 00:00 0 
7fd370f97000-7fd371155000 r-xp 00000000 08:01 3143                       /lib/x86_64-linux-gnu/libc-2.19.so
7fd371155000-7fd371355000 ---p 001be000 08:01 3143                       /lib/x86_64-linux-gnu/libc-2.19.so
7fd371355000-7fd371359000 r--p 001be000 08:01 3143                       /lib/x86_64-linux-gnu/libc-2.19.so
7fd371359000-7fd37135b000 rw-p 001c2000 08:01 3143                       /lib/x86_64-linux-gnu/libc-2.19.so
7fd37135b000-7fd371360000 rw-p 00000000 00:00 0 
7fd371360000-7fd371363000 r-xp 00000000 08:01 2994                       /lib/x86_64-linux-gnu/libdl-2.19.so
7fd371363000-7fd371562000 ---p 00003000 08:01 2994                       /lib/x86_64-linux-gnu/libdl-2.19.so
7fd371562000-7fd371563000 r--p 00002000 08:01 2994                       /lib/x86_64-linux-gnu/libdl-2.19.so
7fd371563000-7fd371564000 rw-p 00003000 08:01 2994                       /lib/x86_64-linux-gnu/libdl-2.19.so
7fd371564000-7fd371579000 r-xp 00000000 08:01 407748                     /usr/lib/jvm/java-8-oracle/lib/amd64/jli/libjli.so
7fd371579000-7fd371779000 ---p 00015000 08:01 407748                     /usr/lib/jvm/java-8-oracle/lib/amd64/jli/libjli.so
7fd371779000-7fd37177a000 rw-p 00015000 08:01 407748                     /usr/lib/jvm/java-8-oracle/lib/amd64/jli/libjli.so
7fd37177a000-7fd371793000 r-xp 00000000 08:01 3039                       /lib/x86_64-linux-gnu/libpthread-2.19.so
7fd371793000-7fd371992000 ---p 00019000 08:01 3039                       /lib/x86_64-linux-gnu/libpthread-2.19.so
7fd371992000-7fd371993000 r--p 00018000 08:01 3039                       /lib/x86_64-linux-gnu/libpthread-2.19.so
7fd371993000-7fd371994000 rw-p 00019000 08:01 3039                       /lib/x86_64-linux-gnu/libpthread-2.19.so
7fd371994000-7fd371998000 rw-p 00000000 00:00 0 
7fd371998000-7fd3719bb000 r-xp 00000000 08:01 2949                       /lib/x86_64-linux-gnu/ld-2.19.so
7fd3719bb000-7fd3719bc000 r--s 00006000 08:01 67829                      /usr/share/java/plexus-sec-dispatcher.jar
7fd3719bc000-7fd3719c8000 r--s 0007c000 08:01 68084                      /usr/share/java/maven3-core-3.0.5.jar
7fd3719c8000-7fd3719ca000 r--s 0000a000 08:01 67898                      /usr/share/java/wagon-provider-api-2.x.jar
7fd3719ca000-7fd3719ce000 r--s 0001c000 08:01 656247                     /usr/share/maven-repo/org/sonatype/aether/aether-util/1.13.1/aether-util-1.13.1.jar
7fd3719ce000-7fd3719d0000 r--s 00000000 08:01 68058                      /usr/share/java/plexus-component-annotations-1.5-1.5.5.jar
7fd3719d0000-7fd3719d7000 r--s 00040000 08:01 67284                      /usr/share/java/sisu-inject-bean.jar
7fd3719d7000-7fd3719d9000 r--s 0000a000 08:01 68088                      /usr/share/java/maven3-artifact-3.0.5.jar
7fd3719d9000-7fd3719db000 r--s 00002000 08:01 67823                      /usr/share/java/plexus-cipher.jar
7fd3719db000-7fd371aa7000 rw-p 00000000 00:00 0 
7fd371aa7000-7fd371aaa000 ---p 00000000 00:00 0 
7fd371aaa000-7fd371bac000 rw-p 00000000 00:00 0                          [stack:3536]
7fd371bac000-7fd371bae000 r--s 0000a000 08:01 67535                      /usr/share/java/plexus-classworlds2-2.5.1.jar
7fd371bae000-7fd371bb6000 rw-s 00000000 08:01 273991                     /tmp/hsperfdata_vagrant/3525
7fd371bb6000-7fd371bb7000 rw-p 00000000 00:00 0 
7fd371bb7000-7fd371bb8000 ---p 00000000 00:00 0 
7fd371bb8000-7fd371bba000 rw-p 00000000 00:00 0 
7fd371bba000-7fd371bbb000 r--p 00022000 08:01 2949                       /lib/x86_64-linux-gnu/ld-2.19.so
7fd371bbb000-7fd371bbc000 rw-p 00023000 08:01 2949                       /lib/x86_64-linux-gnu/ld-2.19.so
7fd371bbc000-7fd371bbd000 rw-p 00000000 00:00 0 
7ffee1554000-7ffee1575000 rw-p 00000000 00:00 0                          [stack]
7ffee15fe000-7ffee1600000 r-xp 00000000 00:00 0                          [vdso]
ffffffffff600000-ffffffffff601000 r-xp 00000000 00:00 0                  [vsyscall]

VM Arguments:
jvm_args: -Dclassworlds.conf=/usr/share/maven/bin/m2.conf -Dmaven.home=/usr/share/maven 
java_command: org.codehaus.plexus.classworlds.launcher.Launcher clean install
java_class_path (initial): /usr/share/maven/boot/plexus-classworlds-2.x.jar
Launcher Type: SUN_STANDARD

Environment Variables:
JAVA_HOME=/usr/lib/jvm/java-8-oracle
PATH=/usr/local/sbin:/usr/local/bin:/usr/sbin:/usr/bin:/sbin:/bin:/usr/games:/usr/local/games:/usr/lib/jvm/java-8-oracle/bin:/usr/lib/jvm/java-8-oracle/db/bin:/usr/lib/jvm/java-8-oracle/jre/bin
SHELL=/bin/zsh
DISPLAY=:0.0

Signal Handlers:
SIGSEGV: [libjvm.so+0xacba10], sa_mask[0]=11111111011111111101111111111110, sa_flags=SA_RESTART|SA_SIGINFO
SIGBUS: [libjvm.so+0xacba10], sa_mask[0]=11111111011111111101111111111110, sa_flags=SA_RESTART|SA_SIGINFO
SIGFPE: [libjvm.so+0x924ba0], sa_mask[0]=11111111011111111101111111111110, sa_flags=SA_RESTART|SA_SIGINFO
SIGPIPE: [libjvm.so+0x924ba0], sa_mask[0]=11111111011111111101111111111110, sa_flags=SA_RESTART|SA_SIGINFO
SIGXFSZ: [libjvm.so+0x924ba0], sa_mask[0]=11111111011111111101111111111110, sa_flags=SA_RESTART|SA_SIGINFO
SIGILL: [libjvm.so+0x924ba0], sa_mask[0]=11111111011111111101111111111110, sa_flags=SA_RESTART|SA_SIGINFO
SIGUSR1: SIG_DFL, sa_mask[0]=00000000000000000000000000000000, sa_flags=none
SIGUSR2: [libjvm.so+0x9263e0], sa_mask[0]=00000000000000000000000000000000, sa_flags=SA_RESTART|SA_SIGINFO
SIGHUP: [libjvm.so+0x9277e0], sa_mask[0]=11111111011111111101111111111110, sa_flags=SA_RESTART|SA_SIGINFO
SIGINT: [libjvm.so+0x9277e0], sa_mask[0]=11111111011111111101111111111110, sa_flags=SA_RESTART|SA_SIGINFO
SIGTERM: [libjvm.so+0x9277e0], sa_mask[0]=11111111011111111101111111111110, sa_flags=SA_RESTART|SA_SIGINFO
SIGQUIT: [libjvm.so+0x9277e0], sa_mask[0]=11111111011111111101111111111110, sa_flags=SA_RESTART|SA_SIGINFO


---------------  S Y S T E M  ---------------

OS:DISTRIB_ID=Ubuntu
DISTRIB_RELEASE=14.04
DISTRIB_CODENAME=trusty
DISTRIB_DESCRIPTION="Ubuntu 14.04.5 LTS"

uname:Linux 3.13.0-132-generic #181-Ubuntu SMP Wed Sep 13 13:25:03 UTC 2017 x86_64
libc:glibc 2.19 NPTL 2.19 
rlimit: STACK 8192k, CORE 0k, NPROC 63709, NOFILE 4096, AS infinity
load average:1.00 0.43 0.34

/proc/meminfo:
MemTotal:        8176716 kB
MemFree:          100988 kB
Buffers:            1040 kB
Cached:            47436 kB
SwapCached:            0 kB
Active:          7853844 kB
Inactive:          44632 kB
Active(anon):    7850620 kB
Inactive(anon):    32196 kB
Active(file):       3224 kB
Inactive(file):    12436 kB
Unevictable:           4 kB
Mlocked:               4 kB
SwapTotal:             0 kB
SwapFree:              0 kB
Dirty:                84 kB
Writeback:             0 kB
AnonPages:       7850168 kB
Mapped:            36248 kB
Shmem:             32600 kB
Slab:              57208 kB
SReclaimable:      25972 kB
SUnreclaim:        31236 kB
KernelStack:        7408 kB
PageTables:        44280 kB
NFS_Unstable:          0 kB
Bounce:                0 kB
WritebackTmp:          0 kB
CommitLimit:     4088356 kB
Committed_AS:   11757272 kB
VmallocTotal:   34359738367 kB
VmallocUsed:       21548 kB
VmallocChunk:   34359710716 kB
HardwareCorrupted:     0 kB
AnonHugePages:   5597184 kB
HugePages_Total:       0
HugePages_Free:        0
HugePages_Rsvd:        0
HugePages_Surp:        0
Hugepagesize:       2048 kB
DirectMap4k:       75712 kB
DirectMap2M:     8312832 kB


CPU:total 4 (initial active 4) (4 cores per cpu, 1 threads per core) family 6 model 70 stepping 1, cmov, cx8, fxsr, mmx, sse, sse2, sse3, ssse3, sse4.1, sse4.2, popcnt, avx, aes, clmul, lzcnt, tsc, tscinvbit

/proc/cpuinfo:
processor	: 0
vendor_id	: GenuineIntel
cpu family	: 6
model		: 70
model name	: Intel(R) Core(TM) i7-4770HQ CPU @ 2.20GHz
stepping	: 1
cpu MHz		: 2195.045
cache size	: 6144 KB
physical id	: 0
siblings	: 4
core id		: 0
cpu cores	: 4
apicid		: 0
initial apicid	: 0
fpu		: yes
fpu_exception	: yes
cpuid level	: 13
wp		: yes
flags		: fpu vme de pse tsc msr pae mce cx8 apic sep mtrr pge mca cmov pat pse36 clflush mmx fxsr sse sse2 ht syscall nx rdtscp lm constant_tsc rep_good nopl xtopology nonstop_tsc pni pclmulqdq ssse3 cx16 sse4_1 sse4_2 movbe popcnt aes xsave avx rdrand lahf_lm abm
bogomips	: 4390.09
clflush size	: 64
cache_alignment	: 64
address sizes	: 39 bits physical, 48 bits virtual
power management:

processor	: 1
vendor_id	: GenuineIntel
cpu family	: 6
model		: 70
model name	: Intel(R) Core(TM) i7-4770HQ CPU @ 2.20GHz
stepping	: 1
cpu MHz		: 2195.045
cache size	: 6144 KB
physical id	: 0
siblings	: 4
core id		: 1
cpu cores	: 4
apicid		: 1
initial apicid	: 1
fpu		: yes
fpu_exception	: yes
cpuid level	: 13
wp		: yes
flags		: fpu vme de pse tsc msr pae mce cx8 apic sep mtrr pge mca cmov pat pse36 clflush mmx fxsr sse sse2 ht syscall nx rdtscp lm constant_tsc rep_good nopl xtopology nonstop_tsc pni pclmulqdq ssse3 cx16 sse4_1 sse4_2 movbe popcnt aes xsave avx rdrand lahf_lm abm
bogomips	: 4390.09
clflush size	: 64
cache_alignment	: 64
address sizes	: 39 bits physical, 48 bits virtual
power management:

processor	: 2
vendor_id	: GenuineIntel
cpu family	: 6
model		: 70
model name	: Intel(R) Core(TM) i7-4770HQ CPU @ 2.20GHz
stepping	: 1
cpu MHz		: 2195.045
cache size	: 6144 KB
physical id	: 0
siblings	: 4
core id		: 2
cpu cores	: 4
apicid		: 2
initial apicid	: 2
fpu		: yes
fpu_exception	: yes
cpuid level	: 13
wp		: yes
flags		: fpu vme de pse tsc msr pae mce cx8 apic sep mtrr pge mca cmov pat pse36 clflush mmx fxsr sse sse2 ht syscall nx rdtscp lm constant_tsc rep_good nopl xtopology nonstop_tsc pni pclmulqdq ssse3 cx16 sse4_1 sse4_2 movbe popcnt aes xsave avx rdrand lahf_lm abm
bogomips	: 4390.09
clflush size	: 64
cache_alignment	: 64
address sizes	: 39 bits physical, 48 bits virtual
power management:

processor	: 3
vendor_id	: GenuineIntel
cpu family	: 6
model		: 70
model name	: Intel(R) Core(TM) i7-4770HQ CPU @ 2.20GHz
stepping	: 1
cpu MHz		: 2195.045
cache size	: 6144 KB
physical id	: 0
siblings	: 4
core id		: 3
cpu cores	: 4
apicid		: 3
initial apicid	: 3
fpu		: yes
fpu_exception	: yes
cpuid level	: 13
wp		: yes
flags		: fpu vme de pse tsc msr pae mce cx8 apic sep mtrr pge mca cmov pat pse36 clflush mmx fxsr sse sse2 ht syscall nx rdtscp lm constant_tsc rep_good nopl xtopology nonstop_tsc pni pclmulqdq ssse3 cx16 sse4_1 sse4_2 movbe popcnt aes xsave avx rdrand lahf_lm abm
bogomips	: 4390.09
clflush size	: 64
cache_alignment	: 64
address sizes	: 39 bits physical, 48 bits virtual
power management:



Memory: 4k page, physical 8176716k(101684k free), swap 0k(0k free)

vm_info: Java HotSpot(TM) 64-Bit Server VM (25.144-b01) for linux-amd64 JRE (1.8.0_144-b01), built on Jul 21 2017 21:57:33 by "java_re" with gcc 4.3.0 20080428 (Red Hat 4.3.0-8)

time: Wed Dec 20 21:41:14 2017
elapsed time: 18 seconds (0d 0h 0m 18s)

