#
# There is insufficient memory for the Java Runtime Environment to continue.
# Native memory allocation (mmap) failed to map 123731968 bytes for committing reserved memory.
# Possible reasons:
#   The system is out of physical RAM or swap space
#   In 32 bit mode, the process size limit was hit
# Possible solutions:
#   Reduce memory load on the system
#   Increase physical memory or swap space
#   Check if swap backing store is full
#   Use 64 bit Java on a 64 bit OS
#   Decrease Java heap size (-Xmx/-Xms)
#   Decrease number of Java threads
#   Decrease Java thread stack sizes (-Xss)
#   Set larger code cache with -XX:ReservedCodeCacheSize=
# This output file may be truncated or incomplete.
#
#  Out of Memory Error (os_linux.cpp:2640), pid=32204, tid=0x00007f3a70b89700
#
# JRE version: Java(TM) SE Runtime Environment (8.0_144-b01) (build 1.8.0_144-b01)
# Java VM: Java HotSpot(TM) 64-Bit Server VM (25.144-b01 mixed mode linux-amd64 compressed oops)
# Failed to write core dump. Core dumps have been disabled. To enable core dumping, try "ulimit -c unlimited" before starting Java again
#

---------------  T H R E A D  ---------------

Current thread (0x00007f3a84073800):  VMThread [stack: 0x00007f3a70a89000,0x00007f3a70b8a000] [id=32218]

Stack: [0x00007f3a70a89000,0x00007f3a70b8a000],  sp=0x00007f3a70b87fe0,  free space=1019k
Native frames: (J=compiled Java code, j=interpreted, Vv=VM code, C=native code)
V  [libjvm.so+0xacb18a]  VMError::report_and_die()+0x2ba
V  [libjvm.so+0x4ff4db]  report_vm_out_of_memory(char const*, int, unsigned long, VMErrorType, char const*)+0x8b
V  [libjvm.so+0x927d23]  os::Linux::commit_memory_impl(char*, unsigned long, bool)+0x103
V  [libjvm.so+0x928279]  os::pd_commit_memory(char*, unsigned long, unsigned long, bool)+0x29
V  [libjvm.so+0x92249a]  os::commit_memory(char*, unsigned long, unsigned long, bool)+0x2a
V  [libjvm.so+0x996ff3]  PSVirtualSpace::expand_by(unsigned long)+0x53
V  [libjvm.so+0x9983f8]  PSYoungGen::resize_generation(unsigned long, unsigned long)+0xf8
V  [libjvm.so+0x997552]  PSYoungGen::resize(unsigned long, unsigned long)+0x22
V  [libjvm.so+0x99482b]  PSScavenge::invoke_no_policy()+0xf3b
V  [libjvm.so+0x994fb1]  PSScavenge::invoke()+0x41
V  [libjvm.so+0x94bce0]  ParallelScavengeHeap::failed_mem_allocate(unsigned long)+0x70
V  [libjvm.so+0xaccba7]  VM_ParallelGCFailedAllocation::doit()+0x97
V  [libjvm.so+0xad4685]  VM_Operation::evaluate()+0x55
V  [libjvm.so+0xad2a5a]  VMThread::evaluate_operation(VM_Operation*)+0xba
V  [libjvm.so+0xad2dde]  VMThread::loop()+0x1ce
V  [libjvm.so+0xad3250]  VMThread::run()+0x70
V  [libjvm.so+0x92a338]  java_start(Thread*)+0x108

VM_Operation (0x00007f3a8ce01a40): ParallelGCFailedAllocation, mode: safepoint, requested by thread 0x00007f3a8400a000


---------------  P R O C E S S  ---------------

Java Threads: ( => current thread )
  0x00007f3a840cc800 JavaThread "Service Thread" daemon [_thread_blocked, id=32224, stack(0x00007f3a702fa000,0x00007f3a703fb000)]
  0x00007f3a840b7800 JavaThread "C1 CompilerThread1" daemon [_thread_blocked, id=32223, stack(0x00007f3a703fb000,0x00007f3a704fc000)]
  0x00007f3a840b5000 JavaThread "C2 CompilerThread0" daemon [_thread_blocked, id=32222, stack(0x00007f3a704fc000,0x00007f3a705fd000)]
  0x00007f3a840b3800 JavaThread "Signal Dispatcher" daemon [_thread_blocked, id=32221, stack(0x00007f3a705fd000,0x00007f3a706fe000)]
  0x00007f3a84080000 JavaThread "Finalizer" daemon [_thread_blocked, id=32220, stack(0x00007f3a70887000,0x00007f3a70988000)]
  0x00007f3a8407b800 JavaThread "Reference Handler" daemon [_thread_blocked, id=32219, stack(0x00007f3a70988000,0x00007f3a70a89000)]
  0x00007f3a8400a000 JavaThread "main" [_thread_blocked, id=32215, stack(0x00007f3a8cd05000,0x00007f3a8ce06000)]

Other Threads:
=>0x00007f3a84073800 VMThread [stack: 0x00007f3a70a89000,0x00007f3a70b8a000] [id=32218]
  0x00007f3a840cf800 WatcherThread [stack: 0x00007f3a701f9000,0x00007f3a702fa000] [id=32225]

VM state:at safepoint (normal execution)

VM Mutex/Monitor currently owned by a thread:  ([mutex/lock_event])
[0x00007f3a84006050] Threads_lock - owner thread: 0x00007f3a84073800
[0x00007f3a84006550] Heap_lock - owner thread: 0x00007f3a8400a000

Heap:
 PSYoungGen      total 463872K, used 21490K [0x00000000d6600000, 0x00000000f8a00000, 0x0000000100000000)
  eden space 442368K, 0% used [0x00000000d6600000,0x00000000d6600000,0x00000000f1600000)
  from space 21504K, 99% used [0x00000000f6000000,0x00000000f74fca30,0x00000000f7500000)
  to   space 18432K, 0% used [0x00000000f7800000,0x00000000f7800000,0x00000000f8a00000)
 ParOldGen       total 77312K, used 57020K [0x0000000083200000, 0x0000000087d80000, 0x00000000d6600000)
  object space 77312K, 73% used [0x0000000083200000,0x00000000869af090,0x0000000087d80000)
 Metaspace       used 30360K, capacity 31662K, committed 31872K, reserved 1077248K
  class space    used 3424K, capacity 3665K, committed 3712K, reserved 1048576K

Card table byte_map: [0x00007f3a896b7000,0x00007f3a89a9f000] byte_map_base: 0x00007f3a8929e000

Marking Bits: (ParMarkBitMap*) 0x00007f3a8c1c7dc0
 Begin Bits: [0x00007f3a71190000, 0x00007f3a730c8000)
 End Bits:   [0x00007f3a730c8000, 0x00007f3a75000000)

Polling page: 0x00007f3a8ce15000

CodeCache: size=245760Kb used=21080Kb max_used=21082Kb free=224679Kb
 bounds [0x00007f3a75000000, 0x00007f3a764b0000, 0x00007f3a84000000]
 total_blobs=6755 nmethods=6369 adapters=298
 compilation: enabled

Compilation events (10 events):
Event: 17.362 Thread 0x00007f3a840b5000 nmethod 7048 0x00007f3a76436190 code [0x00007f3a764362e0, 0x00007f3a76436398]
Event: 17.362 Thread 0x00007f3a840b5000 7049       4       com.sun.tools.javac.jvm.ClassReader::initParameterNames (58 bytes)
Event: 17.367 Thread 0x00007f3a840b5000 nmethod 7049 0x00007f3a764a8d90 code [0x00007f3a764a8fc0, 0x00007f3a764a93d8]
Event: 17.367 Thread 0x00007f3a840b5000 7056       4       com.sun.tools.javac.comp.Check::checkDisjoint (63 bytes)
Event: 17.368 Thread 0x00007f3a840b5000 nmethod 7056 0x00007f3a7647a210 code [0x00007f3a7647a360, 0x00007f3a7647a418]
Event: 17.368 Thread 0x00007f3a840b5000 7054       4       com.sun.tools.javac.code.Symbol$PackageSymbol::exists (19 bytes)
Event: 17.370 Thread 0x00007f3a840b5000 nmethod 7054 0x00007f3a7550c690 code [0x00007f3a7550c7e0, 0x00007f3a7550c858]
Event: 17.370 Thread 0x00007f3a840b5000 7047       4       com.sun.tools.javac.comp.Attr::selectSym (600 bytes)
Event: 17.377 Thread 0x00007f3a840b7800 7068       3       java.lang.ClassLoader::preDefineClass (109 bytes)
Event: 17.379 Thread 0x00007f3a840b7800 nmethod 7068 0x00007f3a764a9a50 code [0x00007f3a764a9d20, 0x00007f3a764ab248]

GC Heap History (10 events):
Event: 4.286 GC heap after
Heap after GC invocations=5 (full 0):
 PSYoungGen      total 136192K, used 5104K [0x00000000d6600000, 0x00000000e8300000, 0x0000000100000000)
  eden space 131072K, 0% used [0x00000000d6600000,0x00000000d6600000,0x00000000de600000)
  from space 5120K, 99% used [0x00000000de600000,0x00000000deafc050,0x00000000deb00000)
  to   space 14848K, 0% used [0x00000000e7480000,0x00000000e7480000,0x00000000e8300000)
 ParOldGen       total 86016K, used 18737K [0x0000000083200000, 0x0000000088600000, 0x00000000d6600000)
  object space 86016K, 21% used [0x0000000083200000,0x000000008444c670,0x0000000088600000)
 Metaspace       used 15069K, capacity 15416K, committed 15744K, reserved 1062912K
  class space    used 1754K, capacity 1822K, committed 1920K, reserved 1048576K
}
Event: 6.254 GC heap before
{Heap before GC invocations=6 (full 0):
 PSYoungGen      total 136192K, used 136176K [0x00000000d6600000, 0x00000000e8300000, 0x0000000100000000)
  eden space 131072K, 100% used [0x00000000d6600000,0x00000000de600000,0x00000000de600000)
  from space 5120K, 99% used [0x00000000de600000,0x00000000deafc050,0x00000000deb00000)
  to   space 14848K, 0% used [0x00000000e7480000,0x00000000e7480000,0x00000000e8300000)
 ParOldGen       total 86016K, used 18737K [0x0000000083200000, 0x0000000088600000, 0x00000000d6600000)
  object space 86016K, 21% used [0x0000000083200000,0x000000008444c670,0x0000000088600000)
 Metaspace       used 19834K, capacity 20408K, committed 20736K, reserved 1067008K
  class space    used 2328K, capacity 2433K, committed 2560K, reserved 1048576K
Event: 6.300 GC heap after
Heap after GC invocations=6 (full 0):
 PSYoungGen      total 276480K, used 11619K [0x00000000d6600000, 0x00000000e8400000, 0x0000000100000000)
  eden space 261632K, 0% used [0x00000000d6600000,0x00000000d6600000,0x00000000e6580000)
  from space 14848K, 78% used [0x00000000e7480000,0x00000000e7fd8e00,0x00000000e8300000)
  to   space 15360K, 0% used [0x00000000e6580000,0x00000000e6580000,0x00000000e7480000)
 ParOldGen       total 86016K, used 18745K [0x0000000083200000, 0x0000000088600000, 0x00000000d6600000)
  object space 86016K, 21% used [0x0000000083200000,0x000000008444e670,0x0000000088600000)
 Metaspace       used 19834K, capacity 20408K, committed 20736K, reserved 1067008K
  class space    used 2328K, capacity 2433K, committed 2560K, reserved 1048576K
}
Event: 6.867 GC heap before
{Heap before GC invocations=7 (full 0):
 PSYoungGen      total 276480K, used 38024K [0x00000000d6600000, 0x00000000e8400000, 0x0000000100000000)
  eden space 261632K, 10% used [0x00000000d6600000,0x00000000d7fc94c8,0x00000000e6580000)
  from space 14848K, 78% used [0x00000000e7480000,0x00000000e7fd8e00,0x00000000e8300000)
  to   space 15360K, 0% used [0x00000000e6580000,0x00000000e6580000,0x00000000e7480000)
 ParOldGen       total 86016K, used 18745K [0x0000000083200000, 0x0000000088600000, 0x00000000d6600000)
  object space 86016K, 21% used [0x0000000083200000,0x000000008444e670,0x0000000088600000)
 Metaspace       used 20603K, capacity 21176K, committed 21248K, reserved 1069056K
  class space    used 2382K, capacity 2497K, committed 2560K, reserved 1048576K
Event: 6.924 GC heap after
Heap after GC invocations=7 (full 0):
 PSYoungGen      total 276992K, used 15332K [0x00000000d6600000, 0x00000000f8b00000, 0x0000000100000000)
  eden space 261632K, 0% used [0x00000000d6600000,0x00000000d6600000,0x00000000e6580000)
  from space 15360K, 99% used [0x00000000e6580000,0x00000000e7479020,0x00000000e7480000)
  to   space 19456K, 0% used [0x00000000f7800000,0x00000000f7800000,0x00000000f8b00000)
 ParOldGen       total 86016K, used 22381K [0x0000000083200000, 0x0000000088600000, 0x00000000d6600000)
  object space 86016K, 26% used [0x0000000083200000,0x00000000847db428,0x0000000088600000)
 Metaspace       used 20603K, capacity 21176K, committed 21248K, reserved 1069056K
  class space    used 2382K, capacity 2497K, committed 2560K, reserved 1048576K
}
Event: 6.924 GC heap before
{Heap before GC invocations=8 (full 1):
 PSYoungGen      total 276992K, used 15332K [0x00000000d6600000, 0x00000000f8b00000, 0x0000000100000000)
  eden space 261632K, 0% used [0x00000000d6600000,0x00000000d6600000,0x00000000e6580000)
  from space 15360K, 99% used [0x00000000e6580000,0x00000000e7479020,0x00000000e7480000)
  to   space 19456K, 0% used [0x00000000f7800000,0x00000000f7800000,0x00000000f8b00000)
 ParOldGen       total 86016K, used 22381K [0x0000000083200000, 0x0000000088600000, 0x00000000d6600000)
  object space 86016K, 26% used [0x0000000083200000,0x00000000847db428,0x0000000088600000)
 Metaspace       used 20603K, capacity 21176K, committed 21248K, reserved 1069056K
  class space    used 2382K, capacity 2497K, committed 2560K, reserved 1048576K
Event: 7.074 GC heap after
Heap after GC invocations=8 (full 1):
 PSYoungGen      total 276992K, used 0K [0x00000000d6600000, 0x00000000f8b00000, 0x0000000100000000)
  eden space 261632K, 0% used [0x00000000d6600000,0x00000000d6600000,0x00000000e6580000)
  from space 15360K, 0% used [0x00000000e6580000,0x00000000e6580000,0x00000000e7480000)
  to   space 19456K, 0% used [0x00000000f7800000,0x00000000f7800000,0x00000000f8b00000)
 ParOldGen       total 77312K, used 26983K [0x0000000083200000, 0x0000000087d80000, 0x00000000d6600000)
  object space 77312K, 34% used [0x0000000083200000,0x0000000084c59d60,0x0000000087d80000)
 Metaspace       used 20603K, capacity 21176K, committed 21248K, reserved 1069056K
  class space    used 2382K, capacity 2497K, committed 2560K, reserved 1048576K
}
Event: 11.135 GC heap before
{Heap before GC invocations=9 (full 1):
 PSYoungGen      total 276992K, used 261632K [0x00000000d6600000, 0x00000000f8b00000, 0x0000000100000000)
  eden space 261632K, 100% used [0x00000000d6600000,0x00000000e6580000,0x00000000e6580000)
  from space 15360K, 0% used [0x00000000e6580000,0x00000000e6580000,0x00000000e7480000)
  to   space 19456K, 0% used [0x00000000f7800000,0x00000000f7800000,0x00000000f8b00000)
 ParOldGen       total 77312K, used 26983K [0x0000000083200000, 0x0000000087d80000, 0x00000000d6600000)
  object space 77312K, 34% used [0x0000000083200000,0x0000000084c59d60,0x0000000087d80000)
 Metaspace       used 25797K, capacity 26752K, committed 26880K, reserved 1073152K
  class space    used 2902K, capacity 3041K, committed 3072K, reserved 1048576K
Event: 11.182 GC heap after
Heap after GC invocations=9 (full 1):
 PSYoungGen      total 460800K, used 17985K [0x00000000d6600000, 0x00000000f8a00000, 0x0000000100000000)
  eden space 442368K, 0% used [0x00000000d6600000,0x00000000d6600000,0x00000000f1600000)
  from space 18432K, 97% used [0x00000000f7800000,0x00000000f8990418,0x00000000f8a00000)
  to   space 21504K, 0% used [0x00000000f6000000,0x00000000f6000000,0x00000000f7500000)
 ParOldGen       total 77312K, used 26991K [0x0000000083200000, 0x0000000087d80000, 0x00000000d6600000)
  object space 77312K, 34% used [0x0000000083200000,0x0000000084c5bd60,0x0000000087d80000)
 Metaspace       used 25797K, capacity 26752K, committed 26880K, reserved 1073152K
  class space    used 2902K, capacity 3041K, committed 3072K, reserved 1048576K
}
Event: 17.450 GC heap before
{Heap before GC invocations=10 (full 1):
 PSYoungGen      total 460800K, used 460353K [0x00000000d6600000, 0x00000000f8a00000, 0x0000000100000000)
  eden space 442368K, 100% used [0x00000000d6600000,0x00000000f1600000,0x00000000f1600000)
  from space 18432K, 97% used [0x00000000f7800000,0x00000000f8990418,0x00000000f8a00000)
  to   space 21504K, 0% used [0x00000000f6000000,0x00000000f6000000,0x00000000f7500000)
 ParOldGen       total 77312K, used 26991K [0x0000000083200000, 0x0000000087d80000, 0x00000000d6600000)
  object space 77312K, 34% used [0x0000000083200000,0x0000000084c5bd60,0x0000000087d80000)
 Metaspace       used 30360K, capacity 31662K, committed 31872K, reserved 1077248K
  class space    used 3424K, capacity 3665K, committed 3712K, reserved 1048576K

Deoptimization events (10 events):
Event: 14.735 Thread 0x00007f3a8400a000 Uncommon trap: reason=array_check action=maybe_recompile pc=0x00007f3a75fa44b0 method=java.util.ComparableTimSort.binarySort([Ljava/lang/Object;III)V @ 215
Event: 14.766 Thread 0x00007f3a8400a000 Uncommon trap: reason=unstable_if action=reinterpret pc=0x00007f3a7615d904 method=com.sun.tools.javac.util.Convert.utf2chars([BI[CII)I @ 37
Event: 15.420 Thread 0x00007f3a8400a000 Uncommon trap: reason=class_check action=maybe_recompile pc=0x00007f3a7601f4fc method=java.util.regex.Pattern$Branch.match(Ljava/util/regex/Matcher;ILjava/lang/CharSequence;)Z @ 50
Event: 15.420 Thread 0x00007f3a8400a000 Uncommon trap: reason=class_check action=maybe_recompile pc=0x00007f3a7601f4fc method=java.util.regex.Pattern$Branch.match(Ljava/util/regex/Matcher;ILjava/lang/CharSequence;)Z @ 50
Event: 15.425 Thread 0x00007f3a8400a000 Uncommon trap: reason=class_check action=maybe_recompile pc=0x00007f3a7601f4fc method=java.util.regex.Pattern$Branch.match(Ljava/util/regex/Matcher;ILjava/lang/CharSequence;)Z @ 50
Event: 15.792 Thread 0x00007f3a8400a000 Uncommon trap: reason=unstable_if action=reinterpret pc=0x00007f3a7566812c method=com.sun.tools.javac.util.Convert.utf2chars([BI[CII)I @ 37
Event: 17.041 Thread 0x00007f3a8400a000 Uncommon trap: reason=array_check action=maybe_recompile pc=0x00007f3a75fa44b0 method=java.util.ComparableTimSort.binarySort([Ljava/lang/Object;III)V @ 215
Event: 17.042 Thread 0x00007f3a8400a000 Uncommon trap: reason=array_check action=maybe_recompile pc=0x00007f3a762f84bc method=java.util.ComparableTimSort.binarySort([Ljava/lang/Object;III)V @ 215
Event: 17.097 Thread 0x00007f3a8400a000 Uncommon trap: reason=unstable_if action=reinterpret pc=0x00007f3a7630c698 method=com.sun.tools.javac.comp.Resolve.accessInternal(Lcom/sun/tools/javac/code/Symbol;Lcom/sun/tools/javac/util/JCDiagnostic$DiagnosticPosition;Lcom/sun/tools/javac/code/Symbol;L
Event: 17.104 Thread 0x00007f3a8400a000 Uncommon trap: reason=unstable_if action=reinterpret pc=0x00007f3a764451b4 method=com.sun.tools.javac.comp.Attr.check(Lcom/sun/tools/javac/tree/JCTree;Lcom/sun/tools/javac/code/Type;ILcom/sun/tools/javac/comp/Attr$ResultInfo;)Lcom/sun/tools/javac/code/Typ

Internal exceptions (10 events):
Event: 10.783 Thread 0x00007f3a8400a000 Implicit null exception at 0x00007f3a75876d9e to 0x00007f3a75878344
Event: 11.269 Thread 0x00007f3a8400a000 Implicit null exception at 0x00007f3a75e57087 to 0x00007f3a75e59225
Event: 11.510 Thread 0x00007f3a8400a000 Exception <a 'java/io/FileNotFoundException'> (0x00000000d85522e0) thrown at [/HUDSON3/workspace/8-2-build-linux-amd64/jdk8u144/9417/hotspot/src/share/vm/prims/jni.cpp, line 709]
Event: 11.510 Thread 0x00007f3a8400a000 Exception <a 'java/io/FileNotFoundException'> (0x00000000d8553700) thrown at [/HUDSON3/workspace/8-2-build-linux-amd64/jdk8u144/9417/hotspot/src/share/vm/prims/jni.cpp, line 709]
Event: 12.863 Thread 0x00007f3a8400a000 Exception <a 'java/io/FileNotFoundException'> (0x00000000ddf58068) thrown at [/HUDSON3/workspace/8-2-build-linux-amd64/jdk8u144/9417/hotspot/src/share/vm/prims/jni.cpp, line 709]
Event: 12.863 Thread 0x00007f3a8400a000 Exception <a 'java/io/FileNotFoundException'> (0x00000000ddf59488) thrown at [/HUDSON3/workspace/8-2-build-linux-amd64/jdk8u144/9417/hotspot/src/share/vm/prims/jni.cpp, line 709]
Event: 14.713 Thread 0x00007f3a8400a000 Exception <a 'java/io/FileNotFoundException'> (0x00000000e8881cc0) thrown at [/HUDSON3/workspace/8-2-build-linux-amd64/jdk8u144/9417/hotspot/src/share/vm/prims/jni.cpp, line 709]
Event: 14.713 Thread 0x00007f3a8400a000 Exception <a 'java/io/FileNotFoundException'> (0x00000000e88830e0) thrown at [/HUDSON3/workspace/8-2-build-linux-amd64/jdk8u144/9417/hotspot/src/share/vm/prims/jni.cpp, line 709]
Event: 17.040 Thread 0x00007f3a8400a000 Exception <a 'java/io/FileNotFoundException'> (0x00000000efdc0db0) thrown at [/HUDSON3/workspace/8-2-build-linux-amd64/jdk8u144/9417/hotspot/src/share/vm/prims/jni.cpp, line 709]
Event: 17.040 Thread 0x00007f3a8400a000 Exception <a 'java/io/FileNotFoundException'> (0x00000000efdc21d0) thrown at [/HUDSON3/workspace/8-2-build-linux-amd64/jdk8u144/9417/hotspot/src/share/vm/prims/jni.cpp, line 709]

Events (10 events):
Event: 17.111 loading class lombok/launch/ShadowClassLoader done
Event: 17.117 Thread 0x00007f3a8400a000 DEOPT PACKING pc=0x00007f3a75e783ae sp=0x00007f3a8cdfff50
Event: 17.117 Thread 0x00007f3a8400a000 DEOPT UNPACKING pc=0x00007f3a75047633 sp=0x00007f3a8cdffc80 mode 0
Event: 17.120 Thread 0x00007f3a8400a000 DEOPT PACKING pc=0x00007f3a75e783ae sp=0x00007f3a8cdfff50
Event: 17.120 Thread 0x00007f3a8400a000 DEOPT UNPACKING pc=0x00007f3a75047633 sp=0x00007f3a8cdffc80 mode 0
Event: 17.132 loading class com/sun/tools/javac/util/CancelService
Event: 17.132 loading class com/sun/tools/javac/util/CancelService done
Event: 17.184 Thread 0x00007f3a8400a000 DEOPT PACKING pc=0x00007f3a7558d27a sp=0x00007f3a8ce02120
Event: 17.184 Thread 0x00007f3a8400a000 DEOPT UNPACKING pc=0x00007f3a75047633 sp=0x00007f3a8ce01e88 mode 0
Event: 17.445 Executing VM operation: ParallelGCFailedAllocation


Dynamic libraries:
00400000-00401000 r-xp 00000000 08:01 407645                             /usr/lib/jvm/java-8-oracle/bin/java
00600000-00601000 rw-p 00000000 08:01 407645                             /usr/lib/jvm/java-8-oracle/bin/java
00bfa000-00c1b000 rw-p 00000000 00:00 0                                  [heap]
83200000-87d80000 rw-p 00000000 00:00 0 
87d80000-d6600000 ---p 00000000 00:00 0 
d6600000-f8a00000 rw-p 00000000 00:00 0 
100000000-1003a0000 rw-p 00000000 00:00 0 
1003a0000-140000000 ---p 00000000 00:00 0 
7f3a44000000-7f3a44021000 rw-p 00000000 00:00 0 
7f3a44021000-7f3a48000000 ---p 00000000 00:00 0 
7f3a4a559000-7f3a4a563000 r--s 00068000 08:01 1837061                    /home/vagrant/.m2/repository/org/springframework/spring-orm/4.2.2.RELEASE/spring-orm-4.2.2.RELEASE.jar
7f3a4a563000-7f3a4a6e3000 rw-p 00000000 00:00 0 
7f3a4a6e3000-7f3a4a763000 ---p 00000000 00:00 0 
7f3a4a763000-7f3a4a778000 r--s 00145000 08:01 1573319                    /home/vagrant/.m2/repository/org/projectlombok/lombok/1.16.12/lombok-1.16.12.jar
7f3a4a778000-7f3a4a7d6000 r--s 004ac000 08:01 1573005                    /home/vagrant/.m2/repository/org/hibernate/hibernate-core/4.3.11.Final/hibernate-core-4.3.11.Final.jar
7f3a4a7d6000-7f3a4a9d6000 rw-p 00000000 00:00 0 
7f3a4a9db000-7f3a4a9dc000 rw-p 00000000 00:00 0 
7f3a4a9dc000-7f3a4a9df000 r--s 0000c000 08:01 1837063                    /home/vagrant/.m2/repository/org/springframework/spring-aspects/4.2.2.RELEASE/spring-aspects-4.2.2.RELEASE.jar
7f3a4a9df000-7f3a4a9e6000 r--s 00038000 08:01 1586387                    /home/vagrant/.m2/repository/org/springframework/data/spring-data-jpa/1.9.0.RELEASE/spring-data-jpa-1.9.0.RELEASE.jar
7f3a4a9e6000-7f3a4a9e8000 r--s 00006000 08:01 1573022                    /home/vagrant/.m2/repository/javax/transaction/javax.transaction-api/1.2/javax.transaction-api-1.2.jar
7f3a4a9e8000-7f3a4a9f2000 r--s 000a5000 08:01 1573013                    /home/vagrant/.m2/repository/org/javassist/javassist/3.18.1-GA/javassist-3.18.1-GA.jar
7f3a4a9f2000-7f3a4a9f7000 r--s 00017000 08:01 1573007                    /home/vagrant/.m2/repository/org/hibernate/javax/persistence/hibernate-jpa-2.1-api/1.0.0.Final/hibernate-jpa-2.1-api-1.0.0.Final.jar
7f3a4a9f7000-7f3a4a9fa000 r--s 00010000 08:01 1573015                    /home/vagrant/.m2/repository/org/hibernate/common/hibernate-commons-annotations/4.0.5.Final/hibernate-commons-annotations-4.0.5.Final.jar
7f3a4a9fa000-7f3a4a9ff000 r--s 00016000 08:01 1451311                    /home/vagrant/.m2/repository/xml-apis/xml-apis/1.0.b2/xml-apis-1.0.b2.jar
7f3a4a9ff000-7f3a4aa04000 r--s 00048000 08:01 1451307                    /home/vagrant/.m2/repository/dom4j/dom4j/1.6.1/dom4j-1.6.1.jar
7f3a4aa04000-7f3a4aa06000 r--s 00011000 08:01 1573008                    /home/vagrant/.m2/repository/org/jboss/jandex/1.1.0.Final/jandex-1.1.0.Final.jar
7f3a4aa06000-7f3a4aa0b000 r--s 00068000 08:01 1451302                    /home/vagrant/.m2/repository/antlr/antlr/2.7.7/antlr-2.7.7.jar
7f3a4aa0b000-7f3a4aa19000 r--s 00091000 08:01 1573001                    /home/vagrant/.m2/repository/org/hibernate/hibernate-entitymanager/4.3.11.Final/hibernate-entitymanager-4.3.11.Final.jar
7f3a4aa19000-7f3a4aa23000 r--s 0005e000 08:01 1452419                    /home/vagrant/.m2/repository/org/springframework/spring-jdbc/4.2.2.RELEASE/spring-jdbc-4.2.2.RELEASE.jar
7f3a4aa23000-7f3a4ac23000 rw-p 00000000 00:00 0 
7f3a4ac23000-7f3a4ae23000 rw-p 00000000 00:00 0 
7f3a4ae23000-7f3a4b023000 rw-p 00000000 00:00 0 
7f3a4b023000-7f3a4b223000 rw-p 00000000 00:00 0 
7f3a4b223000-7f3a4b423000 rw-p 00000000 00:00 0 
7f3a4b423000-7f3a4b434000 r-xp 00000000 08:01 409176                     /usr/lib/jvm/java-8-oracle/jre/lib/amd64/libnio.so
7f3a4b434000-7f3a4b633000 ---p 00011000 08:01 409176                     /usr/lib/jvm/java-8-oracle/jre/lib/amd64/libnio.so
7f3a4b633000-7f3a4b634000 rw-p 00010000 08:01 409176                     /usr/lib/jvm/java-8-oracle/jre/lib/amd64/libnio.so
7f3a4b634000-7f3a4b64a000 r-xp 00000000 08:01 409195                     /usr/lib/jvm/java-8-oracle/jre/lib/amd64/libnet.so
7f3a4b64a000-7f3a4b84a000 ---p 00016000 08:01 409195                     /usr/lib/jvm/java-8-oracle/jre/lib/amd64/libnet.so
7f3a4b84a000-7f3a4b84b000 rw-p 00016000 08:01 409195                     /usr/lib/jvm/java-8-oracle/jre/lib/amd64/libnet.so
7f3a4b84b000-7f3a4b84c000 r--s 00002000 08:01 1573019                    /home/vagrant/.m2/repository/org/jboss/logging/jboss-logging-annotations/1.2.0.Beta1/jboss-logging-annotations-1.2.0.Beta1.jar
7f3a4b84c000-7f3a4b84e000 r--s 0000f000 08:01 1450148                    /home/vagrant/.m2/repository/org/jboss/logging/jboss-logging/3.3.0.Final/jboss-logging-3.3.0.Final.jar
7f3a4b84e000-7f3a4b84f000 r--s 00009000 08:01 1058011                    /home/vagrant/.m2/repository/org/apache/tomcat/tomcat-juli/8.0.28/tomcat-juli-8.0.28.jar
7f3a4b84f000-7f3a4b852000 r--s 0001f000 08:01 806469                     /home/vagrant/.m2/repository/org/apache/tomcat/tomcat-jdbc/8.0.28/tomcat-jdbc-8.0.28.jar
7f3a4b852000-7f3a4b853000 r--s 00000000 08:01 1572995                    /home/vagrant/.m2/repository/org/springframework/boot/spring-boot-starter-jdbc/1.3.0.RELEASE/spring-boot-starter-jdbc-1.3.0.RELEASE.jar
7f3a4b853000-7f3a4b86c000 r--s 001af000 08:01 1573025                    /home/vagrant/.m2/repository/org/aspectj/aspectjweaver/1.8.7/aspectjweaver-1.8.7.jar
7f3a4b86c000-7f3a4b86d000 r--s 00000000 08:01 1572992                    /home/vagrant/.m2/repository/org/springframework/boot/spring-boot-starter-aop/1.3.0.RELEASE/spring-boot-starter-aop-1.3.0.RELEASE.jar
7f3a4b86d000-7f3a4b86e000 r--s 00000000 08:01 1572989                    /home/vagrant/.m2/repository/org/springframework/boot/spring-boot-starter-data-jpa/1.3.0.RELEASE/spring-boot-starter-data-jpa-1.3.0.RELEASE.jar
7f3a4b86e000-7f3a4b87f000 r--s 000c5000 08:01 1452106                    /home/vagrant/.m2/repository/org/springframework/spring-webmvc/4.2.2.RELEASE/spring-webmvc-4.2.2.RELEASE.jar
7f3a4b87f000-7f3a4b888000 r--s 00051000 08:01 1452101                    /home/vagrant/.m2/repository/org/springframework/spring-aop/4.2.2.RELEASE/spring-aop-4.2.2.RELEASE.jar
7f3a4b888000-7f3a4b899000 r--s 000ab000 08:01 1452098                    /home/vagrant/.m2/repository/org/springframework/spring-web/4.2.2.RELEASE/spring-web-4.2.2.RELEASE.jar
7f3a4b899000-7f3a4b89b000 r--s 0000e000 08:01 1317567                    /home/vagrant/.m2/repository/com/fasterxml/classmate/1.1.0/classmate-1.1.0.jar
7f3a4b89b000-7f3a4b89f000 r--s 0000c000 08:01 1450141                    /home/vagrant/.m2/repository/javax/validation/validation-api/1.1.0.Final/validation-api-1.1.0.Final.jar
7f3a4b89f000-7f3a4b8b0000 r--s 0009a000 08:01 1451296                    /home/vagrant/.m2/repository/org/hibernate/hibernate-validator/5.2.2.Final/hibernate-validator-5.2.2.Final.jar
7f3a4b8b0000-7f3a4b8b1000 r--s 00000000 08:01 1451275                    /home/vagrant/.m2/repository/org/springframework/boot/spring-boot-starter-validation/1.3.0.RELEASE/spring-boot-starter-validation-1.3.0.RELEASE.jar
7f3a4b8b1000-7f3a4b8b7000 r--s 00036000 08:01 1317565                    /home/vagrant/.m2/repository/org/apache/tomcat/embed/tomcat-embed-websocket/8.0.28/tomcat-embed-websocket-8.0.28.jar
7f3a4b8b7000-7f3a4b8b8000 r--s 00009000 08:01 927836                     /home/vagrant/.m2/repository/org/apache/tomcat/embed/tomcat-embed-logging-juli/8.0.28/tomcat-embed-logging-juli-8.0.28.jar
7f3a4b8b8000-7f3a4b8bd000 r--s 00036000 08:01 806471                     /home/vagrant/.m2/repository/org/apache/tomcat/embed/tomcat-embed-el/8.0.28/tomcat-embed-el-8.0.28.jar
7f3a4b8bd000-7f3a4b8e2000 r--s 0028c000 08:01 806467                     /home/vagrant/.m2/repository/org/apache/tomcat/embed/tomcat-embed-core/8.0.28/tomcat-embed-core-8.0.28.jar
7f3a4b8e2000-7f3a4b8e3000 r--s 00000000 08:01 1451291                    /home/vagrant/.m2/repository/org/springframework/boot/spring-boot-starter-tomcat/1.3.0.RELEASE/spring-boot-starter-tomcat-1.3.0.RELEASE.jar
7f3a4b8e3000-7f3a4b8e4000 r--s 00000000 08:01 1451269                    /home/vagrant/.m2/repository/org/springframework/boot/spring-boot-starter-web/1.3.0.RELEASE/spring-boot-starter-web-1.3.0.RELEASE.jar
7f3a4b8e4000-7f3a4b8e8000 r--s 0003c000 08:01 1451297                    /home/vagrant/.m2/repository/com/fasterxml/jackson/core/jackson-core/2.6.3/jackson-core-2.6.3.jar
7f3a4b8e8000-7f3a4b8f9000 r--s 0010d000 08:01 1317569                    /home/vagrant/.m2/repository/com/fasterxml/jackson/core/jackson-databind/2.6.3/jackson-databind-2.6.3.jar
7f3a4b8f9000-7f3a4b8fc000 r--s 00009000 08:01 1451272                    /home/vagrant/.m2/repository/com/fasterxml/jackson/core/jackson-annotations/2.6.3/jackson-annotations-2.6.3.jar
7f3a4b8fc000-7f3a4b8fd000 r--s 00000000 08:01 1451531                    /home/vagrant/.m2/repository/org/springframework/boot/spring-boot-starter-data-rest/1.3.0.RELEASE/spring-boot-starter-data-rest-1.3.0.RELEASE.jar
7f3a4b8fd000-7f3a4b8ff000 r--s 00003000 08:01 1190391                    /home/vagrant/.m2/repository/org/slf4j/jcl-over-slf4j/1.7.13/jcl-over-slf4j-1.7.13.jar
7f3a4b8ff000-7f3a4b901000 r--s 00007000 08:01 1058013                    /home/vagrant/.m2/repository/org/slf4j/slf4j-api/1.7.13/slf4j-api-1.7.13.jar
7f3a4b901000-7f3a4b902000 r--s 00002000 08:01 1058104                    /home/vagrant/.m2/repository/com/github/fge/btf/1.2/btf-1.2.jar
7f3a4b902000-7f3a4b904000 r--s 00008000 08:01 1058101                    /home/vagrant/.m2/repository/com/github/fge/msg-simple/1.1/msg-simple-1.1.jar
7f3a4b904000-7f3a4b906000 r--s 00006000 08:01 1058099                    /home/vagrant/.m2/repository/com/github/fge/jackson-coreutils/1.6/jackson-coreutils-1.6.jar
7f3a4b906000-7f3a4b908000 r--s 00009000 08:01 1058097                    /home/vagrant/.m2/repository/com/github/fge/json-patch/1.7/json-patch-1.7.jar
7f3a4b908000-7f3a4b90a000 r--s 00002000 08:01 806615                     /home/vagrant/.m2/repository/org/atteo/evo-inflector/1.2.1/evo-inflector-1.2.1.jar
7f3a4b90a000-7f3a4b91a000 r--s 0008c000 08:01 1837060                    /home/vagrant/.m2/repository/org/springframework/data/spring-data-commons/1.11.0.RELEASE/spring-data-commons-1.11.0.RELEASE.jar
7f3a4b91a000-7f3a4b92d000 r--s 00345000 08:01 409126                     /usr/lib/jvm/java-8-oracle/jre/lib/resources.jar
7f3a4b92d000-7f3a4b92e000 r--s 00004000 08:01 1451539                    /home/vagrant/.m2/repository/org/springframework/plugin/spring-plugin-core/1.2.0.RELEASE/spring-plugin-core-1.2.0.RELEASE.jar
7f3a4b92e000-7f3a4b933000 r--s 00027000 08:01 1451537                    /home/vagrant/.m2/repository/org/springframework/hateoas/spring-hateoas/0.19.0.RELEASE/spring-hateoas-0.19.0.RELEASE.jar
7f3a4b933000-7f3a4b937000 r--s 00017000 08:01 1586389                    /home/vagrant/.m2/repository/org/springframework/data/spring-data-rest-core/2.4.0.RELEASE/spring-data-rest-core-2.4.0.RELEASE.jar
7f3a4b937000-7f3a4b93c000 r--s 00033000 08:01 1452423                    /home/vagrant/.m2/repository/org/springframework/data/spring-data-rest-webmvc/2.4.0.RELEASE/spring-data-rest-webmvc-2.4.0.RELEASE.jar
7f3a4b93c000-7f3a4b950000 r--s 0013c000 08:01 1586057                    /home/vagrant/.m2/repository/org/projectlombok/lombok/1.16.6/lombok-1.16.6.jar
7f3a4b950000-7f3a4b952000 r--s 00058000 08:01 1837067                    /home/vagrant/.m2/repository/org/springframework/data/spring-data-rest-hal-browser/2.4.0.RELEASE/spring-data-rest-hal-browser-2.4.0.RELEASE.jar
7f3a4b952000-7f3a4b957000 r--s 0003c000 08:01 1452097                    /home/vagrant/.m2/repository/org/springframework/spring-expression/4.2.2.RELEASE/spring-expression-4.2.2.RELEASE.jar
7f3a4b957000-7f3a4b965000 r--s 000a5000 08:01 1452104                    /home/vagrant/.m2/repository/org/springframework/spring-beans/4.2.2.RELEASE/spring-beans-4.2.2.RELEASE.jar
7f3a4b965000-7f3a4b97e000 r--s 000f1000 08:01 1452108                    /home/vagrant/.m2/repository/org/springframework/spring-context/4.2.2.RELEASE/spring-context-4.2.2.RELEASE.jar
7f3a4b97e000-7f3a4b985000 r--s 0003a000 08:01 1717952                    /home/vagrant/.m2/repository/org/springframework/spring-tx/4.2.2.RELEASE/spring-tx-4.2.2.RELEASE.jar
7f3a4b985000-7f3a4b994000 r--s 00091000 08:01 1452469                    /home/vagrant/.m2/repository/org/springframework/data/spring-data-mongodb/1.8.0.RELEASE/spring-data-mongodb-1.8.0.RELEASE.jar
7f3a4b994000-7f3a4b99e000 r--s 0008a000 08:01 1058975                    /home/vagrant/.m2/repository/org/mongodb/mongo-java-driver/2.13.3/mongo-java-driver-2.13.3.jar
7f3a4b99e000-7f3a4b9a0000 r--s 00000000 08:01 1190390                    /home/vagrant/.m2/repository/org/slf4j/jul-to-slf4j/1.7.13/jul-to-slf4j-1.7.13.jar
7f3a4b9a0000-7f3a4b9ab000 r--s 00065000 08:01 1451287                    /home/vagrant/.m2/repository/ch/qos/logback/logback-core/1.1.3/logback-core-1.1.3.jar
7f3a4b9ab000-7f3a4b9b1000 r--s 0003f000 08:01 1451283                    /home/vagrant/.m2/repository/ch/qos/logback/logback-classic/1.1.3/logback-classic-1.1.3.jar
7f3a4b9b1000-7f3a4b9c8000 r--s 0009e000 08:01 1451270                    /home/vagrant/.m2/repository/org/springframework/boot/spring-boot-autoconfigure/1.3.0.RELEASE/spring-boot-autoconfigure-1.3.0.RELEASE.jar
7f3a4b9c8000-7f3a4b9d5000 r--s 00076000 08:01 1451285                    /home/vagrant/.m2/repository/org/springframework/boot/spring-boot/1.3.0.RELEASE/spring-boot-1.3.0.RELEASE.jar
7f3a4b9d5000-7f3a4ba00000 r--s 001fc000 08:01 1450965                    /home/vagrant/.m2/repository/com/google/guava/guava/18.0/guava-18.0.jar
7f3a4ba00000-7f3a4bc00000 rw-p 00000000 00:00 0 
7f3a4bc00000-7f3a4be00000 rw-p 00000000 00:00 0 
7f3a4be00000-7f3a4c000000 rw-p 00000000 00:00 0 
7f3a4c000000-7f3a4cd49000 rw-p 00000000 00:00 0 
7f3a4cd49000-7f3a50000000 ---p 00000000 00:00 0 
7f3a50000000-7f3a50021000 rw-p 00000000 00:00 0 
7f3a50021000-7f3a54000000 ---p 00000000 00:00 0 
7f3a54000000-7f3a54021000 rw-p 00000000 00:00 0 
7f3a54021000-7f3a58000000 ---p 00000000 00:00 0 
7f3a58000000-7f3a58f91000 rw-p 00000000 00:00 0 
7f3a58f91000-7f3a5c000000 ---p 00000000 00:00 0 
7f3a5c000000-7f3a5c021000 rw-p 00000000 00:00 0 
7f3a5c021000-7f3a60000000 ---p 00000000 00:00 0 
7f3a60000000-7f3a60021000 rw-p 00000000 00:00 0 
7f3a60021000-7f3a64000000 ---p 00000000 00:00 0 
7f3a64000000-7f3a64021000 rw-p 00000000 00:00 0 
7f3a64021000-7f3a68000000 ---p 00000000 00:00 0 
7f3a68000000-7f3a68296000 rw-p 00000000 00:00 0 
7f3a68296000-7f3a6c000000 ---p 00000000 00:00 0 
7f3a6c000000-7f3a6c02b000 rw-p 00000000 00:00 0 
7f3a6c02b000-7f3a70000000 ---p 00000000 00:00 0 
7f3a70000000-7f3a70001000 r--s 00005000 08:01 1190393                    /home/vagrant/.m2/repository/org/slf4j/log4j-over-slf4j/1.7.13/log4j-over-slf4j-1.7.13.jar
7f3a70001000-7f3a70002000 r--s 00000000 08:01 1451281                    /home/vagrant/.m2/repository/org/springframework/boot/spring-boot-starter-logging/1.3.0.RELEASE/spring-boot-starter-logging-1.3.0.RELEASE.jar
7f3a70002000-7f3a70003000 r--s 00000000 08:01 1451303                    /home/vagrant/.m2/repository/org/springframework/boot/spring-boot-starter/1.3.0.RELEASE/spring-boot-starter-1.3.0.RELEASE.jar
7f3a70003000-7f3a70004000 r--s 00000000 08:01 1451782                    /home/vagrant/.m2/repository/org/springframework/boot/spring-boot-starter-data-mongodb/1.3.0.RELEASE/spring-boot-starter-data-mongodb-1.3.0.RELEASE.jar
7f3a70004000-7f3a70005000 r--s 00008000 08:01 1450964                    /home/vagrant/.m2/repository/asm/asm-util/3.2/asm-util-3.2.jar
7f3a70005000-7f3a70006000 r--s 00004000 08:01 1450962                    /home/vagrant/.m2/repository/asm/asm-analysis/3.2/asm-analysis-3.2.jar
7f3a70006000-7f3a70009000 r--s 00013000 08:01 1450959                    /home/vagrant/.m2/repository/commons-io/commons-io/1.3.2/commons-io-1.3.2.jar
7f3a70009000-7f3a7000a000 r--s 00002000 08:01 1450958                    /home/vagrant/.m2/repository/org/vafer/jdependency/0.7/jdependency-0.7.jar
7f3a7000a000-7f3a7000d000 r--s 0000c000 08:01 1450956                    /home/vagrant/.m2/repository/org/apache/maven/shared/maven-dependency-tree/2.1/maven-dependency-tree-2.1.jar
7f3a7000d000-7f3a70010000 r--s 00023000 08:01 1450953                    /home/vagrant/.m2/repository/org/jdom/jdom/1.1/jdom-1.1.jar
7f3a70010000-7f3a70012000 r--s 00004000 08:01 1450952                    /home/vagrant/.m2/repository/asm/asm-tree/3.3.1/asm-tree-3.3.1.jar
7f3a70012000-7f3a70014000 r--s 00008000 08:01 1450950                    /home/vagrant/.m2/repository/asm/asm-commons/3.3.1/asm-commons-3.3.1.jar
7f3a70014000-7f3a70015000 r--s 0000a000 08:01 1450948                    /home/vagrant/.m2/repository/asm/asm/3.3.1/asm-3.3.1.jar
7f3a70015000-7f3a70020000 r--s 00069000 08:01 1317448                    /home/vagrant/.m2/repository/org/sonatype/sisu/sisu-guice/2.1.7/sisu-guice-2.1.7-noaop.jar
7f3a70020000-7f3a70025000 r--s 00021000 08:01 1317447                    /home/vagrant/.m2/repository/org/sonatype/sisu/sisu-inject-bean/1.4.2/sisu-inject-bean-1.4.2.jar
7f3a70025000-7f3a70027000 r--s 00017000 08:01 1450941                    /home/vagrant/.m2/repository/org/apache/maven/plugins/maven-shade-plugin/2.2/maven-shade-plugin-2.2.jar
7f3a70027000-7f3a7002b000 r--s 00038000 08:01 1450413                    /home/vagrant/.m2/repository/org/codehaus/plexus/plexus-utils/3.0.20/plexus-utils-3.0.20.jar
7f3a7002b000-7f3a70032000 r--s 00056000 08:01 1450424                    /home/vagrant/.m2/repository/org/apache/commons/commons-compress/1.9/commons-compress-1.9.jar
7f3a70032000-7f3a70036000 r--s 0000f000 08:01 1450938                    /home/vagrant/.m2/repository/org/codehaus/plexus/plexus-io/2.3.2/plexus-io-2.3.2.jar
7f3a70036000-7f3a7003a000 r--s 0001f000 08:01 1450937                    /home/vagrant/.m2/repository/org/codehaus/plexus/plexus-archiver/2.8.1/plexus-archiver-2.8.1.jar
7f3a7003a000-7f3a7003c000 r--s 00009000 08:01 1450936                    /home/vagrant/.m2/repository/org/hamcrest/hamcrest-core/1.3/hamcrest-core-1.3.jar
7f3a7003c000-7f3a70044000 r--s 00045000 08:01 1450934                    /home/vagrant/.m2/repository/junit/junit/4.12/junit-4.12.jar
7f3a70044000-7f3a7004d000 r--s 0006f000 08:01 1450932                    /home/vagrant/.m2/repository/log4j/log4j/1.2.17/log4j-1.2.17.jar
7f3a7004d000-7f3a7004f000 r--s 00006000 08:01 1450921                    /home/vagrant/.m2/repository/org/apache/maven/shared/maven-common-artifact-filters/1.4/maven-common-artifact-filters-1.4.jar
7f3a7004f000-7f3a70055000 r--s 00042000 08:01 927809                     /home/vagrant/.m2/repository/org/eclipse/sisu/org.eclipse.sisu.inject/0.0.0.M5/org.eclipse.sisu.inject-0.0.0.M5.jar
7f3a70055000-7f3a70057000 r--s 00000000 08:01 1450916                    /home/vagrant/.m2/repository/aopalliance/aopalliance/1.0/aopalliance-1.0.jar
7f3a70057000-7f3a7005f000 r--s 00050000 08:01 1450913                    /home/vagrant/.m2/repository/org/sonatype/sisu/sisu-guice/3.1.0/sisu-guice-3.1.0-no_aop.jar
7f3a7005f000-7f3a70060000 r--s 00000000 08:01 1450911                    /home/vagrant/.m2/repository/javax/inject/javax.inject/1/javax.inject-1.jar
7f3a70060000-7f3a70061000 r--s 00001000 08:01 1450908                    /home/vagrant/.m2/repository/javax/annotation/jsr250-api/1.0/jsr250-api-1.0.jar
7f3a70061000-7f3a70064000 r--s 00008000 08:01 1450907                    /home/vagrant/.m2/repository/javax/enterprise/cdi-api/1.0/cdi-api-1.0.jar
7f3a70064000-7f3a7006a000 r--s 0002a000 08:01 806399                     /home/vagrant/.m2/repository/org/eclipse/sisu/org.eclipse.sisu.plexus/0.0.0.M5/org.eclipse.sisu.plexus-0.0.0.M5.jar
7f3a7006a000-7f3a7006e000 r--s 00020000 08:01 1450904                    /home/vagrant/.m2/repository/org/eclipse/aether/aether-util/1.0.2.v20150114/aether-util-1.0.2.v20150114.jar
7f3a7006e000-7f3a70073000 r--s 0001d000 08:01 1057977                    /home/vagrant/.m2/repository/org/eclipse/aether/aether-api/1.0.2.v20150114/aether-api-1.0.2.v20150114.jar
7f3a70073000-7f3a70077000 r--s 00027000 08:01 1450893                    /home/vagrant/.m2/repository/org/eclipse/aether/aether-impl/1.0.2.v20150114/aether-impl-1.0.2.v20150114.jar
7f3a70077000-7f3a70079000 r--s 00006000 08:01 1317538                    /home/vagrant/.m2/repository/org/eclipse/aether/aether-spi/1.0.2.v20150114/aether-spi-1.0.2.v20150114.jar
7f3a70079000-7f3a7007c000 r--s 0000d000 08:01 1450894                    /home/vagrant/.m2/repository/org/codehaus/plexus/plexus-interpolation/1.21/plexus-interpolation-1.21.jar
7f3a7007c000-7f3a70080000 r--s 00026000 08:01 1057945                    /home/vagrant/.m2/repository/org/apache/maven/shared/maven-shared-utils/0.7/maven-shared-utils-0.7.jar
7f3a70080000-7f3a70081000 r--s 00005000 08:01 1450411                    /home/vagrant/.m2/repository/org/apache/maven/maven-archiver/2.6/maven-archiver-2.6.jar
7f3a70081000-7f3a70083000 r--s 0000e000 08:01 1450892                    /home/vagrant/.m2/repository/commons-logging/commons-logging/1.2/commons-logging-1.2.jar
7f3a70083000-7f3a70098000 r--s 000f2000 08:01 1451299                    /home/vagrant/.m2/repository/org/springframework/spring-core/4.2.3.RELEASE/spring-core-4.2.3.RELEASE.jar
7f3a70098000-7f3a7009a000 r--s 0001f000 08:01 1573069                    /home/vagrant/.m2/repository/org/springframework/boot/spring-boot-loader-tools/1.3.0.RELEASE/spring-boot-loader-tools-1.3.0.RELEASE.jar
7f3a7009a000-7f3a7009c000 r--s 0000d000 08:01 1451308                    /home/vagrant/.m2/repository/org/springframework/boot/spring-boot-maven-plugin/1.3.0.RELEASE/spring-boot-maven-plugin-1.3.0.RELEASE.jar
7f3a7009c000-7f3a700a0000 r--s 00014000 08:01 1451060                    /home/vagrant/.m2/repository/org/tukaani/xz/1.2/xz-1.2.jar
7f3a700a0000-7f3a700a5000 r--s 0003a000 08:01 1451058                    /home/vagrant/.m2/repository/org/apache/commons/commons-compress/1.5/commons-compress-1.5.jar
7f3a700a5000-7f3a700a8000 r--s 0000c000 08:01 1451056                    /home/vagrant/.m2/repository/org/codehaus/plexus/plexus-io/2.0.10/plexus-io-2.0.10.jar
7f3a700a8000-7f3a700ad000 r--s 00024000 08:01 1451054                    /home/vagrant/.m2/repository/org/codehaus/plexus/plexus-archiver/2.4.4/plexus-archiver-2.4.4.jar
7f3a700ad000-7f3a700af000 r--s 0000d000 08:01 1057498                    /home/vagrant/.m2/repository/org/codehaus/plexus/plexus-interpolation/1.15/plexus-interpolation-1.15.jar
7f3a700af000-7f3a700b1000 r--s 00004000 08:01 927655                     /home/vagrant/.m2/repository/org/apache/maven/maven-archiver/2.5/maven-archiver-2.5.jar
7f3a700b1000-7f3a700b3000 r--s 00005000 08:01 1057989                    /home/vagrant/.m2/repository/org/apache/maven/plugins/maven-jar-plugin/2.5/maven-jar-plugin-2.5.jar
7f3a700b3000-7f3a700b5000 r--s 00002000 08:01 1450468                    /home/vagrant/.m2/repository/org/apache/maven/plugin-tools/maven-plugin-annotations/3.3/maven-plugin-annotations-3.3.jar
7f3a700b5000-7f3a700ba000 r--s 00020000 08:01 1450461                    /home/vagrant/.m2/repository/org/apache/maven/surefire/surefire-api/2.18.1/surefire-api-2.18.1.jar
7f3a700ba000-7f3a700c0000 r--s 00048000 08:01 806312                     /home/vagrant/.m2/repository/org/apache/commons/commons-lang3/3.1/commons-lang3-3.1.jar
7f3a700c0000-7f3a700c2000 r--s 00002000 08:01 1057849                    /home/vagrant/.m2/repository/org/sonatype/plexus/plexus-cipher/1.4/plexus-cipher-1.4.jar
7f3a700c2000-7f3a700c3000 r--s 00006000 08:01 1057847                    /home/vagrant/.m2/repository/org/sonatype/plexus/plexus-sec-dispatcher/1.3/plexus-sec-dispatcher-1.3.jar
7f3a700c3000-7f3a700c4000 r--s 00002000 08:01 1190259                    /home/vagrant/.m2/repository/org/apache/maven/reporting/maven-reporting-api/3.0/maven-reporting-api-3.0.jar
7f3a700c4000-7f3a700c6000 r--s 00003000 08:01 1057898                    /home/vagrant/.m2/repository/org/slf4j/jcl-over-slf4j/1.5.6/jcl-over-slf4j-1.5.6.jar
7f3a700c6000-7f3a700c8000 r--s 00004000 08:01 1057895                    /home/vagrant/.m2/repository/org/slf4j/slf4j-api/1.5.6/slf4j-api-1.5.6.jar
7f3a700c8000-7f3a700ca000 r--s 00001000 08:01 927750                     /home/vagrant/.m2/repository/org/slf4j/slf4j-jdk14/1.5.6/slf4j-jdk14-1.5.6.jar
7f3a700ca000-7f3a700ce000 r--s 00034000 08:01 806383                     /home/vagrant/.m2/repository/org/codehaus/plexus/plexus-utils/1.5.15/plexus-utils-1.5.15.jar
7f3a700ce000-7f3a700d0000 r--s 00008000 08:01 1450459                    /home/vagrant/.m2/repository/org/apache/maven/surefire/surefire-booter/2.18.1/surefire-booter-2.18.1.jar
7f3a700d0000-7f3a700d6000 r--s 0003e000 08:01 1450457                    /home/vagrant/.m2/repository/org/apache/maven/surefire/maven-surefire-common/2.18.1/maven-surefire-common-2.18.1.jar
7f3a700d6000-7f3a700d8000 r--s 00008000 08:01 1450431                    /home/vagrant/.m2/repository/org/apache/maven/plugins/maven-surefire-plugin/2.18.1/maven-surefire-plugin-2.18.1.jar
7f3a700d8000-7f3a70152000 r--s 010f7000 08:01 408442                     /usr/lib/jvm/java-8-oracle/lib/tools.jar
7f3a70152000-7f3a70155000 r--s 0001b000 08:01 1190035                    /home/vagrant/.m2/repository/junit/junit/3.8.2/junit-3.8.2.jar
7f3a70155000-7f3a70163000 r--s 0008f000 08:01 1190034                    /home/vagrant/.m2/repository/com/google/collections/google-collections/1.0/google-collections-1.0.jar
7f3a70163000-7f3a70164000 r--s 0000a000 08:01 1190031                    /home/vagrant/.m2/repository/commons-logging/commons-logging-api/1.1/commons-logging-api-1.1.jar
7f3a70164000-7f3a7016b000 r--s 00051000 08:01 1190029                    /home/vagrant/.m2/repository/log4j/log4j/1.2.12/log4j-1.2.12.jar
7f3a7016b000-7f3a7016f000 r--s 0001d000 08:01 1190027                    /home/vagrant/.m2/repository/org/apache/xbean/xbean-reflect/3.4/xbean-reflect-3.4.jar
7f3a7016f000-7f3a70170000 r--s 00004000 08:01 1190023                    /home/vagrant/.m2/repository/org/codehaus/plexus/plexus-compiler-javac/2.2/plexus-compiler-javac-2.2.jar
7f3a70170000-7f3a70172000 r--s 00000000 08:01 1190021                    /home/vagrant/.m2/repository/org/codehaus/plexus/plexus-compiler-manager/2.2/plexus-compiler-manager-2.2.jar
7f3a70172000-7f3a70174000 r--s 00005000 08:01 1057796                    /home/vagrant/.m2/repository/org/codehaus/plexus/plexus-compiler-api/2.2/plexus-compiler-api-2.2.jar
7f3a70174000-7f3a70176000 r--s 00000000 08:01 1057792                    /home/vagrant/.m2/repository/org/codehaus/plexus/plexus-component-annotations/1.5.5/plexus-component-annotations-1.5.5.jar
7f3a70176000-7f3a70178000 r--s 00002000 08:01 1057791                    /home/vagrant/.m2/repository/org/apache/maven/shared/maven-shared-incremental/1.1/maven-shared-incremental-1.1.jar
7f3a70178000-7f3a7017b000 r--s 00023000 08:01 1057788                    /home/vagrant/.m2/repository/org/apache/maven/shared/maven-shared-utils/0.1/maven-shared-utils-0.1.jar
7f3a7017b000-7f3a7017f000 r--s 00030000 08:01 1057756                    /home/vagrant/.m2/repository/org/codehaus/plexus/plexus-utils/1.5.1/plexus-utils-1.5.1.jar
7f3a7017f000-7f3a70181000 r--s 00009000 08:01 1057511                    /home/vagrant/.m2/repository/org/apache/maven/plugins/maven-compiler-plugin/3.1/maven-compiler-plugin-3.1.jar
7f3a70181000-7f3a70183000 r--s 0000d000 08:01 927619                     /home/vagrant/.m2/repository/org/codehaus/plexus/plexus-interpolation/1.13/plexus-interpolation-1.13.jar
7f3a70183000-7f3a70184000 r--s 00001000 08:01 927617                     /home/vagrant/.m2/repository/org/sonatype/plexus/plexus-build-api/0.0.4/plexus-build-api-0.0.4.jar
7f3a70184000-7f3a70186000 r--s 00009000 08:01 927615                     /home/vagrant/.m2/repository/org/apache/maven/shared/maven-filtering/1.1/maven-filtering-1.1.jar
7f3a70186000-7f3a7018a000 r--s 00033000 08:01 806290                     /home/vagrant/.m2/repository/org/codehaus/plexus/plexus-utils/2.0.5/plexus-utils-2.0.5.jar
7f3a7018a000-7f3a7018c000 r--s 00002000 08:01 927603                     /home/vagrant/.m2/repository/org/codehaus/plexus/plexus-interactivity-api/1.0-alpha-4/plexus-interactivity-api-1.0-alpha-4.jar
7f3a7018c000-7f3a7018e000 r--s 00006000 08:01 927601                     /home/vagrant/.m2/repository/commons-cli/commons-cli/1.0/commons-cli-1.0.jar
7f3a7018e000-7f3a7018f000 r--s 00001000 08:01 927595                     /home/vagrant/.m2/repository/org/apache/maven/doxia/doxia-sink-api/1.0-alpha-7/doxia-sink-api-1.0-alpha-7.jar
7f3a7018f000-7f3a70190000 r--s 00002000 08:01 927591                     /home/vagrant/.m2/repository/org/apache/maven/reporting/maven-reporting-api/2.0.6/maven-reporting-api-2.0.6.jar
7f3a70190000-7f3a70192000 r--s 00006000 08:01 806243                     /home/vagrant/.m2/repository/org/apache/maven/plugins/maven-resources-plugin/2.6/maven-resources-plugin-2.6.jar
7f3a70192000-7f3a70196000 r--s 00037000 08:01 1450483                    /home/vagrant/.m2/repository/org/codehaus/plexus/plexus-utils/3.0.15/plexus-utils-3.0.15.jar
7f3a70196000-7f3a70198000 r--s 00006000 08:01 1057790                    /home/vagrant/.m2/repository/com/google/code/findbugs/jsr305/2.0.1/jsr305-2.0.1.jar
7f3a70198000-7f3a7019b000 r--s 00023000 08:01 1057951                    /home/vagrant/.m2/repository/org/apache/maven/shared/maven-shared-utils/0.4/maven-shared-utils-0.4.jar
7f3a7019b000-7f3a701a1000 r--s 00033000 08:01 1450481                    /home/vagrant/.m2/repository/commons-codec/commons-codec/1.6/commons-codec-1.6.jar
7f3a701a1000-7f3a701a9000 r--s 00049000 08:01 1057909                    /home/vagrant/.m2/repository/backport-util-concurrent/backport-util-concurrent/3.1/backport-util-concurrent-3.1.jar
7f3a701a9000-7f3a701ac000 r--s 0001b000 08:01 927614                     /home/vagrant/.m2/repository/junit/junit/3.8.1/junit-3.8.1.jar
7f3a701ac000-7f3a701ae000 r--s 0000b000 08:01 1057920                    /home/vagrant/.m2/repository/org/codehaus/plexus/plexus-interpolation/1.11/plexus-interpolation-1.11.jar
7f3a701ae000-7f3a701b0000 r--s 00007000 08:01 1450471                    /home/vagrant/.m2/repository/org/apache/maven/plugins/maven-install-plugin/2.5.2/maven-install-plugin-2.5.2.jar
7f3a701b0000-7f3a701b4000 r--s 00034000 08:01 806224                     /home/vagrant/.m2/repository/org/codehaus/plexus/plexus-utils/3.0/plexus-utils-3.0.jar
7f3a701b4000-7f3a701b6000 r--s 00005000 08:01 806182                     /home/vagrant/.m2/repository/org/apache/maven/plugins/maven-clean-plugin/2.5/maven-clean-plugin-2.5.jar
7f3a701b6000-7f3a701bb000 r--s 0009a000 08:01 409166                     /usr/lib/jvm/java-8-oracle/jre/lib/jsse.jar
7f3a701bb000-7f3a701bd000 r--s 00009000 08:01 68086                      /usr/share/java/maven3-settings-3.0.5.jar
7f3a701bd000-7f3a701c3000 r--s 0003e000 08:01 68090                      /usr/share/java/maven3-compat-3.0.5.jar
7f3a701c3000-7f3a701c5000 r--s 00008000 08:01 68085                      /usr/share/java/maven3-embedder-3.0.5.jar
7f3a701c5000-7f3a701c7000 r--s 0000b000 08:01 68082                      /usr/share/java/maven3-aether-provider-3.0.5.jar
7f3a701c7000-7f3a701c9000 r--s 00007000 08:01 68089                      /usr/share/java/maven3-settings-builder-3.0.5.jar
7f3a701c9000-7f3a701f2000 r--s 001e9000 08:01 67588                      /usr/share/java/guava.jar
7f3a701f2000-7f3a701f4000 r--s 00025000 08:01 68083                      /usr/share/java/maven3-model-3.0.5.jar
7f3a701f4000-7f3a701f6000 r--s 00007000 08:01 67567                      /usr/share/java/commons-cli-1.2.jar
7f3a701f6000-7f3a701f9000 r--s 0001d000 08:01 656276                     /usr/share/maven-repo/org/sonatype/aether/aether-impl/1.13.1/aether-impl-1.13.1.jar
7f3a701f9000-7f3a701fa000 ---p 00000000 00:00 0 
7f3a701fa000-7f3a702fa000 rw-p 00000000 00:00 0                          [stack:32225]
7f3a702fa000-7f3a702fd000 ---p 00000000 00:00 0 
7f3a702fd000-7f3a703fb000 rw-p 00000000 00:00 0                          [stack:32224]
7f3a703fb000-7f3a703fe000 ---p 00000000 00:00 0 
7f3a703fe000-7f3a704fc000 rw-p 00000000 00:00 0                          [stack:32223]
7f3a704fc000-7f3a704ff000 ---p 00000000 00:00 0 
7f3a704ff000-7f3a705fd000 rw-p 00000000 00:00 0                          [stack:32222]
7f3a705fd000-7f3a70600000 ---p 00000000 00:00 0 
7f3a70600000-7f3a706fe000 rw-p 00000000 00:00 0                          [stack:32221]
7f3a706fe000-7f3a70887000 r--p 00000000 08:01 27112                      /usr/lib/locale/locale-archive
7f3a70887000-7f3a7088a000 ---p 00000000 00:00 0 
7f3a7088a000-7f3a70988000 rw-p 00000000 00:00 0                          [stack:32220]
7f3a70988000-7f3a7098b000 ---p 00000000 00:00 0 
7f3a7098b000-7f3a70a89000 rw-p 00000000 00:00 0                          [stack:32219]
7f3a70a89000-7f3a70a8a000 ---p 00000000 00:00 0 
7f3a70a8a000-7f3a75000000 rw-p 00000000 00:00 0                          [stack:32218]
7f3a75000000-7f3a764b0000 rwxp 00000000 00:00 0 
7f3a764b0000-7f3a84000000 ---p 00000000 00:00 0 
7f3a84000000-7f3a8538c000 rw-p 00000000 00:00 0 
7f3a8538c000-7f3a88000000 ---p 00000000 00:00 0 
7f3a88000000-7f3a88004000 r--s 00033000 08:01 68043                      /usr/share/java/plexus-utils2-2.0.5.jar
7f3a88004000-7f3a88005000 r--s 0000d000 08:01 67364                      /usr/share/java/commons-logging-1.1.3.jar
7f3a88005000-7f3a8800a000 r--s 00044000 08:01 67835                      /usr/share/java/commons-httpclient-3.1.jar
7f3a8800a000-7f3a8800c000 r--s 00009000 08:01 68091                      /usr/share/java/maven3-plugin-api-3.0.5.jar
7f3a8800c000-7f3a8800f000 r--s 00013000 08:01 656264                     /usr/share/maven-repo/org/sonatype/aether/aether-api/1.13.1/aether-api-1.13.1.jar
7f3a8800f000-7f3a88011000 r--s 00005000 08:01 68087                      /usr/share/java/maven3-repository-metadata-3.0.5.jar
7f3a88011000-7f3a8802d000 r--s 00110000 08:01 67961                      /usr/share/java/wagon-http-shaded-2.x.jar
7f3a8802d000-7f3a8802e000 r--s 00001000 08:01 67902                      /usr/share/java/wagon-file-2.x.jar
7f3a8802e000-7f3a88030000 r--s 0000e000 08:01 67660                      /usr/share/java/plexus-interpolation.jar
7f3a88030000-7f3a88034000 r--s 00020000 08:01 68092                      /usr/share/java/maven3-model-builder-3.0.5.jar
7f3a88034000-7f3a8803a000 r--s 0002c000 08:01 67235                      /usr/share/java/sisu-inject-plexus.jar
7f3a8803a000-7f3a8803b000 r--s 00003000 08:01 656259                     /usr/share/maven-repo/org/sonatype/aether/aether-spi/1.13.1/aether-spi-1.13.1.jar
7f3a8803b000-7f3a8803d000 r--s 00006000 08:01 656282                     /usr/share/maven-repo/org/sonatype/aether/aether-connector-wagon/1.13.1/aether-connector-wagon-1.13.1.jar
7f3a8803d000-7f3a88044000 r--s 0003b000 08:01 67628                      /usr/share/java/commons-codec-1.9.jar
7f3a88044000-7f3a88050000 r--s 00082000 08:01 67205                      /usr/share/java/sisu-guice.jar
7f3a88050000-7f3a883e4000 rw-p 00000000 00:00 0 
7f3a883e4000-7f3a885be000 r--s 03d4d000 08:01 409330                     /usr/lib/jvm/java-8-oracle/jre/lib/rt.jar
7f3a885be000-7f3a8921b000 rw-p 00000000 00:00 0 
7f3a8921b000-7f3a8921c000 ---p 00000000 00:00 0 
7f3a8921c000-7f3a8931c000 rw-p 00000000 00:00 0                          [stack:32217]
7f3a8931c000-7f3a8931d000 ---p 00000000 00:00 0 
7f3a8931d000-7f3a89443000 rw-p 00000000 00:00 0                          [stack:32216]
7f3a89443000-7f3a896b7000 ---p 00000000 00:00 0 
7f3a896b7000-7f3a896dd000 rw-p 00000000 00:00 0 
7f3a896dd000-7f3a89951000 ---p 00000000 00:00 0 
7f3a89951000-7f3a89a63000 rw-p 00000000 00:00 0 
7f3a89a63000-7f3a89a9e000 ---p 00000000 00:00 0 
7f3a89a9e000-7f3a89af2000 rw-p 00000000 00:00 0 
7f3a89af2000-7f3a89e5f000 ---p 00000000 00:00 0 
7f3a89e5f000-7f3a89e79000 r-xp 00000000 08:01 409202                     /usr/lib/jvm/java-8-oracle/jre/lib/amd64/libzip.so
7f3a89e79000-7f3a8a079000 ---p 0001a000 08:01 409202                     /usr/lib/jvm/java-8-oracle/jre/lib/amd64/libzip.so
7f3a8a079000-7f3a8a07a000 rw-p 0001a000 08:01 409202                     /usr/lib/jvm/java-8-oracle/jre/lib/amd64/libzip.so
7f3a8a07a000-7f3a8a084000 r-xp 00000000 08:01 3144                       /lib/x86_64-linux-gnu/libnss_files-2.19.so
7f3a8a084000-7f3a8a283000 ---p 0000a000 08:01 3144                       /lib/x86_64-linux-gnu/libnss_files-2.19.so
7f3a8a283000-7f3a8a284000 r--p 00009000 08:01 3144                       /lib/x86_64-linux-gnu/libnss_files-2.19.so
7f3a8a284000-7f3a8a285000 rw-p 0000a000 08:01 3144                       /lib/x86_64-linux-gnu/libnss_files-2.19.so
7f3a8a285000-7f3a8a290000 r-xp 00000000 08:01 3036                       /lib/x86_64-linux-gnu/libnss_nis-2.19.so
7f3a8a290000-7f3a8a48f000 ---p 0000b000 08:01 3036                       /lib/x86_64-linux-gnu/libnss_nis-2.19.so
7f3a8a48f000-7f3a8a490000 r--p 0000a000 08:01 3036                       /lib/x86_64-linux-gnu/libnss_nis-2.19.so
7f3a8a490000-7f3a8a491000 rw-p 0000b000 08:01 3036                       /lib/x86_64-linux-gnu/libnss_nis-2.19.so
7f3a8a491000-7f3a8a4a8000 r-xp 00000000 08:01 2993                       /lib/x86_64-linux-gnu/libnsl-2.19.so
7f3a8a4a8000-7f3a8a6a7000 ---p 00017000 08:01 2993                       /lib/x86_64-linux-gnu/libnsl-2.19.so
7f3a8a6a7000-7f3a8a6a8000 r--p 00016000 08:01 2993                       /lib/x86_64-linux-gnu/libnsl-2.19.so
7f3a8a6a8000-7f3a8a6a9000 rw-p 00017000 08:01 2993                       /lib/x86_64-linux-gnu/libnsl-2.19.so
7f3a8a6a9000-7f3a8a6ab000 rw-p 00000000 00:00 0 
7f3a8a6ab000-7f3a8a6b4000 r-xp 00000000 08:01 3004                       /lib/x86_64-linux-gnu/libnss_compat-2.19.so
7f3a8a6b4000-7f3a8a8b3000 ---p 00009000 08:01 3004                       /lib/x86_64-linux-gnu/libnss_compat-2.19.so
7f3a8a8b3000-7f3a8a8b4000 r--p 00008000 08:01 3004                       /lib/x86_64-linux-gnu/libnss_compat-2.19.so
7f3a8a8b4000-7f3a8a8b5000 rw-p 00009000 08:01 3004                       /lib/x86_64-linux-gnu/libnss_compat-2.19.so
7f3a8a8b5000-7f3a8a8e0000 r-xp 00000000 08:01 409188                     /usr/lib/jvm/java-8-oracle/jre/lib/amd64/libjava.so
7f3a8a8e0000-7f3a8aadf000 ---p 0002b000 08:01 409188                     /usr/lib/jvm/java-8-oracle/jre/lib/amd64/libjava.so
7f3a8aadf000-7f3a8aae1000 rw-p 0002a000 08:01 409188                     /usr/lib/jvm/java-8-oracle/jre/lib/amd64/libjava.so
7f3a8aae1000-7f3a8aaee000 r-xp 00000000 08:01 409228                     /usr/lib/jvm/java-8-oracle/jre/lib/amd64/libverify.so
7f3a8aaee000-7f3a8acee000 ---p 0000d000 08:01 409228                     /usr/lib/jvm/java-8-oracle/jre/lib/amd64/libverify.so
7f3a8acee000-7f3a8acf0000 rw-p 0000d000 08:01 409228                     /usr/lib/jvm/java-8-oracle/jre/lib/amd64/libverify.so
7f3a8acf0000-7f3a8acf7000 r-xp 00000000 08:01 2965                       /lib/x86_64-linux-gnu/librt-2.19.so
7f3a8acf7000-7f3a8aef6000 ---p 00007000 08:01 2965                       /lib/x86_64-linux-gnu/librt-2.19.so
7f3a8aef6000-7f3a8aef7000 r--p 00006000 08:01 2965                       /lib/x86_64-linux-gnu/librt-2.19.so
7f3a8aef7000-7f3a8aef8000 rw-p 00007000 08:01 2965                       /lib/x86_64-linux-gnu/librt-2.19.so
7f3a8aef8000-7f3a8affd000 r-xp 00000000 08:01 3059                       /lib/x86_64-linux-gnu/libm-2.19.so
7f3a8affd000-7f3a8b1fc000 ---p 00105000 08:01 3059                       /lib/x86_64-linux-gnu/libm-2.19.so
7f3a8b1fc000-7f3a8b1fd000 r--p 00104000 08:01 3059                       /lib/x86_64-linux-gnu/libm-2.19.so
7f3a8b1fd000-7f3a8b1fe000 rw-p 00105000 08:01 3059                       /lib/x86_64-linux-gnu/libm-2.19.so
7f3a8b1fe000-7f3a8bed1000 r-xp 00000000 08:01 409186                     /usr/lib/jvm/java-8-oracle/jre/lib/amd64/server/libjvm.so
7f3a8bed1000-7f3a8c0d0000 ---p 00cd3000 08:01 409186                     /usr/lib/jvm/java-8-oracle/jre/lib/amd64/server/libjvm.so
7f3a8c0d0000-7f3a8c1aa000 rw-p 00cd2000 08:01 409186                     /usr/lib/jvm/java-8-oracle/jre/lib/amd64/server/libjvm.so
7f3a8c1aa000-7f3a8c1f5000 rw-p 00000000 00:00 0 
7f3a8c1f5000-7f3a8c3b3000 r-xp 00000000 08:01 3143                       /lib/x86_64-linux-gnu/libc-2.19.so
7f3a8c3b3000-7f3a8c5b3000 ---p 001be000 08:01 3143                       /lib/x86_64-linux-gnu/libc-2.19.so
7f3a8c5b3000-7f3a8c5b7000 r--p 001be000 08:01 3143                       /lib/x86_64-linux-gnu/libc-2.19.so
7f3a8c5b7000-7f3a8c5b9000 rw-p 001c2000 08:01 3143                       /lib/x86_64-linux-gnu/libc-2.19.so
7f3a8c5b9000-7f3a8c5be000 rw-p 00000000 00:00 0 
7f3a8c5be000-7f3a8c5c1000 r-xp 00000000 08:01 2994                       /lib/x86_64-linux-gnu/libdl-2.19.so
7f3a8c5c1000-7f3a8c7c0000 ---p 00003000 08:01 2994                       /lib/x86_64-linux-gnu/libdl-2.19.so
7f3a8c7c0000-7f3a8c7c1000 r--p 00002000 08:01 2994                       /lib/x86_64-linux-gnu/libdl-2.19.so
7f3a8c7c1000-7f3a8c7c2000 rw-p 00003000 08:01 2994                       /lib/x86_64-linux-gnu/libdl-2.19.so
7f3a8c7c2000-7f3a8c7d7000 r-xp 00000000 08:01 407748                     /usr/lib/jvm/java-8-oracle/lib/amd64/jli/libjli.so
7f3a8c7d7000-7f3a8c9d7000 ---p 00015000 08:01 407748                     /usr/lib/jvm/java-8-oracle/lib/amd64/jli/libjli.so
7f3a8c9d7000-7f3a8c9d8000 rw-p 00015000 08:01 407748                     /usr/lib/jvm/java-8-oracle/lib/amd64/jli/libjli.so
7f3a8c9d8000-7f3a8c9f1000 r-xp 00000000 08:01 3039                       /lib/x86_64-linux-gnu/libpthread-2.19.so
7f3a8c9f1000-7f3a8cbf0000 ---p 00019000 08:01 3039                       /lib/x86_64-linux-gnu/libpthread-2.19.so
7f3a8cbf0000-7f3a8cbf1000 r--p 00018000 08:01 3039                       /lib/x86_64-linux-gnu/libpthread-2.19.so
7f3a8cbf1000-7f3a8cbf2000 rw-p 00019000 08:01 3039                       /lib/x86_64-linux-gnu/libpthread-2.19.so
7f3a8cbf2000-7f3a8cbf6000 rw-p 00000000 00:00 0 
7f3a8cbf6000-7f3a8cc19000 r-xp 00000000 08:01 2949                       /lib/x86_64-linux-gnu/ld-2.19.so
7f3a8cc19000-7f3a8cc1a000 r--s 00006000 08:01 67829                      /usr/share/java/plexus-sec-dispatcher.jar
7f3a8cc1a000-7f3a8cc26000 r--s 0007c000 08:01 68084                      /usr/share/java/maven3-core-3.0.5.jar
7f3a8cc26000-7f3a8cc28000 r--s 0000a000 08:01 67898                      /usr/share/java/wagon-provider-api-2.x.jar
7f3a8cc28000-7f3a8cc2c000 r--s 0001c000 08:01 656247                     /usr/share/maven-repo/org/sonatype/aether/aether-util/1.13.1/aether-util-1.13.1.jar
7f3a8cc2c000-7f3a8cc2e000 r--s 00000000 08:01 68058                      /usr/share/java/plexus-component-annotations-1.5-1.5.5.jar
7f3a8cc2e000-7f3a8cc35000 r--s 00040000 08:01 67284                      /usr/share/java/sisu-inject-bean.jar
7f3a8cc35000-7f3a8cc37000 r--s 0000a000 08:01 68088                      /usr/share/java/maven3-artifact-3.0.5.jar
7f3a8cc37000-7f3a8cc39000 r--s 00002000 08:01 67823                      /usr/share/java/plexus-cipher.jar
7f3a8cc39000-7f3a8cd05000 rw-p 00000000 00:00 0 
7f3a8cd05000-7f3a8cd08000 ---p 00000000 00:00 0 
7f3a8cd08000-7f3a8ce0a000 rw-p 00000000 00:00 0                          [stack:32215]
7f3a8ce0a000-7f3a8ce0c000 r--s 0000a000 08:01 67535                      /usr/share/java/plexus-classworlds2-2.5.1.jar
7f3a8ce0c000-7f3a8ce14000 rw-s 00000000 08:01 273328                     /tmp/hsperfdata_vagrant/32204
7f3a8ce14000-7f3a8ce15000 rw-p 00000000 00:00 0 
7f3a8ce15000-7f3a8ce16000 ---p 00000000 00:00 0 
7f3a8ce16000-7f3a8ce18000 rw-p 00000000 00:00 0 
7f3a8ce18000-7f3a8ce19000 r--p 00022000 08:01 2949                       /lib/x86_64-linux-gnu/ld-2.19.so
7f3a8ce19000-7f3a8ce1a000 rw-p 00023000 08:01 2949                       /lib/x86_64-linux-gnu/ld-2.19.so
7f3a8ce1a000-7f3a8ce1b000 rw-p 00000000 00:00 0 
7ffd4b21e000-7ffd4b23f000 rw-p 00000000 00:00 0                          [stack]
7ffd4b373000-7ffd4b375000 r-xp 00000000 00:00 0                          [vdso]
ffffffffff600000-ffffffffff601000 r-xp 00000000 00:00 0                  [vsyscall]

VM Arguments:
jvm_args: -Dclassworlds.conf=/usr/share/maven/bin/m2.conf -Dmaven.home=/usr/share/maven 
java_command: org.codehaus.plexus.classworlds.launcher.Launcher clean install
java_class_path (initial): /usr/share/maven/boot/plexus-classworlds-2.x.jar
Launcher Type: SUN_STANDARD

Environment Variables:
JAVA_HOME=/usr/lib/jvm/java-8-oracle
PATH=/usr/local/sbin:/usr/local/bin:/usr/sbin:/usr/bin:/sbin:/bin:/usr/games:/usr/local/games:/usr/lib/jvm/java-8-oracle/bin:/usr/lib/jvm/java-8-oracle/db/bin:/usr/lib/jvm/java-8-oracle/jre/bin
SHELL=/bin/zsh
DISPLAY=:0.0

Signal Handlers:
SIGSEGV: [libjvm.so+0xacba10], sa_mask[0]=11111111011111111101111111111110, sa_flags=SA_RESTART|SA_SIGINFO
SIGBUS: [libjvm.so+0xacba10], sa_mask[0]=11111111011111111101111111111110, sa_flags=SA_RESTART|SA_SIGINFO
SIGFPE: [libjvm.so+0x924ba0], sa_mask[0]=11111111011111111101111111111110, sa_flags=SA_RESTART|SA_SIGINFO
SIGPIPE: [libjvm.so+0x924ba0], sa_mask[0]=11111111011111111101111111111110, sa_flags=SA_RESTART|SA_SIGINFO
SIGXFSZ: [libjvm.so+0x924ba0], sa_mask[0]=11111111011111111101111111111110, sa_flags=SA_RESTART|SA_SIGINFO
SIGILL: [libjvm.so+0x924ba0], sa_mask[0]=11111111011111111101111111111110, sa_flags=SA_RESTART|SA_SIGINFO
SIGUSR1: SIG_DFL, sa_mask[0]=00000000000000000000000000000000, sa_flags=none
SIGUSR2: [libjvm.so+0x9263e0], sa_mask[0]=00000000000000000000000000000000, sa_flags=SA_RESTART|SA_SIGINFO
SIGHUP: [libjvm.so+0x9277e0], sa_mask[0]=11111111011111111101111111111110, sa_flags=SA_RESTART|SA_SIGINFO
SIGINT: [libjvm.so+0x9277e0], sa_mask[0]=11111111011111111101111111111110, sa_flags=SA_RESTART|SA_SIGINFO
SIGTERM: [libjvm.so+0x9277e0], sa_mask[0]=11111111011111111101111111111110, sa_flags=SA_RESTART|SA_SIGINFO
SIGQUIT: [libjvm.so+0x9277e0], sa_mask[0]=11111111011111111101111111111110, sa_flags=SA_RESTART|SA_SIGINFO


---------------  S Y S T E M  ---------------

OS:DISTRIB_ID=Ubuntu
DISTRIB_RELEASE=14.04
DISTRIB_CODENAME=trusty
DISTRIB_DESCRIPTION="Ubuntu 14.04.5 LTS"

uname:Linux 3.13.0-132-generic #181-Ubuntu SMP Wed Sep 13 13:25:03 UTC 2017 x86_64
libc:glibc 2.19 NPTL 2.19 
rlimit: STACK 8192k, CORE 0k, NPROC 63711, NOFILE 4096, AS infinity
load average:1.09 0.55 0.43

/proc/meminfo:
MemTotal:        8176932 kB
MemFree:          129072 kB
Buffers:             492 kB
Cached:            25800 kB
SwapCached:            0 kB
Active:          7873780 kB
Inactive:          25044 kB
Active(anon):    7873240 kB
Inactive(anon):     5792 kB
Active(file):        540 kB
Inactive(file):    19252 kB
Unevictable:           4 kB
Mlocked:               4 kB
SwapTotal:             0 kB
SwapFree:              0 kB
Dirty:               244 kB
Writeback:             0 kB
AnonPages:       7872936 kB
Mapped:             9044 kB
Shmem:              6100 kB
Slab:              46436 kB
SReclaimable:      21520 kB
SUnreclaim:        24916 kB
KernelStack:        5496 kB
PageTables:        34348 kB
NFS_Unstable:          0 kB
Bounce:                0 kB
WritebackTmp:          0 kB
CommitLimit:     4088464 kB
Committed_AS:   10374520 kB
VmallocTotal:   34359738367 kB
VmallocUsed:       21548 kB
VmallocChunk:   34359702104 kB
HardwareCorrupted:     0 kB
AnonHugePages:   5576704 kB
HugePages_Total:       0
HugePages_Free:        0
HugePages_Rsvd:        0
HugePages_Surp:        0
Hugepagesize:       2048 kB
DirectMap4k:       69568 kB
DirectMap2M:     8318976 kB


CPU:total 2 (initial active 2) (2 cores per cpu, 1 threads per core) family 6 model 70 stepping 1, cmov, cx8, fxsr, mmx, sse, sse2, sse3, ssse3, sse4.1, sse4.2, popcnt, avx, aes, clmul, lzcnt, tsc, tscinvbit

/proc/cpuinfo:
processor	: 0
vendor_id	: GenuineIntel
cpu family	: 6
model		: 70
model name	: Intel(R) Core(TM) i7-4770HQ CPU @ 2.20GHz
stepping	: 1
cpu MHz		: 2194.894
cache size	: 6144 KB
physical id	: 0
siblings	: 2
core id		: 0
cpu cores	: 2
apicid		: 0
initial apicid	: 0
fpu		: yes
fpu_exception	: yes
cpuid level	: 13
wp		: yes
flags		: fpu vme de pse tsc msr pae mce cx8 apic sep mtrr pge mca cmov pat pse36 clflush mmx fxsr sse sse2 ht syscall nx rdtscp lm constant_tsc rep_good nopl xtopology nonstop_tsc pni pclmulqdq ssse3 cx16 sse4_1 sse4_2 movbe popcnt aes xsave avx rdrand lahf_lm abm
bogomips	: 4389.78
clflush size	: 64
cache_alignment	: 64
address sizes	: 39 bits physical, 48 bits virtual
power management:

processor	: 1
vendor_id	: GenuineIntel
cpu family	: 6
model		: 70
model name	: Intel(R) Core(TM) i7-4770HQ CPU @ 2.20GHz
stepping	: 1
cpu MHz		: 2194.894
cache size	: 6144 KB
physical id	: 0
siblings	: 2
core id		: 1
cpu cores	: 2
apicid		: 1
initial apicid	: 1
fpu		: yes
fpu_exception	: yes
cpuid level	: 13
wp		: yes
flags		: fpu vme de pse tsc msr pae mce cx8 apic sep mtrr pge mca cmov pat pse36 clflush mmx fxsr sse sse2 ht syscall nx rdtscp lm constant_tsc rep_good nopl xtopology nonstop_tsc pni pclmulqdq ssse3 cx16 sse4_1 sse4_2 movbe popcnt aes xsave avx rdrand lahf_lm abm
bogomips	: 4389.78
clflush size	: 64
cache_alignment	: 64
address sizes	: 39 bits physical, 48 bits virtual
power management:



Memory: 4k page, physical 8176932k(129072k free), swap 0k(0k free)

vm_info: Java HotSpot(TM) 64-Bit Server VM (25.144-b01) for linux-amd64 JRE (1.8.0_144-b01), built on Jul 21 2017 21:57:33 by "java_re" with gcc 4.3.0 20080428 (Red Hat 4.3.0-8)

time: Mon Dec 18 01:25:55 2017
elapsed time: 17 seconds (0d 0h 0m 17s)

