#
# There is insufficient memory for the Java Runtime Environment to continue.
# Native memory allocation (mmap) failed to map 266338304 bytes for committing reserved memory.
# Possible reasons:
#   The system is out of physical RAM or swap space
#   In 32 bit mode, the process size limit was hit
# Possible solutions:
#   Reduce memory load on the system
#   Increase physical memory or swap space
#   Check if swap backing store is full
#   Use 64 bit Java on a 64 bit OS
#   Decrease Java heap size (-Xmx/-Xms)
#   Decrease number of Java threads
#   Decrease Java thread stack sizes (-Xss)
#   Set larger code cache with -XX:ReservedCodeCacheSize=
# This output file may be truncated or incomplete.
#
#  Out of Memory Error (os_linux.cpp:2640), pid=22842, tid=0x00007f37f5c23700
#
# JRE version: Java(TM) SE Runtime Environment (8.0_144-b01) (build 1.8.0_144-b01)
# Java VM: Java HotSpot(TM) 64-Bit Server VM (25.144-b01 mixed mode linux-amd64 compressed oops)
# Failed to write core dump. Core dumps have been disabled. To enable core dumping, try "ulimit -c unlimited" before starting Java again
#

---------------  T H R E A D  ---------------

Current thread (0x00007f380c13e800):  VMThread [stack: 0x00007f37f5b23000,0x00007f37f5c24000] [id=22848]

Stack: [0x00007f37f5b23000,0x00007f37f5c24000],  sp=0x00007f37f5c21fc0,  free space=1019k
Native frames: (J=compiled Java code, j=interpreted, Vv=VM code, C=native code)
V  [libjvm.so+0xacb18a]  VMError::report_and_die()+0x2ba
V  [libjvm.so+0x4ff4db]  report_vm_out_of_memory(char const*, int, unsigned long, VMErrorType, char const*)+0x8b
V  [libjvm.so+0x927d23]  os::Linux::commit_memory_impl(char*, unsigned long, bool)+0x103
V  [libjvm.so+0x928279]  os::pd_commit_memory(char*, unsigned long, unsigned long, bool)+0x29
V  [libjvm.so+0x92249a]  os::commit_memory(char*, unsigned long, unsigned long, bool)+0x2a
V  [libjvm.so+0x996ff3]  PSVirtualSpace::expand_by(unsigned long)+0x53
V  [libjvm.so+0x9983f8]  PSYoungGen::resize_generation(unsigned long, unsigned long)+0xf8
V  [libjvm.so+0x997552]  PSYoungGen::resize(unsigned long, unsigned long)+0x22
V  [libjvm.so+0x99482b]  PSScavenge::invoke_no_policy()+0xf3b
V  [libjvm.so+0x98fad5]  PSParallelCompact::invoke(bool)+0x85
V  [libjvm.so+0x485f14]  CollectedHeap::collect_as_vm_thread(GCCause::Cause)+0x114
V  [libjvm.so+0xacc601]  VM_CollectForMetadataAllocation::doit()+0x161
V  [libjvm.so+0xad4685]  VM_Operation::evaluate()+0x55
V  [libjvm.so+0xad2a5a]  VMThread::evaluate_operation(VM_Operation*)+0xba
V  [libjvm.so+0xad2dde]  VMThread::loop()+0x1ce
V  [libjvm.so+0xad3250]  VMThread::run()+0x70
V  [libjvm.so+0x92a338]  java_start(Thread*)+0x108

VM_Operation (0x00007f38125f6b70): CollectForMetadataAllocation, mode: safepoint, requested by thread 0x00007f380c009800


---------------  P R O C E S S  ---------------

Java Threads: ( => current thread )
  0x00007f380c18f800 JavaThread "Service Thread" daemon [_thread_blocked, id=22855, stack(0x00007f37f5293000,0x00007f37f5394000)]
  0x00007f380c184800 JavaThread "C1 CompilerThread2" daemon [_thread_blocked, id=22854, stack(0x00007f37f5394000,0x00007f37f5495000)]
  0x00007f380c182800 JavaThread "C2 CompilerThread1" daemon [_thread_in_native, id=22853, stack(0x00007f37f5495000,0x00007f37f5596000)]
  0x00007f380c180000 JavaThread "C2 CompilerThread0" daemon [_thread_blocked, id=22852, stack(0x00007f37f5596000,0x00007f37f5697000)]
  0x00007f380c17e800 JavaThread "Signal Dispatcher" daemon [_thread_blocked, id=22851, stack(0x00007f37f5697000,0x00007f37f5798000)]
  0x00007f380c14b000 JavaThread "Finalizer" daemon [_thread_blocked, id=22850, stack(0x00007f37f5921000,0x00007f37f5a22000)]
  0x00007f380c146800 JavaThread "Reference Handler" daemon [_thread_blocked, id=22849, stack(0x00007f37f5a22000,0x00007f37f5b23000)]
  0x00007f380c009800 JavaThread "main" [_thread_blocked, id=22843, stack(0x00007f38124fe000,0x00007f38125ff000)]

Other Threads:
=>0x00007f380c13e800 VMThread [stack: 0x00007f37f5b23000,0x00007f37f5c24000] [id=22848]
  0x00007f380c192800 WatcherThread [stack: 0x00007f37f5192000,0x00007f37f5293000] [id=22856]

VM state:at safepoint (normal execution)

VM Mutex/Monitor currently owned by a thread:  ([mutex/lock_event])
[0x00007f380c005e50] Threads_lock - owner thread: 0x00007f380c13e800
[0x00007f380c006350] Heap_lock - owner thread: 0x00007f380c009800

Heap:
 PSYoungGen      total 273920K, used 5850K [0x00000000d6600000, 0x00000000e7d00000, 0x0000000100000000)
  eden space 262144K, 0% used [0x00000000d6600000,0x00000000d6600000,0x00000000e6600000)
  from space 11776K, 49% used [0x00000000e6600000,0x00000000e6bb6b00,0x00000000e7180000)
  to   space 11776K, 0% used [0x00000000e7180000,0x00000000e7180000,0x00000000e7d00000)
 ParOldGen       total 86016K, used 9261K [0x0000000083200000, 0x0000000088600000, 0x00000000d6600000)
  object space 86016K, 10% used [0x0000000083200000,0x0000000083b0b4c0,0x0000000088600000)
 Metaspace       used 20977K, capacity 21228K, committed 21296K, reserved 1069056K
  class space    used 2585K, capacity 2673K, committed 2688K, reserved 1048576K

Card table byte_map: [0x00007f37fbe02000,0x00007f37fc1ea000] byte_map_base: 0x00007f37fb9e9000

Marking Bits: (ParMarkBitMap*) 0x00007f38119c1dc0
 Begin Bits: [0x00007f37f78f4000, 0x00007f37f982c000)
 End Bits:   [0x00007f37f982c000, 0x00007f37fb764000)

Polling page: 0x00007f381260f000

CodeCache: size=245760Kb used=7836Kb max_used=7850Kb free=237923Kb
 bounds [0x00007f37fc5aa000, 0x00007f37fcd5a000, 0x00007f380b5aa000]
 total_blobs=2547 nmethods=2181 adapters=279
 compilation: enabled

Compilation events (10 events):
Event: 3.569 Thread 0x00007f380c184800 2208       2       java.lang.reflect.WeakCache$CacheKey::valueOf (20 bytes)
Event: 3.569 Thread 0x00007f380c184800 nmethod 2208 0x00007f37fcd48510 code [0x00007f37fcd48680, 0x00007f37fcd488c8]
Event: 3.569 Thread 0x00007f380c184800 2209       2       java.lang.reflect.Proxy$KeyFactory::apply (13 bytes)
Event: 3.569 Thread 0x00007f380c184800 nmethod 2209 0x00007f37fcd48110 code [0x00007f37fcd48280, 0x00007f37fcd48448]
Event: 3.569 Thread 0x00007f380c184800 2210       2       java.lang.reflect.Proxy$KeyFactory::apply (66 bytes)
Event: 3.570 Thread 0x00007f380c184800 nmethod 2210 0x00007f37fcd47610 code [0x00007f37fcd477e0, 0x00007f37fcd47d08]
Event: 3.570 Thread 0x00007f380c184800 2211       2       java.lang.reflect.Proxy::<init> (15 bytes)
Event: 3.570 Thread 0x00007f380c184800 nmethod 2211 0x00007f37fcd47190 code [0x00007f37fcd47300, 0x00007f37fcd47528]
Event: 3.572 Thread 0x00007f380c184800 2212       1       org.springframework.beans.factory.support.RootBeanDefinition::getDecoratedDefinition (5 bytes)
Event: 3.573 Thread 0x00007f380c184800 nmethod 2212 0x00007f37fcd46ed0 code [0x00007f37fcd47020, 0x00007f37fcd47130]

GC Heap History (10 events):
Event: 1.113 GC heap after
Heap after GC invocations=2 (full 0):
 PSYoungGen      total 70656K, used 3643K [0x00000000d6600000, 0x00000000db000000, 0x0000000100000000)
  eden space 65536K, 0% used [0x00000000d6600000,0x00000000d6600000,0x00000000da600000)
  from space 5120K, 71% used [0x00000000dab00000,0x00000000dae8ece8,0x00000000db000000)
  to   space 5120K, 0% used [0x00000000da600000,0x00000000da600000,0x00000000dab00000)
 ParOldGen       total 86016K, used 16K [0x0000000083200000, 0x0000000088600000, 0x00000000d6600000)
  object space 86016K, 0% used [0x0000000083200000,0x0000000083204000,0x0000000088600000)
 Metaspace       used 8770K, capacity 8874K, committed 8960K, reserved 1056768K
  class space    used 969K, capacity 1019K, committed 1024K, reserved 1048576K
}
Event: 1.604 GC heap before
{Heap before GC invocations=3 (full 0):
 PSYoungGen      total 70656K, used 69179K [0x00000000d6600000, 0x00000000db000000, 0x0000000100000000)
  eden space 65536K, 100% used [0x00000000d6600000,0x00000000da600000,0x00000000da600000)
  from space 5120K, 71% used [0x00000000dab00000,0x00000000dae8ece8,0x00000000db000000)
  to   space 5120K, 0% used [0x00000000da600000,0x00000000da600000,0x00000000dab00000)
 ParOldGen       total 86016K, used 16K [0x0000000083200000, 0x0000000088600000, 0x00000000d6600000)
  object space 86016K, 0% used [0x0000000083200000,0x0000000083204000,0x0000000088600000)
 Metaspace       used 11906K, capacity 12106K, committed 12288K, reserved 1060864K
  class space    used 1432K, capacity 1499K, committed 1536K, reserved 1048576K
Event: 1.611 GC heap after
Heap after GC invocations=3 (full 0):
 PSYoungGen      total 70656K, used 4636K [0x00000000d6600000, 0x00000000df000000, 0x0000000100000000)
  eden space 65536K, 0% used [0x00000000d6600000,0x00000000d6600000,0x00000000da600000)
  from space 5120K, 90% used [0x00000000da600000,0x00000000daa871f0,0x00000000dab00000)
  to   space 5120K, 0% used [0x00000000deb00000,0x00000000deb00000,0x00000000df000000)
 ParOldGen       total 86016K, used 24K [0x0000000083200000, 0x0000000088600000, 0x00000000d6600000)
  object space 86016K, 0% used [0x0000000083200000,0x0000000083206000,0x0000000088600000)
 Metaspace       used 11906K, capacity 12106K, committed 12288K, reserved 1060864K
  class space    used 1432K, capacity 1499K, committed 1536K, reserved 1048576K
}
Event: 2.251 GC heap before
{Heap before GC invocations=4 (full 0):
 PSYoungGen      total 70656K, used 70172K [0x00000000d6600000, 0x00000000df000000, 0x0000000100000000)
  eden space 65536K, 100% used [0x00000000d6600000,0x00000000da600000,0x00000000da600000)
  from space 5120K, 90% used [0x00000000da600000,0x00000000daa871f0,0x00000000dab00000)
  to   space 5120K, 0% used [0x00000000deb00000,0x00000000deb00000,0x00000000df000000)
 ParOldGen       total 86016K, used 24K [0x0000000083200000, 0x0000000088600000, 0x00000000d6600000)
  object space 86016K, 0% used [0x0000000083200000,0x0000000083206000,0x0000000088600000)
 Metaspace       used 16520K, capacity 16702K, committed 17024K, reserved 1064960K
  class space    used 2052K, capacity 2121K, committed 2176K, reserved 1048576K
Event: 2.260 GC heap after
Heap after GC invocations=4 (full 0):
 PSYoungGen      total 136192K, used 5107K [0x00000000d6600000, 0x00000000df000000, 0x0000000100000000)
  eden space 131072K, 0% used [0x00000000d6600000,0x00000000d6600000,0x00000000de600000)
  from space 5120K, 99% used [0x00000000deb00000,0x00000000deffcd60,0x00000000df000000)
  to   space 5120K, 0% used [0x00000000de600000,0x00000000de600000,0x00000000deb00000)
 ParOldGen       total 86016K, used 3964K [0x0000000083200000, 0x0000000088600000, 0x00000000d6600000)
  object space 86016K, 4% used [0x0000000083200000,0x00000000835df368,0x0000000088600000)
 Metaspace       used 16520K, capacity 16702K, committed 17024K, reserved 1064960K
  class space    used 2052K, capacity 2121K, committed 2176K, reserved 1048576K
}
Event: 2.899 GC heap before
{Heap before GC invocations=5 (full 0):
 PSYoungGen      total 136192K, used 136179K [0x00000000d6600000, 0x00000000df000000, 0x0000000100000000)
  eden space 131072K, 100% used [0x00000000d6600000,0x00000000de600000,0x00000000de600000)
  from space 5120K, 99% used [0x00000000deb00000,0x00000000deffcd60,0x00000000df000000)
  to   space 5120K, 0% used [0x00000000de600000,0x00000000de600000,0x00000000deb00000)
 ParOldGen       total 86016K, used 3964K [0x0000000083200000, 0x0000000088600000, 0x00000000d6600000)
  object space 86016K, 4% used [0x0000000083200000,0x00000000835df368,0x0000000088600000)
 Metaspace       used 19068K, capacity 19222K, committed 19328K, reserved 1067008K
  class space    used 2343K, capacity 2392K, committed 2432K, reserved 1048576K
Event: 2.962 GC heap after
Heap after GC invocations=5 (full 0):
 PSYoungGen      total 136192K, used 5104K [0x00000000d6600000, 0x00000000e7d00000, 0x0000000100000000)
  eden space 131072K, 0% used [0x00000000d6600000,0x00000000d6600000,0x00000000de600000)
  from space 5120K, 99% used [0x00000000de600000,0x00000000deafc030,0x00000000deb00000)
  to   space 11776K, 0% used [0x00000000e7180000,0x00000000e7180000,0x00000000e7d00000)
 ParOldGen       total 86016K, used 8141K [0x0000000083200000, 0x0000000088600000, 0x00000000d6600000)
  object space 86016K, 9% used [0x0000000083200000,0x00000000839f36c8,0x0000000088600000)
 Metaspace       used 19068K, capacity 19222K, committed 19328K, reserved 1067008K
  class space    used 2343K, capacity 2392K, committed 2432K, reserved 1048576K
}
Event: 3.397 GC heap before
{Heap before GC invocations=6 (full 0):
 PSYoungGen      total 136192K, used 136176K [0x00000000d6600000, 0x00000000e7d00000, 0x0000000100000000)
  eden space 131072K, 100% used [0x00000000d6600000,0x00000000de600000,0x00000000de600000)
  from space 5120K, 99% used [0x00000000de600000,0x00000000deafc030,0x00000000deb00000)
  to   space 11776K, 0% used [0x00000000e7180000,0x00000000e7180000,0x00000000e7d00000)
 ParOldGen       total 86016K, used 8141K [0x0000000083200000, 0x0000000088600000, 0x00000000d6600000)
  object space 86016K, 9% used [0x0000000083200000,0x00000000839f36c8,0x0000000088600000)
 Metaspace       used 20747K, capacity 21082K, committed 21120K, reserved 1067008K
  class space    used 2553K, capacity 2670K, committed 2688K, reserved 1048576K
Event: 3.417 GC heap after
Heap after GC invocations=6 (full 0):
 PSYoungGen      total 273920K, used 7348K [0x00000000d6600000, 0x00000000e7d00000, 0x0000000100000000)
  eden space 262144K, 0% used [0x00000000d6600000,0x00000000d6600000,0x00000000e6600000)
  from space 11776K, 62% used [0x00000000e7180000,0x00000000e78ad068,0x00000000e7d00000)
  to   space 11776K, 0% used [0x00000000e6600000,0x00000000e6600000,0x00000000e7180000)
 ParOldGen       total 86016K, used 8149K [0x0000000083200000, 0x0000000088600000, 0x00000000d6600000)
  object space 86016K, 9% used [0x0000000083200000,0x00000000839f56c8,0x0000000088600000)
 Metaspace       used 20747K, capacity 21082K, committed 21120K, reserved 1067008K
  class space    used 2553K, capacity 2670K, committed 2688K, reserved 1048576K
}
Event: 3.582 GC heap before
{Heap before GC invocations=7 (full 0):
 PSYoungGen      total 273920K, used 60176K [0x00000000d6600000, 0x00000000e7d00000, 0x0000000100000000)
  eden space 262144K, 20% used [0x00000000d6600000,0x00000000d9996fb8,0x00000000e6600000)
  from space 11776K, 62% used [0x00000000e7180000,0x00000000e78ad068,0x00000000e7d00000)
  to   space 11776K, 0% used [0x00000000e6600000,0x00000000e6600000,0x00000000e7180000)
 ParOldGen       total 86016K, used 8149K [0x0000000083200000, 0x0000000088600000, 0x00000000d6600000)
  object space 86016K, 9% used [0x0000000083200000,0x00000000839f56c8,0x0000000088600000)
 Metaspace       used 20977K, capacity 21228K, committed 21296K, reserved 1069056K
  class space    used 2585K, capacity 2673K, committed 2688K, reserved 1048576K

Deoptimization events (10 events):
Event: 2.991 Thread 0x00007f380c009800 Uncommon trap: reason=bimorphic action=maybe_recompile pc=0x00007f37fc9d4338 method=java.util.HashMap.putVal(ILjava/lang/Object;Ljava/lang/Object;ZZ)Ljava/lang/Object; @ 203
Event: 2.996 Thread 0x00007f380c009800 Uncommon trap: reason=bimorphic action=maybe_recompile pc=0x00007f37fc9d4338 method=java.util.HashMap.putVal(ILjava/lang/Object;Ljava/lang/Object;ZZ)Ljava/lang/Object; @ 203
Event: 3.033 Thread 0x00007f380c009800 Uncommon trap: reason=bimorphic action=maybe_recompile pc=0x00007f37fc9d4338 method=java.util.HashMap.putVal(ILjava/lang/Object;Ljava/lang/Object;ZZ)Ljava/lang/Object; @ 203
Event: 3.304 Thread 0x00007f380c009800 Uncommon trap: reason=bimorphic action=maybe_recompile pc=0x00007f37fc93512c method=java.util.HashMap.putVal(ILjava/lang/Object;Ljava/lang/Object;ZZ)Ljava/lang/Object; @ 203
Event: 3.530 Thread 0x00007f380c009800 Uncommon trap: reason=unstable_if action=reinterpret pc=0x00007f37fcd4e8e4 method=org.springframework.core.type.classreading.AnnotationReadingVisitorUtils.getMergedAnnotationAttributes(Lorg/springframework/util/LinkedMultiValueMap;Ljava/util/Map;Ljava/lan
Event: 3.542 Thread 0x00007f380c009800 Uncommon trap: reason=bimorphic action=maybe_recompile pc=0x00007f37fc92143c method=java.util.HashMap.putVal(ILjava/lang/Object;Ljava/lang/Object;ZZ)Ljava/lang/Object; @ 203
Event: 3.567 Thread 0x00007f380c009800 Uncommon trap: reason=bimorphic action=maybe_recompile pc=0x00007f37fcc7e2d8 method=java.util.AbstractCollection.isEmpty()Z @ 1
Event: 3.567 Thread 0x00007f380c009800 Uncommon trap: reason=bimorphic action=maybe_recompile pc=0x00007f37fcc7e2d8 method=java.util.AbstractCollection.isEmpty()Z @ 1
Event: 3.569 Thread 0x00007f380c009800 Uncommon trap: reason=bimorphic action=maybe_recompile pc=0x00007f37fcc7e2d8 method=java.util.AbstractCollection.isEmpty()Z @ 1
Event: 3.569 Thread 0x00007f380c009800 Uncommon trap: reason=bimorphic action=maybe_recompile pc=0x00007f37fcc7e2d8 method=java.util.AbstractCollection.isEmpty()Z @ 1

Internal exceptions (10 events):
Event: 1.798 Thread 0x00007f380c009800 Exception <a 'java/lang/NoSuchMethodError': org.slf4j.impl.StaticMDCBinder.getSingleton()Lorg/slf4j/impl/StaticMDCBinder;> (0x00000000d7c56e60) thrown at [/HUDSON3/workspace/8-2-build-linux-amd64/jdk8u144/9417/hotspot/src/share/vm/interpreter/linkResolver
Event: 2.090 Thread 0x00007f380c009800 Exception <a 'java/lang/ClassNotFoundException': java/lang/ObjectCustomizer> (0x00000000d96e0738) thrown at [/HUDSON3/workspace/8-2-build-linux-amd64/jdk8u144/9417/hotspot/src/share/vm/classfile/systemDictionary.cpp, line 210]
Event: 2.093 Thread 0x00007f380c009800 Exception <a 'java/lang/ClassNotFoundException': org/springframework/context/annotation/ConfigurationClassPostProcessorCustomizer> (0x00000000d972e660) thrown at [/HUDSON3/workspace/8-2-build-linux-amd64/jdk8u144/9417/hotspot/src/share/vm/classfile/system
Event: 2.095 Thread 0x00007f380c009800 Exception <a 'java/lang/ClassNotFoundException': org/springframework/beans/factory/support/BeanDefinitionRegistryPostProcessorCustomizer> (0x00000000d978cd28) thrown at [/HUDSON3/workspace/8-2-build-linux-amd64/jdk8u144/9417/hotspot/src/share/vm/classfile
Event: 2.096 Thread 0x00007f380c009800 Exception <a 'java/lang/ClassNotFoundException': org/springframework/core/PriorityOrderedCustomizer> (0x00000000d97cd998) thrown at [/HUDSON3/workspace/8-2-build-linux-amd64/jdk8u144/9417/hotspot/src/share/vm/classfile/systemDictionary.cpp, line 210]
Event: 2.097 Thread 0x00007f380c009800 Exception <a 'java/lang/ClassNotFoundException': org/springframework/context/ResourceLoaderAwareCustomizer> (0x00000000d980fd70) thrown at [/HUDSON3/workspace/8-2-build-linux-amd64/jdk8u144/9417/hotspot/src/share/vm/classfile/systemDictionary.cpp, line 21
Event: 2.100 Thread 0x00007f380c009800 Exception <a 'java/lang/ClassNotFoundException': org/springframework/beans/factory/BeanClassLoaderAwareCustomizer> (0x00000000d98556f8) thrown at [/HUDSON3/workspace/8-2-build-linux-amd64/jdk8u144/9417/hotspot/src/share/vm/classfile/systemDictionary.cpp, 
Event: 2.103 Thread 0x00007f380c009800 Exception <a 'java/lang/ClassNotFoundException': org/springframework/context/EnvironmentAwareCustomizer> (0x00000000d9897a98) thrown at [/HUDSON3/workspace/8-2-build-linux-amd64/jdk8u144/9417/hotspot/src/share/vm/classfile/systemDictionary.cpp, line 210]
Event: 3.057 Thread 0x00007f380dd26800 Exception <a 'java/lang/NoSuchFieldError': method resolution failed> (0x00000000d7e3abc0) thrown at [/HUDSON3/workspace/8-2-build-linux-amd64/jdk8u144/9417/hotspot/src/share/vm/prims/methodHandles.cpp, line 1146]
Event: 3.058 Thread 0x00007f380dd26800 Exception <a 'java/lang/NoSuchFieldError': method resolution failed> (0x00000000d7e48280) thrown at [/HUDSON3/workspace/8-2-build-linux-amd64/jdk8u144/9417/hotspot/src/share/vm/prims/methodHandles.cpp, line 1146]

Events (10 events):
Event: 3.579 loading class org/springframework/beans/factory/config/ConstructorArgumentValues$ValueHolder done
Event: 3.580 loading class org/springframework/beans/factory/support/ConstructorResolver
Event: 3.580 loading class org/springframework/beans/factory/support/ConstructorResolver done
Event: 3.582 loading class org/springframework/beans/factory/config/RuntimeBeanNameReference
Event: 3.582 loading class org/springframework/beans/factory/config/RuntimeBeanNameReference done
Event: 3.582 loading class org/springframework/beans/factory/support/ManagedArray
Event: 3.582 loading class org/springframework/beans/factory/support/ManagedArray done
Event: 3.582 loading class org/springframework/beans/factory/support/ManagedList
Event: 3.582 loading class org/springframework/beans/factory/support/ManagedList done
Event: 3.582 Executing VM operation: CollectForMetadataAllocation


Dynamic libraries:
00400000-00401000 r-xp 00000000 08:01 409108                             /usr/lib/jvm/java-8-oracle/jre/bin/java
00600000-00601000 rw-p 00000000 08:01 409108                             /usr/lib/jvm/java-8-oracle/jre/bin/java
01a3f000-01a60000 rw-p 00000000 00:00 0                                  [heap]
83200000-88600000 rw-p 00000000 00:00 0 
88600000-d6600000 ---p 00000000 00:00 0 
d6600000-e7d00000 rw-p 00000000 00:00 0 
f7b00000-100000000 ---p 00000000 00:00 0 
100000000-1002a0000 rw-p 00000000 00:00 0 
1002a0000-140000000 ---p 00000000 00:00 0 
7f37b8000000-7f37b8021000 rw-p 00000000 00:00 0 
7f37b8021000-7f37bc000000 ---p 00000000 00:00 0 
7f37bc000000-7f37bc7f8000 rw-p 00000000 00:00 0 
7f37bc7f8000-7f37c0000000 ---p 00000000 00:00 0 
7f37c0000000-7f37c07a2000 rw-p 00000000 00:00 0 
7f37c07a2000-7f37c4000000 ---p 00000000 00:00 0 
7f37c4000000-7f37c4021000 rw-p 00000000 00:00 0 
7f37c4021000-7f37c8000000 ---p 00000000 00:00 0 
7f37c8000000-7f37c8d45000 rw-p 00000000 00:00 0 
7f37c8d45000-7f37cc000000 ---p 00000000 00:00 0 
7f37cc000000-7f37ccffd000 rw-p 00000000 00:00 0 
7f37ccffd000-7f37d0000000 ---p 00000000 00:00 0 
7f37d0000000-7f37d0021000 rw-p 00000000 00:00 0 
7f37d0021000-7f37d4000000 ---p 00000000 00:00 0 
7f37d4000000-7f37d4021000 rw-p 00000000 00:00 0 
7f37d4021000-7f37d8000000 ---p 00000000 00:00 0 
7f37d8000000-7f37d828d000 rw-p 00000000 00:00 0 
7f37d828d000-7f37dc000000 ---p 00000000 00:00 0 
7f37dc000000-7f37dc021000 rw-p 00000000 00:00 0 
7f37dc021000-7f37e0000000 ---p 00000000 00:00 0 
7f37e0000000-7f37e0021000 rw-p 00000000 00:00 0 
7f37e0021000-7f37e4000000 ---p 00000000 00:00 0 
7f37e4000000-7f37e4021000 rw-p 00000000 00:00 0 
7f37e4021000-7f37e8000000 ---p 00000000 00:00 0 
7f37e8000000-7f37e8021000 rw-p 00000000 00:00 0 
7f37e8021000-7f37ec000000 ---p 00000000 00:00 0 
7f37efb6b000-7f37efb97000 rw-p 00000000 00:00 0 
7f37efb97000-7f37efd6b000 ---p 00000000 00:00 0 
7f37efd6b000-7f37efe00000 r--s 01110000 08:01 409352                     /usr/lib/jvm/java-8-oracle/jre/lib/ext/jfxrt.jar
7f37efe00000-7f37f0000000 rw-p 00000000 00:00 0 
7f37f0000000-7f37f0021000 rw-p 00000000 00:00 0 
7f37f0021000-7f37f4000000 ---p 00000000 00:00 0 
7f37f405c000-7f37f406d000 r-xp 00000000 08:01 409176                     /usr/lib/jvm/java-8-oracle/jre/lib/amd64/libnio.so
7f37f406d000-7f37f426c000 ---p 00011000 08:01 409176                     /usr/lib/jvm/java-8-oracle/jre/lib/amd64/libnio.so
7f37f426c000-7f37f426d000 rw-p 00010000 08:01 409176                     /usr/lib/jvm/java-8-oracle/jre/lib/amd64/libnio.so
7f37f426d000-7f37f446d000 rw-p 00000000 00:00 0 
7f37f446d000-7f37f466d000 rw-p 00000000 00:00 0 
7f37f466d000-7f37f4670000 ---p 00000000 00:00 0 
7f37f4670000-7f37f496e000 rw-p 00000000 00:00 0 
7f37f496e000-7f37f4971000 r-xp 00000000 08:01 59291                      /lib/x86_64-linux-gnu/libnss_myhostname.so.2
7f37f4971000-7f37f4b70000 ---p 00003000 08:01 59291                      /lib/x86_64-linux-gnu/libnss_myhostname.so.2
7f37f4b70000-7f37f4b71000 r--p 00002000 08:01 59291                      /lib/x86_64-linux-gnu/libnss_myhostname.so.2
7f37f4b71000-7f37f4b72000 rw-p 00003000 08:01 59291                      /lib/x86_64-linux-gnu/libnss_myhostname.so.2
7f37f4b72000-7f37f4b88000 r-xp 00000000 08:01 409195                     /usr/lib/jvm/java-8-oracle/jre/lib/amd64/libnet.so
7f37f4b88000-7f37f4d88000 ---p 00016000 08:01 409195                     /usr/lib/jvm/java-8-oracle/jre/lib/amd64/libnet.so
7f37f4d88000-7f37f4d89000 rw-p 00016000 08:01 409195                     /usr/lib/jvm/java-8-oracle/jre/lib/amd64/libnet.so
7f37f4d89000-7f37f4d92000 r-xp 00000000 08:01 409227                     /usr/lib/jvm/java-8-oracle/jre/lib/amd64/libmanagement.so
7f37f4d92000-7f37f4f91000 ---p 00009000 08:01 409227                     /usr/lib/jvm/java-8-oracle/jre/lib/amd64/libmanagement.so
7f37f4f91000-7f37f4f92000 rw-p 00008000 08:01 409227                     /usr/lib/jvm/java-8-oracle/jre/lib/amd64/libmanagement.so
7f37f4f92000-7f37f5192000 rw-p 00000000 00:00 0 
7f37f5192000-7f37f5193000 ---p 00000000 00:00 0 
7f37f5193000-7f37f5293000 rw-p 00000000 00:00 0                          [stack:22856]
7f37f5293000-7f37f5296000 ---p 00000000 00:00 0 
7f37f5296000-7f37f5394000 rw-p 00000000 00:00 0                          [stack:22855]
7f37f5394000-7f37f5397000 ---p 00000000 00:00 0 
7f37f5397000-7f37f5495000 rw-p 00000000 00:00 0                          [stack:22854]
7f37f5495000-7f37f5498000 ---p 00000000 00:00 0 
7f37f5498000-7f37f5596000 rw-p 00000000 00:00 0                          [stack:22853]
7f37f5596000-7f37f5599000 ---p 00000000 00:00 0 
7f37f5599000-7f37f5697000 rw-p 00000000 00:00 0                          [stack:22852]
7f37f5697000-7f37f569a000 ---p 00000000 00:00 0 
7f37f569a000-7f37f5798000 rw-p 00000000 00:00 0                          [stack:22851]
7f37f5798000-7f37f5921000 r--p 00000000 08:01 27112                      /usr/lib/locale/locale-archive
7f37f5921000-7f37f5924000 ---p 00000000 00:00 0 
7f37f5924000-7f37f5a22000 rw-p 00000000 00:00 0                          [stack:22850]
7f37f5a22000-7f37f5a25000 ---p 00000000 00:00 0 
7f37f5a25000-7f37f5b23000 rw-p 00000000 00:00 0                          [stack:22849]
7f37f5b23000-7f37f5b24000 ---p 00000000 00:00 0 
7f37f5b24000-7f37f6b33000 rw-p 00000000 00:00 0                          [stack:22848]
7f37f6b33000-7f37f6d0d000 r--s 03d4d000 08:01 409330                     /usr/lib/jvm/java-8-oracle/jre/lib/rt.jar
7f37f6d0d000-7f37fb764000 rw-p 00000000 00:00 0 
7f37fb764000-7f37fb765000 ---p 00000000 00:00 0 
7f37fb765000-7f37fb865000 rw-p 00000000 00:00 0                          [stack:22847]
7f37fb865000-7f37fb866000 ---p 00000000 00:00 0 
7f37fb866000-7f37fb966000 rw-p 00000000 00:00 0                          [stack:22846]
7f37fb966000-7f37fb967000 ---p 00000000 00:00 0 
7f37fb967000-7f37fba67000 rw-p 00000000 00:00 0                          [stack:22845]
7f37fba67000-7f37fba68000 ---p 00000000 00:00 0 
7f37fba68000-7f37fbb92000 rw-p 00000000 00:00 0                          [stack:22844]
7f37fbb92000-7f37fbe02000 ---p 00000000 00:00 0 
7f37fbe02000-7f37fbe2c000 rw-p 00000000 00:00 0 
7f37fbe2c000-7f37fc09c000 ---p 00000000 00:00 0 
7f37fc09c000-7f37fc128000 rw-p 00000000 00:00 0 
7f37fc128000-7f37fc1e9000 ---p 00000000 00:00 0 
7f37fc1e9000-7f37fc209000 rw-p 00000000 00:00 0 
7f37fc209000-7f37fc5aa000 ---p 00000000 00:00 0 
7f37fc5aa000-7f37fcd5a000 rwxp 00000000 00:00 0 
7f37fcd5a000-7f380b5aa000 ---p 00000000 00:00 0 
7f380b5aa000-7f380b5c4000 r-xp 00000000 08:01 409202                     /usr/lib/jvm/java-8-oracle/jre/lib/amd64/libzip.so
7f380b5c4000-7f380b7c4000 ---p 0001a000 08:01 409202                     /usr/lib/jvm/java-8-oracle/jre/lib/amd64/libzip.so
7f380b7c4000-7f380b7c5000 rw-p 0001a000 08:01 409202                     /usr/lib/jvm/java-8-oracle/jre/lib/amd64/libzip.so
7f380b7c5000-7f380b7cf000 r-xp 00000000 08:01 3144                       /lib/x86_64-linux-gnu/libnss_files-2.19.so
7f380b7cf000-7f380b9ce000 ---p 0000a000 08:01 3144                       /lib/x86_64-linux-gnu/libnss_files-2.19.so
7f380b9ce000-7f380b9cf000 r--p 00009000 08:01 3144                       /lib/x86_64-linux-gnu/libnss_files-2.19.so
7f380b9cf000-7f380b9d0000 rw-p 0000a000 08:01 3144                       /lib/x86_64-linux-gnu/libnss_files-2.19.so
7f380b9d0000-7f380b9db000 r-xp 00000000 08:01 3036                       /lib/x86_64-linux-gnu/libnss_nis-2.19.so
7f380b9db000-7f380bbda000 ---p 0000b000 08:01 3036                       /lib/x86_64-linux-gnu/libnss_nis-2.19.so
7f380bbda000-7f380bbdb000 r--p 0000a000 08:01 3036                       /lib/x86_64-linux-gnu/libnss_nis-2.19.so
7f380bbdb000-7f380bbdc000 rw-p 0000b000 08:01 3036                       /lib/x86_64-linux-gnu/libnss_nis-2.19.so
7f380bbdc000-7f380bbf3000 r-xp 00000000 08:01 2993                       /lib/x86_64-linux-gnu/libnsl-2.19.so
7f380bbf3000-7f380bdf2000 ---p 00017000 08:01 2993                       /lib/x86_64-linux-gnu/libnsl-2.19.so
7f380bdf2000-7f380bdf3000 r--p 00016000 08:01 2993                       /lib/x86_64-linux-gnu/libnsl-2.19.so
7f380bdf3000-7f380bdf4000 rw-p 00017000 08:01 2993                       /lib/x86_64-linux-gnu/libnsl-2.19.so
7f380bdf4000-7f380bdf6000 rw-p 00000000 00:00 0 
7f380bdf6000-7f380bdff000 r-xp 00000000 08:01 3004                       /lib/x86_64-linux-gnu/libnss_compat-2.19.so
7f380bdff000-7f380bffe000 ---p 00009000 08:01 3004                       /lib/x86_64-linux-gnu/libnss_compat-2.19.so
7f380bffe000-7f380bfff000 r--p 00008000 08:01 3004                       /lib/x86_64-linux-gnu/libnss_compat-2.19.so
7f380bfff000-7f380c000000 rw-p 00009000 08:01 3004                       /lib/x86_64-linux-gnu/libnss_compat-2.19.so
7f380c000000-7f380dd87000 rw-p 00000000 00:00 0 
7f380dd87000-7f3810000000 ---p 00000000 00:00 0 
7f3810039000-7f38100af000 rw-p 00000000 00:00 0 
7f38100af000-7f38100da000 r-xp 00000000 08:01 409188                     /usr/lib/jvm/java-8-oracle/jre/lib/amd64/libjava.so
7f38100da000-7f38102d9000 ---p 0002b000 08:01 409188                     /usr/lib/jvm/java-8-oracle/jre/lib/amd64/libjava.so
7f38102d9000-7f38102db000 rw-p 0002a000 08:01 409188                     /usr/lib/jvm/java-8-oracle/jre/lib/amd64/libjava.so
7f38102db000-7f38102e8000 r-xp 00000000 08:01 409228                     /usr/lib/jvm/java-8-oracle/jre/lib/amd64/libverify.so
7f38102e8000-7f38104e8000 ---p 0000d000 08:01 409228                     /usr/lib/jvm/java-8-oracle/jre/lib/amd64/libverify.so
7f38104e8000-7f38104ea000 rw-p 0000d000 08:01 409228                     /usr/lib/jvm/java-8-oracle/jre/lib/amd64/libverify.so
7f38104ea000-7f38104f1000 r-xp 00000000 08:01 2965                       /lib/x86_64-linux-gnu/librt-2.19.so
7f38104f1000-7f38106f0000 ---p 00007000 08:01 2965                       /lib/x86_64-linux-gnu/librt-2.19.so
7f38106f0000-7f38106f1000 r--p 00006000 08:01 2965                       /lib/x86_64-linux-gnu/librt-2.19.so
7f38106f1000-7f38106f2000 rw-p 00007000 08:01 2965                       /lib/x86_64-linux-gnu/librt-2.19.so
7f38106f2000-7f38107f7000 r-xp 00000000 08:01 3059                       /lib/x86_64-linux-gnu/libm-2.19.so
7f38107f7000-7f38109f6000 ---p 00105000 08:01 3059                       /lib/x86_64-linux-gnu/libm-2.19.so
7f38109f6000-7f38109f7000 r--p 00104000 08:01 3059                       /lib/x86_64-linux-gnu/libm-2.19.so
7f38109f7000-7f38109f8000 rw-p 00105000 08:01 3059                       /lib/x86_64-linux-gnu/libm-2.19.so
7f38109f8000-7f38116cb000 r-xp 00000000 08:01 409186                     /usr/lib/jvm/java-8-oracle/jre/lib/amd64/server/libjvm.so
7f38116cb000-7f38118ca000 ---p 00cd3000 08:01 409186                     /usr/lib/jvm/java-8-oracle/jre/lib/amd64/server/libjvm.so
7f38118ca000-7f38119a4000 rw-p 00cd2000 08:01 409186                     /usr/lib/jvm/java-8-oracle/jre/lib/amd64/server/libjvm.so
7f38119a4000-7f38119ef000 rw-p 00000000 00:00 0 
7f38119ef000-7f3811bad000 r-xp 00000000 08:01 3143                       /lib/x86_64-linux-gnu/libc-2.19.so
7f3811bad000-7f3811dad000 ---p 001be000 08:01 3143                       /lib/x86_64-linux-gnu/libc-2.19.so
7f3811dad000-7f3811db1000 r--p 001be000 08:01 3143                       /lib/x86_64-linux-gnu/libc-2.19.so
7f3811db1000-7f3811db3000 rw-p 001c2000 08:01 3143                       /lib/x86_64-linux-gnu/libc-2.19.so
7f3811db3000-7f3811db8000 rw-p 00000000 00:00 0 
7f3811db8000-7f3811dbb000 r-xp 00000000 08:01 2994                       /lib/x86_64-linux-gnu/libdl-2.19.so
7f3811dbb000-7f3811fba000 ---p 00003000 08:01 2994                       /lib/x86_64-linux-gnu/libdl-2.19.so
7f3811fba000-7f3811fbb000 r--p 00002000 08:01 2994                       /lib/x86_64-linux-gnu/libdl-2.19.so
7f3811fbb000-7f3811fbc000 rw-p 00003000 08:01 2994                       /lib/x86_64-linux-gnu/libdl-2.19.so
7f3811fbc000-7f3811fd1000 r-xp 00000000 08:01 409192                     /usr/lib/jvm/java-8-oracle/jre/lib/amd64/jli/libjli.so
7f3811fd1000-7f38121d1000 ---p 00015000 08:01 409192                     /usr/lib/jvm/java-8-oracle/jre/lib/amd64/jli/libjli.so
7f38121d1000-7f38121d2000 rw-p 00015000 08:01 409192                     /usr/lib/jvm/java-8-oracle/jre/lib/amd64/jli/libjli.so
7f38121d2000-7f38121eb000 r-xp 00000000 08:01 3039                       /lib/x86_64-linux-gnu/libpthread-2.19.so
7f38121eb000-7f38123ea000 ---p 00019000 08:01 3039                       /lib/x86_64-linux-gnu/libpthread-2.19.so
7f38123ea000-7f38123eb000 r--p 00018000 08:01 3039                       /lib/x86_64-linux-gnu/libpthread-2.19.so
7f38123eb000-7f38123ec000 rw-p 00019000 08:01 3039                       /lib/x86_64-linux-gnu/libpthread-2.19.so
7f38123ec000-7f38123f0000 rw-p 00000000 00:00 0 
7f38123f0000-7f3812413000 r-xp 00000000 08:01 2949                       /lib/x86_64-linux-gnu/ld-2.19.so
7f3812422000-7f3812427000 r--s 002f9000 08:01 409391                     /usr/lib/jvm/java-8-oracle/jre/lib/charsets.jar
7f3812427000-7f381242c000 r--s 016b6000 08:01 273601                     /home/vagrant/workspace/running-location-synchronizer/target/running-location-synchronizer-1.0.0.BUILD-SNAPSHOT.jar
7f381242c000-7f38124fe000 rw-p 00000000 00:00 0 
7f38124fe000-7f3812501000 ---p 00000000 00:00 0 
7f3812501000-7f3812603000 rw-p 00000000 00:00 0                          [stack:22843]
7f3812605000-7f3812606000 rw-p 00000000 00:00 0 
7f3812606000-7f381260e000 rw-s 00000000 08:01 274295                     /tmp/hsperfdata_vagrant/22842
7f381260e000-7f381260f000 rw-p 00000000 00:00 0 
7f381260f000-7f3812610000 ---p 00000000 00:00 0 
7f3812610000-7f3812612000 rw-p 00000000 00:00 0 
7f3812612000-7f3812613000 r--p 00022000 08:01 2949                       /lib/x86_64-linux-gnu/ld-2.19.so
7f3812613000-7f3812614000 rw-p 00023000 08:01 2949                       /lib/x86_64-linux-gnu/ld-2.19.so
7f3812614000-7f3812615000 rw-p 00000000 00:00 0 
7ffc220db000-7ffc220fc000 rw-p 00000000 00:00 0                          [stack]
7ffc22196000-7ffc22198000 r-xp 00000000 00:00 0                          [vdso]
ffffffffff600000-ffffffffff601000 r-xp 00000000 00:00 0                  [vsyscall]

VM Arguments:
java_command: ./target/running-location-synchronizer-1.0.0.BUILD-SNAPSHOT.jar
java_class_path (initial): ./target/running-location-synchronizer-1.0.0.BUILD-SNAPSHOT.jar
Launcher Type: SUN_STANDARD

Environment Variables:
JAVA_HOME=/usr/lib/jvm/java-8-oracle
PATH=/usr/local/sbin:/usr/local/bin:/usr/sbin:/usr/bin:/sbin:/bin:/usr/games:/usr/local/games:/usr/lib/jvm/java-8-oracle/bin:/usr/lib/jvm/java-8-oracle/db/bin:/usr/lib/jvm/java-8-oracle/jre/bin
SHELL=/bin/zsh
DISPLAY=:0.0

Signal Handlers:
SIGSEGV: [libjvm.so+0xacba10], sa_mask[0]=11111111011111111101111111111110, sa_flags=SA_RESTART|SA_SIGINFO
SIGBUS: [libjvm.so+0xacba10], sa_mask[0]=11111111011111111101111111111110, sa_flags=SA_RESTART|SA_SIGINFO
SIGFPE: [libjvm.so+0x924ba0], sa_mask[0]=11111111011111111101111111111110, sa_flags=SA_RESTART|SA_SIGINFO
SIGPIPE: [libjvm.so+0x924ba0], sa_mask[0]=11111111011111111101111111111110, sa_flags=SA_RESTART|SA_SIGINFO
SIGXFSZ: [libjvm.so+0x924ba0], sa_mask[0]=11111111011111111101111111111110, sa_flags=SA_RESTART|SA_SIGINFO
SIGILL: [libjvm.so+0x924ba0], sa_mask[0]=11111111011111111101111111111110, sa_flags=SA_RESTART|SA_SIGINFO
SIGUSR1: SIG_DFL, sa_mask[0]=00000000000000000000000000000000, sa_flags=none
SIGUSR2: [libjvm.so+0x9263e0], sa_mask[0]=00000000000000000000000000000000, sa_flags=SA_RESTART|SA_SIGINFO
SIGHUP: [libjvm.so+0x9277e0], sa_mask[0]=11111111011111111101111111111110, sa_flags=SA_RESTART|SA_SIGINFO
SIGINT: [libjvm.so+0x9277e0], sa_mask[0]=11111111011111111101111111111110, sa_flags=SA_RESTART|SA_SIGINFO
SIGTERM: [libjvm.so+0x9277e0], sa_mask[0]=11111111011111111101111111111110, sa_flags=SA_RESTART|SA_SIGINFO
SIGQUIT: [libjvm.so+0x9277e0], sa_mask[0]=11111111011111111101111111111110, sa_flags=SA_RESTART|SA_SIGINFO


---------------  S Y S T E M  ---------------

OS:DISTRIB_ID=Ubuntu
DISTRIB_RELEASE=14.04
DISTRIB_CODENAME=trusty
DISTRIB_DESCRIPTION="Ubuntu 14.04.5 LTS"

uname:Linux 3.13.0-132-generic #181-Ubuntu SMP Wed Sep 13 13:25:03 UTC 2017 x86_64
libc:glibc 2.19 NPTL 2.19 
rlimit: STACK 8192k, CORE 0k, NPROC 63709, NOFILE 4096, AS infinity
load average:1.25 0.51 0.34

/proc/meminfo:
MemTotal:        8176716 kB
MemFree:          123232 kB
Buffers:           15372 kB
Cached:           236836 kB
SwapCached:            0 kB
Active:          7738732 kB
Inactive:         135872 kB
Active(anon):    7623036 kB
Inactive(anon):    33336 kB
Active(file):     115696 kB
Inactive(file):   102536 kB
Unevictable:           4 kB
Mlocked:               4 kB
SwapTotal:             0 kB
SwapFree:              0 kB
Dirty:              8056 kB
Writeback:             0 kB
AnonPages:       7622840 kB
Mapped:            94732 kB
Shmem:             33772 kB
Slab:              57864 kB
SReclaimable:      26752 kB
SUnreclaim:        31112 kB
KernelStack:        7328 kB
PageTables:        45304 kB
NFS_Unstable:          0 kB
Bounce:                0 kB
WritebackTmp:          0 kB
CommitLimit:     4088356 kB
Committed_AS:   11968556 kB
VmallocTotal:   34359738367 kB
VmallocUsed:       21516 kB
VmallocChunk:   34359710716 kB
HardwareCorrupted:     0 kB
AnonHugePages:   4737024 kB
HugePages_Total:       0
HugePages_Free:        0
HugePages_Rsvd:        0
HugePages_Surp:        0
Hugepagesize:       2048 kB
DirectMap4k:       75712 kB
DirectMap2M:     8312832 kB


CPU:total 4 (initial active 4) (4 cores per cpu, 1 threads per core) family 6 model 70 stepping 1, cmov, cx8, fxsr, mmx, sse, sse2, sse3, ssse3, sse4.1, sse4.2, popcnt, avx, aes, clmul, lzcnt, tsc, tscinvbit

/proc/cpuinfo:
processor	: 0
vendor_id	: GenuineIntel
cpu family	: 6
model		: 70
model name	: Intel(R) Core(TM) i7-4770HQ CPU @ 2.20GHz
stepping	: 1
cpu MHz		: 2195.045
cache size	: 6144 KB
physical id	: 0
siblings	: 4
core id		: 0
cpu cores	: 4
apicid		: 0
initial apicid	: 0
fpu		: yes
fpu_exception	: yes
cpuid level	: 13
wp		: yes
flags		: fpu vme de pse tsc msr pae mce cx8 apic sep mtrr pge mca cmov pat pse36 clflush mmx fxsr sse sse2 ht syscall nx rdtscp lm constant_tsc rep_good nopl xtopology nonstop_tsc pni pclmulqdq ssse3 cx16 sse4_1 sse4_2 movbe popcnt aes xsave avx rdrand lahf_lm abm
bogomips	: 4390.09
clflush size	: 64
cache_alignment	: 64
address sizes	: 39 bits physical, 48 bits virtual
power management:

processor	: 1
vendor_id	: GenuineIntel
cpu family	: 6
model		: 70
model name	: Intel(R) Core(TM) i7-4770HQ CPU @ 2.20GHz
stepping	: 1
cpu MHz		: 2195.045
cache size	: 6144 KB
physical id	: 0
siblings	: 4
core id		: 1
cpu cores	: 4
apicid		: 1
initial apicid	: 1
fpu		: yes
fpu_exception	: yes
cpuid level	: 13
wp		: yes
flags		: fpu vme de pse tsc msr pae mce cx8 apic sep mtrr pge mca cmov pat pse36 clflush mmx fxsr sse sse2 ht syscall nx rdtscp lm constant_tsc rep_good nopl xtopology nonstop_tsc pni pclmulqdq ssse3 cx16 sse4_1 sse4_2 movbe popcnt aes xsave avx rdrand lahf_lm abm
bogomips	: 4390.09
clflush size	: 64
cache_alignment	: 64
address sizes	: 39 bits physical, 48 bits virtual
power management:

processor	: 2
vendor_id	: GenuineIntel
cpu family	: 6
model		: 70
model name	: Intel(R) Core(TM) i7-4770HQ CPU @ 2.20GHz
stepping	: 1
cpu MHz		: 2195.045
cache size	: 6144 KB
physical id	: 0
siblings	: 4
core id		: 2
cpu cores	: 4
apicid		: 2
initial apicid	: 2
fpu		: yes
fpu_exception	: yes
cpuid level	: 13
wp		: yes
flags		: fpu vme de pse tsc msr pae mce cx8 apic sep mtrr pge mca cmov pat pse36 clflush mmx fxsr sse sse2 ht syscall nx rdtscp lm constant_tsc rep_good nopl xtopology nonstop_tsc pni pclmulqdq ssse3 cx16 sse4_1 sse4_2 movbe popcnt aes xsave avx rdrand lahf_lm abm
bogomips	: 4390.09
clflush size	: 64
cache_alignment	: 64
address sizes	: 39 bits physical, 48 bits virtual
power management:

processor	: 3
vendor_id	: GenuineIntel
cpu family	: 6
model		: 70
model name	: Intel(R) Core(TM) i7-4770HQ CPU @ 2.20GHz
stepping	: 1
cpu MHz		: 2195.045
cache size	: 6144 KB
physical id	: 0
siblings	: 4
core id		: 3
cpu cores	: 4
apicid		: 3
initial apicid	: 3
fpu		: yes
fpu_exception	: yes
cpuid level	: 13
wp		: yes
flags		: fpu vme de pse tsc msr pae mce cx8 apic sep mtrr pge mca cmov pat pse36 clflush mmx fxsr sse sse2 ht syscall nx rdtscp lm constant_tsc rep_good nopl xtopology nonstop_tsc pni pclmulqdq ssse3 cx16 sse4_1 sse4_2 movbe popcnt aes xsave avx rdrand lahf_lm abm
bogomips	: 4390.09
clflush size	: 64
cache_alignment	: 64
address sizes	: 39 bits physical, 48 bits virtual
power management:



Memory: 4k page, physical 8176716k(123232k free), swap 0k(0k free)

vm_info: Java HotSpot(TM) 64-Bit Server VM (25.144-b01) for linux-amd64 JRE (1.8.0_144-b01), built on Jul 21 2017 21:57:33 by "java_re" with gcc 4.3.0 20080428 (Red Hat 4.3.0-8)

time: Thu Dec 21 16:14:12 2017
elapsed time: 3 seconds (0d 0h 0m 3s)

