#
# There is insufficient memory for the Java Runtime Environment to continue.
# Native memory allocation (mmap) failed to map 12288 bytes for committing reserved memory.
# Possible reasons:
#   The system is out of physical RAM or swap space
#   In 32 bit mode, the process size limit was hit
# Possible solutions:
#   Reduce memory load on the system
#   Increase physical memory or swap space
#   Check if swap backing store is full
#   Use 64 bit Java on a 64 bit OS
#   Decrease Java heap size (-Xmx/-Xms)
#   Decrease number of Java threads
#   Decrease Java thread stack sizes (-Xss)
#   Set larger code cache with -XX:ReservedCodeCacheSize=
# This output file may be truncated or incomplete.
#
#  Out of Memory Error (os_linux.cpp:2640), pid=21449, tid=0x00007effeee5f700
#
# JRE version: Java(TM) SE Runtime Environment (8.0_144-b01) (build 1.8.0_144-b01)
# Java VM: Java HotSpot(TM) 64-Bit Server VM (25.144-b01 mixed mode linux-amd64 compressed oops)
# Failed to write core dump. Core dumps have been disabled. To enable core dumping, try "ulimit -c unlimited" before starting Java again
#

---------------  T H R E A D  ---------------

Current thread (0x00007eff8801a800):  JavaThread "ServoPollScheduler-2" daemon [_thread_new, id=21489, stack(0x00007effeed5f000,0x00007effeee60000)]

Stack: [0x00007effeed5f000,0x00007effeee60000],  sp=0x00007effeee5eaa0,  free space=1022k
Native frames: (J=compiled Java code, j=interpreted, Vv=VM code, C=native code)
V  [libjvm.so+0xacb18a]  VMError::report_and_die()+0x2ba
V  [libjvm.so+0x4ff4db]  report_vm_out_of_memory(char const*, int, unsigned long, VMErrorType, char const*)+0x8b
V  [libjvm.so+0x927d23]  os::Linux::commit_memory_impl(char*, unsigned long, bool)+0x103
V  [libjvm.so+0x927dec]  os::pd_commit_memory(char*, unsigned long, bool)+0xc
V  [libjvm.so+0x9217ba]  os::commit_memory(char*, unsigned long, bool)+0x2a
V  [libjvm.so+0x9261df]  os::pd_create_stack_guard_pages(char*, unsigned long)+0x7f
V  [libjvm.so+0xa6ffce]  JavaThread::create_stack_guard_pages()+0x5e
V  [libjvm.so+0xa797b4]  JavaThread::run()+0x34
V  [libjvm.so+0x92a338]  java_start(Thread*)+0x108
C  [libpthread.so.0+0x8184]  start_thread+0xc4


---------------  P R O C E S S  ---------------

Java Threads: ( => current thread )
=>0x00007eff8801a800 JavaThread "ServoPollScheduler-2" daemon [_thread_new, id=21489, stack(0x00007effeed5f000,0x00007effeee60000)]
  0x00007effbf0fc000 JavaThread "http-nio-9005-Acceptor-0" daemon [_thread_in_native, id=21486, stack(0x00007eff8f3f8000,0x00007eff8f4f9000)]
  0x00007effbd0ba800 JavaThread "http-nio-9005-ClientPoller-1" daemon [_thread_in_native, id=21485, stack(0x00007eff8f4f9000,0x00007eff8f5fa000)]
  0x00007effbcb40000 JavaThread "http-nio-9005-ClientPoller-0" daemon [_thread_in_native, id=21484, stack(0x00007eff8f5fa000,0x00007eff8f6fb000)]
  0x00007effbd41b800 JavaThread "NioBlockingSelector.BlockPoller-1" daemon [_thread_in_native, id=21483, stack(0x00007eff8f6fb000,0x00007eff8f7fc000)]
  0x00007effbe681000 JavaThread "HystrixMetricPoller" [_thread_blocked, id=21482, stack(0x00007eff8f7fc000,0x00007eff8f8fd000)]
  0x00007eff88026000 JavaThread "ServoPollScheduler-1" daemon [_thread_blocked, id=21481, stack(0x00007eff8fafd000,0x00007eff8fbfe000)]
  0x00007eff8800d000 JavaThread "ServoMonitorGetValueLimiter-0" daemon [_thread_blocked, id=21480, stack(0x00007eff8fbfe000,0x00007eff8fcff000)]
  0x00007effa8165800 JavaThread "ServoPollScheduler-0" daemon [_thread_blocked, id=21479, stack(0x00007eff8fcff000,0x00007eff8fe00000)]
  0x00007effbd6b7800 JavaThread "DiscoveryClient-InstanceInfoReplicator-0" daemon [_thread_blocked, id=21478, stack(0x00007effec0d0000,0x00007effec1d1000)]
  0x00007effbcdaa000 JavaThread "DiscoveryClient-2" daemon [_thread_blocked, id=21477, stack(0x00007effec1d1000,0x00007effec2d2000)]
  0x00007effbcfe2000 JavaThread "DiscoveryClient-1" daemon [_thread_blocked, id=21476, stack(0x00007effec2d2000,0x00007effec3d3000)]
  0x00007effbd22d000 JavaThread "Eureka-JerseyClient-Conn-Cleaner2" daemon [_thread_blocked, id=21475, stack(0x00007effec5d3000,0x00007effec6d4000)]
  0x00007effbeebf800 JavaThread "DiscoveryClient-0" daemon [_thread_blocked, id=21474, stack(0x00007effed030000,0x00007effed131000)]
  0x00007effbc04b800 JavaThread "container-0" [_thread_blocked, id=21473, stack(0x00007effed131000,0x00007effed232000)]
  0x00007effb0864800 JavaThread "ContainerBackgroundProcessor[StandardEngine[Tomcat].StandardHost[localhost].StandardContext[]]" daemon [_thread_blocked, id=21472, stack(0x00007effed232000,0x00007effed333000)]
  0x00007f0008009800 JavaThread "DestroyJavaVM" [_thread_blocked, id=21450, stack(0x00007f00106c0000,0x00007f00107c1000)]
  0x00007f0008199800 JavaThread "Service Thread" daemon [_thread_blocked, id=21462, stack(0x00007effef36c000,0x00007effef46d000)]
  0x00007f0008184800 JavaThread "C1 CompilerThread2" daemon [_thread_blocked, id=21461, stack(0x00007effef46d000,0x00007effef56e000)]
  0x00007f0008182800 JavaThread "C2 CompilerThread1" daemon [_thread_blocked, id=21460, stack(0x00007effef56e000,0x00007effef66f000)]
  0x00007f0008180000 JavaThread "C2 CompilerThread0" daemon [_thread_in_vm, id=21459, stack(0x00007effef66f000,0x00007effef770000)]
  0x00007f000817e800 JavaThread "Signal Dispatcher" daemon [_thread_blocked, id=21458, stack(0x00007effef770000,0x00007effef871000)]
  0x00007f000814b000 JavaThread "Finalizer" daemon [_thread_blocked, id=21457, stack(0x00007effef9fa000,0x00007effefafb000)]
  0x00007f0008146800 JavaThread "Reference Handler" daemon [_thread_blocked, id=21456, stack(0x00007effefafb000,0x00007effefbfc000)]

Other Threads:
  0x00007f000813e800 VMThread [stack: 0x00007effefbfc000,0x00007effefcfd000] [id=21455]
  0x00007f000819c800 WatcherThread [stack: 0x00007effef26b000,0x00007effef36c000] [id=21463]

VM state:not at safepoint (normal execution)

VM Mutex/Monitor currently owned by a thread:  ([mutex/lock_event])
[0x00007f00080051d0] CodeCache_lock - owner thread: 0x00007f0008180000
[0x00007f0008006850] Compile_lock - owner thread: 0x00007f0008180000
[0x00007f0008006950] MethodCompileQueue_lock - owner thread: 0x00007f0008180000

Heap:
 PSYoungGen      total 667136K, used 223718K [0x00000000d6600000, 0x0000000100000000, 0x0000000100000000)
  eden space 652288K, 33% used [0x00000000d6600000,0x00000000e3a34d40,0x00000000fe300000)
  from space 14848K, 43% used [0x00000000fe300000,0x00000000fe944c88,0x00000000ff180000)
  to   space 14848K, 0% used [0x00000000ff180000,0x00000000ff180000,0x0000000100000000)
 ParOldGen       total 105984K, used 43663K [0x0000000083200000, 0x0000000089980000, 0x00000000d6600000)
  object space 105984K, 41% used [0x0000000083200000,0x0000000085ca3d90,0x0000000089980000)
 Metaspace       used 42612K, capacity 43208K, committed 43392K, reserved 1087488K
  class space    used 5311K, capacity 5492K, committed 5504K, reserved 1048576K

Card table byte_map: [0x00007f000d073000,0x00007f000d45b000] byte_map_base: 0x00007f000cc5a000

Marking Bits: (ParMarkBitMap*) 0x00007f000fb83dc0
 Begin Bits: [0x00007efff5190000, 0x00007efff70c8000)
 End Bits:   [0x00007efff70c8000, 0x00007efff9000000)

Polling page: 0x00007f00107d1000

CodeCache: size=245760Kb used=16561Kb max_used=16865Kb free=229198Kb
 bounds [0x00007efff9000000, 0x00007efffa090000, 0x00007f0008000000]
 total_blobs=4994 nmethods=4527 adapters=377
 compilation: enabled

Compilation events (10 events):
Event: 15.512 Thread 0x00007f0008184800 nmethod 5391 0x00007efff9686a10 code [0x00007efff9686ba0, 0x00007efff9686e68]
Event: 15.517 Thread 0x00007f0008184800 5392       2       java.util.concurrent.ConcurrentHashMap$BaseIterator::remove (37 bytes)
Event: 15.518 Thread 0x00007f0008184800 nmethod 5392 0x00007efff943c990 code [0x00007efff943cb20, 0x00007efff943cd78]
Event: 18.521 Thread 0x00007f0008184800 5393       1       sun.misc.SharedSecrets::getJavaLangAccess (4 bytes)
Event: 20.559 Thread 0x00007f0008184800 nmethod 5393 0x00007efff953ab90 code [0x00007efff953ace0, 0x00007efff953add0]
Event: 20.578 Thread 0x00007f0008184800 5400       1       java.util.concurrent.locks.AbstractQueuedSynchronizer::setState (6 bytes)
Event: 20.663 Thread 0x00007f0008184800 nmethod 5400 0x00007efff92a1110 code [0x00007efff92a1260, 0x00007efff92a1370]
Event: 20.663 Thread 0x00007f0008184800 5394       2       com.netflix.servo.tag.SmallTagMap$Builder::result (94 bytes)
Event: 20.717 Thread 0x00007f0008184800 nmethod 5394 0x00007efff9648c10 code [0x00007efff9648da0, 0x00007efff9649228]
Event: 20.896 Thread 0x00007f0008182800 nmethod 5311 0x00007efff9be5350 code [0x00007efff9be61c0, 0x00007efff9bf3318]

GC Heap History (10 events):
Event: 7.449 GC heap before
{Heap before GC invocations=11 (full 1):
 PSYoungGen      total 535552K, used 531483K [0x00000000d6600000, 0x0000000100000000, 0x0000000100000000)
  eden space 524288K, 100% used [0x00000000d6600000,0x00000000f6600000,0x00000000f6600000)
  from space 11264K, 63% used [0x00000000f6600000,0x00000000f6d06f40,0x00000000f7100000)
  to   space 11264K, 0% used [0x00000000ff500000,0x00000000ff500000,0x0000000100000000)
 ParOldGen       total 77824K, used 28795K [0x0000000083200000, 0x0000000087e00000, 0x00000000d6600000)
  object space 77824K, 37% used [0x0000000083200000,0x0000000084e1eca0,0x0000000087e00000)
 Metaspace       used 29690K, capacity 29902K, committed 30208K, reserved 1075200K
  class space    used 3662K, capacity 3728K, committed 3840K, reserved 1048576K
Event: 7.467 GC heap after
Heap after GC invocations=11 (full 1):
 PSYoungGen      total 667648K, used 11244K [0x00000000d6600000, 0x0000000100000000, 0x0000000100000000)
  eden space 656384K, 0% used [0x00000000d6600000,0x00000000d6600000,0x00000000fe700000)
  from space 11264K, 99% used [0x00000000ff500000,0x00000000ffffb3e8,0x0000000100000000)
  to   space 12800K, 0% used [0x00000000fe700000,0x00000000fe700000,0x00000000ff380000)
 ParOldGen       total 77824K, used 31735K [0x0000000083200000, 0x0000000087e00000, 0x00000000d6600000)
  object space 77824K, 40% used [0x0000000083200000,0x00000000850fdf98,0x0000000087e00000)
 Metaspace       used 29690K, capacity 29902K, committed 30208K, reserved 1075200K
  class space    used 3662K, capacity 3728K, committed 3840K, reserved 1048576K
}
Event: 10.001 GC heap before
{Heap before GC invocations=12 (full 1):
 PSYoungGen      total 667648K, used 599669K [0x00000000d6600000, 0x0000000100000000, 0x0000000100000000)
  eden space 656384K, 89% used [0x00000000d6600000,0x00000000fa4a2148,0x00000000fe700000)
  from space 11264K, 99% used [0x00000000ff500000,0x00000000ffffb3e8,0x0000000100000000)
  to   space 12800K, 0% used [0x00000000fe700000,0x00000000fe700000,0x00000000ff380000)
 ParOldGen       total 77824K, used 31735K [0x0000000083200000, 0x0000000087e00000, 0x00000000d6600000)
  object space 77824K, 40% used [0x0000000083200000,0x00000000850fdf98,0x0000000087e00000)
 Metaspace       used 34965K, capacity 35286K, committed 35456K, reserved 1081344K
  class space    used 4318K, capacity 4451K, committed 4480K, reserved 1048576K
Event: 10.074 GC heap after
Heap after GC invocations=12 (full 1):
 PSYoungGen      total 669184K, used 12739K [0x00000000d6600000, 0x0000000100000000, 0x0000000100000000)
  eden space 656384K, 0% used [0x00000000d6600000,0x00000000d6600000,0x00000000fe700000)
  from space 12800K, 99% used [0x00000000fe700000,0x00000000ff370e28,0x00000000ff380000)
  to   space 12800K, 0% used [0x00000000ff380000,0x00000000ff380000,0x0000000100000000)
 ParOldGen       total 77824K, used 38092K [0x0000000083200000, 0x0000000087e00000, 0x00000000d6600000)
  object space 77824K, 48% used [0x0000000083200000,0x0000000085733068,0x0000000087e00000)
 Metaspace       used 34965K, capacity 35286K, committed 35456K, reserved 1081344K
  class space    used 4318K, capacity 4451K, committed 4480K, reserved 1048576K
}
Event: 10.074 GC heap before
{Heap before GC invocations=13 (full 2):
 PSYoungGen      total 669184K, used 12739K [0x00000000d6600000, 0x0000000100000000, 0x0000000100000000)
  eden space 656384K, 0% used [0x00000000d6600000,0x00000000d6600000,0x00000000fe700000)
  from space 12800K, 99% used [0x00000000fe700000,0x00000000ff370e28,0x00000000ff380000)
  to   space 12800K, 0% used [0x00000000ff380000,0x00000000ff380000,0x0000000100000000)
 ParOldGen       total 77824K, used 38092K [0x0000000083200000, 0x0000000087e00000, 0x00000000d6600000)
  object space 77824K, 48% used [0x0000000083200000,0x0000000085733068,0x0000000087e00000)
 Metaspace       used 34965K, capacity 35286K, committed 35456K, reserved 1081344K
  class space    used 4318K, capacity 4451K, committed 4480K, reserved 1048576K
Event: 10.185 GC heap after
Heap after GC invocations=13 (full 2):
 PSYoungGen      total 669184K, used 0K [0x00000000d6600000, 0x0000000100000000, 0x0000000100000000)
  eden space 656384K, 0% used [0x00000000d6600000,0x00000000d6600000,0x00000000fe700000)
  from space 12800K, 0% used [0x00000000fe700000,0x00000000fe700000,0x00000000ff380000)
  to   space 12800K, 0% used [0x00000000ff380000,0x00000000ff380000,0x0000000100000000)
 ParOldGen       total 105984K, used 39955K [0x0000000083200000, 0x0000000089980000, 0x00000000d6600000)
  object space 105984K, 37% used [0x0000000083200000,0x0000000085904f60,0x0000000089980000)
 Metaspace       used 34965K, capacity 35286K, committed 35456K, reserved 1081344K
  class space    used 4318K, capacity 4451K, committed 4480K, reserved 1048576K
}
Event: 12.450 GC heap before
{Heap before GC invocations=14 (full 2):
 PSYoungGen      total 669184K, used 656384K [0x00000000d6600000, 0x0000000100000000, 0x0000000100000000)
  eden space 656384K, 100% used [0x00000000d6600000,0x00000000fe700000,0x00000000fe700000)
  from space 12800K, 0% used [0x00000000fe700000,0x00000000fe700000,0x00000000ff380000)
  to   space 12800K, 0% used [0x00000000ff380000,0x00000000ff380000,0x0000000100000000)
 ParOldGen       total 105984K, used 39955K [0x0000000083200000, 0x0000000089980000, 0x00000000d6600000)
  object space 105984K, 37% used [0x0000000083200000,0x0000000085904f60,0x0000000089980000)
 Metaspace       used 40027K, capacity 40388K, committed 40832K, reserved 1085440K
  class space    used 5015K, capacity 5144K, committed 5248K, reserved 1048576K
Event: 12.472 GC heap after
Heap after GC invocations=14 (full 2):
 PSYoungGen      total 665088K, used 12690K [0x00000000d6600000, 0x0000000100000000, 0x0000000100000000)
  eden space 652288K, 0% used [0x00000000d6600000,0x00000000d6600000,0x00000000fe300000)
  from space 12800K, 99% used [0x00000000ff380000,0x00000000fffe4a40,0x0000000100000000)
  to   space 14848K, 0% used [0x00000000fe300000,0x00000000fe300000,0x00000000ff180000)
 ParOldGen       total 105984K, used 39963K [0x0000000083200000, 0x0000000089980000, 0x00000000d6600000)
  object space 105984K, 37% used [0x0000000083200000,0x0000000085906f60,0x0000000089980000)
 Metaspace       used 40027K, capacity 40388K, committed 40832K, reserved 1085440K
  class space    used 5015K, capacity 5144K, committed 5248K, reserved 1048576K
}
Event: 14.119 GC heap before
{Heap before GC invocations=15 (full 2):
 PSYoungGen      total 665088K, used 664978K [0x00000000d6600000, 0x0000000100000000, 0x0000000100000000)
  eden space 652288K, 100% used [0x00000000d6600000,0x00000000fe300000,0x00000000fe300000)
  from space 12800K, 99% used [0x00000000ff380000,0x00000000fffe4a40,0x0000000100000000)
  to   space 14848K, 0% used [0x00000000fe300000,0x00000000fe300000,0x00000000ff180000)
 ParOldGen       total 105984K, used 39963K [0x0000000083200000, 0x0000000089980000, 0x00000000d6600000)
  object space 105984K, 37% used [0x0000000083200000,0x0000000085906f60,0x0000000089980000)
 Metaspace       used 41325K, capacity 41816K, committed 42240K, reserved 1085440K
  class space    used 5172K, capacity 5324K, committed 5376K, reserved 1048576K
Event: 14.225 GC heap after
Heap after GC invocations=15 (full 2):
 PSYoungGen      total 667136K, used 6419K [0x00000000d6600000, 0x0000000100000000, 0x0000000100000000)
  eden space 652288K, 0% used [0x00000000d6600000,0x00000000d6600000,0x00000000fe300000)
  from space 14848K, 43% used [0x00000000fe300000,0x00000000fe944c88,0x00000000ff180000)
  to   space 14848K, 0% used [0x00000000ff180000,0x00000000ff180000,0x0000000100000000)
 ParOldGen       total 105984K, used 43663K [0x0000000083200000, 0x0000000089980000, 0x00000000d6600000)
  object space 105984K, 41% used [0x0000000083200000,0x0000000085ca3d90,0x0000000089980000)
 Metaspace       used 41325K, capacity 41816K, committed 42240K, reserved 1085440K
  class space    used 5172K, capacity 5324K, committed 5376K, reserved 1048576K
}

Deoptimization events (10 events):
Event: 14.634 Thread 0x00007f000821b000 Uncommon trap: reason=class_check action=maybe_recompile pc=0x00007efff91d2db0 method=java.lang.String.equals(Ljava/lang/Object;)Z @ 8
Event: 14.635 Thread 0x00007f000821b000 Uncommon trap: reason=class_check action=maybe_recompile pc=0x00007efff91d2db0 method=java.lang.String.equals(Ljava/lang/Object;)Z @ 8
Event: 14.635 Thread 0x00007f000821b000 Uncommon trap: reason=class_check action=maybe_recompile pc=0x00007efff91d2db0 method=java.lang.String.equals(Ljava/lang/Object;)Z @ 8
Event: 14.636 Thread 0x00007f000821b000 Uncommon trap: reason=class_check action=maybe_recompile pc=0x00007efff91d2db0 method=java.lang.String.equals(Ljava/lang/Object;)Z @ 8
Event: 14.794 Thread 0x00007f000821b000 Uncommon trap: reason=unstable_if action=reinterpret pc=0x00007efff928b5e8 method=org.springframework.util.ObjectUtils.nullSafeEquals(Ljava/lang/Object;Ljava/lang/Object;)Z @ 8
Event: 14.800 Thread 0x00007f000821b000 Uncommon trap: reason=bimorphic action=maybe_recompile pc=0x00007efff9662d3c method=org.springframework.core.env.PropertySource.containsProperty(Ljava/lang/String;)Z @ 2
Event: 14.804 Thread 0x00007f000821b000 Uncommon trap: reason=bimorphic action=maybe_recompile pc=0x00007efff9662d3c method=org.springframework.core.env.PropertySource.containsProperty(Ljava/lang/String;)Z @ 2
Event: 14.843 Thread 0x00007f000821b000 Uncommon trap: reason=bimorphic action=maybe_recompile pc=0x00007efff9662d3c method=org.springframework.core.env.PropertySource.containsProperty(Ljava/lang/String;)Z @ 2
Event: 14.849 Thread 0x00007f000821b000 Uncommon trap: reason=bimorphic action=maybe_recompile pc=0x00007efff9662d3c method=org.springframework.core.env.PropertySource.containsProperty(Ljava/lang/String;)Z @ 2
Event: 14.867 Thread 0x00007effbd6b7800 Uncommon trap: reason=bimorphic action=maybe_recompile pc=0x00007efff957781c method=java.util.concurrent.ConcurrentHashMap.putVal(Ljava/lang/Object;Ljava/lang/Object;Z)Ljava/lang/Object; @ 192

Internal exceptions (10 events):
Event: 14.733 Thread 0x00007f000821b000 Exception <a 'java/lang/ClassNotFoundException': org/springframework/cloud/context/scope/refresh/RefreshScopeCustomizer> (0x00000000df4c4d10) thrown at [/HUDSON3/workspace/8-2-build-linux-amd64/jdk8u144/9417/hotspot/src/share/vm/classfile/systemDictionary
Event: 14.736 Thread 0x00007f000821b000 Exception <a 'java/lang/ClassNotFoundException': java/lang/ObjectCustomizer> (0x00000000df5b3f08) thrown at [/HUDSON3/workspace/8-2-build-linux-amd64/jdk8u144/9417/hotspot/src/share/vm/classfile/systemDictionary.cpp, line 210]
Event: 14.738 Thread 0x00007f000821b000 Exception <a 'java/lang/ClassNotFoundException': org/springframework/cloud/context/scope/GenericScopeCustomizer> (0x00000000df70de38) thrown at [/HUDSON3/workspace/8-2-build-linux-amd64/jdk8u144/9417/hotspot/src/share/vm/classfile/systemDictionary.cpp, li
Event: 14.794 Thread 0x00007f000821b000 Implicit null exception at 0x00007efff928b4a5 to 0x00007efff928b5d3
Event: 14.808 Thread 0x00007f000821b000 Exception <a 'java/lang/ClassNotFoundException': java/lang/ObjectCustomizer> (0x00000000dfa718c8) thrown at [/HUDSON3/workspace/8-2-build-linux-amd64/jdk8u144/9417/hotspot/src/share/vm/classfile/systemDictionary.cpp, line 210]
Event: 14.810 Thread 0x00007f000821b000 Exception <a 'java/lang/ClassNotFoundException': org/springframework/boot/actuate/endpoint/jmx/EndpointMBeanCustomizer> (0x00000000dfbd9260) thrown at [/HUDSON3/workspace/8-2-build-linux-amd64/jdk8u144/9417/hotspot/src/share/vm/classfile/systemDictionary.
Event: 14.812 Thread 0x00007f000821b000 Exception <a 'java/lang/ClassNotFoundException': org/springframework/boot/actuate/endpoint/jmx/DataEndpointMBeanCustomizer> (0x00000000dfd49890) thrown at [/HUDSON3/workspace/8-2-build-linux-amd64/jdk8u144/9417/hotspot/src/share/vm/classfile/systemDiction
Event: 14.838 Thread 0x00007f000821b000 Exception <a 'java/lang/ClassNotFoundException': java/lang/ObjectCustomizer> (0x00000000dfe00938) thrown at [/HUDSON3/workspace/8-2-build-linux-amd64/jdk8u144/9417/hotspot/src/share/vm/classfile/systemDictionary.cpp, line 210]
Event: 14.841 Thread 0x00007f000821b000 Exception <a 'java/lang/ClassNotFoundException': org/springframework/boot/actuate/endpoint/jmx/EndpointMBeanCustomizer> (0x00000000dff68270) thrown at [/HUDSON3/workspace/8-2-build-linux-amd64/jdk8u144/9417/hotspot/src/share/vm/classfile/systemDictionary.
Event: 14.848 Thread 0x00007effbd6b7800 Exception <a 'java/net/SocketTimeoutException': Read timed out> (0x00000000e0188a50) thrown at [/HUDSON3/workspace/8-2-build-linux-amd64/jdk8u144/9417/hotspot/src/share/vm/prims/jni.cpp, line 735]

Events (10 events):
Event: 15.433 loading class javax/servlet/SingleThreadModel
Event: 15.433 loading class javax/servlet/SingleThreadModel done
Event: 15.434 loading class org/apache/catalina/ContainerEvent
Event: 15.434 loading class org/apache/catalina/ContainerEvent done
Event: 15.588 Thread 0x00007f000821b000 Thread exited: 0x00007f000821b000
Event: 18.045 Executing VM operation: RevokeBias
Event: 18.483 Executing VM operation: RevokeBias done
Event: 18.513 Thread 0x00007effb4831800 Thread exited: 0x00007effb4831800
Event: 18.518 Thread 0x00007effbd123800 Thread exited: 0x00007effbd123800
Event: 20.717 Thread 0x00007eff8801a800 Thread added: 0x00007eff8801a800


Dynamic libraries:
00400000-00401000 r-xp 00000000 08:01 409108                             /usr/lib/jvm/java-8-oracle/jre/bin/java
00600000-00601000 rw-p 00000000 08:01 409108                             /usr/lib/jvm/java-8-oracle/jre/bin/java
01b44000-01b65000 rw-p 00000000 00:00 0                                  [heap]
83200000-89980000 rw-p 00000000 00:00 0 
89980000-d6600000 ---p 00000000 00:00 0 
d6600000-100000000 rw-p 00000000 00:00 0 
100000000-100560000 rw-p 00000000 00:00 0 
100560000-140000000 ---p 00000000 00:00 0 
7eff70000000-7eff70021000 rw-p 00000000 00:00 0 
7eff70021000-7eff74000000 ---p 00000000 00:00 0 
7eff74000000-7eff74021000 rw-p 00000000 00:00 0 
7eff74021000-7eff78000000 ---p 00000000 00:00 0 
7eff78000000-7eff78033000 rw-p 00000000 00:00 0 
7eff78033000-7eff7c000000 ---p 00000000 00:00 0 
7eff7c000000-7eff7c021000 rw-p 00000000 00:00 0 
7eff7c021000-7eff80000000 ---p 00000000 00:00 0 
7eff80000000-7eff80021000 rw-p 00000000 00:00 0 
7eff80021000-7eff84000000 ---p 00000000 00:00 0 
7eff84000000-7eff84021000 rw-p 00000000 00:00 0 
7eff84021000-7eff88000000 ---p 00000000 00:00 0 
7eff88000000-7eff88028000 rw-p 00000000 00:00 0 
7eff88028000-7eff8c000000 ---p 00000000 00:00 0 
7eff8f3f8000-7eff8f3fb000 ---p 00000000 00:00 0 
7eff8f3fb000-7eff8f4f9000 rw-p 00000000 00:00 0                          [stack:21486]
7eff8f4f9000-7eff8f4fc000 ---p 00000000 00:00 0 
7eff8f4fc000-7eff8f5fa000 rw-p 00000000 00:00 0                          [stack:21485]
7eff8f5fa000-7eff8f5fd000 ---p 00000000 00:00 0 
7eff8f5fd000-7eff8f6fb000 rw-p 00000000 00:00 0                          [stack:21484]
7eff8f6fb000-7eff8f6fe000 ---p 00000000 00:00 0 
7eff8f6fe000-7eff8f7fc000 rw-p 00000000 00:00 0                          [stack:21483]
7eff8f7fc000-7eff8f7ff000 ---p 00000000 00:00 0 
7eff8f7ff000-7eff8f9fd000 rw-p 00000000 00:00 0                          [stack:21482]
7eff8f9fd000-7eff8fafd000 ---p 00000000 00:00 0 
7eff8fafd000-7eff8fb00000 ---p 00000000 00:00 0 
7eff8fb00000-7eff8fbfe000 rw-p 00000000 00:00 0                          [stack:21481]
7eff8fbfe000-7eff8fc01000 ---p 00000000 00:00 0 
7eff8fc01000-7eff8fcff000 rw-p 00000000 00:00 0                          [stack:21480]
7eff8fcff000-7eff8fd02000 ---p 00000000 00:00 0 
7eff8fd02000-7eff90000000 rw-p 00000000 00:00 0                          [stack:21479]
7eff90000000-7eff90021000 rw-p 00000000 00:00 0 
7eff90021000-7eff94000000 ---p 00000000 00:00 0 
7eff94000000-7eff941d0000 rw-p 00000000 00:00 0 
7eff941d0000-7eff98000000 ---p 00000000 00:00 0 
7eff98000000-7eff98021000 rw-p 00000000 00:00 0 
7eff98021000-7eff9c000000 ---p 00000000 00:00 0 
7eff9c000000-7eff9c021000 rw-p 00000000 00:00 0 
7eff9c021000-7effa0000000 ---p 00000000 00:00 0 
7effa0000000-7effa0021000 rw-p 00000000 00:00 0 
7effa0021000-7effa4000000 ---p 00000000 00:00 0 
7effa4000000-7effa4021000 rw-p 00000000 00:00 0 
7effa4021000-7effa8000000 ---p 00000000 00:00 0 
7effa8000000-7effa893d000 rw-p 00000000 00:00 0 
7effa893d000-7effac000000 ---p 00000000 00:00 0 
7effac000000-7effac021000 rw-p 00000000 00:00 0 
7effac021000-7effb0000000 ---p 00000000 00:00 0 
7effb0000000-7effb1cbe000 rw-p 00000000 00:00 0 
7effb1cbe000-7effb4000000 ---p 00000000 00:00 0 
7effb4000000-7effb4eee000 rw-p 00000000 00:00 0 
7effb4eee000-7effb8000000 ---p 00000000 00:00 0 
7effb8000000-7effb8021000 rw-p 00000000 00:00 0 
7effb8021000-7effbc000000 ---p 00000000 00:00 0 
7effbc000000-7effc0000000 rw-p 00000000 00:00 0 
7effc0000000-7effc0e38000 rw-p 00000000 00:00 0 
7effc0e38000-7effc4000000 ---p 00000000 00:00 0 
7effc4000000-7effc4021000 rw-p 00000000 00:00 0 
7effc4021000-7effc8000000 ---p 00000000 00:00 0 
7effc8000000-7effca0d3000 rw-p 00000000 00:00 0 
7effca0d3000-7effcc000000 ---p 00000000 00:00 0 
7effcc000000-7effce762000 rw-p 00000000 00:00 0 
7effce762000-7effd0000000 ---p 00000000 00:00 0 
7effd0000000-7effd0021000 rw-p 00000000 00:00 0 
7effd0021000-7effd4000000 ---p 00000000 00:00 0 
7effd4000000-7effd4021000 rw-p 00000000 00:00 0 
7effd4021000-7effd8000000 ---p 00000000 00:00 0 
7effd8000000-7effd8074000 rw-p 00000000 00:00 0 
7effd8074000-7effdc000000 ---p 00000000 00:00 0 
7effdc000000-7effdc021000 rw-p 00000000 00:00 0 
7effdc021000-7effe0000000 ---p 00000000 00:00 0 
7effe0000000-7effe0021000 rw-p 00000000 00:00 0 
7effe0021000-7effe4000000 ---p 00000000 00:00 0 
7effe4000000-7effe4021000 rw-p 00000000 00:00 0 
7effe4021000-7effe8000000 ---p 00000000 00:00 0 
7effe8000000-7effe8021000 rw-p 00000000 00:00 0 
7effe8021000-7effec000000 ---p 00000000 00:00 0 
7effec0d0000-7effec0d3000 ---p 00000000 00:00 0 
7effec0d3000-7effec1d1000 rw-p 00000000 00:00 0                          [stack:21478]
7effec1d1000-7effec1d4000 ---p 00000000 00:00 0 
7effec1d4000-7effec2d2000 rw-p 00000000 00:00 0                          [stack:21477]
7effec2d2000-7effec2d5000 ---p 00000000 00:00 0 
7effec2d5000-7effec5d3000 rw-p 00000000 00:00 0                          [stack:21476]
7effec5d3000-7effec5d6000 ---p 00000000 00:00 0 
7effec5d6000-7effec6d4000 rw-p 00000000 00:00 0                          [stack:21475]
7effec6d4000-7effec6ea000 r-xp 00000000 08:01 2971                       /lib/x86_64-linux-gnu/libgcc_s.so.1
7effec6ea000-7effec8e9000 ---p 00016000 08:01 2971                       /lib/x86_64-linux-gnu/libgcc_s.so.1
7effec8e9000-7effec8ea000 rw-p 00015000 08:01 2971                       /lib/x86_64-linux-gnu/libgcc_s.so.1
7effec8ea000-7effec91c000 r-xp 00000000 08:01 409213                     /usr/lib/jvm/java-8-oracle/jre/lib/amd64/libsunec.so
7effec91c000-7effecb1b000 ---p 00032000 08:01 409213                     /usr/lib/jvm/java-8-oracle/jre/lib/amd64/libsunec.so
7effecb1b000-7effecb21000 rw-p 00031000 08:01 409213                     /usr/lib/jvm/java-8-oracle/jre/lib/amd64/libsunec.so
7effecb21000-7effecb31000 rw-p 00000000 00:00 0 
7effecc30000-7effece30000 rw-p 00000000 00:00 0 
7effece30000-7effed030000 rw-p 00000000 00:00 0 
7effed030000-7effed033000 ---p 00000000 00:00 0 
7effed033000-7effed131000 rw-p 00000000 00:00 0                          [stack:21474]
7effed131000-7effed134000 ---p 00000000 00:00 0 
7effed134000-7effed232000 rw-p 00000000 00:00 0                          [stack:21473]
7effed232000-7effed235000 ---p 00000000 00:00 0 
7effed235000-7effed533000 rw-p 00000000 00:00 0                          [stack:21472]
7effed533000-7effed733000 rw-p 00000000 00:00 0 
7effed733000-7effed933000 rw-p 00000000 00:00 0 
7effed933000-7effedb33000 rw-p 00000000 00:00 0 
7effedb33000-7effedd33000 rw-p 00000000 00:00 0 
7effedd33000-7effedf33000 rw-p 00000000 00:00 0 
7effedf33000-7effedf44000 r-xp 00000000 08:01 409176                     /usr/lib/jvm/java-8-oracle/jre/lib/amd64/libnio.so
7effedf44000-7effee143000 ---p 00011000 08:01 409176                     /usr/lib/jvm/java-8-oracle/jre/lib/amd64/libnio.so
7effee143000-7effee144000 rw-p 00010000 08:01 409176                     /usr/lib/jvm/java-8-oracle/jre/lib/amd64/libnio.so
7effee144000-7effee344000 rw-p 00000000 00:00 0 
7effee344000-7effee544000 rw-p 00000000 00:00 0 
7effee544000-7effee744000 rw-p 00000000 00:00 0 
7effee744000-7effee944000 rw-p 00000000 00:00 0 
7effee944000-7effee947000 r-xp 00000000 08:01 59291                      /lib/x86_64-linux-gnu/libnss_myhostname.so.2
7effee947000-7effeeb46000 ---p 00003000 08:01 59291                      /lib/x86_64-linux-gnu/libnss_myhostname.so.2
7effeeb46000-7effeeb47000 r--p 00002000 08:01 59291                      /lib/x86_64-linux-gnu/libnss_myhostname.so.2
7effeeb47000-7effeeb48000 rw-p 00003000 08:01 59291                      /lib/x86_64-linux-gnu/libnss_myhostname.so.2
7effeeb48000-7effeeb5e000 r-xp 00000000 08:01 409195                     /usr/lib/jvm/java-8-oracle/jre/lib/amd64/libnet.so
7effeeb5e000-7effeed5e000 ---p 00016000 08:01 409195                     /usr/lib/jvm/java-8-oracle/jre/lib/amd64/libnet.so
7effeed5e000-7effeed5f000 rw-p 00016000 08:01 409195                     /usr/lib/jvm/java-8-oracle/jre/lib/amd64/libnet.so
7effeed62000-7effeee60000 rw-p 00000000 00:00 0                          [stack:21489]
7effeee60000-7effeee63000 ---p 00000000 00:00 0 
7effeee63000-7effeef61000 rw-p 00000000 00:00 0 
7effeef61000-7effeef64000 ---p 00000000 00:00 0 
7effeef64000-7effef062000 rw-p 00000000 00:00 0 
7effef062000-7effef06b000 r-xp 00000000 08:01 409227                     /usr/lib/jvm/java-8-oracle/jre/lib/amd64/libmanagement.so
7effef06b000-7effef26a000 ---p 00009000 08:01 409227                     /usr/lib/jvm/java-8-oracle/jre/lib/amd64/libmanagement.so
7effef26a000-7effef26b000 rw-p 00008000 08:01 409227                     /usr/lib/jvm/java-8-oracle/jre/lib/amd64/libmanagement.so
7effef26b000-7effef26c000 ---p 00000000 00:00 0 
7effef26c000-7effef36c000 rw-p 00000000 00:00 0                          [stack:21463]
7effef36c000-7effef36f000 ---p 00000000 00:00 0 
7effef36f000-7effef46d000 rw-p 00000000 00:00 0                          [stack:21462]
7effef46d000-7effef470000 ---p 00000000 00:00 0 
7effef470000-7effef56e000 rw-p 00000000 00:00 0                          [stack:21461]
7effef56e000-7effef571000 ---p 00000000 00:00 0 
7effef571000-7effef66f000 rw-p 00000000 00:00 0                          [stack:21460]
7effef66f000-7effef672000 ---p 00000000 00:00 0 
7effef672000-7effef770000 rw-p 00000000 00:00 0                          [stack:21459]
7effef770000-7effef773000 ---p 00000000 00:00 0 
7effef773000-7effef871000 rw-p 00000000 00:00 0                          [stack:21458]
7effef871000-7effef9fa000 r--p 00000000 08:01 27112                      /usr/lib/locale/locale-archive
7effef9fa000-7effef9fd000 ---p 00000000 00:00 0 
7effef9fd000-7effefafb000 rw-p 00000000 00:00 0                          [stack:21457]
7effefafb000-7effefafe000 ---p 00000000 00:00 0 
7effefafe000-7effefbfc000 rw-p 00000000 00:00 0                          [stack:21456]
7effefbfc000-7effefbfd000 ---p 00000000 00:00 0 
7effefbfd000-7efff0000000 rw-p 00000000 00:00 0                          [stack:21455]
7efff0000000-7efff0021000 rw-p 00000000 00:00 0 
7efff0021000-7efff4000000 ---p 00000000 00:00 0 
7efff4074000-7efff4087000 r--s 00345000 08:01 409126                     /usr/lib/jvm/java-8-oracle/jre/lib/resources.jar
7efff4087000-7efff9000000 rw-p 00000000 00:00 0 
7efff9000000-7efffa090000 rwxp 00000000 00:00 0 
7efffa0a0000-7f0008000000 ---p 00000000 00:00 0 
7f0008000000-7f0008489000 rw-p 00000000 00:00 0 
7f0008489000-7f000c000000 ---p 00000000 00:00 0 
7f000c006000-7f000c09b000 r--s 01110000 08:01 409352                     /usr/lib/jvm/java-8-oracle/jre/lib/ext/jfxrt.jar
7f000c09b000-7f000c39e000 rw-p 00000000 00:00 0 
7f000c39e000-7f000c578000 r--s 03d4d000 08:01 409330                     /usr/lib/jvm/java-8-oracle/jre/lib/rt.jar
7f000c578000-7f000c9d5000 rw-p 00000000 00:00 0 
7f000c9d5000-7f000c9d6000 ---p 00000000 00:00 0 
7f000c9d6000-7f000cad6000 rw-p 00000000 00:00 0                          [stack:21454]
7f000cad6000-7f000cad7000 ---p 00000000 00:00 0 
7f000cad7000-7f000cbd7000 rw-p 00000000 00:00 0                          [stack:21453]
7f000cbd7000-7f000cbd8000 ---p 00000000 00:00 0 
7f000cbd8000-7f000ccd8000 rw-p 00000000 00:00 0                          [stack:21452]
7f000ccd8000-7f000ccd9000 ---p 00000000 00:00 0 
7f000ccd9000-7f000ce0d000 rw-p 00000000 00:00 0                          [stack:21451]
7f000ce0d000-7f000d073000 ---p 00000000 00:00 0 
7f000d073000-7f000d0a7000 rw-p 00000000 00:00 0 
7f000d0a7000-7f000d30d000 ---p 00000000 00:00 0 
7f000d30d000-7f000d45a000 rw-p 00000000 00:00 0 
7f000d45a000-7f000d49e000 rw-p 00000000 00:00 0 
7f000d49e000-7f000d81b000 ---p 00000000 00:00 0 
7f000d81b000-7f000d835000 r-xp 00000000 08:01 409202                     /usr/lib/jvm/java-8-oracle/jre/lib/amd64/libzip.so
7f000d835000-7f000da35000 ---p 0001a000 08:01 409202                     /usr/lib/jvm/java-8-oracle/jre/lib/amd64/libzip.so
7f000da35000-7f000da36000 rw-p 0001a000 08:01 409202                     /usr/lib/jvm/java-8-oracle/jre/lib/amd64/libzip.so
7f000da36000-7f000da40000 r-xp 00000000 08:01 3144                       /lib/x86_64-linux-gnu/libnss_files-2.19.so
7f000da40000-7f000dc3f000 ---p 0000a000 08:01 3144                       /lib/x86_64-linux-gnu/libnss_files-2.19.so
7f000dc3f000-7f000dc40000 r--p 00009000 08:01 3144                       /lib/x86_64-linux-gnu/libnss_files-2.19.so
7f000dc40000-7f000dc41000 rw-p 0000a000 08:01 3144                       /lib/x86_64-linux-gnu/libnss_files-2.19.so
7f000dc41000-7f000dc4c000 r-xp 00000000 08:01 3036                       /lib/x86_64-linux-gnu/libnss_nis-2.19.so
7f000dc4c000-7f000de4b000 ---p 0000b000 08:01 3036                       /lib/x86_64-linux-gnu/libnss_nis-2.19.so
7f000de4b000-7f000de4c000 r--p 0000a000 08:01 3036                       /lib/x86_64-linux-gnu/libnss_nis-2.19.so
7f000de4c000-7f000de4d000 rw-p 0000b000 08:01 3036                       /lib/x86_64-linux-gnu/libnss_nis-2.19.so
7f000de4d000-7f000de64000 r-xp 00000000 08:01 2993                       /lib/x86_64-linux-gnu/libnsl-2.19.so
7f000de64000-7f000e063000 ---p 00017000 08:01 2993                       /lib/x86_64-linux-gnu/libnsl-2.19.so
7f000e063000-7f000e064000 r--p 00016000 08:01 2993                       /lib/x86_64-linux-gnu/libnsl-2.19.so
7f000e064000-7f000e065000 rw-p 00017000 08:01 2993                       /lib/x86_64-linux-gnu/libnsl-2.19.so
7f000e065000-7f000e067000 rw-p 00000000 00:00 0 
7f000e067000-7f000e070000 r-xp 00000000 08:01 3004                       /lib/x86_64-linux-gnu/libnss_compat-2.19.so
7f000e070000-7f000e26f000 ---p 00009000 08:01 3004                       /lib/x86_64-linux-gnu/libnss_compat-2.19.so
7f000e26f000-7f000e270000 r--p 00008000 08:01 3004                       /lib/x86_64-linux-gnu/libnss_compat-2.19.so
7f000e270000-7f000e271000 rw-p 00009000 08:01 3004                       /lib/x86_64-linux-gnu/libnss_compat-2.19.so
7f000e271000-7f000e29c000 r-xp 00000000 08:01 409188                     /usr/lib/jvm/java-8-oracle/jre/lib/amd64/libjava.so
7f000e29c000-7f000e49b000 ---p 0002b000 08:01 409188                     /usr/lib/jvm/java-8-oracle/jre/lib/amd64/libjava.so
7f000e49b000-7f000e49d000 rw-p 0002a000 08:01 409188                     /usr/lib/jvm/java-8-oracle/jre/lib/amd64/libjava.so
7f000e49d000-7f000e4aa000 r-xp 00000000 08:01 409228                     /usr/lib/jvm/java-8-oracle/jre/lib/amd64/libverify.so
7f000e4aa000-7f000e6aa000 ---p 0000d000 08:01 409228                     /usr/lib/jvm/java-8-oracle/jre/lib/amd64/libverify.so
7f000e6aa000-7f000e6ac000 rw-p 0000d000 08:01 409228                     /usr/lib/jvm/java-8-oracle/jre/lib/amd64/libverify.so
7f000e6ac000-7f000e6b3000 r-xp 00000000 08:01 2965                       /lib/x86_64-linux-gnu/librt-2.19.so
7f000e6b3000-7f000e8b2000 ---p 00007000 08:01 2965                       /lib/x86_64-linux-gnu/librt-2.19.so
7f000e8b2000-7f000e8b3000 r--p 00006000 08:01 2965                       /lib/x86_64-linux-gnu/librt-2.19.so
7f000e8b3000-7f000e8b4000 rw-p 00007000 08:01 2965                       /lib/x86_64-linux-gnu/librt-2.19.so
7f000e8b4000-7f000e9b9000 r-xp 00000000 08:01 3059                       /lib/x86_64-linux-gnu/libm-2.19.so
7f000e9b9000-7f000ebb8000 ---p 00105000 08:01 3059                       /lib/x86_64-linux-gnu/libm-2.19.so
7f000ebb8000-7f000ebb9000 r--p 00104000 08:01 3059                       /lib/x86_64-linux-gnu/libm-2.19.so
7f000ebb9000-7f000ebba000 rw-p 00105000 08:01 3059                       /lib/x86_64-linux-gnu/libm-2.19.so
7f000ebba000-7f000f88d000 r-xp 00000000 08:01 409186                     /usr/lib/jvm/java-8-oracle/jre/lib/amd64/server/libjvm.so
7f000f88d000-7f000fa8c000 ---p 00cd3000 08:01 409186                     /usr/lib/jvm/java-8-oracle/jre/lib/amd64/server/libjvm.so
7f000fa8c000-7f000fb66000 rw-p 00cd2000 08:01 409186                     /usr/lib/jvm/java-8-oracle/jre/lib/amd64/server/libjvm.so
7f000fb66000-7f000fbb1000 rw-p 00000000 00:00 0 
7f000fbb1000-7f000fd6f000 r-xp 00000000 08:01 3143                       /lib/x86_64-linux-gnu/libc-2.19.so
7f000fd6f000-7f000ff6f000 ---p 001be000 08:01 3143                       /lib/x86_64-linux-gnu/libc-2.19.so
7f000ff6f000-7f000ff73000 r--p 001be000 08:01 3143                       /lib/x86_64-linux-gnu/libc-2.19.so
7f000ff73000-7f000ff75000 rw-p 001c2000 08:01 3143                       /lib/x86_64-linux-gnu/libc-2.19.so
7f000ff75000-7f000ff7a000 rw-p 00000000 00:00 0 
7f000ff7a000-7f000ff7d000 r-xp 00000000 08:01 2994                       /lib/x86_64-linux-gnu/libdl-2.19.so
7f000ff7d000-7f001017c000 ---p 00003000 08:01 2994                       /lib/x86_64-linux-gnu/libdl-2.19.so
7f001017c000-7f001017d000 r--p 00002000 08:01 2994                       /lib/x86_64-linux-gnu/libdl-2.19.so
7f001017d000-7f001017e000 rw-p 00003000 08:01 2994                       /lib/x86_64-linux-gnu/libdl-2.19.so
7f001017e000-7f0010193000 r-xp 00000000 08:01 409192                     /usr/lib/jvm/java-8-oracle/jre/lib/amd64/jli/libjli.so
7f0010193000-7f0010393000 ---p 00015000 08:01 409192                     /usr/lib/jvm/java-8-oracle/jre/lib/amd64/jli/libjli.so
7f0010393000-7f0010394000 rw-p 00015000 08:01 409192                     /usr/lib/jvm/java-8-oracle/jre/lib/amd64/jli/libjli.so
7f0010394000-7f00103ad000 r-xp 00000000 08:01 3039                       /lib/x86_64-linux-gnu/libpthread-2.19.so
7f00103ad000-7f00105ac000 ---p 00019000 08:01 3039                       /lib/x86_64-linux-gnu/libpthread-2.19.so
7f00105ac000-7f00105ad000 r--p 00018000 08:01 3039                       /lib/x86_64-linux-gnu/libpthread-2.19.so
7f00105ad000-7f00105ae000 rw-p 00019000 08:01 3039                       /lib/x86_64-linux-gnu/libpthread-2.19.so
7f00105ae000-7f00105b2000 rw-p 00000000 00:00 0 
7f00105b2000-7f00105d5000 r-xp 00000000 08:01 2949                       /lib/x86_64-linux-gnu/ld-2.19.so
7f00105d9000-7f00105db000 r--s 00009000 08:01 409353                     /usr/lib/jvm/java-8-oracle/jre/lib/ext/sunec.jar
7f00105db000-7f00105e0000 r--s 0009a000 08:01 409166                     /usr/lib/jvm/java-8-oracle/jre/lib/jsse.jar
7f00105e0000-7f00105e5000 r--s 002f9000 08:01 409391                     /usr/lib/jvm/java-8-oracle/jre/lib/charsets.jar
7f00105e5000-7f00105ee000 r--s 021c0000 08:01 1587227                    /home/vagrant/workspace/spring-cloud-nike-running/running-location-simulator/target/running-location-simulator-1.0.0.BUILD-SNAPSHOT.jar
7f00105ee000-7f00106c0000 rw-p 00000000 00:00 0 
7f00106c0000-7f00106c3000 ---p 00000000 00:00 0 
7f00106c3000-7f00107c5000 rw-p 00000000 00:00 0                          [stack:21450]
7f00107c5000-7f00107c8000 r--s 0001a000 08:01 409376                     /usr/lib/jvm/java-8-oracle/jre/lib/jce.jar
7f00107c8000-7f00107d0000 rw-s 00000000 08:01 273602                     /tmp/hsperfdata_vagrant/21449
7f00107d0000-7f00107d1000 rw-p 00000000 00:00 0 
7f00107d1000-7f00107d2000 r--p 00000000 00:00 0 
7f00107d2000-7f00107d4000 rw-p 00000000 00:00 0 
7f00107d4000-7f00107d5000 r--p 00022000 08:01 2949                       /lib/x86_64-linux-gnu/ld-2.19.so
7f00107d5000-7f00107d6000 rw-p 00023000 08:01 2949                       /lib/x86_64-linux-gnu/ld-2.19.so
7f00107d6000-7f00107d7000 rw-p 00000000 00:00 0 
7ffe90b83000-7ffe90ba4000 rw-p 00000000 00:00 0                          [stack]
7ffe90bae000-7ffe90bb0000 r-xp 00000000 00:00 0                          [vdso]
ffffffffff600000-ffffffffff601000 r-xp 00000000 00:00 0                  [vsyscall]

VM Arguments:
java_command: ./target/running-location-simulator-1.0.0.BUILD-SNAPSHOT.jar
java_class_path (initial): ./target/running-location-simulator-1.0.0.BUILD-SNAPSHOT.jar
Launcher Type: SUN_STANDARD

Environment Variables:
JAVA_HOME=/usr/lib/jvm/java-8-oracle
PATH=/usr/local/sbin:/usr/local/bin:/usr/sbin:/usr/bin:/sbin:/bin:/usr/games:/usr/local/games:/usr/lib/jvm/java-8-oracle/bin:/usr/lib/jvm/java-8-oracle/db/bin:/usr/lib/jvm/java-8-oracle/jre/bin
SHELL=/bin/zsh
DISPLAY=:0.0

Signal Handlers:
SIGSEGV: [libjvm.so+0xacba10], sa_mask[0]=11111111011111111101111111111110, sa_flags=SA_RESTART|SA_SIGINFO
SIGBUS: [libjvm.so+0xacba10], sa_mask[0]=11111111011111111101111111111110, sa_flags=SA_RESTART|SA_SIGINFO
SIGFPE: [libjvm.so+0x924ba0], sa_mask[0]=11111111011111111101111111111110, sa_flags=SA_RESTART|SA_SIGINFO
SIGPIPE: [libjvm.so+0x924ba0], sa_mask[0]=11111111011111111101111111111110, sa_flags=SA_RESTART|SA_SIGINFO
SIGXFSZ: [libjvm.so+0x924ba0], sa_mask[0]=11111111011111111101111111111110, sa_flags=SA_RESTART|SA_SIGINFO
SIGILL: [libjvm.so+0x924ba0], sa_mask[0]=11111111011111111101111111111110, sa_flags=SA_RESTART|SA_SIGINFO
SIGUSR1: SIG_DFL, sa_mask[0]=00000000000000000000000000000000, sa_flags=none
SIGUSR2: [libjvm.so+0x9263e0], sa_mask[0]=00000000000000000000000000000000, sa_flags=SA_RESTART|SA_SIGINFO
SIGHUP: [libjvm.so+0x9277e0], sa_mask[0]=11111111011111111101111111111110, sa_flags=SA_RESTART|SA_SIGINFO
SIGINT: [libjvm.so+0x9277e0], sa_mask[0]=11111111011111111101111111111110, sa_flags=SA_RESTART|SA_SIGINFO
SIGTERM: [libjvm.so+0x9277e0], sa_mask[0]=11111111011111111101111111111110, sa_flags=SA_RESTART|SA_SIGINFO
SIGQUIT: [libjvm.so+0x9277e0], sa_mask[0]=11111111011111111101111111111110, sa_flags=SA_RESTART|SA_SIGINFO


---------------  S Y S T E M  ---------------

OS:DISTRIB_ID=Ubuntu
DISTRIB_RELEASE=14.04
DISTRIB_CODENAME=trusty
DISTRIB_DESCRIPTION="Ubuntu 14.04.5 LTS"

uname:Linux 3.13.0-132-generic #181-Ubuntu SMP Wed Sep 13 13:25:03 UTC 2017 x86_64
libc:glibc 2.19 NPTL 2.19 
rlimit: STACK 8192k, CORE 0k, NPROC 63709, NOFILE 4096, AS infinity
load average:5.52 3.18 1.45

/proc/meminfo:
MemTotal:        8176716 kB
MemFree:          105072 kB
Buffers:             252 kB
Cached:            41760 kB
SwapCached:            0 kB
Active:          7856416 kB
Inactive:          37024 kB
Active(anon):    7852908 kB
Inactive(anon):    33668 kB
Active(file):       3508 kB
Inactive(file):     3356 kB
Unevictable:           4 kB
Mlocked:               4 kB
SwapTotal:             0 kB
SwapFree:              0 kB
Dirty:                56 kB
Writeback:             0 kB
AnonPages:       7852476 kB
Mapped:            37800 kB
Shmem:             34104 kB
Slab:              55012 kB
SReclaimable:      24124 kB
SUnreclaim:        30888 kB
KernelStack:        6960 kB
PageTables:        46064 kB
NFS_Unstable:          0 kB
Bounce:                0 kB
WritebackTmp:          0 kB
CommitLimit:     4088356 kB
Committed_AS:   12137588 kB
VmallocTotal:   34359738367 kB
VmallocUsed:       21580 kB
VmallocChunk:   34359710716 kB
HardwareCorrupted:     0 kB
AnonHugePages:   4950016 kB
HugePages_Total:       0
HugePages_Free:        0
HugePages_Rsvd:        0
HugePages_Surp:        0
Hugepagesize:       2048 kB
DirectMap4k:       75712 kB
DirectMap2M:     8312832 kB


CPU:total 4 (initial active 4) (4 cores per cpu, 1 threads per core) family 6 model 70 stepping 1, cmov, cx8, fxsr, mmx, sse, sse2, sse3, ssse3, sse4.1, sse4.2, popcnt, avx, aes, clmul, lzcnt, tsc, tscinvbit

/proc/cpuinfo:
processor	: 0
vendor_id	: GenuineIntel
cpu family	: 6
model		: 70
model name	: Intel(R) Core(TM) i7-4770HQ CPU @ 2.20GHz
stepping	: 1
cpu MHz		: 2195.045
cache size	: 6144 KB
physical id	: 0
siblings	: 4
core id		: 0
cpu cores	: 4
apicid		: 0
initial apicid	: 0
fpu		: yes
fpu_exception	: yes
cpuid level	: 13
wp		: yes
flags		: fpu vme de pse tsc msr pae mce cx8 apic sep mtrr pge mca cmov pat pse36 clflush mmx fxsr sse sse2 ht syscall nx rdtscp lm constant_tsc rep_good nopl xtopology nonstop_tsc pni pclmulqdq ssse3 cx16 sse4_1 sse4_2 movbe popcnt aes xsave avx rdrand lahf_lm abm
bogomips	: 4390.09
clflush size	: 64
cache_alignment	: 64
address sizes	: 39 bits physical, 48 bits virtual
power management:

processor	: 1
vendor_id	: GenuineIntel
cpu family	: 6
model		: 70
model name	: Intel(R) Core(TM) i7-4770HQ CPU @ 2.20GHz
stepping	: 1
cpu MHz		: 2195.045
cache size	: 6144 KB
physical id	: 0
siblings	: 4
core id		: 1
cpu cores	: 4
apicid		: 1
initial apicid	: 1
fpu		: yes
fpu_exception	: yes
cpuid level	: 13
wp		: yes
flags		: fpu vme de pse tsc msr pae mce cx8 apic sep mtrr pge mca cmov pat pse36 clflush mmx fxsr sse sse2 ht syscall nx rdtscp lm constant_tsc rep_good nopl xtopology nonstop_tsc pni pclmulqdq ssse3 cx16 sse4_1 sse4_2 movbe popcnt aes xsave avx rdrand lahf_lm abm
bogomips	: 4390.09
clflush size	: 64
cache_alignment	: 64
address sizes	: 39 bits physical, 48 bits virtual
power management:

processor	: 2
vendor_id	: GenuineIntel
cpu family	: 6
model		: 70
model name	: Intel(R) Core(TM) i7-4770HQ CPU @ 2.20GHz
stepping	: 1
cpu MHz		: 2195.045
cache size	: 6144 KB
physical id	: 0
siblings	: 4
core id		: 2
cpu cores	: 4
apicid		: 2
initial apicid	: 2
fpu		: yes
fpu_exception	: yes
cpuid level	: 13
wp		: yes
flags		: fpu vme de pse tsc msr pae mce cx8 apic sep mtrr pge mca cmov pat pse36 clflush mmx fxsr sse sse2 ht syscall nx rdtscp lm constant_tsc rep_good nopl xtopology nonstop_tsc pni pclmulqdq ssse3 cx16 sse4_1 sse4_2 movbe popcnt aes xsave avx rdrand lahf_lm abm
bogomips	: 4390.09
clflush size	: 64
cache_alignment	: 64
address sizes	: 39 bits physical, 48 bits virtual
power management:

processor	: 3
vendor_id	: GenuineIntel
cpu family	: 6
model		: 70
model name	: Intel(R) Core(TM) i7-4770HQ CPU @ 2.20GHz
stepping	: 1
cpu MHz		: 2195.045
cache size	: 6144 KB
physical id	: 0
siblings	: 4
core id		: 3
cpu cores	: 4
apicid		: 3
initial apicid	: 3
fpu		: yes
fpu_exception	: yes
cpuid level	: 13
wp		: yes
flags		: fpu vme de pse tsc msr pae mce cx8 apic sep mtrr pge mca cmov pat pse36 clflush mmx fxsr sse sse2 ht syscall nx rdtscp lm constant_tsc rep_good nopl xtopology nonstop_tsc pni pclmulqdq ssse3 cx16 sse4_1 sse4_2 movbe popcnt aes xsave avx rdrand lahf_lm abm
bogomips	: 4390.09
clflush size	: 64
cache_alignment	: 64
address sizes	: 39 bits physical, 48 bits virtual
power management:



Memory: 4k page, physical 8176716k(104816k free), swap 0k(0k free)

vm_info: Java HotSpot(TM) 64-Bit Server VM (25.144-b01) for linux-amd64 JRE (1.8.0_144-b01), built on Jul 21 2017 21:57:33 by "java_re" with gcc 4.3.0 20080428 (Red Hat 4.3.0-8)

time: Thu Dec 21 15:04:32 2017
elapsed time: 24 seconds (0d 0h 0m 24s)

