#
# There is insufficient memory for the Java Runtime Environment to continue.
# Native memory allocation (mmap) failed to map 65536 bytes for committing reserved memory.
# Possible reasons:
#   The system is out of physical RAM or swap space
#   In 32 bit mode, the process size limit was hit
# Possible solutions:
#   Reduce memory load on the system
#   Increase physical memory or swap space
#   Check if swap backing store is full
#   Use 64 bit Java on a 64 bit OS
#   Decrease Java heap size (-Xmx/-Xms)
#   Decrease number of Java threads
#   Decrease Java thread stack sizes (-Xss)
#   Set larger code cache with -XX:ReservedCodeCacheSize=
# This output file may be truncated or incomplete.
#
#  Out of Memory Error (os_linux.cpp:2640), pid=20982, tid=0x00007f119bc74700
#
# JRE version: Java(TM) SE Runtime Environment (8.0_144-b01) (build 1.8.0_144-b01)
# Java VM: Java HotSpot(TM) 64-Bit Server VM (25.144-b01 mixed mode linux-amd64 compressed oops)
# Failed to write core dump. Core dumps have been disabled. To enable core dumping, try "ulimit -c unlimited" before starting Java again
#

---------------  T H R E A D  ---------------

Current thread (0x00007f11b4184800):  JavaThread "C1 CompilerThread2" daemon [_thread_in_vm, id=20994, stack(0x00007f119bb74000,0x00007f119bc75000)]

Stack: [0x00007f119bb74000,0x00007f119bc75000],  sp=0x00007f119bc72c50,  free space=1019k
Native frames: (J=compiled Java code, j=interpreted, Vv=VM code, C=native code)
V  [libjvm.so+0xacb18a]  VMError::report_and_die()+0x2ba
V  [libjvm.so+0x4ff4db]  report_vm_out_of_memory(char const*, int, unsigned long, VMErrorType, char const*)+0x8b
V  [libjvm.so+0x927d23]  os::Linux::commit_memory_impl(char*, unsigned long, bool)+0x103
V  [libjvm.so+0x928279]  os::pd_commit_memory(char*, unsigned long, unsigned long, bool)+0x29
V  [libjvm.so+0x92249a]  os::commit_memory(char*, unsigned long, unsigned long, bool)+0x2a
V  [libjvm.so+0xac6ee9]  VirtualSpace::expand_by(unsigned long, bool)+0x199
V  [libjvm.so+0x61ddec]  CodeHeap::expand_by(unsigned long)+0x8c
V  [libjvm.so+0x483200]  CodeCache::allocate(int, bool)+0x60
V  [libjvm.so+0x8eff0c]  nmethod::new_nmethod(methodHandle, int, int, CodeOffsets*, int, DebugInformationRecorder*, Dependencies*, CodeBuffer*, int, OopMapSet*, ExceptionHandlerTable*, ImplicitExceptionTable*, AbstractCompiler*, int)+0x1fc
V  [libjvm.so+0x41863b]  ciEnv::register_method(ciMethod*, int, CodeOffsets*, int, CodeBuffer*, int, OopMapSet*, ExceptionHandlerTable*, ImplicitExceptionTable*, AbstractCompiler*, int, bool, bool, RTMState)+0x42b
V  [libjvm.so+0x35acd9]  Compilation::install_code(int)+0xc9
V  [libjvm.so+0x35c1cc]  Compilation::compile_method()+0xec
V  [libjvm.so+0x35c49e]  Compilation::Compilation(AbstractCompiler*, ciEnv*, ciMethod*, int, BufferBlob*)+0x25e
V  [libjvm.so+0x35d249]  Compiler::compile_method(ciEnv*, ciMethod*, int)+0xa9
V  [libjvm.so+0x4b2afa]  CompileBroker::invoke_compiler_on_method(CompileTask*)+0xc9a
V  [libjvm.so+0x4b3aa6]  CompileBroker::compiler_thread_loop()+0x5d6
V  [libjvm.so+0xa79753]  JavaThread::thread_main_inner()+0x103
V  [libjvm.so+0xa7989c]  JavaThread::run()+0x11c
V  [libjvm.so+0x92a338]  java_start(Thread*)+0x108
C  [libpthread.so.0+0x8184]  start_thread+0xc4


Current CompileTask:
C1: 338179 7126   !   3       java.net.URI$Parser::parseServer (337 bytes)


---------------  P R O C E S S  ---------------

Java Threads: ( => current thread )
  0x00007f114098b800 JavaThread "Connection pool clean up thread" daemon [_thread_blocked, id=21402, stack(0x00007f11289b5000,0x00007f1128ab6000)]
  0x00007f112c209000 JavaThread "Connection pool clean up thread" daemon [_thread_blocked, id=21401, stack(0x00007f1128ab6000,0x00007f1128bb7000)]
  0x00007f118019e000 JavaThread "DataPublisher" daemon [_thread_blocked, id=21400, stack(0x00007f1128bb7000,0x00007f1128cb8000)]
  0x00007f1148021800 JavaThread "taskExecutor-3" [_thread_blocked, id=21399, stack(0x00007f1128cb8000,0x00007f1128db9000)]
  0x00007f11240a1800 JavaThread "Rate Limited Dispatcher" daemon [_thread_blocked, id=21398, stack(0x00007f112aef1000,0x00007f112aff2000)]
  0x00007f1148018800 JavaThread "Thread-9" daemon [_thread_blocked, id=21397, stack(0x00007f11291bb000,0x00007f11292bc000)]
  0x00007f1130012000 JavaThread "hystrix-DefaultPositionService-10" daemon [_thread_in_native, id=21213, stack(0x00007f1128fb9000,0x00007f11290ba000)]
  0x00007f1150014000 JavaThread "taskExecutor-2" [_thread_blocked, id=21212, stack(0x00007f11290ba000,0x00007f11291bb000)]
  0x00007f115000a800 JavaThread "Thread-8" daemon [_thread_blocked, id=21210, stack(0x00007f11292bc000,0x00007f11293bd000)]
  0x00007f115c3e1800 JavaThread "hystrix-DefaultPositionService-9" daemon [_thread_in_native, id=21193, stack(0x00007f11293bd000,0x00007f11294be000)]
  0x00007f115ce7f800 JavaThread "hystrix-DefaultPositionService-8" daemon [_thread_blocked, id=21192, stack(0x00007f11294be000,0x00007f11295bf000)]
  0x00007f115c46f800 JavaThread "hystrix-DefaultPositionService-7" daemon [_thread_blocked, id=21191, stack(0x00007f11295bf000,0x00007f11296c0000)]
  0x00007f115d834000 JavaThread "hystrix-DefaultPositionService-6" daemon [_thread_blocked, id=21190, stack(0x00007f11296c0000,0x00007f11297c1000)]
  0x00007f115d833800 JavaThread "hystrix-DefaultPositionService-5" daemon [_thread_blocked, id=21187, stack(0x00007f11297c1000,0x00007f11298c2000)]
  0x00007f115c416000 JavaThread "hystrix-DefaultPositionService-4" daemon [_thread_blocked, id=21185, stack(0x00007f11298c2000,0x00007f11299c3000)]
  0x00007f115c155800 JavaThread "HystrixTimer-4" daemon [_thread_blocked, id=21184, stack(0x00007f11299c3000,0x00007f1129ac4000)]
  0x00007f115c656800 JavaThread "hystrix-DefaultPositionService-3" daemon [_thread_blocked, id=21181, stack(0x00007f1129ac4000,0x00007f1129bc5000)]
  0x00007f115cb5e000 JavaThread "HystrixTimer-3" daemon [_thread_blocked, id=21180, stack(0x00007f1129bc5000,0x00007f1129cc6000)]
  0x00007f116c4c1000 JavaThread "pool-10-thread-2" daemon [_thread_blocked, id=21179, stack(0x00007f1129cc6000,0x00007f1129dc7000)]
  0x00007f115c6da000 JavaThread "hystrix-DefaultPositionService-2" daemon [_thread_blocked, id=21178, stack(0x00007f1129dc7000,0x00007f1129ec8000)]
  0x00007f115c6d9000 JavaThread "HystrixTimer-2" daemon [_thread_blocked, id=21177, stack(0x00007f1129ec8000,0x00007f1129fc9000)]
  0x00007f11647a8000 JavaThread "pool-10-thread-1" daemon [_thread_blocked, id=21176, stack(0x00007f1129fc9000,0x00007f112a0ca000)]
  0x00007f1164675000 JavaThread "NFLoadBalancer-PingTimer-running-location-distribution" daemon [_thread_blocked, id=21175, stack(0x00007f112a0ca000,0x00007f112a1cb000)]
  0x00007f115c7f9000 JavaThread "hystrix-DefaultPositionService-1" daemon [_thread_blocked, id=21174, stack(0x00007f112a1cb000,0x00007f112a2cc000)]
  0x00007f115ce7a000 JavaThread "HystrixTimer-1" daemon [_thread_blocked, id=21173, stack(0x00007f112a2cc000,0x00007f112a3cd000)]
  0x00007f1140cd8800 JavaThread "taskExecutor-1" [_thread_blocked, id=21172, stack(0x00007f112a5cd000,0x00007f112a6ce000)]
  0x00007f1140990800 JavaThread "OkHttp ConnectionPool" daemon [_thread_blocked, id=21171, stack(0x00007f112a6ce000,0x00007f112a7cf000)]
  0x00007f1158975800 JavaThread "Okio Watchdog" daemon [_thread_blocked, id=21170, stack(0x00007f112a7cf000,0x00007f112a8d0000)]
  0x00007f11406b0000 JavaThread "Thread-4" daemon [_thread_blocked, id=21167, stack(0x00007f112aff2000,0x00007f112b0f3000)]
  0x00007f1124831000 JavaThread "http-nio-9005-exec-10" daemon [_thread_blocked, id=21166, stack(0x00007f112b0f3000,0x00007f112b1f4000)]
  0x00007f1120038800 JavaThread "http-nio-9005-exec-9" daemon [_thread_blocked, id=21165, stack(0x00007f112b1f4000,0x00007f112b2f5000)]
  0x00007f112482f800 JavaThread "http-nio-9005-exec-8" daemon [_thread_blocked, id=21164, stack(0x00007f112b2f5000,0x00007f112b3f6000)]
  0x00007f1120036800 JavaThread "http-nio-9005-exec-7" daemon [_thread_blocked, id=21163, stack(0x00007f112b3f6000,0x00007f112b4f7000)]
  0x00007f112482d800 JavaThread "http-nio-9005-exec-6" daemon [_thread_blocked, id=21162, stack(0x00007f112b4f7000,0x00007f112b5f8000)]
  0x00007f1120035000 JavaThread "http-nio-9005-exec-5" daemon [_thread_blocked, id=21161, stack(0x00007f112b5f8000,0x00007f112b6f9000)]
  0x00007f1120033000 JavaThread "http-nio-9005-exec-4" daemon [_thread_blocked, id=21160, stack(0x00007f112b6f9000,0x00007f112b7fa000)]
  0x00007f112482c000 JavaThread "http-nio-9005-exec-3" daemon [_thread_blocked, id=21158, stack(0x00007f112b7fa000,0x00007f112b8fb000)]
  0x00007f1120031800 JavaThread "http-nio-9005-exec-2" daemon [_thread_blocked, id=21157, stack(0x00007f112b8fb000,0x00007f112b9fc000)]
  0x00007f1120019000 JavaThread "http-nio-9005-exec-1" daemon [_thread_blocked, id=21156, stack(0x00007f112b9fc000,0x00007f112bafd000)]
  0x00007f1144001000 JavaThread "pool-4-thread-1" [_thread_blocked, id=21056, stack(0x00007f112bcfd000,0x00007f112bdfe000)]
  0x00007f114c001000 JavaThread "pool-5-thread-1" [_thread_blocked, id=21055, stack(0x00007f119b567000,0x00007f119b668000)]
  0x00007f1138001000 JavaThread "ServoPollScheduler-3" daemon [_thread_blocked, id=21049, stack(0x00007f119b466000,0x00007f119b567000)]
  0x00007f114001a800 JavaThread "ServoPollScheduler-2" daemon [_thread_blocked, id=21021, stack(0x00007f119b668000,0x00007f119b769000)]
  0x00007f116af33000 JavaThread "http-nio-9005-Acceptor-0" daemon [_thread_in_native, id=21019, stack(0x00007f112bdfe000,0x00007f112beff000)]
  0x00007f116a611800 JavaThread "http-nio-9005-ClientPoller-1" daemon [_thread_in_native, id=21018, stack(0x00007f112beff000,0x00007f112c000000)]
  0x00007f116aced800 JavaThread "http-nio-9005-ClientPoller-0" daemon [_thread_in_native, id=21017, stack(0x00007f119803b000,0x00007f119813c000)]
  0x00007f116a57e000 JavaThread "NioBlockingSelector.BlockPoller-1" daemon [_thread_in_native, id=21016, stack(0x00007f119813c000,0x00007f119823d000)]
  0x00007f11680a6000 JavaThread "HystrixMetricPoller" [_thread_blocked, id=21015, stack(0x00007f119823d000,0x00007f119833e000)]
  0x00007f1140026000 JavaThread "ServoPollScheduler-1" daemon [_thread_blocked, id=21014, stack(0x00007f119833e000,0x00007f119843f000)]
  0x00007f114000d000 JavaThread "ServoMonitorGetValueLimiter-0" daemon [_thread_blocked, id=21013, stack(0x00007f119863f000,0x00007f1198740000)]
  0x00007f1169d14000 JavaThread "ServoPollScheduler-0" daemon [_thread_blocked, id=21012, stack(0x00007f1198740000,0x00007f1198841000)]
  0x00007f11698c6000 JavaThread "DiscoveryClient-InstanceInfoReplicator-0" daemon [_thread_blocked, id=21011, stack(0x00007f1198a41000,0x00007f1198b42000)]
  0x00007f1168f64000 JavaThread "DiscoveryClient-2" daemon [_thread_blocked, id=21010, stack(0x00007f1198b42000,0x00007f1198c43000)]
  0x00007f116a0b1800 JavaThread "DiscoveryClient-1" daemon [_thread_blocked, id=21009, stack(0x00007f1198c43000,0x00007f1198d44000)]
  0x00007f1169e44000 JavaThread "Eureka-JerseyClient-Conn-Cleaner2" daemon [_thread_blocked, id=21008, stack(0x00007f1198d44000,0x00007f1198e45000)]
  0x00007f1168c26000 JavaThread "DiscoveryClient-0" daemon [_thread_blocked, id=21007, stack(0x00007f11996a2000,0x00007f11997a3000)]
  0x00007f116968b000 JavaThread "container-0" [_thread_blocked, id=21004, stack(0x00007f11997a3000,0x00007f11998a4000)]
  0x00007f115c39b000 JavaThread "ContainerBackgroundProcessor[StandardEngine[Tomcat].StandardHost[localhost].StandardContext[]]" daemon [_thread_blocked, id=21003, stack(0x00007f11998a4000,0x00007f11999a5000)]
  0x00007f11b4009800 JavaThread "DestroyJavaVM" [_thread_blocked, id=20983, stack(0x00007f11bcd33000,0x00007f11bce34000)]
  0x00007f11b418f800 JavaThread "Service Thread" daemon [_thread_blocked, id=20995, stack(0x00007f119ba73000,0x00007f119bb74000)]
=>0x00007f11b4184800 JavaThread "C1 CompilerThread2" daemon [_thread_in_vm, id=20994, stack(0x00007f119bb74000,0x00007f119bc75000)]
  0x00007f11b4182800 JavaThread "C2 CompilerThread1" daemon [_thread_in_native, id=20993, stack(0x00007f119bc75000,0x00007f119bd76000)]
  0x00007f11b4180000 JavaThread "C2 CompilerThread0" daemon [_thread_in_native, id=20992, stack(0x00007f119bd76000,0x00007f119be77000)]
  0x00007f11b417e800 JavaThread "Signal Dispatcher" daemon [_thread_blocked, id=20991, stack(0x00007f11a007f000,0x00007f11a0180000)]
  0x00007f11b414b000 JavaThread "Finalizer" daemon [_thread_blocked, id=20990, stack(0x00007f11a0180000,0x00007f11a0281000)]
  0x00007f11b4146800 JavaThread "Reference Handler" daemon [_thread_blocked, id=20989, stack(0x00007f11a0281000,0x00007f11a0382000)]

Other Threads:
  0x00007f11b413e800 VMThread [stack: 0x00007f11a0382000,0x00007f11a0483000] [id=20988]
  0x00007f11b4192800 WatcherThread [stack: 0x00007f119b972000,0x00007f119ba73000] [id=20996]

VM state:not at safepoint (normal execution)

VM Mutex/Monitor currently owned by a thread:  ([mutex/lock_event])
[0x00007f11b40051d0] CodeCache_lock - owner thread: 0x00007f11b4184800
[0x00007f11b4006850] Compile_lock - owner thread: 0x00007f11b4184800
[0x00007f11b4006950] MethodCompileQueue_lock - owner thread: 0x00007f11b4184800

Heap:
 PSYoungGen      total 664576K, used 320246K [0x00000000d6600000, 0x0000000100000000, 0x0000000100000000)
  eden space 648192K, 46% used [0x00000000d6600000,0x00000000e8ebe6b8,0x00000000fdf00000)
  from space 16384K, 99% used [0x00000000fdf00000,0x00000000feeff3e8,0x00000000fef00000)
  to   space 17408K, 0% used [0x00000000fef00000,0x00000000fef00000,0x0000000100000000)
 ParOldGen       total 115200K, used 33304K [0x0000000083200000, 0x000000008a280000, 0x00000000d6600000)
  object space 115200K, 28% used [0x0000000083200000,0x00000000852862d8,0x000000008a280000)
 Metaspace       used 49572K, capacity 50236K, committed 50432K, reserved 1093632K
  class space    used 6176K, capacity 6360K, committed 6400K, reserved 1048576K

Card table byte_map: [0x00007f11b96e6000,0x00007f11b9ace000] byte_map_base: 0x00007f11b92cd000

Marking Bits: (ParMarkBitMap*) 0x00007f11bc1f6dc0
 Begin Bits: [0x00007f11a1190000, 0x00007f11a30c8000)
 End Bits:   [0x00007f11a30c8000, 0x00007f11a5000000)

Polling page: 0x00007f11bce44000

CodeCache: size=245760Kb used=19093Kb max_used=19093Kb free=226666Kb
 bounds [0x00007f11a5000000, 0x00007f11a62c0000, 0x00007f11b4000000]
 total_blobs=6097 nmethods=5567 adapters=441
 compilation: enabled

Compilation events (10 events):
Event: 338.027 Thread 0x00007f11b4184800 nmethod 7121 0x00007f11a62b8650 code [0x00007f11a62b87e0, 0x00007f11a62b8c90]
Event: 338.030 Thread 0x00007f11b4184800 7122       1       java.net.InetAddress$InetAddressHolder::getHostName (5 bytes)
Event: 338.031 Thread 0x00007f11b4184800 nmethod 7122 0x00007f11a62b8f10 code [0x00007f11a62b9060, 0x00007f11a62b9170]
Event: 338.032 Thread 0x00007f11b4184800 7123       1       org.apache.http.util.ByteArrayBuffer::length (5 bytes)
Event: 338.032 Thread 0x00007f11b4184800 nmethod 7123 0x00007f11a62b91d0 code [0x00007f11a62b9320, 0x00007f11a62b9430]
Event: 338.032 Thread 0x00007f11b4184800 7124       1       org.apache.http.util.CharArrayBuffer::length (5 bytes)
Event: 338.032 Thread 0x00007f11b4184800 nmethod 7124 0x00007f11a62b9490 code [0x00007f11a62b95e0, 0x00007f11a62b96f0]
Event: 338.033 Thread 0x00007f11b4184800 7125   !   3       java.net.URI$Parser::parseAuthority (256 bytes)
Event: 338.042 Thread 0x00007f11b4184800 nmethod 7125 0x00007f11a62b9750 code [0x00007f11a62b9aa0, 0x00007f11a62bb348]
Event: 338.042 Thread 0x00007f11b4184800 7126   !   3       java.net.URI$Parser::parseServer (337 bytes)

GC Heap History (10 events):
Event: 9.165 GC heap before
{Heap before GC invocations=13 (full 1):
 PSYoungGen      total 523776K, used 78336K [0x00000000d6600000, 0x00000000fe780000, 0x0000000100000000)
  eden space 509440K, 12% used [0x00000000d6600000,0x00000000da482da8,0x00000000f5780000)
  from space 14336K, 99% used [0x00000000f5780000,0x00000000f657d628,0x00000000f6580000)
  to   space 16384K, 0% used [0x00000000fd780000,0x00000000fd780000,0x00000000fe780000)
 ParOldGen       total 82944K, used 31013K [0x0000000083200000, 0x0000000088300000, 0x00000000d6600000)
  object space 82944K, 37% used [0x0000000083200000,0x00000000850494d0,0x0000000088300000)
 Metaspace       used 34824K, capacity 35190K, committed 35456K, reserved 1081344K
  class space    used 4297K, capacity 4419K, committed 4480K, reserved 1048576K
Event: 9.188 GC heap after
Heap after GC invocations=13 (full 1):
 PSYoungGen      total 640000K, used 11451K [0x00000000d6600000, 0x00000000ff600000, 0x0000000100000000)
  eden space 623616K, 0% used [0x00000000d6600000,0x00000000d6600000,0x00000000fc700000)
  from space 16384K, 69% used [0x00000000fd780000,0x00000000fe2aefd0,0x00000000fe780000)
  to   space 16896K, 0% used [0x00000000fc700000,0x00000000fc700000,0x00000000fd780000)
 ParOldGen       total 82944K, used 31689K [0x0000000083200000, 0x0000000088300000, 0x00000000d6600000)
  object space 82944K, 38% used [0x0000000083200000,0x00000000850f24e0,0x0000000088300000)
 Metaspace       used 34824K, capacity 35190K, committed 35456K, reserved 1081344K
  class space    used 4297K, capacity 4419K, committed 4480K, reserved 1048576K
}
Event: 9.188 GC heap before
{Heap before GC invocations=14 (full 2):
 PSYoungGen      total 640000K, used 11451K [0x00000000d6600000, 0x00000000ff600000, 0x0000000100000000)
  eden space 623616K, 0% used [0x00000000d6600000,0x00000000d6600000,0x00000000fc700000)
  from space 16384K, 69% used [0x00000000fd780000,0x00000000fe2aefd0,0x00000000fe780000)
  to   space 16896K, 0% used [0x00000000fc700000,0x00000000fc700000,0x00000000fd780000)
 ParOldGen       total 82944K, used 31689K [0x0000000083200000, 0x0000000088300000, 0x00000000d6600000)
  object space 82944K, 38% used [0x0000000083200000,0x00000000850f24e0,0x0000000088300000)
 Metaspace       used 34824K, capacity 35190K, committed 35456K, reserved 1081344K
  class space    used 4297K, capacity 4419K, committed 4480K, reserved 1048576K
Event: 9.308 GC heap after
Heap after GC invocations=14 (full 2):
 PSYoungGen      total 640000K, used 0K [0x00000000d6600000, 0x00000000ff600000, 0x0000000100000000)
  eden space 623616K, 0% used [0x00000000d6600000,0x00000000d6600000,0x00000000fc700000)
  from space 16384K, 0% used [0x00000000fd780000,0x00000000fd780000,0x00000000fe780000)
  to   space 16896K, 0% used [0x00000000fc700000,0x00000000fc700000,0x00000000fd780000)
 ParOldGen       total 115200K, used 33075K [0x0000000083200000, 0x000000008a280000, 0x00000000d6600000)
  object space 115200K, 28% used [0x0000000083200000,0x000000008524ce90,0x000000008a280000)
 Metaspace       used 34824K, capacity 35190K, committed 35456K, reserved 1081344K
  class space    used 4297K, capacity 4419K, committed 4480K, reserved 1048576K
}
Event: 11.084 GC heap before
{Heap before GC invocations=15 (full 2):
 PSYoungGen      total 640000K, used 623616K [0x00000000d6600000, 0x00000000ff600000, 0x0000000100000000)
  eden space 623616K, 100% used [0x00000000d6600000,0x00000000fc700000,0x00000000fc700000)
  from space 16384K, 0% used [0x00000000fd780000,0x00000000fd780000,0x00000000fe780000)
  to   space 16896K, 0% used [0x00000000fc700000,0x00000000fc700000,0x00000000fd780000)
 ParOldGen       total 115200K, used 33075K [0x0000000083200000, 0x000000008a280000, 0x00000000d6600000)
  object space 115200K, 28% used [0x0000000083200000,0x000000008524ce90,0x000000008a280000)
 Metaspace       used 38970K, capacity 39428K, committed 39936K, reserved 1083392K
  class space    used 4882K, capacity 5016K, committed 5120K, reserved 1048576K
Event: 11.099 GC heap after
Heap after GC invocations=15 (full 2):
 PSYoungGen      total 640512K, used 11781K [0x00000000d6600000, 0x0000000100000000, 0x0000000100000000)
  eden space 623616K, 0% used [0x00000000d6600000,0x00000000d6600000,0x00000000fc700000)
  from space 16896K, 69% used [0x00000000fc700000,0x00000000fd2816e8,0x00000000fd780000)
  to   space 16896K, 0% used [0x00000000fef80000,0x00000000fef80000,0x0000000100000000)
 ParOldGen       total 115200K, used 33083K [0x0000000083200000, 0x000000008a280000, 0x00000000d6600000)
  object space 115200K, 28% used [0x0000000083200000,0x000000008524ee90,0x000000008a280000)
 Metaspace       used 38970K, capacity 39428K, committed 39936K, reserved 1083392K
  class space    used 4882K, capacity 5016K, committed 5120K, reserved 1048576K
}
Event: 12.317 GC heap before
{Heap before GC invocations=16 (full 2):
 PSYoungGen      total 640512K, used 635397K [0x00000000d6600000, 0x0000000100000000, 0x0000000100000000)
  eden space 623616K, 100% used [0x00000000d6600000,0x00000000fc700000,0x00000000fc700000)
  from space 16896K, 69% used [0x00000000fc700000,0x00000000fd2816e8,0x00000000fd780000)
  to   space 16896K, 0% used [0x00000000fef80000,0x00000000fef80000,0x0000000100000000)
 ParOldGen       total 115200K, used 33083K [0x0000000083200000, 0x000000008a280000, 0x00000000d6600000)
  object space 115200K, 28% used [0x0000000083200000,0x000000008524ee90,0x000000008a280000)
 Metaspace       used 40235K, capacity 40728K, committed 41088K, reserved 1085440K
  class space    used 5036K, capacity 5196K, committed 5248K, reserved 1048576K
Event: 12.335 GC heap after
Heap after GC invocations=16 (full 2):
 PSYoungGen      total 664064K, used 9424K [0x00000000d6600000, 0x00000000fff00000, 0x0000000100000000)
  eden space 648192K, 0% used [0x00000000d6600000,0x00000000d6600000,0x00000000fdf00000)
  from space 15872K, 59% used [0x00000000fef80000,0x00000000ff8b40f8,0x00000000fff00000)
  to   space 16384K, 0% used [0x00000000fdf00000,0x00000000fdf00000,0x00000000fef00000)
 ParOldGen       total 115200K, used 33091K [0x0000000083200000, 0x000000008a280000, 0x00000000d6600000)
  object space 115200K, 28% used [0x0000000083200000,0x0000000085250e90,0x000000008a280000)
 Metaspace       used 40235K, capacity 40728K, committed 41088K, reserved 1085440K
  class space    used 5036K, capacity 5196K, committed 5248K, reserved 1048576K
}
Event: 93.995 GC heap before
{Heap before GC invocations=17 (full 2):
 PSYoungGen      total 664064K, used 657616K [0x00000000d6600000, 0x00000000fff00000, 0x0000000100000000)
  eden space 648192K, 100% used [0x00000000d6600000,0x00000000fdf00000,0x00000000fdf00000)
  from space 15872K, 59% used [0x00000000fef80000,0x00000000ff8b40f8,0x00000000fff00000)
  to   space 16384K, 0% used [0x00000000fdf00000,0x00000000fdf00000,0x00000000fef00000)
 ParOldGen       total 115200K, used 33091K [0x0000000083200000, 0x000000008a280000, 0x00000000d6600000)
  object space 115200K, 28% used [0x0000000083200000,0x0000000085250e90,0x000000008a280000)
 Metaspace       used 47172K, capacity 47796K, committed 48128K, reserved 1091584K
  class space    used 5904K, capacity 6092K, committed 6144K, reserved 1048576K
Event: 94.020 GC heap after
Heap after GC invocations=17 (full 2):
 PSYoungGen      total 664576K, used 16380K [0x00000000d6600000, 0x0000000100000000, 0x0000000100000000)
  eden space 648192K, 0% used [0x00000000d6600000,0x00000000d6600000,0x00000000fdf00000)
  from space 16384K, 99% used [0x00000000fdf00000,0x00000000feeff3e8,0x00000000fef00000)
  to   space 17408K, 0% used [0x00000000fef00000,0x00000000fef00000,0x0000000100000000)
 ParOldGen       total 115200K, used 33304K [0x0000000083200000, 0x000000008a280000, 0x00000000d6600000)
  object space 115200K, 28% used [0x0000000083200000,0x00000000852862d8,0x000000008a280000)
 Metaspace       used 47172K, capacity 47796K, committed 48128K, reserved 1091584K
  class space    used 5904K, capacity 6092K, committed 6144K, reserved 1048576K
}

Deoptimization events (10 events):
Event: 325.620 Thread 0x00007f1138001000 Uncommon trap: reason=array_check action=maybe_recompile pc=0x00007f11a624d438 method=java.util.TimSort.binarySort([Ljava/lang/Object;IIILjava/util/Comparator;)V @ 215
Event: 325.620 Thread 0x00007f1138001000 Uncommon trap: reason=array_check action=maybe_recompile pc=0x00007f11a624d438 method=java.util.TimSort.binarySort([Ljava/lang/Object;IIILjava/util/Comparator;)V @ 215
Event: 335.732 Thread 0x00007f1169d14000 Uncommon trap: reason=array_check action=maybe_recompile pc=0x00007f11a624e968 method=java.util.TimSort.binarySort([Ljava/lang/Object;IIILjava/util/Comparator;)V @ 183
Event: 335.736 Thread 0x00007f1169d14000 Uncommon trap: reason=array_check action=maybe_recompile pc=0x00007f11a624e968 method=java.util.TimSort.binarySort([Ljava/lang/Object;IIILjava/util/Comparator;)V @ 183
Event: 336.172 Thread 0x00007f116c4c1000 Uncommon trap: reason=unstable_if action=reinterpret pc=0x00007f11a6245744 method=com.netflix.config.DynamicProperty$CachedValue.getValue()Ljava/lang/Object; @ 4
Event: 336.263 Thread 0x00007f116c4c1000 Uncommon trap: reason=array_check action=maybe_recompile pc=0x00007f11a56c3274 method=java.util.TimSort.binarySort([Ljava/lang/Object;IIILjava/util/Comparator;)V @ 193
Event: 336.264 Thread 0x00007f116c4c1000 Uncommon trap: reason=array_check action=maybe_recompile pc=0x00007f11a56c3274 method=java.util.TimSort.binarySort([Ljava/lang/Object;IIILjava/util/Comparator;)V @ 193
Event: 336.286 Thread 0x00007f116c4c1000 Uncommon trap: reason=bimorphic action=maybe_recompile pc=0x00007f11a5742838 method=java.util.regex.Pattern$CharProperty.match(Ljava/util/regex/Matcher;ILjava/lang/CharSequence;)Z @ 37
Event: 336.287 Thread 0x00007f116c4c1000 Uncommon trap: reason=bimorphic action=maybe_recompile pc=0x00007f11a5742838 method=java.util.regex.Pattern$CharProperty.match(Ljava/util/regex/Matcher;ILjava/lang/CharSequence;)Z @ 37
Event: 337.581 Thread 0x00007f1130012000 Uncommon trap: reason=unstable_if action=reinterpret pc=0x00007f11a5f9a614 method=sun.misc.Resource.getBytes()[B @ 197

Internal exceptions (10 events):
Event: 280.243 Thread 0x00007f114c001000 Exception <a 'java/net/SocketTimeoutException': Read timed out> (0x00000000e1377190) thrown at [/HUDSON3/workspace/8-2-build-linux-amd64/jdk8u144/9417/hotspot/src/share/vm/prims/jni.cpp, line 735]
Event: 311.124 Thread 0x00007f1144001000 Exception <a 'java/net/SocketTimeoutException': Read timed out> (0x00000000e1b1d360) thrown at [/HUDSON3/workspace/8-2-build-linux-amd64/jdk8u144/9417/hotspot/src/share/vm/prims/jni.cpp, line 735]
Event: 311.233 Thread 0x00007f114c001000 Exception <a 'java/net/SocketTimeoutException': Read timed out> (0x00000000e3527688) thrown at [/HUDSON3/workspace/8-2-build-linux-amd64/jdk8u144/9417/hotspot/src/share/vm/prims/jni.cpp, line 735]
Event: 336.982 Thread 0x00007f1130012000 Exception <a 'java/lang/NoClassDefFoundError': javax/mail/internet/ParseException> (0x00000000e7691a18) thrown at [/HUDSON3/workspace/8-2-build-linux-amd64/jdk8u144/9417/hotspot/src/share/vm/classfile/systemDictionary.cpp, line 199]
Event: 337.240 Thread 0x00007f1130012000 Exception <a 'java/lang/NoClassDefFoundError': javax/mail/internet/ParseException> (0x00000000e7e185c8) thrown at [/HUDSON3/workspace/8-2-build-linux-amd64/jdk8u144/9417/hotspot/src/share/vm/classfile/systemDictionary.cpp, line 199]
Event: 337.319 Thread 0x00007f1130012000 Exception <a 'java/lang/ClassNotFoundException': java/lang/ObjectCustomizer> (0x00000000e81bee00) thrown at [/HUDSON3/workspace/8-2-build-linux-amd64/jdk8u144/9417/hotspot/src/share/vm/classfile/systemDictionary.cpp, line 210]
Event: 337.324 Thread 0x00007f1130012000 Exception <a 'java/lang/ClassNotFoundException': com/netflix/loadbalancer/LoadBalancerContextCustomizer> (0x00000000e830e6a8) thrown at [/HUDSON3/workspace/8-2-build-linux-amd64/jdk8u144/9417/hotspot/src/share/vm/classfile/systemDictionary.cpp, line 210]
Event: 337.363 Thread 0x00007f1130012000 Exception <a 'java/lang/ClassNotFoundException': com/netflix/client/AbstractLoadBalancerAwareClientCustomizer> (0x00000000e8477618) thrown at [/HUDSON3/workspace/8-2-build-linux-amd64/jdk8u144/9417/hotspot/src/share/vm/classfile/systemDictionary.cpp, line
Event: 337.446 Thread 0x00007f1130012000 Exception <a 'java/lang/ClassNotFoundException': com/netflix/niws/client/http/RestClientCustomizer> (0x00000000e85c1878) thrown at [/HUDSON3/workspace/8-2-build-linux-amd64/jdk8u144/9417/hotspot/src/share/vm/classfile/systemDictionary.cpp, line 210]
Event: 337.536 Thread 0x00007f1130012000 Exception <a 'java/lang/ClassNotFoundException': org/springframework/cloud/netflix/ribbon/RibbonClientConfiguration$OverrideRestClientCustomizer> (0x00000000e8762a90) thrown at [/HUDSON3/workspace/8-2-build-linux-amd64/jdk8u144/9417/hotspot/src/share/vm/c

Events (10 events):
Event: 338.012 loading class com/netflix/niws/client/http/RestClient$2
Event: 338.012 loading class com/netflix/niws/client/http/RestClient$2 done
Event: 338.019 Executing VM operation: RevokeBias
Event: 338.024 Executing VM operation: RevokeBias done
Event: 338.024 Executing VM operation: RevokeBias
Event: 338.027 Executing VM operation: RevokeBias done
Event: 338.030 loading class org/apache/http/impl/cookie/IgnoreSpec
Event: 338.030 loading class org/apache/http/impl/cookie/IgnoreSpec done
Event: 338.036 Executing VM operation: RevokeBias
Event: 338.036 Executing VM operation: RevokeBias done


Dynamic libraries:
00400000-00401000 r-xp 00000000 08:01 409108                             /usr/lib/jvm/java-8-oracle/jre/bin/java
00600000-00601000 rw-p 00000000 08:01 409108                             /usr/lib/jvm/java-8-oracle/jre/bin/java
02305000-0234c000 rw-p 00000000 00:00 0                                  [heap]
83200000-8a280000 rw-p 00000000 00:00 0 
8a280000-d6600000 ---p 00000000 00:00 0 
d6600000-100000000 rw-p 00000000 00:00 0 
100000000-100640000 rw-p 00000000 00:00 0 
100640000-140000000 ---p 00000000 00:00 0 
7f1120000000-7f112003a000 rw-p 00000000 00:00 0 
7f112003a000-7f1124000000 ---p 00000000 00:00 0 
7f1124000000-7f1124848000 rw-p 00000000 00:00 0 
7f1124848000-7f1128000000 ---p 00000000 00:00 0 
7f11289b5000-7f11289b8000 ---p 00000000 00:00 0 
7f11289b8000-7f1128ab6000 rw-p 00000000 00:00 0                          [stack:21402]
7f1128ab6000-7f1128ab9000 ---p 00000000 00:00 0 
7f1128ab9000-7f1128bb7000 rw-p 00000000 00:00 0                          [stack:21401]
7f1128bb7000-7f1128bba000 ---p 00000000 00:00 0 
7f1128bba000-7f1128cb8000 rw-p 00000000 00:00 0                          [stack:21400]
7f1128cb8000-7f1128cbb000 ---p 00000000 00:00 0 
7f1128cbb000-7f1128eb9000 rw-p 00000000 00:00 0                          [stack:21399]
7f1128eb9000-7f1128fb9000 ---p 00000000 00:00 0 
7f1128fb9000-7f1128fbc000 ---p 00000000 00:00 0 
7f1128fbc000-7f11290ba000 rw-p 00000000 00:00 0                          [stack:21213]
7f11290ba000-7f11290bd000 ---p 00000000 00:00 0 
7f11290bd000-7f11291bb000 rw-p 00000000 00:00 0                          [stack:21212]
7f11291bb000-7f11291be000 ---p 00000000 00:00 0 
7f11291be000-7f11292bc000 rw-p 00000000 00:00 0                          [stack:21397]
7f11292bc000-7f11292bf000 ---p 00000000 00:00 0 
7f11292bf000-7f11293bd000 rw-p 00000000 00:00 0                          [stack:21210]
7f11293bd000-7f11293c0000 ---p 00000000 00:00 0 
7f11293c0000-7f11294be000 rw-p 00000000 00:00 0                          [stack:21193]
7f11294be000-7f11294c1000 ---p 00000000 00:00 0 
7f11294c1000-7f11295bf000 rw-p 00000000 00:00 0                          [stack:21192]
7f11295bf000-7f11295c2000 ---p 00000000 00:00 0 
7f11295c2000-7f11296c0000 rw-p 00000000 00:00 0                          [stack:21191]
7f11296c0000-7f11296c3000 ---p 00000000 00:00 0 
7f11296c3000-7f11297c1000 rw-p 00000000 00:00 0                          [stack:21190]
7f11297c1000-7f11297c4000 ---p 00000000 00:00 0 
7f11297c4000-7f11298c2000 rw-p 00000000 00:00 0                          [stack:21187]
7f11298c2000-7f11298c5000 ---p 00000000 00:00 0 
7f11298c5000-7f11299c3000 rw-p 00000000 00:00 0                          [stack:21185]
7f11299c3000-7f11299c6000 ---p 00000000 00:00 0 
7f11299c6000-7f1129ac4000 rw-p 00000000 00:00 0                          [stack:21184]
7f1129ac4000-7f1129ac7000 ---p 00000000 00:00 0 
7f1129ac7000-7f1129bc5000 rw-p 00000000 00:00 0                          [stack:21181]
7f1129bc5000-7f1129bc8000 ---p 00000000 00:00 0 
7f1129bc8000-7f1129cc6000 rw-p 00000000 00:00 0                          [stack:21180]
7f1129cc6000-7f1129cc9000 ---p 00000000 00:00 0 
7f1129cc9000-7f1129dc7000 rw-p 00000000 00:00 0                          [stack:21179]
7f1129dc7000-7f1129dca000 ---p 00000000 00:00 0 
7f1129dca000-7f1129ec8000 rw-p 00000000 00:00 0                          [stack:21178]
7f1129ec8000-7f1129ecb000 ---p 00000000 00:00 0 
7f1129ecb000-7f1129fc9000 rw-p 00000000 00:00 0                          [stack:21177]
7f1129fc9000-7f1129fcc000 ---p 00000000 00:00 0 
7f1129fcc000-7f112a0ca000 rw-p 00000000 00:00 0                          [stack:21176]
7f112a0ca000-7f112a0cd000 ---p 00000000 00:00 0 
7f112a0cd000-7f112a1cb000 rw-p 00000000 00:00 0                          [stack:21175]
7f112a1cb000-7f112a1ce000 ---p 00000000 00:00 0 
7f112a1ce000-7f112a2cc000 rw-p 00000000 00:00 0                          [stack:21174]
7f112a2cc000-7f112a2cf000 ---p 00000000 00:00 0 
7f112a2cf000-7f112a5cd000 rw-p 00000000 00:00 0                          [stack:21173]
7f112a5cd000-7f112a5d0000 ---p 00000000 00:00 0 
7f112a5d0000-7f112a6ce000 rw-p 00000000 00:00 0                          [stack:21172]
7f112a6ce000-7f112a6d1000 ---p 00000000 00:00 0 
7f112a6d1000-7f112a7cf000 rw-p 00000000 00:00 0                          [stack:21171]
7f112a7cf000-7f112a7d2000 ---p 00000000 00:00 0 
7f112a7d2000-7f112a8d0000 rw-p 00000000 00:00 0                          [stack:21170]
7f112a8d0000-7f112a8e7000 r-xp 00000000 08:01 3033                       /lib/x86_64-linux-gnu/libresolv-2.19.so
7f112a8e7000-7f112aae7000 ---p 00017000 08:01 3033                       /lib/x86_64-linux-gnu/libresolv-2.19.so
7f112aae7000-7f112aae8000 r--p 00017000 08:01 3033                       /lib/x86_64-linux-gnu/libresolv-2.19.so
7f112aae8000-7f112aae9000 rw-p 00018000 08:01 3033                       /lib/x86_64-linux-gnu/libresolv-2.19.so
7f112aae9000-7f112aaeb000 rw-p 00000000 00:00 0 
7f112aaeb000-7f112aaf0000 r-xp 00000000 08:01 3062                       /lib/x86_64-linux-gnu/libnss_dns-2.19.so
7f112aaf0000-7f112acef000 ---p 00005000 08:01 3062                       /lib/x86_64-linux-gnu/libnss_dns-2.19.so
7f112acef000-7f112acf0000 r--p 00004000 08:01 3062                       /lib/x86_64-linux-gnu/libnss_dns-2.19.so
7f112acf0000-7f112acf1000 rw-p 00005000 08:01 3062                       /lib/x86_64-linux-gnu/libnss_dns-2.19.so
7f112acf1000-7f112aef1000 rw-p 00000000 00:00 0 
7f112aef1000-7f112aef4000 ---p 00000000 00:00 0 
7f112aef4000-7f112aff2000 rw-p 00000000 00:00 0                          [stack:21398]
7f112aff2000-7f112aff5000 ---p 00000000 00:00 0 
7f112aff5000-7f112b0f3000 rw-p 00000000 00:00 0                          [stack:21167]
7f112b0f3000-7f112b0f6000 ---p 00000000 00:00 0 
7f112b0f6000-7f112b1f4000 rw-p 00000000 00:00 0                          [stack:21166]
7f112b1f4000-7f112b1f7000 ---p 00000000 00:00 0 
7f112b1f7000-7f112b2f5000 rw-p 00000000 00:00 0                          [stack:21165]
7f112b2f5000-7f112b2f8000 ---p 00000000 00:00 0 
7f112b2f8000-7f112b3f6000 rw-p 00000000 00:00 0                          [stack:21164]
7f112b3f6000-7f112b3f9000 ---p 00000000 00:00 0 
7f112b3f9000-7f112b4f7000 rw-p 00000000 00:00 0                          [stack:21163]
7f112b4f7000-7f112b4fa000 ---p 00000000 00:00 0 
7f112b4fa000-7f112b5f8000 rw-p 00000000 00:00 0                          [stack:21162]
7f112b5f8000-7f112b5fb000 ---p 00000000 00:00 0 
7f112b5fb000-7f112b6f9000 rw-p 00000000 00:00 0                          [stack:21161]
7f112b6f9000-7f112b6fc000 ---p 00000000 00:00 0 
7f112b6fc000-7f112b7fa000 rw-p 00000000 00:00 0                          [stack:21160]
7f112b7fa000-7f112b7fd000 ---p 00000000 00:00 0 
7f112b7fd000-7f112b8fb000 rw-p 00000000 00:00 0                          [stack:21158]
7f112b8fb000-7f112b8fe000 ---p 00000000 00:00 0 
7f112b8fe000-7f112b9fc000 rw-p 00000000 00:00 0                          [stack:21157]
7f112b9fc000-7f112b9ff000 ---p 00000000 00:00 0 
7f112b9ff000-7f112bcfd000 rw-p 00000000 00:00 0                          [stack:21156]
7f112bcfd000-7f112bd00000 ---p 00000000 00:00 0 
7f112bd00000-7f112bdfe000 rw-p 00000000 00:00 0                          [stack:21056]
7f112bdfe000-7f112be01000 ---p 00000000 00:00 0 
7f112be01000-7f112beff000 rw-p 00000000 00:00 0                          [stack:21019]
7f112beff000-7f112bf02000 ---p 00000000 00:00 0 
7f112bf02000-7f112c000000 rw-p 00000000 00:00 0                          [stack:21018]
7f112c000000-7f112c84b000 rw-p 00000000 00:00 0 
7f112c84b000-7f1130000000 ---p 00000000 00:00 0 
7f1130000000-7f113002d000 rw-p 00000000 00:00 0 
7f113002d000-7f1134000000 ---p 00000000 00:00 0 
7f1134000000-7f113402f000 rw-p 00000000 00:00 0 
7f113402f000-7f1138000000 ---p 00000000 00:00 0 
7f1138000000-7f1138021000 rw-p 00000000 00:00 0 
7f1138021000-7f113c000000 ---p 00000000 00:00 0 
7f113c000000-7f113c501000 rw-p 00000000 00:00 0 
7f113c501000-7f1140000000 ---p 00000000 00:00 0 
7f1140000000-7f1140cda000 rw-p 00000000 00:00 0 
7f1140cda000-7f1144000000 ---p 00000000 00:00 0 
7f1144000000-7f1144021000 rw-p 00000000 00:00 0 
7f1144021000-7f1148000000 ---p 00000000 00:00 0 
7f1148000000-7f11480bd000 rw-p 00000000 00:00 0 
7f11480bd000-7f114c000000 ---p 00000000 00:00 0 
7f114c000000-7f114c021000 rw-p 00000000 00:00 0 
7f114c021000-7f1150000000 ---p 00000000 00:00 0 
7f1150000000-7f1150021000 rw-p 00000000 00:00 0 
7f1150021000-7f1154000000 ---p 00000000 00:00 0 
7f1154000000-7f1154021000 rw-p 00000000 00:00 0 
7f1154021000-7f1158000000 ---p 00000000 00:00 0 
7f1158000000-7f11589fa000 rw-p 00000000 00:00 0 
7f11589fa000-7f115c000000 ---p 00000000 00:00 0 
7f115c000000-7f115d972000 rw-p 00000000 00:00 0 
7f115d972000-7f1160000000 ---p 00000000 00:00 0 
7f1160000000-7f116051f000 rw-p 00000000 00:00 0 
7f116051f000-7f1164000000 ---p 00000000 00:00 0 
7f1164000000-7f1164865000 rw-p 00000000 00:00 0 
7f1164865000-7f1168000000 ---p 00000000 00:00 0 
7f1168000000-7f116bf65000 rw-p 00000000 00:00 0 
7f116bf65000-7f116c000000 ---p 00000000 00:00 0 
7f116c000000-7f116d14c000 rw-p 00000000 00:00 0 
7f116d14c000-7f1170000000 ---p 00000000 00:00 0 
7f1170000000-7f1170021000 rw-p 00000000 00:00 0 
7f1170021000-7f1174000000 ---p 00000000 00:00 0 
7f1174000000-7f1175def000 rw-p 00000000 00:00 0 
7f1175def000-7f1178000000 ---p 00000000 00:00 0 
7f1178000000-7f11796b7000 rw-p 00000000 00:00 0 
7f11796b7000-7f117c000000 ---p 00000000 00:00 0 
7f117c000000-7f117c021000 rw-p 00000000 00:00 0 
7f117c021000-7f1180000000 ---p 00000000 00:00 0 
7f1180000000-7f11801bc000 rw-p 00000000 00:00 0 
7f11801bc000-7f1184000000 ---p 00000000 00:00 0 
7f1184000000-7f118417b000 rw-p 00000000 00:00 0 
7f118417b000-7f1188000000 ---p 00000000 00:00 0 
7f1188000000-7f1188021000 rw-p 00000000 00:00 0 
7f1188021000-7f118c000000 ---p 00000000 00:00 0 
7f118c000000-7f118c021000 rw-p 00000000 00:00 0 
7f118c021000-7f1190000000 ---p 00000000 00:00 0 
7f1190000000-7f1190021000 rw-p 00000000 00:00 0 
7f1190021000-7f1194000000 ---p 00000000 00:00 0 
7f1194000000-7f1194021000 rw-p 00000000 00:00 0 
7f1194021000-7f1198000000 ---p 00000000 00:00 0 
7f119803b000-7f119803e000 ---p 00000000 00:00 0 
7f119803e000-7f119813c000 rw-p 00000000 00:00 0                          [stack:21017]
7f119813c000-7f119813f000 ---p 00000000 00:00 0 
7f119813f000-7f119823d000 rw-p 00000000 00:00 0                          [stack:21016]
7f119823d000-7f1198240000 ---p 00000000 00:00 0 
7f1198240000-7f119833e000 rw-p 00000000 00:00 0                          [stack:21015]
7f119833e000-7f1198341000 ---p 00000000 00:00 0 
7f1198341000-7f119863f000 rw-p 00000000 00:00 0                          [stack:21014]
7f119863f000-7f1198642000 ---p 00000000 00:00 0 
7f1198642000-7f1198740000 rw-p 00000000 00:00 0                          [stack:21013]
7f1198740000-7f1198743000 ---p 00000000 00:00 0 
7f1198743000-7f1198a41000 rw-p 00000000 00:00 0                          [stack:21012]
7f1198a41000-7f1198a44000 ---p 00000000 00:00 0 
7f1198a44000-7f1198b42000 rw-p 00000000 00:00 0                          [stack:21011]
7f1198b42000-7f1198b45000 ---p 00000000 00:00 0 
7f1198b45000-7f1198c43000 rw-p 00000000 00:00 0                          [stack:21010]
7f1198c43000-7f1198c46000 ---p 00000000 00:00 0 
7f1198c46000-7f1198d44000 rw-p 00000000 00:00 0                          [stack:21009]
7f1198d44000-7f1198d47000 ---p 00000000 00:00 0 
7f1198d47000-7f1199045000 rw-p 00000000 00:00 0                          [stack:21008]
7f1199045000-7f119905b000 r-xp 00000000 08:01 2971                       /lib/x86_64-linux-gnu/libgcc_s.so.1
7f119905b000-7f119925a000 ---p 00016000 08:01 2971                       /lib/x86_64-linux-gnu/libgcc_s.so.1
7f119925a000-7f119925b000 rw-p 00015000 08:01 2971                       /lib/x86_64-linux-gnu/libgcc_s.so.1
7f119925b000-7f119928d000 r-xp 00000000 08:01 409213                     /usr/lib/jvm/java-8-oracle/jre/lib/amd64/libsunec.so
7f119928d000-7f119948c000 ---p 00032000 08:01 409213                     /usr/lib/jvm/java-8-oracle/jre/lib/amd64/libsunec.so
7f119948c000-7f1199492000 rw-p 00031000 08:01 409213                     /usr/lib/jvm/java-8-oracle/jre/lib/amd64/libsunec.so
7f1199492000-7f11996a2000 rw-p 00000000 00:00 0 
7f11996a2000-7f11996a5000 ---p 00000000 00:00 0 
7f11996a5000-7f11997a3000 rw-p 00000000 00:00 0                          [stack:21007]
7f11997a3000-7f11997a6000 ---p 00000000 00:00 0 
7f11997a6000-7f11998a4000 rw-p 00000000 00:00 0                          [stack:21004]
7f11998a4000-7f11998a7000 ---p 00000000 00:00 0 
7f11998a7000-7f1199ba5000 rw-p 00000000 00:00 0                          [stack:21003]
7f1199ba5000-7f1199da5000 rw-p 00000000 00:00 0 
7f1199da5000-7f1199fa5000 rw-p 00000000 00:00 0 
7f1199fa5000-7f119a1a5000 rw-p 00000000 00:00 0 
7f119a1a5000-7f119a3a5000 rw-p 00000000 00:00 0 
7f119a3a5000-7f119a5a5000 rw-p 00000000 00:00 0 
7f119a5a5000-7f119a63a000 r--s 01110000 08:01 409352                     /usr/lib/jvm/java-8-oracle/jre/lib/ext/jfxrt.jar
7f119a63a000-7f119a83a000 rw-p 00000000 00:00 0 
7f119a83a000-7f119a84b000 r-xp 00000000 08:01 409176                     /usr/lib/jvm/java-8-oracle/jre/lib/amd64/libnio.so
7f119a84b000-7f119aa4a000 ---p 00011000 08:01 409176                     /usr/lib/jvm/java-8-oracle/jre/lib/amd64/libnio.so
7f119aa4a000-7f119aa4b000 rw-p 00010000 08:01 409176                     /usr/lib/jvm/java-8-oracle/jre/lib/amd64/libnio.so
7f119aa4b000-7f119ac4b000 rw-p 00000000 00:00 0 
7f119ac4b000-7f119ae4b000 rw-p 00000000 00:00 0 
7f119ae4b000-7f119b04b000 rw-p 00000000 00:00 0 
7f119b04b000-7f119b04e000 r-xp 00000000 08:01 59291                      /lib/x86_64-linux-gnu/libnss_myhostname.so.2
7f119b04e000-7f119b24d000 ---p 00003000 08:01 59291                      /lib/x86_64-linux-gnu/libnss_myhostname.so.2
7f119b24d000-7f119b24e000 r--p 00002000 08:01 59291                      /lib/x86_64-linux-gnu/libnss_myhostname.so.2
7f119b24e000-7f119b24f000 rw-p 00003000 08:01 59291                      /lib/x86_64-linux-gnu/libnss_myhostname.so.2
7f119b24f000-7f119b265000 r-xp 00000000 08:01 409195                     /usr/lib/jvm/java-8-oracle/jre/lib/amd64/libnet.so
7f119b265000-7f119b465000 ---p 00016000 08:01 409195                     /usr/lib/jvm/java-8-oracle/jre/lib/amd64/libnet.so
7f119b465000-7f119b466000 rw-p 00016000 08:01 409195                     /usr/lib/jvm/java-8-oracle/jre/lib/amd64/libnet.so
7f119b466000-7f119b469000 ---p 00000000 00:00 0 
7f119b469000-7f119b567000 rw-p 00000000 00:00 0                          [stack:21049]
7f119b567000-7f119b56a000 ---p 00000000 00:00 0 
7f119b56a000-7f119b668000 rw-p 00000000 00:00 0                          [stack:21055]
7f119b668000-7f119b66b000 ---p 00000000 00:00 0 
7f119b66b000-7f119b769000 rw-p 00000000 00:00 0                          [stack:21021]
7f119b769000-7f119b772000 r-xp 00000000 08:01 409227                     /usr/lib/jvm/java-8-oracle/jre/lib/amd64/libmanagement.so
7f119b772000-7f119b971000 ---p 00009000 08:01 409227                     /usr/lib/jvm/java-8-oracle/jre/lib/amd64/libmanagement.so
7f119b971000-7f119b972000 rw-p 00008000 08:01 409227                     /usr/lib/jvm/java-8-oracle/jre/lib/amd64/libmanagement.so
7f119b972000-7f119b973000 ---p 00000000 00:00 0 
7f119b973000-7f119ba73000 rw-p 00000000 00:00 0                          [stack:20996]
7f119ba73000-7f119ba76000 ---p 00000000 00:00 0 
7f119ba76000-7f119bb74000 rw-p 00000000 00:00 0                          [stack:20995]
7f119bb74000-7f119bb77000 ---p 00000000 00:00 0 
7f119bb77000-7f119bc75000 rw-p 00000000 00:00 0                          [stack:20994]
7f119bc75000-7f119bc78000 ---p 00000000 00:00 0 
7f119bc78000-7f119bd76000 rw-p 00000000 00:00 0                          [stack:20993]
7f119bd76000-7f119bd79000 ---p 00000000 00:00 0 
7f119bd79000-7f119be77000 rw-p 00000000 00:00 0                          [stack:20992]
7f119be77000-7f119c000000 r--p 00000000 08:01 27112                      /usr/lib/locale/locale-archive
7f119c000000-7f119c026000 rw-p 00000000 00:00 0 
7f119c026000-7f11a0000000 ---p 00000000 00:00 0 
7f11a006c000-7f11a007f000 r--s 00345000 08:01 409126                     /usr/lib/jvm/java-8-oracle/jre/lib/resources.jar
7f11a007f000-7f11a0082000 ---p 00000000 00:00 0 
7f11a0082000-7f11a0180000 rw-p 00000000 00:00 0                          [stack:20991]
7f11a0180000-7f11a0183000 ---p 00000000 00:00 0 
7f11a0183000-7f11a0281000 rw-p 00000000 00:00 0                          [stack:20990]
7f11a0281000-7f11a0284000 ---p 00000000 00:00 0 
7f11a0284000-7f11a0382000 rw-p 00000000 00:00 0                          [stack:20989]
7f11a0382000-7f11a0383000 ---p 00000000 00:00 0 
7f11a0383000-7f11a5000000 rw-p 00000000 00:00 0                          [stack:20988]
7f11a5000000-7f11a62c0000 rwxp 00000000 00:00 0 
7f11a62d0000-7f11b4000000 ---p 00000000 00:00 0 
7f11b4000000-7f11b4475000 rw-p 00000000 00:00 0 
7f11b4475000-7f11b8000000 ---p 00000000 00:00 0 
7f11b8009000-7f11b800f000 r--s 0003f000 08:01 409358                     /usr/lib/jvm/java-8-oracle/jre/lib/ext/sunjce_provider.jar
7f11b800f000-7f11b8211000 rw-p 00000000 00:00 0 
7f11b8211000-7f11b83eb000 r--s 03d4d000 08:01 409330                     /usr/lib/jvm/java-8-oracle/jre/lib/rt.jar
7f11b83eb000-7f11b9048000 rw-p 00000000 00:00 0 
7f11b9048000-7f11b9049000 ---p 00000000 00:00 0 
7f11b9049000-7f11b9149000 rw-p 00000000 00:00 0                          [stack:20987]
7f11b9149000-7f11b914a000 ---p 00000000 00:00 0 
7f11b914a000-7f11b924a000 rw-p 00000000 00:00 0                          [stack:20986]
7f11b924a000-7f11b924b000 ---p 00000000 00:00 0 
7f11b924b000-7f11b934b000 rw-p 00000000 00:00 0                          [stack:20985]
7f11b934b000-7f11b934c000 ---p 00000000 00:00 0 
7f11b934c000-7f11b9485000 rw-p 00000000 00:00 0                          [stack:20984]
7f11b9485000-7f11b96e6000 ---p 00000000 00:00 0 
7f11b96e6000-7f11b971f000 rw-p 00000000 00:00 0 
7f11b971f000-7f11b9980000 ---p 00000000 00:00 0 
7f11b9980000-7f11b9acd000 rw-p 00000000 00:00 0 
7f11b9acd000-7f11b9b19000 rw-p 00000000 00:00 0 
7f11b9b19000-7f11b9e8e000 ---p 00000000 00:00 0 
7f11b9e8e000-7f11b9ea8000 r-xp 00000000 08:01 409202                     /usr/lib/jvm/java-8-oracle/jre/lib/amd64/libzip.so
7f11b9ea8000-7f11ba0a8000 ---p 0001a000 08:01 409202                     /usr/lib/jvm/java-8-oracle/jre/lib/amd64/libzip.so
7f11ba0a8000-7f11ba0a9000 rw-p 0001a000 08:01 409202                     /usr/lib/jvm/java-8-oracle/jre/lib/amd64/libzip.so
7f11ba0a9000-7f11ba0b3000 r-xp 00000000 08:01 3144                       /lib/x86_64-linux-gnu/libnss_files-2.19.so
7f11ba0b3000-7f11ba2b2000 ---p 0000a000 08:01 3144                       /lib/x86_64-linux-gnu/libnss_files-2.19.so
7f11ba2b2000-7f11ba2b3000 r--p 00009000 08:01 3144                       /lib/x86_64-linux-gnu/libnss_files-2.19.so
7f11ba2b3000-7f11ba2b4000 rw-p 0000a000 08:01 3144                       /lib/x86_64-linux-gnu/libnss_files-2.19.so
7f11ba2b4000-7f11ba2bf000 r-xp 00000000 08:01 3036                       /lib/x86_64-linux-gnu/libnss_nis-2.19.so
7f11ba2bf000-7f11ba4be000 ---p 0000b000 08:01 3036                       /lib/x86_64-linux-gnu/libnss_nis-2.19.so
7f11ba4be000-7f11ba4bf000 r--p 0000a000 08:01 3036                       /lib/x86_64-linux-gnu/libnss_nis-2.19.so
7f11ba4bf000-7f11ba4c0000 rw-p 0000b000 08:01 3036                       /lib/x86_64-linux-gnu/libnss_nis-2.19.so
7f11ba4c0000-7f11ba4d7000 r-xp 00000000 08:01 2993                       /lib/x86_64-linux-gnu/libnsl-2.19.so
7f11ba4d7000-7f11ba6d6000 ---p 00017000 08:01 2993                       /lib/x86_64-linux-gnu/libnsl-2.19.so
7f11ba6d6000-7f11ba6d7000 r--p 00016000 08:01 2993                       /lib/x86_64-linux-gnu/libnsl-2.19.so
7f11ba6d7000-7f11ba6d8000 rw-p 00017000 08:01 2993                       /lib/x86_64-linux-gnu/libnsl-2.19.so
7f11ba6d8000-7f11ba6da000 rw-p 00000000 00:00 0 
7f11ba6da000-7f11ba6e3000 r-xp 00000000 08:01 3004                       /lib/x86_64-linux-gnu/libnss_compat-2.19.so
7f11ba6e3000-7f11ba8e2000 ---p 00009000 08:01 3004                       /lib/x86_64-linux-gnu/libnss_compat-2.19.so
7f11ba8e2000-7f11ba8e3000 r--p 00008000 08:01 3004                       /lib/x86_64-linux-gnu/libnss_compat-2.19.so
7f11ba8e3000-7f11ba8e4000 rw-p 00009000 08:01 3004                       /lib/x86_64-linux-gnu/libnss_compat-2.19.so
7f11ba8e4000-7f11ba90f000 r-xp 00000000 08:01 409188                     /usr/lib/jvm/java-8-oracle/jre/lib/amd64/libjava.so
7f11ba90f000-7f11bab0e000 ---p 0002b000 08:01 409188                     /usr/lib/jvm/java-8-oracle/jre/lib/amd64/libjava.so
7f11bab0e000-7f11bab10000 rw-p 0002a000 08:01 409188                     /usr/lib/jvm/java-8-oracle/jre/lib/amd64/libjava.so
7f11bab10000-7f11bab1d000 r-xp 00000000 08:01 409228                     /usr/lib/jvm/java-8-oracle/jre/lib/amd64/libverify.so
7f11bab1d000-7f11bad1d000 ---p 0000d000 08:01 409228                     /usr/lib/jvm/java-8-oracle/jre/lib/amd64/libverify.so
7f11bad1d000-7f11bad1f000 rw-p 0000d000 08:01 409228                     /usr/lib/jvm/java-8-oracle/jre/lib/amd64/libverify.so
7f11bad1f000-7f11bad26000 r-xp 00000000 08:01 2965                       /lib/x86_64-linux-gnu/librt-2.19.so
7f11bad26000-7f11baf25000 ---p 00007000 08:01 2965                       /lib/x86_64-linux-gnu/librt-2.19.so
7f11baf25000-7f11baf26000 r--p 00006000 08:01 2965                       /lib/x86_64-linux-gnu/librt-2.19.so
7f11baf26000-7f11baf27000 rw-p 00007000 08:01 2965                       /lib/x86_64-linux-gnu/librt-2.19.so
7f11baf27000-7f11bb02c000 r-xp 00000000 08:01 3059                       /lib/x86_64-linux-gnu/libm-2.19.so
7f11bb02c000-7f11bb22b000 ---p 00105000 08:01 3059                       /lib/x86_64-linux-gnu/libm-2.19.so
7f11bb22b000-7f11bb22c000 r--p 00104000 08:01 3059                       /lib/x86_64-linux-gnu/libm-2.19.so
7f11bb22c000-7f11bb22d000 rw-p 00105000 08:01 3059                       /lib/x86_64-linux-gnu/libm-2.19.so
7f11bb22d000-7f11bbf00000 r-xp 00000000 08:01 409186                     /usr/lib/jvm/java-8-oracle/jre/lib/amd64/server/libjvm.so
7f11bbf00000-7f11bc0ff000 ---p 00cd3000 08:01 409186                     /usr/lib/jvm/java-8-oracle/jre/lib/amd64/server/libjvm.so
7f11bc0ff000-7f11bc1d9000 rw-p 00cd2000 08:01 409186                     /usr/lib/jvm/java-8-oracle/jre/lib/amd64/server/libjvm.so
7f11bc1d9000-7f11bc224000 rw-p 00000000 00:00 0 
7f11bc224000-7f11bc3e2000 r-xp 00000000 08:01 3143                       /lib/x86_64-linux-gnu/libc-2.19.so
7f11bc3e2000-7f11bc5e2000 ---p 001be000 08:01 3143                       /lib/x86_64-linux-gnu/libc-2.19.so
7f11bc5e2000-7f11bc5e6000 r--p 001be000 08:01 3143                       /lib/x86_64-linux-gnu/libc-2.19.so
7f11bc5e6000-7f11bc5e8000 rw-p 001c2000 08:01 3143                       /lib/x86_64-linux-gnu/libc-2.19.so
7f11bc5e8000-7f11bc5ed000 rw-p 00000000 00:00 0 
7f11bc5ed000-7f11bc5f0000 r-xp 00000000 08:01 2994                       /lib/x86_64-linux-gnu/libdl-2.19.so
7f11bc5f0000-7f11bc7ef000 ---p 00003000 08:01 2994                       /lib/x86_64-linux-gnu/libdl-2.19.so
7f11bc7ef000-7f11bc7f0000 r--p 00002000 08:01 2994                       /lib/x86_64-linux-gnu/libdl-2.19.so
7f11bc7f0000-7f11bc7f1000 rw-p 00003000 08:01 2994                       /lib/x86_64-linux-gnu/libdl-2.19.so
7f11bc7f1000-7f11bc806000 r-xp 00000000 08:01 409192                     /usr/lib/jvm/java-8-oracle/jre/lib/amd64/jli/libjli.so
7f11bc806000-7f11bca06000 ---p 00015000 08:01 409192                     /usr/lib/jvm/java-8-oracle/jre/lib/amd64/jli/libjli.so
7f11bca06000-7f11bca07000 rw-p 00015000 08:01 409192                     /usr/lib/jvm/java-8-oracle/jre/lib/amd64/jli/libjli.so
7f11bca07000-7f11bca20000 r-xp 00000000 08:01 3039                       /lib/x86_64-linux-gnu/libpthread-2.19.so
7f11bca20000-7f11bcc1f000 ---p 00019000 08:01 3039                       /lib/x86_64-linux-gnu/libpthread-2.19.so
7f11bcc1f000-7f11bcc20000 r--p 00018000 08:01 3039                       /lib/x86_64-linux-gnu/libpthread-2.19.so
7f11bcc20000-7f11bcc21000 rw-p 00019000 08:01 3039                       /lib/x86_64-linux-gnu/libpthread-2.19.so
7f11bcc21000-7f11bcc25000 rw-p 00000000 00:00 0 
7f11bcc25000-7f11bcc48000 r-xp 00000000 08:01 2949                       /lib/x86_64-linux-gnu/ld-2.19.so
7f11bcc4c000-7f11bcc4e000 r--s 00009000 08:01 409353                     /usr/lib/jvm/java-8-oracle/jre/lib/ext/sunec.jar
7f11bcc4e000-7f11bcc53000 r--s 0009a000 08:01 409166                     /usr/lib/jvm/java-8-oracle/jre/lib/jsse.jar
7f11bcc53000-7f11bcc58000 r--s 002f9000 08:01 409391                     /usr/lib/jvm/java-8-oracle/jre/lib/charsets.jar
7f11bcc58000-7f11bcc61000 r--s 021c0000 08:01 1587227                    /home/vagrant/workspace/spring-cloud-nike-running/running-location-simulator/target/running-location-simulator-1.0.0.BUILD-SNAPSHOT.jar
7f11bcc61000-7f11bcd33000 rw-p 00000000 00:00 0 
7f11bcd33000-7f11bcd36000 ---p 00000000 00:00 0 
7f11bcd36000-7f11bce38000 rw-p 00000000 00:00 0                          [stack:20983]
7f11bce38000-7f11bce3b000 r--s 0001a000 08:01 409376                     /usr/lib/jvm/java-8-oracle/jre/lib/jce.jar
7f11bce3b000-7f11bce43000 rw-s 00000000 08:01 273602                     /tmp/hsperfdata_vagrant/20982
7f11bce43000-7f11bce44000 rw-p 00000000 00:00 0 
7f11bce44000-7f11bce45000 r--p 00000000 00:00 0 
7f11bce45000-7f11bce47000 rw-p 00000000 00:00 0 
7f11bce47000-7f11bce48000 r--p 00022000 08:01 2949                       /lib/x86_64-linux-gnu/ld-2.19.so
7f11bce48000-7f11bce49000 rw-p 00023000 08:01 2949                       /lib/x86_64-linux-gnu/ld-2.19.so
7f11bce49000-7f11bce4a000 rw-p 00000000 00:00 0 
7ffcc968f000-7ffcc96b0000 rw-p 00000000 00:00 0                          [stack]
7ffcc979f000-7ffcc97a1000 r-xp 00000000 00:00 0                          [vdso]
ffffffffff600000-ffffffffff601000 r-xp 00000000 00:00 0                  [vsyscall]

VM Arguments:
java_command: ./target/running-location-simulator-1.0.0.BUILD-SNAPSHOT.jar
java_class_path (initial): ./target/running-location-simulator-1.0.0.BUILD-SNAPSHOT.jar
Launcher Type: SUN_STANDARD

Environment Variables:
JAVA_HOME=/usr/lib/jvm/java-8-oracle
PATH=/usr/local/sbin:/usr/local/bin:/usr/sbin:/usr/bin:/sbin:/bin:/usr/games:/usr/local/games:/usr/lib/jvm/java-8-oracle/bin:/usr/lib/jvm/java-8-oracle/db/bin:/usr/lib/jvm/java-8-oracle/jre/bin
SHELL=/bin/zsh
DISPLAY=:0.0

Signal Handlers:
SIGSEGV: [libjvm.so+0xacba10], sa_mask[0]=11111111011111111101111111111110, sa_flags=SA_RESTART|SA_SIGINFO
SIGBUS: [libjvm.so+0xacba10], sa_mask[0]=11111111011111111101111111111110, sa_flags=SA_RESTART|SA_SIGINFO
SIGFPE: [libjvm.so+0x924ba0], sa_mask[0]=11111111011111111101111111111110, sa_flags=SA_RESTART|SA_SIGINFO
SIGPIPE: [libjvm.so+0x924ba0], sa_mask[0]=11111111011111111101111111111110, sa_flags=SA_RESTART|SA_SIGINFO
SIGXFSZ: [libjvm.so+0x924ba0], sa_mask[0]=11111111011111111101111111111110, sa_flags=SA_RESTART|SA_SIGINFO
SIGILL: [libjvm.so+0x924ba0], sa_mask[0]=11111111011111111101111111111110, sa_flags=SA_RESTART|SA_SIGINFO
SIGUSR1: SIG_DFL, sa_mask[0]=00000000000000000000000000000000, sa_flags=none
SIGUSR2: [libjvm.so+0x9263e0], sa_mask[0]=00000000000000000000000000000000, sa_flags=SA_RESTART|SA_SIGINFO
SIGHUP: [libjvm.so+0x9277e0], sa_mask[0]=11111111011111111101111111111110, sa_flags=SA_RESTART|SA_SIGINFO
SIGINT: [libjvm.so+0x9277e0], sa_mask[0]=11111111011111111101111111111110, sa_flags=SA_RESTART|SA_SIGINFO
SIGTERM: [libjvm.so+0x9277e0], sa_mask[0]=11111111011111111101111111111110, sa_flags=SA_RESTART|SA_SIGINFO
SIGQUIT: [libjvm.so+0x9277e0], sa_mask[0]=11111111011111111101111111111110, sa_flags=SA_RESTART|SA_SIGINFO


---------------  S Y S T E M  ---------------

OS:DISTRIB_ID=Ubuntu
DISTRIB_RELEASE=14.04
DISTRIB_CODENAME=trusty
DISTRIB_DESCRIPTION="Ubuntu 14.04.5 LTS"

uname:Linux 3.13.0-132-generic #181-Ubuntu SMP Wed Sep 13 13:25:03 UTC 2017 x86_64
libc:glibc 2.19 NPTL 2.19 
rlimit: STACK 8192k, CORE 0k, NPROC 63709, NOFILE 4096, AS infinity
load average:8.17 3.10 1.31

/proc/meminfo:
MemTotal:        8176716 kB
MemFree:          101076 kB
Buffers:             640 kB
Cached:            48716 kB
SwapCached:            0 kB
Active:          7854736 kB
Inactive:          42488 kB
Active(anon):    7848240 kB
Inactive(anon):    34176 kB
Active(file):       6496 kB
Inactive(file):     8312 kB
Unevictable:           4 kB
Mlocked:               4 kB
SwapTotal:             0 kB
SwapFree:              0 kB
Dirty:                76 kB
Writeback:             0 kB
AnonPages:       7847808 kB
Mapped:            42680 kB
Shmem:             34612 kB
Slab:              55100 kB
SReclaimable:      24128 kB
SUnreclaim:        30972 kB
KernelStack:        7264 kB
PageTables:        46084 kB
NFS_Unstable:          0 kB
Bounce:                0 kB
WritebackTmp:          0 kB
CommitLimit:     4088356 kB
Committed_AS:   12188320 kB
VmallocTotal:   34359738367 kB
VmallocUsed:       21580 kB
VmallocChunk:   34359710716 kB
HardwareCorrupted:     0 kB
AnonHugePages:   5019648 kB
HugePages_Total:       0
HugePages_Free:        0
HugePages_Rsvd:        0
HugePages_Surp:        0
Hugepagesize:       2048 kB
DirectMap4k:       75712 kB
DirectMap2M:     8312832 kB


CPU:total 4 (initial active 4) (4 cores per cpu, 1 threads per core) family 6 model 70 stepping 1, cmov, cx8, fxsr, mmx, sse, sse2, sse3, ssse3, sse4.1, sse4.2, popcnt, avx, aes, clmul, lzcnt, tsc, tscinvbit

/proc/cpuinfo:
processor	: 0
vendor_id	: GenuineIntel
cpu family	: 6
model		: 70
model name	: Intel(R) Core(TM) i7-4770HQ CPU @ 2.20GHz
stepping	: 1
cpu MHz		: 2195.045
cache size	: 6144 KB
physical id	: 0
siblings	: 4
core id		: 0
cpu cores	: 4
apicid		: 0
initial apicid	: 0
fpu		: yes
fpu_exception	: yes
cpuid level	: 13
wp		: yes
flags		: fpu vme de pse tsc msr pae mce cx8 apic sep mtrr pge mca cmov pat pse36 clflush mmx fxsr sse sse2 ht syscall nx rdtscp lm constant_tsc rep_good nopl xtopology nonstop_tsc pni pclmulqdq ssse3 cx16 sse4_1 sse4_2 movbe popcnt aes xsave avx rdrand lahf_lm abm
bogomips	: 4390.09
clflush size	: 64
cache_alignment	: 64
address sizes	: 39 bits physical, 48 bits virtual
power management:

processor	: 1
vendor_id	: GenuineIntel
cpu family	: 6
model		: 70
model name	: Intel(R) Core(TM) i7-4770HQ CPU @ 2.20GHz
stepping	: 1
cpu MHz		: 2195.045
cache size	: 6144 KB
physical id	: 0
siblings	: 4
core id		: 1
cpu cores	: 4
apicid		: 1
initial apicid	: 1
fpu		: yes
fpu_exception	: yes
cpuid level	: 13
wp		: yes
flags		: fpu vme de pse tsc msr pae mce cx8 apic sep mtrr pge mca cmov pat pse36 clflush mmx fxsr sse sse2 ht syscall nx rdtscp lm constant_tsc rep_good nopl xtopology nonstop_tsc pni pclmulqdq ssse3 cx16 sse4_1 sse4_2 movbe popcnt aes xsave avx rdrand lahf_lm abm
bogomips	: 4390.09
clflush size	: 64
cache_alignment	: 64
address sizes	: 39 bits physical, 48 bits virtual
power management:

processor	: 2
vendor_id	: GenuineIntel
cpu family	: 6
model		: 70
model name	: Intel(R) Core(TM) i7-4770HQ CPU @ 2.20GHz
stepping	: 1
cpu MHz		: 2195.045
cache size	: 6144 KB
physical id	: 0
siblings	: 4
core id		: 2
cpu cores	: 4
apicid		: 2
initial apicid	: 2
fpu		: yes
fpu_exception	: yes
cpuid level	: 13
wp		: yes
flags		: fpu vme de pse tsc msr pae mce cx8 apic sep mtrr pge mca cmov pat pse36 clflush mmx fxsr sse sse2 ht syscall nx rdtscp lm constant_tsc rep_good nopl xtopology nonstop_tsc pni pclmulqdq ssse3 cx16 sse4_1 sse4_2 movbe popcnt aes xsave avx rdrand lahf_lm abm
bogomips	: 4390.09
clflush size	: 64
cache_alignment	: 64
address sizes	: 39 bits physical, 48 bits virtual
power management:

processor	: 3
vendor_id	: GenuineIntel
cpu family	: 6
model		: 70
model name	: Intel(R) Core(TM) i7-4770HQ CPU @ 2.20GHz
stepping	: 1
cpu MHz		: 2195.045
cache size	: 6144 KB
physical id	: 0
siblings	: 4
core id		: 3
cpu cores	: 4
apicid		: 3
initial apicid	: 3
fpu		: yes
fpu_exception	: yes
cpuid level	: 13
wp		: yes
flags		: fpu vme de pse tsc msr pae mce cx8 apic sep mtrr pge mca cmov pat pse36 clflush mmx fxsr sse sse2 ht syscall nx rdtscp lm constant_tsc rep_good nopl xtopology nonstop_tsc pni pclmulqdq ssse3 cx16 sse4_1 sse4_2 movbe popcnt aes xsave avx rdrand lahf_lm abm
bogomips	: 4390.09
clflush size	: 64
cache_alignment	: 64
address sizes	: 39 bits physical, 48 bits virtual
power management:



Memory: 4k page, physical 8176716k(102276k free), swap 0k(0k free)

vm_info: Java HotSpot(TM) 64-Bit Server VM (25.144-b01) for linux-amd64 JRE (1.8.0_144-b01), built on Jul 21 2017 21:57:33 by "java_re" with gcc 4.3.0 20080428 (Red Hat 4.3.0-8)

time: Thu Dec 21 15:03:23 2017
elapsed time: 338 seconds (0d 0h 5m 38s)

