#
# There is insufficient memory for the Java Runtime Environment to continue.
# Native memory allocation (mmap) failed to map 262144 bytes for committing reserved memory.
# Possible reasons:
#   The system is out of physical RAM or swap space
#   In 32 bit mode, the process size limit was hit
# Possible solutions:
#   Reduce memory load on the system
#   Increase physical memory or swap space
#   Check if swap backing store is full
#   Use 64 bit Java on a 64 bit OS
#   Decrease Java heap size (-Xmx/-Xms)
#   Decrease number of Java threads
#   Decrease Java thread stack sizes (-Xss)
#   Set larger code cache with -XX:ReservedCodeCacheSize=
# This output file may be truncated or incomplete.
#
#  Out of Memory Error (os_linux.cpp:2640), pid=27997, tid=0x00007f5ba2bf3700
#
# JRE version: Java(TM) SE Runtime Environment (8.0_144-b01) (build 1.8.0_144-b01)
# Java VM: Java HotSpot(TM) 64-Bit Server VM (25.144-b01 mixed mode linux-amd64 compressed oops)
# Failed to write core dump. Core dumps have been disabled. To enable core dumping, try "ulimit -c unlimited" before starting Java again
#

---------------  T H R E A D  ---------------

Current thread (0x00007f5ba8001000):  JavaThread "pool-7-thread-1" [_thread_in_vm, id=28103, stack(0x00007f5ba2af3000,0x00007f5ba2bf4000)]

Stack: [0x00007f5ba2af3000,0x00007f5ba2bf4000],  sp=0x00007f5ba2beff10,  free space=1011k
Native frames: (J=compiled Java code, j=interpreted, Vv=VM code, C=native code)
V  [libjvm.so+0xacb18a]  VMError::report_and_die()+0x2ba
V  [libjvm.so+0x4ff4db]  report_vm_out_of_memory(char const*, int, unsigned long, VMErrorType, char const*)+0x8b
V  [libjvm.so+0x927d23]  os::Linux::commit_memory_impl(char*, unsigned long, bool)+0x103
V  [libjvm.so+0x928279]  os::pd_commit_memory(char*, unsigned long, unsigned long, bool)+0x29
V  [libjvm.so+0x92249a]  os::commit_memory(char*, unsigned long, unsigned long, bool)+0x2a
V  [libjvm.so+0xac6ee9]  VirtualSpace::expand_by(unsigned long, bool)+0x199
V  [libjvm.so+0x8a62b6]  VirtualSpaceList::expand_node_by(VirtualSpaceNode*, unsigned long, unsigned long)+0x76
V  [libjvm.so+0x8a90d0]  VirtualSpaceList::expand_by(unsigned long, unsigned long)+0xf0
V  [libjvm.so+0x8a9263]  VirtualSpaceList::get_new_chunk(unsigned long, unsigned long, unsigned long)+0xb3
V  [libjvm.so+0x8abb45]  Metaspace::initialize(Mutex*, Metaspace::MetaspaceType)+0x4d5
V  [libjvm.so+0x46bf66]  ClassLoaderData::metaspace_non_null()+0x136
V  [libjvm.so+0x8ab290]  Metaspace::allocate(ClassLoaderData*, unsigned long, bool, MetaspaceObj::Type, Thread*)+0x170
V  [libjvm.so+0x4f4814]  ConstantPool::allocate(ClassLoaderData*, int, Thread*)+0x44
V  [libjvm.so+0x45fce7]  ClassFileParser::parse_constant_pool(Thread*)+0x377
V  [libjvm.so+0x4631cb]  ClassFileParser::parseClassFile(Symbol*, ClassLoaderData*, Handle, KlassHandle, GrowableArray<Handle>*, TempNewSymbol&, bool, Thread*)+0x6bb
V  [libjvm.so+0xa3b55f]  SystemDictionary::resolve_from_stream(Symbol*, Handle, Handle, ClassFileStream*, bool, Thread*)+0x14f
V  [libjvm.so+0x71404e]  jvm_define_class_common(JNIEnv_*, char const*, _jobject*, signed char const*, int, _jobject*, char const*, unsigned char, Thread*)+0x2ae
V  [libjvm.so+0x718d31]  JVM_DefineClass+0xe1
V  [libjvm.so+0xa95722]  Unsafe_DefineClass_impl(JNIEnv_*, _jstring*, _jbyteArray*, int, int, _jobject*, _jobject*)+0x302
V  [libjvm.so+0xa99a2f]  Unsafe_DefineClass+0xff
j  sun.misc.Unsafe.defineClass(Ljava/lang/String;[BIILjava/lang/ClassLoader;Ljava/security/ProtectionDomain;)Ljava/lang/Class;+0
j  sun.reflect.ClassDefiner.defineClass(Ljava/lang/String;[BIILjava/lang/ClassLoader;)Ljava/lang/Class;+27
j  sun.reflect.MethodAccessorGenerator$1.run()Lsun/reflect/MagicAccessorImpl;+21
j  sun.reflect.MethodAccessorGenerator$1.run()Ljava/lang/Object;+1
v  ~StubRoutines::call_stub
V  [libjvm.so+0x693e96]  JavaCalls::call_helper(JavaValue*, methodHandle*, JavaCallArguments*, Thread*)+0x1056
V  [libjvm.so+0x72d16c]  JVM_DoPrivileged+0x27c
J 781  java.security.AccessController.doPrivileged(Ljava/security/PrivilegedAction;)Ljava/lang/Object; (0 bytes) @ 0x00007f5bf93011ff [0x00007f5bf9301140+0xbf]
j  sun.reflect.MethodAccessorGenerator.generate(Ljava/lang/Class;Ljava/lang/String;[Ljava/lang/Class;Ljava/lang/Class;[Ljava/lang/Class;IZZLjava/lang/Class;)Lsun/reflect/MagicAccessorImpl;+755
J 1482 C1 sun.reflect.NativeMethodAccessorImpl.invoke(Ljava/lang/Object;[Ljava/lang/Object;)Ljava/lang/Object; (104 bytes) @ 0x00007f5bf952a63c [0x00007f5bf9529740+0xefc]
J 1910 C2 java.lang.reflect.Method.invoke(Ljava/lang/Object;[Ljava/lang/Object;)Ljava/lang/Object; (62 bytes) @ 0x00007f5bf91bd59c [0x00007f5bf91bd500+0x9c]
j  org.apache.http.impl.client.CloseableHttpResponseProxy.invoke(Ljava/lang/Object;Ljava/lang/reflect/Method;[Ljava/lang/Object;)Ljava/lang/Object;+28
j  com.sun.proxy.$Proxy87.getAllHeaders()[Lorg/apache/http/Header;+9
j  com.sun.jersey.client.apache4.ApacheHttpClient4Handler.getInBoundHeaders(Lorg/apache/http/HttpResponse;)Lcom/sun/jersey/core/header/InBoundHeaders;+9
j  com.sun.jersey.client.apache4.ApacheHttpClient4Handler.handle(Lcom/sun/jersey/api/client/ClientRequest;)Lcom/sun/jersey/api/client/ClientResponse;+126
j  com.sun.jersey.api.client.filter.GZIPContentEncodingFilter.handle(Lcom/sun/jersey/api/client/ClientRequest;)Lcom/sun/jersey/api/client/ClientResponse;+117
j  com.netflix.discovery.EurekaIdentityHeaderFilter.handle(Lcom/sun/jersey/api/client/ClientRequest;)Lcom/sun/jersey/api/client/ClientResponse;+76
j  com.sun.jersey.api.client.Client.handle(Lcom/sun/jersey/api/client/ClientRequest;)Lcom/sun/jersey/api/client/ClientResponse;+46
j  com.sun.jersey.api.client.WebResource.handle(Ljava/lang/Class;Lcom/sun/jersey/api/client/ClientRequest;)Ljava/lang/Object;+10
j  com.sun.jersey.api.client.WebResource.access$200(Lcom/sun/jersey/api/client/WebResource;Ljava/lang/Class;Lcom/sun/jersey/api/client/ClientRequest;)Ljava/lang/Object;+3
j  com.sun.jersey.api.client.WebResource$Builder.get(Ljava/lang/Class;)Ljava/lang/Object;+11
j  com.netflix.discovery.DiscoveryClient.getUrl(Ljava/lang/String;)Lcom/sun/jersey/api/client/ClientResponse;+40
j  com.netflix.discovery.DiscoveryClient.makeRemoteCall(Lcom/netflix/discovery/DiscoveryClient$Action;Ljava/lang/String;)Lcom/sun/jersey/api/client/ClientResponse;+442
j  com.netflix.discovery.DiscoveryClient.makeRemoteCallWithFollowRedirect(Lcom/netflix/discovery/DiscoveryClient$Action;Ljava/lang/String;)Lcom/sun/jersey/api/client/ClientResponse;+25
j  com.netflix.discovery.DiscoveryClient.makeRemoteCall(Lcom/netflix/discovery/DiscoveryClient$Action;I)Lcom/sun/jersey/api/client/ClientResponse;+23
j  com.netflix.discovery.DiscoveryClient.makeRemoteCall(Lcom/netflix/discovery/DiscoveryClient$Action;)Lcom/sun/jersey/api/client/ClientResponse;+37
j  com.netflix.discovery.DiscoveryClient.getAndUpdateDelta(Lcom/netflix/discovery/shared/Applications;)Lcom/sun/jersey/api/client/ClientResponse;+12
j  com.netflix.discovery.DiscoveryClient.fetchRegistry(Z)Z+237
j  com.netflix.discovery.DiscoveryClient.access$1200(Lcom/netflix/discovery/DiscoveryClient;Z)Z+2
j  com.netflix.discovery.DiscoveryClient$CacheRefreshThread.run()V+158
j  java.util.concurrent.Executors$RunnableAdapter.call()Ljava/lang/Object;+4
J 5008 C1 java.util.concurrent.FutureTask.run()V (126 bytes) @ 0x00007f5bf9832f4c [0x00007f5bf9832d00+0x24c]
j  java.util.concurrent.ThreadPoolExecutor.runWorker(Ljava/util/concurrent/ThreadPoolExecutor$Worker;)V+95
j  java.util.concurrent.ThreadPoolExecutor$Worker.run()V+5
j  java.lang.Thread.run()V+11
v  ~StubRoutines::call_stub
V  [libjvm.so+0x693e96]  JavaCalls::call_helper(JavaValue*, methodHandle*, JavaCallArguments*, Thread*)+0x1056
V  [libjvm.so+0x6943a1]  JavaCalls::call_virtual(JavaValue*, KlassHandle, Symbol*, Symbol*, JavaCallArguments*, Thread*)+0x321
V  [libjvm.so+0x694847]  JavaCalls::call_virtual(JavaValue*, Handle, KlassHandle, Symbol*, Symbol*, Thread*)+0x47
V  [libjvm.so+0x72fbd0]  thread_entry(JavaThread*, Thread*)+0xa0
V  [libjvm.so+0xa79753]  JavaThread::thread_main_inner()+0x103
V  [libjvm.so+0xa7989c]  JavaThread::run()+0x11c
V  [libjvm.so+0x92a338]  java_start(Thread*)+0x108
C  [libpthread.so.0+0x8184]  start_thread+0xc4

Java frames: (J=compiled Java code, j=interpreted, Vv=VM code)
j  sun.misc.Unsafe.defineClass(Ljava/lang/String;[BIILjava/lang/ClassLoader;Ljava/security/ProtectionDomain;)Ljava/lang/Class;+0
j  sun.reflect.ClassDefiner.defineClass(Ljava/lang/String;[BIILjava/lang/ClassLoader;)Ljava/lang/Class;+27
j  sun.reflect.MethodAccessorGenerator$1.run()Lsun/reflect/MagicAccessorImpl;+21
j  sun.reflect.MethodAccessorGenerator$1.run()Ljava/lang/Object;+1
v  ~StubRoutines::call_stub
J 781  java.security.AccessController.doPrivileged(Ljava/security/PrivilegedAction;)Ljava/lang/Object; (0 bytes) @ 0x00007f5bf930118f [0x00007f5bf9301140+0x4f]
j  sun.reflect.MethodAccessorGenerator.generate(Ljava/lang/Class;Ljava/lang/String;[Ljava/lang/Class;Ljava/lang/Class;[Ljava/lang/Class;IZZLjava/lang/Class;)Lsun/reflect/MagicAccessorImpl;+755
J 1482 C1 sun.reflect.NativeMethodAccessorImpl.invoke(Ljava/lang/Object;[Ljava/lang/Object;)Ljava/lang/Object; (104 bytes) @ 0x00007f5bf952a63c [0x00007f5bf9529740+0xefc]
J 1910 C2 java.lang.reflect.Method.invoke(Ljava/lang/Object;[Ljava/lang/Object;)Ljava/lang/Object; (62 bytes) @ 0x00007f5bf91bd59c [0x00007f5bf91bd500+0x9c]
j  org.apache.http.impl.client.CloseableHttpResponseProxy.invoke(Ljava/lang/Object;Ljava/lang/reflect/Method;[Ljava/lang/Object;)Ljava/lang/Object;+28
j  com.sun.proxy.$Proxy87.getAllHeaders()[Lorg/apache/http/Header;+9
j  com.sun.jersey.client.apache4.ApacheHttpClient4Handler.getInBoundHeaders(Lorg/apache/http/HttpResponse;)Lcom/sun/jersey/core/header/InBoundHeaders;+9
j  com.sun.jersey.client.apache4.ApacheHttpClient4Handler.handle(Lcom/sun/jersey/api/client/ClientRequest;)Lcom/sun/jersey/api/client/ClientResponse;+126
j  com.sun.jersey.api.client.filter.GZIPContentEncodingFilter.handle(Lcom/sun/jersey/api/client/ClientRequest;)Lcom/sun/jersey/api/client/ClientResponse;+117
j  com.netflix.discovery.EurekaIdentityHeaderFilter.handle(Lcom/sun/jersey/api/client/ClientRequest;)Lcom/sun/jersey/api/client/ClientResponse;+76
j  com.sun.jersey.api.client.Client.handle(Lcom/sun/jersey/api/client/ClientRequest;)Lcom/sun/jersey/api/client/ClientResponse;+46
j  com.sun.jersey.api.client.WebResource.handle(Ljava/lang/Class;Lcom/sun/jersey/api/client/ClientRequest;)Ljava/lang/Object;+10
j  com.sun.jersey.api.client.WebResource.access$200(Lcom/sun/jersey/api/client/WebResource;Ljava/lang/Class;Lcom/sun/jersey/api/client/ClientRequest;)Ljava/lang/Object;+3
j  com.sun.jersey.api.client.WebResource$Builder.get(Ljava/lang/Class;)Ljava/lang/Object;+11
j  com.netflix.discovery.DiscoveryClient.getUrl(Ljava/lang/String;)Lcom/sun/jersey/api/client/ClientResponse;+40
j  com.netflix.discovery.DiscoveryClient.makeRemoteCall(Lcom/netflix/discovery/DiscoveryClient$Action;Ljava/lang/String;)Lcom/sun/jersey/api/client/ClientResponse;+442
j  com.netflix.discovery.DiscoveryClient.makeRemoteCallWithFollowRedirect(Lcom/netflix/discovery/DiscoveryClient$Action;Ljava/lang/String;)Lcom/sun/jersey/api/client/ClientResponse;+25
j  com.netflix.discovery.DiscoveryClient.makeRemoteCall(Lcom/netflix/discovery/DiscoveryClient$Action;I)Lcom/sun/jersey/api/client/ClientResponse;+23
j  com.netflix.discovery.DiscoveryClient.makeRemoteCall(Lcom/netflix/discovery/DiscoveryClient$Action;)Lcom/sun/jersey/api/client/ClientResponse;+37
j  com.netflix.discovery.DiscoveryClient.getAndUpdateDelta(Lcom/netflix/discovery/shared/Applications;)Lcom/sun/jersey/api/client/ClientResponse;+12
j  com.netflix.discovery.DiscoveryClient.fetchRegistry(Z)Z+237
j  com.netflix.discovery.DiscoveryClient.access$1200(Lcom/netflix/discovery/DiscoveryClient;Z)Z+2
j  com.netflix.discovery.DiscoveryClient$CacheRefreshThread.run()V+158
j  java.util.concurrent.Executors$RunnableAdapter.call()Ljava/lang/Object;+4
J 5008 C1 java.util.concurrent.FutureTask.run()V (126 bytes) @ 0x00007f5bf9832f4c [0x00007f5bf9832d00+0x24c]
j  java.util.concurrent.ThreadPoolExecutor.runWorker(Ljava/util/concurrent/ThreadPoolExecutor$Worker;)V+95
j  java.util.concurrent.ThreadPoolExecutor$Worker.run()V+5
j  java.lang.Thread.run()V+11
v  ~StubRoutines::call_stub

---------------  P R O C E S S  ---------------

Java Threads: ( => current thread )
  0x00007f5b7c001000 JavaThread "task-scheduler-4" [_thread_blocked, id=28240, stack(0x00007f5ba14e1000,0x00007f5ba15e2000)]
  0x00007f5b80028800 JavaThread "task-scheduler-3" [_thread_blocked, id=28224, stack(0x00007f5ba17e2000,0x00007f5ba18e3000)]
  0x00007f5b7803c800 JavaThread "http-nio-9006-exec-10" daemon [_thread_blocked, id=28204, stack(0x00007f5ba18e3000,0x00007f5ba19e4000)]
  0x00000000024e2000 JavaThread "http-nio-9006-exec-9" daemon [_thread_blocked, id=28203, stack(0x00007f5ba19e4000,0x00007f5ba1ae5000)]
  0x00007f5b7803a800 JavaThread "http-nio-9006-exec-8" daemon [_thread_blocked, id=28202, stack(0x00007f5ba1ae5000,0x00007f5ba1be6000)]
  0x00000000024e0000 JavaThread "http-nio-9006-exec-7" daemon [_thread_blocked, id=28201, stack(0x00007f5ba1be6000,0x00007f5ba1ce7000)]
  0x00007f5b88848800 JavaThread "pool-3-thread-6" [_thread_blocked, id=28200, stack(0x00007f5ba1ce7000,0x00007f5ba1de8000)]
  0x00007f5b88847000 JavaThread "pool-3-thread-5" [_thread_blocked, id=28199, stack(0x00007f5ba1de8000,0x00007f5ba1ee9000)]
  0x00007f5b88845000 JavaThread "pool-3-thread-4" [_thread_blocked, id=28198, stack(0x00007f5ba1ee9000,0x00007f5ba1fea000)]
  0x00007f5b886e6800 JavaThread "pool-3-thread-3" [_thread_blocked, id=28195, stack(0x00007f5ba1fea000,0x00007f5ba20eb000)]
  0x00007f5b78039000 JavaThread "http-nio-9006-exec-6" daemon [_thread_blocked, id=28192, stack(0x00007f5ba20eb000,0x00007f5ba21ec000)]
  0x00000000024de800 JavaThread "http-nio-9006-exec-5" daemon [_thread_blocked, id=28190, stack(0x00007f5ba21ec000,0x00007f5ba22ed000)]
  0x00007f5b78037800 JavaThread "http-nio-9006-exec-4" daemon [_thread_blocked, id=28187, stack(0x00007f5ba22ed000,0x00007f5ba23ee000)]
  0x00000000024dd000 JavaThread "http-nio-9006-exec-3" daemon [_thread_blocked, id=28184, stack(0x00007f5ba25ee000,0x00007f5ba26ef000)]
  0x00000000024db000 JavaThread "http-nio-9006-exec-2" daemon [_thread_blocked, id=28183, stack(0x00007f5ba26ef000,0x00007f5ba27f0000)]
  0x00007f5b78035800 JavaThread "http-nio-9006-exec-1" daemon [_thread_blocked, id=28182, stack(0x00007f5ba27f0000,0x00007f5ba28f1000)]
  0x00007f5b8001b000 JavaThread "task-scheduler-2" [_thread_blocked, id=28155, stack(0x00007f5ba28f1000,0x00007f5ba29f2000)]
  0x00007f5b94001000 JavaThread "pool-6-thread-1" [_thread_blocked, id=28104, stack(0x00007f5ba29f2000,0x00007f5ba2af3000)]
=>0x00007f5ba8001000 JavaThread "pool-7-thread-1" [_thread_in_vm, id=28103, stack(0x00007f5ba2af3000,0x00007f5ba2bf4000)]
  0x00007f5b90001000 JavaThread "ServoPollScheduler-3" daemon [_thread_blocked, id=28089, stack(0x00007f5be2557000,0x00007f5be2658000)]
  0x00007f5bb5f4e000 JavaThread "http-nio-9006-Acceptor-0" daemon [_thread_in_native, id=28085, stack(0x00007f5ba2bf4000,0x00007f5ba2cf5000)]
  0x00007f5bb7c80800 JavaThread "http-nio-9006-ClientPoller-1" daemon [_thread_in_native, id=28084, stack(0x00007f5ba2cf5000,0x00007f5ba2df6000)]
  0x00007f5bb5d60800 JavaThread "http-nio-9006-ClientPoller-0" daemon [_thread_in_native, id=28083, stack(0x00007f5ba2df6000,0x00007f5ba2ef7000)]
  0x00007f5bb4ab7000 JavaThread "NioBlockingSelector.BlockPoller-1" daemon [_thread_in_native, id=28082, stack(0x00007f5ba2ef7000,0x00007f5ba2ff8000)]
  0x00007f5bb5619000 JavaThread "task-scheduler-1" [_thread_blocked, id=28081, stack(0x00007f5ba2ff8000,0x00007f5ba30f9000)]
  0x00007f5bb7455000 JavaThread "pool-3-thread-2" [_thread_blocked, id=28080, stack(0x00007f5ba30f9000,0x00007f5ba31fa000)]
  0x00007f5bb548c000 JavaThread "AMQP Connection 127.0.0.1:5672" [_thread_in_native, id=28078, stack(0x00007f5ba31fa000,0x00007f5ba32fb000)]
  0x00007f5bb846f800 JavaThread "ServoPollScheduler-2" daemon [_thread_blocked, id=28077, stack(0x00007f5ba34fb000,0x00007f5ba35fc000)]
  0x00007f5bb841b000 JavaThread "ServoPollScheduler-1" daemon [_thread_blocked, id=28075, stack(0x00007f5ba35fc000,0x00007f5ba36fd000)]
  0x00007f5bb841a800 JavaThread "ServoMonitorGetValueLimiter-0" daemon [_thread_blocked, id=28074, stack(0x00007f5be2355000,0x00007f5be2456000)]
  0x00007f5bb5054800 JavaThread "ServoPollScheduler-0" daemon [_thread_blocked, id=28073, stack(0x00007f5be2456000,0x00007f5be2557000)]
  0x00007f5bb6804800 JavaThread "DiscoveryClient-InstanceInfoReplicator-0" daemon [_thread_blocked, id=28070, stack(0x00007f5ba38fd000,0x00007f5ba39fe000)]
  0x00007f5bb5e13800 JavaThread "DiscoveryClient-2" daemon [_thread_blocked, id=28069, stack(0x00007f5ba39fe000,0x00007f5ba3aff000)]
  0x00007f5bb66b7800 JavaThread "DiscoveryClient-1" daemon [_thread_blocked, id=28068, stack(0x00007f5ba3aff000,0x00007f5ba3c00000)]
  0x00007f5bb73fa800 JavaThread "Eureka-JerseyClient-Conn-Cleaner2" daemon [_thread_blocked, id=28067, stack(0x00007f5be0055000,0x00007f5be0156000)]
  0x00007f5bb52aa000 JavaThread "DiscoveryClient-0" daemon [_thread_blocked, id=28064, stack(0x00007f5be07b3000,0x00007f5be08b4000)]
  0x00007f5bb55eb800 JavaThread "container-0" [_thread_blocked, id=28061, stack(0x00007f5be0ab4000,0x00007f5be0bb5000)]
  0x00007f5bac722000 JavaThread "ContainerBackgroundProcessor[StandardEngine[Tomcat].StandardHost[localhost].StandardContext[]]" daemon [_thread_blocked, id=28060, stack(0x00007f5be0bb5000,0x00007f5be0cb6000)]
  0x00007f5c08009800 JavaThread "DestroyJavaVM" [_thread_blocked, id=27998, stack(0x00007f5c0fcdc000,0x00007f5c0fddd000)]
  0x00007f5c08199800 JavaThread "Service Thread" daemon [_thread_blocked, id=28010, stack(0x00007f5be2962000,0x00007f5be2a63000)]
  0x00007f5c08184800 JavaThread "C1 CompilerThread2" daemon [_thread_blocked, id=28009, stack(0x00007f5be2a63000,0x00007f5be2b64000)]
  0x00007f5c08182800 JavaThread "C2 CompilerThread1" daemon [_thread_blocked, id=28008, stack(0x00007f5be2b64000,0x00007f5be2c65000)]
  0x00007f5c08180000 JavaThread "C2 CompilerThread0" daemon [_thread_blocked, id=28007, stack(0x00007f5be2c65000,0x00007f5be2d66000)]
  0x00007f5c0817e800 JavaThread "Signal Dispatcher" daemon [_thread_blocked, id=28006, stack(0x00007f5be2d66000,0x00007f5be2e67000)]
  0x00007f5c0814b000 JavaThread "Finalizer" daemon [_thread_blocked, id=28005, stack(0x00007f5be2ff0000,0x00007f5be30f1000)]
  0x00007f5c08146800 JavaThread "Reference Handler" daemon [_thread_blocked, id=28004, stack(0x00007f5be30f1000,0x00007f5be31f2000)]

Other Threads:
  0x00007f5c0813e800 VMThread [stack: 0x00007f5be31f2000,0x00007f5be32f3000] [id=28003]
  0x00007f5c0819c800 WatcherThread [stack: 0x00007f5be2861000,0x00007f5be2962000] [id=28011]

VM state:not at safepoint (normal execution)

VM Mutex/Monitor currently owned by a thread: None

Heap:
 PSYoungGen      total 668672K, used 81360K [0x00000000d6600000, 0x0000000100000000, 0x0000000100000000)
  eden space 656384K, 10% used [0x00000000d6600000,0x00000000dab761f8,0x00000000fe700000)
  from space 12288K, 83% used [0x00000000fe700000,0x00000000ff0fdf48,0x00000000ff300000)
  to   space 12800K, 0% used [0x00000000ff380000,0x00000000ff380000,0x0000000100000000)
 ParOldGen       total 114176K, used 35445K [0x0000000083200000, 0x000000008a180000, 0x00000000d6600000)
  object space 114176K, 31% used [0x0000000083200000,0x000000008549d6e0,0x000000008a180000)
 Metaspace       used 43945K, capacity 44588K, committed 44800K, reserved 1089536K
  class space    used 5369K, capacity 5564K, committed 5632K, reserved 1048576K

Card table byte_map: [0x00007f5c0c68f000,0x00007f5c0ca77000] byte_map_base: 0x00007f5c0c276000

Marking Bits: (ParMarkBitMap*) 0x00007f5c0f19fdc0
 Begin Bits: [0x00007f5be8190000, 0x00007f5bea0c8000)
 End Bits:   [0x00007f5bea0c8000, 0x00007f5bec000000)

Polling page: 0x00007f5c0fded000

CodeCache: size=245760Kb used=19311Kb max_used=19438Kb free=226448Kb
 bounds [0x00007f5bf9000000, 0x00007f5bfa320000, 0x00007f5c08000000]
 total_blobs=6070 nmethods=5609 adapters=374
 compilation: enabled

Compilation events (10 events):
Event: 249.365 Thread 0x00007f5c08184800 7222       1       java.net.URI::getHost (5 bytes)
Event: 249.929 Thread 0x00007f5c08182800 nmethod 7219 0x00007f5bf9ebf1d0 code [0x00007f5bf9ebf3e0, 0x00007f5bf9ec05d0]
Event: 250.018 Thread 0x00007f5c08180000 nmethod 7220 0x00007f5bf9d3f710 code [0x00007f5bf9d3f8a0, 0x00007f5bf9d3fef8]
Event: 250.471 Thread 0x00007f5c08184800 nmethod 7222 0x00007f5bf9c27f50 code [0x00007f5bf9c280a0, 0x00007f5bf9c281b0]
Event: 250.471 Thread 0x00007f5c08184800 7224       1       org.apache.http.message.BasicHeader::getValue (5 bytes)
Event: 250.471 Thread 0x00007f5c08184800 nmethod 7224 0x00007f5bf9d0c590 code [0x00007f5bf9d0c6e0, 0x00007f5bf9d0c7f0]
Event: 250.471 Thread 0x00007f5c08184800 7223       1       com.sun.jersey.core.util.KeyComparatorLinkedHashMap::removeEldestEntry (2 bytes)
Event: 250.472 Thread 0x00007f5c08184800 nmethod 7223 0x00007f5bf9d0c290 code [0x00007f5bf9d0c3e0, 0x00007f5bf9d0c4f0]
Event: 250.991 Thread 0x00007f5c08184800 7226       1       org.apache.http.message.BasicStatusLine::getStatusCode (5 bytes)
Event: 251.021 Thread 0x00007f5c08184800 nmethod 7226 0x00007f5bf9d0d010 code [0x00007f5bf9d0d160, 0x00007f5bf9d0d270]

GC Heap History (10 events):
Event: 27.840 GC heap before
{Heap before GC invocations=11 (full 1):
 PSYoungGen      total 536576K, used 523776K [0x00000000d6600000, 0x0000000100000000, 0x0000000100000000)
  eden space 523776K, 100% used [0x00000000d6600000,0x00000000f6580000,0x00000000f6580000)
  from space 12800K, 0% used [0x00000000f6580000,0x00000000f6580000,0x00000000f7200000)
  to   space 12800K, 0% used [0x00000000ff380000,0x00000000ff380000,0x0000000100000000)
 ParOldGen       total 77824K, used 24768K [0x0000000083200000, 0x0000000087e00000, 0x00000000d6600000)
  object space 77824K, 31% used [0x0000000083200000,0x0000000084a303d0,0x0000000087e00000)
 Metaspace       used 26549K, capacity 26796K, committed 27264K, reserved 1073152K
  class space    used 3265K, capacity 3338K, committed 3456K, reserved 1048576K
Event: 27.896 GC heap after
Heap after GC invocations=11 (full 1):
 PSYoungGen      total 669184K, used 9085K [0x00000000d6600000, 0x0000000100000000, 0x0000000100000000)
  eden space 656384K, 0% used [0x00000000d6600000,0x00000000d6600000,0x00000000fe700000)
  from space 12800K, 70% used [0x00000000ff380000,0x00000000ffc5f6f8,0x0000000100000000)
  to   space 12800K, 0% used [0x00000000fe700000,0x00000000fe700000,0x00000000ff380000)
 ParOldGen       total 77824K, used 24776K [0x0000000083200000, 0x0000000087e00000, 0x00000000d6600000)
  object space 77824K, 31% used [0x0000000083200000,0x0000000084a323d0,0x0000000087e00000)
 Metaspace       used 26549K, capacity 26796K, committed 27264K, reserved 1073152K
  class space    used 3265K, capacity 3338K, committed 3456K, reserved 1048576K
}
Event: 36.505 GC heap before
{Heap before GC invocations=12 (full 1):
 PSYoungGen      total 669184K, used 515343K [0x00000000d6600000, 0x0000000100000000, 0x0000000100000000)
  eden space 656384K, 77% used [0x00000000d6600000,0x00000000f5464680,0x00000000fe700000)
  from space 12800K, 70% used [0x00000000ff380000,0x00000000ffc5f6f8,0x0000000100000000)
  to   space 12800K, 0% used [0x00000000fe700000,0x00000000fe700000,0x00000000ff380000)
 ParOldGen       total 77824K, used 24776K [0x0000000083200000, 0x0000000087e00000, 0x00000000d6600000)
  object space 77824K, 31% used [0x0000000083200000,0x0000000084a323d0,0x0000000087e00000)
 Metaspace       used 34766K, capacity 35128K, committed 35496K, reserved 1081344K
  class space    used 4382K, capacity 4548K, committed 4608K, reserved 1048576K
Event: 36.580 GC heap after
Heap after GC invocations=12 (full 1):
 PSYoungGen      total 666112K, used 9476K [0x00000000d6600000, 0x00000000fff00000, 0x0000000100000000)
  eden space 656384K, 0% used [0x00000000d6600000,0x00000000d6600000,0x00000000fe700000)
  from space 9728K, 97% used [0x00000000fe700000,0x00000000ff041108,0x00000000ff080000)
  to   space 12288K, 0% used [0x00000000ff300000,0x00000000ff300000,0x00000000fff00000)
 ParOldGen       total 77824K, used 29169K [0x0000000083200000, 0x0000000087e00000, 0x00000000d6600000)
  object space 77824K, 37% used [0x0000000083200000,0x0000000084e7c450,0x0000000087e00000)
 Metaspace       used 34766K, capacity 35128K, committed 35496K, reserved 1081344K
  class space    used 4382K, capacity 4548K, committed 4608K, reserved 1048576K
}
Event: 36.580 GC heap before
{Heap before GC invocations=13 (full 2):
 PSYoungGen      total 666112K, used 9476K [0x00000000d6600000, 0x00000000fff00000, 0x0000000100000000)
  eden space 656384K, 0% used [0x00000000d6600000,0x00000000d6600000,0x00000000fe700000)
  from space 9728K, 97% used [0x00000000fe700000,0x00000000ff041108,0x00000000ff080000)
  to   space 12288K, 0% used [0x00000000ff300000,0x00000000ff300000,0x00000000fff00000)
 ParOldGen       total 77824K, used 29169K [0x0000000083200000, 0x0000000087e00000, 0x00000000d6600000)
  object space 77824K, 37% used [0x0000000083200000,0x0000000084e7c450,0x0000000087e00000)
 Metaspace       used 34766K, capacity 35128K, committed 35496K, reserved 1081344K
  class space    used 4382K, capacity 4548K, committed 4608K, reserved 1048576K
Event: 37.082 GC heap after
Heap after GC invocations=13 (full 2):
 PSYoungGen      total 666112K, used 0K [0x00000000d6600000, 0x00000000fff00000, 0x0000000100000000)
  eden space 656384K, 0% used [0x00000000d6600000,0x00000000d6600000,0x00000000fe700000)
  from space 9728K, 0% used [0x00000000fe700000,0x00000000fe700000,0x00000000ff080000)
  to   space 12288K, 0% used [0x00000000ff300000,0x00000000ff300000,0x00000000fff00000)
 ParOldGen       total 114176K, used 35429K [0x0000000083200000, 0x000000008a180000, 0x00000000d6600000)
  object space 114176K, 31% used [0x0000000083200000,0x00000000854996e0,0x000000008a180000)
 Metaspace       used 34766K, capacity 35128K, committed 35496K, reserved 1081344K
  class space    used 4382K, capacity 4548K, committed 4608K, reserved 1048576K
}
Event: 45.461 GC heap before
{Heap before GC invocations=14 (full 2):
 PSYoungGen      total 666112K, used 656384K [0x00000000d6600000, 0x00000000fff00000, 0x0000000100000000)
  eden space 656384K, 100% used [0x00000000d6600000,0x00000000fe700000,0x00000000fe700000)
  from space 9728K, 0% used [0x00000000fe700000,0x00000000fe700000,0x00000000ff080000)
  to   space 12288K, 0% used [0x00000000ff300000,0x00000000ff300000,0x00000000fff00000)
 ParOldGen       total 114176K, used 35429K [0x0000000083200000, 0x000000008a180000, 0x00000000d6600000)
  object space 114176K, 31% used [0x0000000083200000,0x00000000854996e0,0x000000008a180000)
 Metaspace       used 38421K, capacity 38842K, committed 39296K, reserved 1083392K
  class space    used 4858K, capacity 4989K, committed 4992K, reserved 1048576K
Event: 45.504 GC heap after
Heap after GC invocations=14 (full 2):
 PSYoungGen      total 668672K, used 7562K [0x00000000d6600000, 0x0000000100000000, 0x0000000100000000)
  eden space 656384K, 0% used [0x00000000d6600000,0x00000000d6600000,0x00000000fe700000)
  from space 12288K, 61% used [0x00000000ff300000,0x00000000ffa628f0,0x00000000fff00000)
  to   space 12288K, 0% used [0x00000000fe700000,0x00000000fe700000,0x00000000ff300000)
 ParOldGen       total 114176K, used 35437K [0x0000000083200000, 0x000000008a180000, 0x00000000d6600000)
  object space 114176K, 31% used [0x0000000083200000,0x000000008549b6e0,0x000000008a180000)
 Metaspace       used 38421K, capacity 38842K, committed 39296K, reserved 1083392K
  class space    used 4858K, capacity 4989K, committed 4992K, reserved 1048576K
}
Event: 213.031 GC heap before
{Heap before GC invocations=15 (full 2):
 PSYoungGen      total 668672K, used 663946K [0x00000000d6600000, 0x0000000100000000, 0x0000000100000000)
  eden space 656384K, 100% used [0x00000000d6600000,0x00000000fe700000,0x00000000fe700000)
  from space 12288K, 61% used [0x00000000ff300000,0x00000000ffa628f0,0x00000000fff00000)
  to   space 12288K, 0% used [0x00000000fe700000,0x00000000fe700000,0x00000000ff300000)
 ParOldGen       total 114176K, used 35437K [0x0000000083200000, 0x000000008a180000, 0x00000000d6600000)
  object space 114176K, 31% used [0x0000000083200000,0x000000008549b6e0,0x000000008a180000)
 Metaspace       used 43900K, capacity 44512K, committed 44800K, reserved 1089536K
  class space    used 5367K, capacity 5562K, committed 5632K, reserved 1048576K
Event: 213.353 GC heap after
Heap after GC invocations=15 (full 2):
 PSYoungGen      total 668672K, used 10231K [0x00000000d6600000, 0x0000000100000000, 0x0000000100000000)
  eden space 656384K, 0% used [0x00000000d6600000,0x00000000d6600000,0x00000000fe700000)
  from space 12288K, 83% used [0x00000000fe700000,0x00000000ff0fdf48,0x00000000ff300000)
  to   space 12800K, 0% used [0x00000000ff380000,0x00000000ff380000,0x0000000100000000)
 ParOldGen       total 114176K, used 35445K [0x0000000083200000, 0x000000008a180000, 0x00000000d6600000)
  object space 114176K, 31% used [0x0000000083200000,0x000000008549d6e0,0x000000008a180000)
 Metaspace       used 43900K, capacity 44512K, committed 44800K, reserved 1089536K
  class space    used 5367K, capacity 5562K, committed 5632K, reserved 1048576K
}

Deoptimization events (10 events):
Event: 132.387 Thread 0x00007f5b7803c800 Uncommon trap: reason=unstable_if action=reinterpret pc=0x00007f5bf9ebfbb8 method=java.lang.StringCoding.encode(Ljava/lang/String;[CII)[B @ 38
Event: 135.062 Thread 0x00007f5bb4ab7000 Uncommon trap: reason=unstable_if action=reinterpret pc=0x00007f5bf9424eec method=java.util.concurrent.locks.AbstractQueuedSynchronizer.doReleaseShared()V @ 69
Event: 143.064 Thread 0x00007f5bb5054800 Uncommon trap: reason=predicate action=maybe_recompile pc=0x00007f5bf9f95740 method=java.util.TimSort.binarySort([Ljava/lang/Object;IIILjava/util/Comparator;)V @ 37
Event: 148.498 Thread 0x00007f5bb5054800 Uncommon trap: reason=array_check action=maybe_recompile pc=0x00007f5bf9395090 method=java.util.TimSort.binarySort([Ljava/lang/Object;IIILjava/util/Comparator;)V @ 215
Event: 148.554 Thread 0x00007f5bb5054800 Uncommon trap: reason=array_check action=maybe_recompile pc=0x00007f5bf9395090 method=java.util.TimSort.binarySort([Ljava/lang/Object;IIILjava/util/Comparator;)V @ 215
Event: 148.554 Thread 0x00007f5bb5054800 Uncommon trap: reason=array_check action=maybe_recompile pc=0x00007f5bf9395090 method=java.util.TimSort.binarySort([Ljava/lang/Object;IIILjava/util/Comparator;)V @ 215
Event: 148.554 Thread 0x00007f5bb5054800 Uncommon trap: reason=array_check action=maybe_recompile pc=0x00007f5bf9395090 method=java.util.TimSort.binarySort([Ljava/lang/Object;IIILjava/util/Comparator;)V @ 215
Event: 158.164 Thread 0x00007f5ba8001000 Uncommon trap: reason=unstable_if action=reinterpret pc=0x00007f5bf9ec6d38 method=java.util.HashMap.putMapEntries(Ljava/util/Map;Z)V @ 15
Event: 158.172 Thread 0x00007f5b94001000 Uncommon trap: reason=unstable_if action=reinterpret pc=0x00007f5bf9ec6d38 method=java.util.HashMap.putMapEntries(Ljava/util/Map;Z)V @ 15
Event: 231.500 Thread 0x00007f5b90001000 Uncommon trap: reason=predicate action=maybe_recompile pc=0x00007f5bf93bb888 method=java.util.TimSort.reverseRange([Ljava/lang/Object;II)V @ 8

Internal exceptions (10 events):
Event: 167.947 Thread 0x00007f5bb548c000 Exception <a 'java/net/SocketTimeoutException': Read timed out> (0x00000000eb281998) thrown at [/HUDSON3/workspace/8-2-build-linux-amd64/jdk8u144/9417/hotspot/src/share/vm/prims/jni.cpp, line 735]
Event: 184.212 Thread 0x00007f5bb548c000 Exception <a 'java/net/SocketTimeoutException': Read timed out> (0x00000000eb281c20) thrown at [/HUDSON3/workspace/8-2-build-linux-amd64/jdk8u144/9417/hotspot/src/share/vm/prims/jni.cpp, line 735]
Event: 188.494 Thread 0x00007f5b94001000 Exception <a 'java/net/SocketTimeoutException': Read timed out> (0x00000000f16bb498) thrown at [/HUDSON3/workspace/8-2-build-linux-amd64/jdk8u144/9417/hotspot/src/share/vm/prims/jni.cpp, line 735]
Event: 188.532 Thread 0x00007f5ba8001000 Exception <a 'java/net/SocketTimeoutException': Read timed out> (0x00000000f0ff6ee8) thrown at [/HUDSON3/workspace/8-2-build-linux-amd64/jdk8u144/9417/hotspot/src/share/vm/prims/jni.cpp, line 735]
Event: 199.551 Thread 0x00007f5bb548c000 Exception <a 'java/net/SocketTimeoutException': Read timed out> (0x00000000eb281e78) thrown at [/HUDSON3/workspace/8-2-build-linux-amd64/jdk8u144/9417/hotspot/src/share/vm/prims/jni.cpp, line 735]
Event: 214.689 Thread 0x00007f5bb548c000 Exception <a 'java/net/SocketTimeoutException': Read timed out> (0x00000000d75918b0) thrown at [/HUDSON3/workspace/8-2-build-linux-amd64/jdk8u144/9417/hotspot/src/share/vm/prims/jni.cpp, line 735]
Event: 218.600 Thread 0x00007f5b94001000 Exception <a 'java/net/SocketTimeoutException': Read timed out> (0x00000000d87d2e90) thrown at [/HUDSON3/workspace/8-2-build-linux-amd64/jdk8u144/9417/hotspot/src/share/vm/prims/jni.cpp, line 735]
Event: 246.590 Thread 0x00007f5bb548c000 Exception <a 'java/net/SocketTimeoutException': Read timed out> (0x00000000d7591b38) thrown at [/HUDSON3/workspace/8-2-build-linux-amd64/jdk8u144/9417/hotspot/src/share/vm/prims/jni.cpp, line 735]
Event: 249.148 Thread 0x00007f5ba8001000 Exception <a 'java/net/SocketTimeoutException': Read timed out> (0x00000000d8b1cc30) thrown at [/HUDSON3/workspace/8-2-build-linux-amd64/jdk8u144/9417/hotspot/src/share/vm/prims/jni.cpp, line 735]
Event: 249.150 Thread 0x00007f5b94001000 Exception <a 'java/net/SocketTimeoutException': Read timed out> (0x00000000d87dd5b8) thrown at [/HUDSON3/workspace/8-2-build-linux-amd64/jdk8u144/9417/hotspot/src/share/vm/prims/jni.cpp, line 735]

Events (10 events):
Event: 218.831 Thread 0x00007f5c08184800 flushing nmethod 0x00007f5bf9ebef90
Event: 218.833 Thread 0x00007f5c08184800 flushing nmethod 0x00007f5bf9f95350
Event: 221.156 Executing VM operation: RevokeBias
Event: 221.212 Executing VM operation: RevokeBias done
Event: 229.013 Executing VM operation: RevokeBias
Event: 229.022 Executing VM operation: RevokeBias done
Event: 230.689 Thread 0x00007f5b7c001000 Thread added: 0x00007f5b7c001000
Event: 231.495 Thread 0x00007f5b90001000 Uncommon trap: trap_request=0xffffff86 fr.pc=0x00007f5bf93bb888
Event: 231.501 Thread 0x00007f5b90001000 DEOPT PACKING pc=0x00007f5bf93bb888 sp=0x00007f5be2655ef0
Event: 231.501 Thread 0x00007f5b90001000 DEOPT UNPACKING pc=0x00007f5bf9005229 sp=0x00007f5be2655db8 mode 2


Dynamic libraries:
00400000-00401000 r-xp 00000000 08:01 409108                             /usr/lib/jvm/java-8-oracle/jre/bin/java
00600000-00601000 rw-p 00000000 08:01 409108                             /usr/lib/jvm/java-8-oracle/jre/bin/java
024cd000-024ee000 rw-p 00000000 00:00 0                                  [heap]
83200000-8a180000 rw-p 00000000 00:00 0 
8a180000-d6600000 ---p 00000000 00:00 0 
d6600000-100000000 rw-p 00000000 00:00 0 
100000000-100580000 rw-p 00000000 00:00 0 
100580000-140000000 ---p 00000000 00:00 0 
7f5b74000000-7f5b742a3000 rw-p 00000000 00:00 0 
7f5b742a3000-7f5b78000000 ---p 00000000 00:00 0 
7f5b78000000-7f5b78048000 rw-p 00000000 00:00 0 
7f5b78048000-7f5b7c000000 ---p 00000000 00:00 0 
7f5b7c000000-7f5b7c021000 rw-p 00000000 00:00 0 
7f5b7c021000-7f5b80000000 ---p 00000000 00:00 0 
7f5b80000000-7f5b8002a000 rw-p 00000000 00:00 0 
7f5b8002a000-7f5b84000000 ---p 00000000 00:00 0 
7f5b84000000-7f5b84283000 rw-p 00000000 00:00 0 
7f5b84283000-7f5b88000000 ---p 00000000 00:00 0 
7f5b88000000-7f5b8884b000 rw-p 00000000 00:00 0 
7f5b8884b000-7f5b8c000000 ---p 00000000 00:00 0 
7f5b8c000000-7f5b8c390000 rw-p 00000000 00:00 0 
7f5b8c390000-7f5b90000000 ---p 00000000 00:00 0 
7f5b90000000-7f5b902b4000 rw-p 00000000 00:00 0 
7f5b902b4000-7f5b94000000 ---p 00000000 00:00 0 
7f5b94000000-7f5b94031000 rw-p 00000000 00:00 0 
7f5b94031000-7f5b98000000 ---p 00000000 00:00 0 
7f5b98000000-7f5b980ad000 rw-p 00000000 00:00 0 
7f5b980ad000-7f5b9c000000 ---p 00000000 00:00 0 
7f5b9c000000-7f5b9c021000 rw-p 00000000 00:00 0 
7f5b9c021000-7f5ba0000000 ---p 00000000 00:00 0 
7f5ba14e1000-7f5ba14e4000 ---p 00000000 00:00 0 
7f5ba14e4000-7f5ba1622000 rw-p 00000000 00:00 0                          [stack:28240]
7f5ba1662000-7f5ba17e2000 ---p 00000000 00:00 0 
7f5ba17e2000-7f5ba17e5000 ---p 00000000 00:00 0 
7f5ba17e5000-7f5ba18e3000 rw-p 00000000 00:00 0                          [stack:28224]
7f5ba18e3000-7f5ba18e6000 ---p 00000000 00:00 0 
7f5ba18e6000-7f5ba19e4000 rw-p 00000000 00:00 0                          [stack:28204]
7f5ba19e4000-7f5ba19e7000 ---p 00000000 00:00 0 
7f5ba19e7000-7f5ba1ae5000 rw-p 00000000 00:00 0                          [stack:28203]
7f5ba1ae5000-7f5ba1ae8000 ---p 00000000 00:00 0 
7f5ba1ae8000-7f5ba1be6000 rw-p 00000000 00:00 0                          [stack:28202]
7f5ba1be6000-7f5ba1be9000 ---p 00000000 00:00 0 
7f5ba1be9000-7f5ba1ce7000 rw-p 00000000 00:00 0                          [stack:28201]
7f5ba1ce7000-7f5ba1cea000 ---p 00000000 00:00 0 
7f5ba1cea000-7f5ba1de8000 rw-p 00000000 00:00 0                          [stack:28200]
7f5ba1de8000-7f5ba1deb000 ---p 00000000 00:00 0 
7f5ba1deb000-7f5ba1ee9000 rw-p 00000000 00:00 0                          [stack:28199]
7f5ba1ee9000-7f5ba1eec000 ---p 00000000 00:00 0 
7f5ba1eec000-7f5ba1fea000 rw-p 00000000 00:00 0                          [stack:28198]
7f5ba1fea000-7f5ba1fed000 ---p 00000000 00:00 0 
7f5ba1fed000-7f5ba20eb000 rw-p 00000000 00:00 0                          [stack:28195]
7f5ba20eb000-7f5ba20ee000 ---p 00000000 00:00 0 
7f5ba20ee000-7f5ba21ec000 rw-p 00000000 00:00 0                          [stack:28192]
7f5ba21ec000-7f5ba21ef000 ---p 00000000 00:00 0 
7f5ba21ef000-7f5ba22ed000 rw-p 00000000 00:00 0                          [stack:28190]
7f5ba22ed000-7f5ba22f0000 ---p 00000000 00:00 0 
7f5ba22f0000-7f5ba25ee000 rw-p 00000000 00:00 0                          [stack:28187]
7f5ba25ee000-7f5ba25f1000 ---p 00000000 00:00 0 
7f5ba25f1000-7f5ba26ef000 rw-p 00000000 00:00 0                          [stack:28184]
7f5ba26ef000-7f5ba26f2000 ---p 00000000 00:00 0 
7f5ba26f2000-7f5ba27f0000 rw-p 00000000 00:00 0                          [stack:28183]
7f5ba27f0000-7f5ba27f3000 ---p 00000000 00:00 0 
7f5ba27f3000-7f5ba28f1000 rw-p 00000000 00:00 0                          [stack:28182]
7f5ba28f1000-7f5ba28f4000 ---p 00000000 00:00 0 
7f5ba28f4000-7f5ba29f2000 rw-p 00000000 00:00 0                          [stack:28155]
7f5ba29f2000-7f5ba29f5000 ---p 00000000 00:00 0 
7f5ba29f5000-7f5ba2af3000 rw-p 00000000 00:00 0                          [stack:28104]
7f5ba2af3000-7f5ba2af6000 ---p 00000000 00:00 0 
7f5ba2af6000-7f5ba2bf4000 rw-p 00000000 00:00 0                          [stack:28103]
7f5ba2bf4000-7f5ba2bf7000 ---p 00000000 00:00 0 
7f5ba2bf7000-7f5ba2cf5000 rw-p 00000000 00:00 0                          [stack:28085]
7f5ba2cf5000-7f5ba2cf8000 ---p 00000000 00:00 0 
7f5ba2cf8000-7f5ba2df6000 rw-p 00000000 00:00 0                          [stack:28084]
7f5ba2df6000-7f5ba2df9000 ---p 00000000 00:00 0 
7f5ba2df9000-7f5ba2ef7000 rw-p 00000000 00:00 0                          [stack:28083]
7f5ba2ef7000-7f5ba2efa000 ---p 00000000 00:00 0 
7f5ba2efa000-7f5ba2ff8000 rw-p 00000000 00:00 0                          [stack:28082]
7f5ba2ff8000-7f5ba2ffb000 ---p 00000000 00:00 0 
7f5ba2ffb000-7f5ba30f9000 rw-p 00000000 00:00 0                          [stack:28081]
7f5ba30f9000-7f5ba30fc000 ---p 00000000 00:00 0 
7f5ba30fc000-7f5ba31fa000 rw-p 00000000 00:00 0                          [stack:28080]
7f5ba31fa000-7f5ba31fd000 ---p 00000000 00:00 0 
7f5ba31fd000-7f5ba34fb000 rw-p 00000000 00:00 0                          [stack:28078]
7f5ba34fb000-7f5ba34fe000 ---p 00000000 00:00 0 
7f5ba34fe000-7f5ba35fc000 rw-p 00000000 00:00 0                          [stack:28077]
7f5ba35fc000-7f5ba35ff000 ---p 00000000 00:00 0 
7f5ba35ff000-7f5ba38fd000 rw-p 00000000 00:00 0                          [stack:28075]
7f5ba38fd000-7f5ba3900000 ---p 00000000 00:00 0 
7f5ba3900000-7f5ba39fe000 rw-p 00000000 00:00 0                          [stack:28070]
7f5ba39fe000-7f5ba3a01000 ---p 00000000 00:00 0 
7f5ba3a01000-7f5ba3aff000 rw-p 00000000 00:00 0                          [stack:28069]
7f5ba3aff000-7f5ba3b02000 ---p 00000000 00:00 0 
7f5ba3b02000-7f5ba3e00000 rw-p 00000000 00:00 0                          [stack:28068]
7f5ba3e00000-7f5ba4000000 rw-p 00000000 00:00 0 
7f5ba4000000-7f5ba4021000 rw-p 00000000 00:00 0 
7f5ba4021000-7f5ba8000000 ---p 00000000 00:00 0 
7f5ba8000000-7f5ba8021000 rw-p 00000000 00:00 0 
7f5ba8021000-7f5bac000000 ---p 00000000 00:00 0 
7f5bac000000-7f5bac8a7000 rw-p 00000000 00:00 0 
7f5bac8a7000-7f5bb0000000 ---p 00000000 00:00 0 
7f5bb0000000-7f5bb0021000 rw-p 00000000 00:00 0 
7f5bb0021000-7f5bb4000000 ---p 00000000 00:00 0 
7f5bb4000000-7f5bb7d84000 rw-p 00000000 00:00 0 
7f5bb7d84000-7f5bb8000000 ---p 00000000 00:00 0 
7f5bb8000000-7f5bb8696000 rw-p 00000000 00:00 0 
7f5bb8696000-7f5bbc000000 ---p 00000000 00:00 0 
7f5bbc000000-7f5bbc021000 rw-p 00000000 00:00 0 
7f5bbc021000-7f5bc0000000 ---p 00000000 00:00 0 
7f5bc0000000-7f5bc0021000 rw-p 00000000 00:00 0 
7f5bc0021000-7f5bc4000000 ---p 00000000 00:00 0 
7f5bc4000000-7f5bc6107000 rw-p 00000000 00:00 0 
7f5bc6107000-7f5bc8000000 ---p 00000000 00:00 0 
7f5bc8000000-7f5bc8fe3000 rw-p 00000000 00:00 0 
7f5bc8fe3000-7f5bcc000000 ---p 00000000 00:00 0 
7f5bcc000000-7f5bcc021000 rw-p 00000000 00:00 0 
7f5bcc021000-7f5bd0000000 ---p 00000000 00:00 0 
7f5bd0000000-7f5bd195a000 rw-p 00000000 00:00 0 
7f5bd195a000-7f5bd4000000 ---p 00000000 00:00 0 
7f5bd4000000-7f5bd4021000 rw-p 00000000 00:00 0 
7f5bd4021000-7f5bd8000000 ---p 00000000 00:00 0 
7f5bd8000000-7f5bd8021000 rw-p 00000000 00:00 0 
7f5bd8021000-7f5bdc000000 ---p 00000000 00:00 0 
7f5bdc000000-7f5bdc10a000 rw-p 00000000 00:00 0 
7f5bdc10a000-7f5be0000000 ---p 00000000 00:00 0 
7f5be0055000-7f5be0058000 ---p 00000000 00:00 0 
7f5be0058000-7f5be0156000 rw-p 00000000 00:00 0                          [stack:28067]
7f5be0156000-7f5be016c000 r-xp 00000000 08:01 2971                       /lib/x86_64-linux-gnu/libgcc_s.so.1
7f5be016c000-7f5be036b000 ---p 00016000 08:01 2971                       /lib/x86_64-linux-gnu/libgcc_s.so.1
7f5be036b000-7f5be036c000 rw-p 00015000 08:01 2971                       /lib/x86_64-linux-gnu/libgcc_s.so.1
7f5be036c000-7f5be039e000 r-xp 00000000 08:01 409213                     /usr/lib/jvm/java-8-oracle/jre/lib/amd64/libsunec.so
7f5be039e000-7f5be059d000 ---p 00032000 08:01 409213                     /usr/lib/jvm/java-8-oracle/jre/lib/amd64/libsunec.so
7f5be059d000-7f5be05a3000 rw-p 00031000 08:01 409213                     /usr/lib/jvm/java-8-oracle/jre/lib/amd64/libsunec.so
7f5be05a3000-7f5be07b3000 rw-p 00000000 00:00 0 
7f5be07b3000-7f5be07b6000 ---p 00000000 00:00 0 
7f5be07b6000-7f5be0ab4000 rw-p 00000000 00:00 0                          [stack:28064]
7f5be0ab4000-7f5be0ab7000 ---p 00000000 00:00 0 
7f5be0ab7000-7f5be0bb5000 rw-p 00000000 00:00 0                          [stack:28061]
7f5be0bb5000-7f5be0bb8000 ---p 00000000 00:00 0 
7f5be0bb8000-7f5be0eb6000 rw-p 00000000 00:00 0                          [stack:28060]
7f5be0f29000-7f5be1129000 rw-p 00000000 00:00 0 
7f5be1129000-7f5be1329000 rw-p 00000000 00:00 0 
7f5be1329000-7f5be1529000 rw-p 00000000 00:00 0 
7f5be1529000-7f5be1729000 rw-p 00000000 00:00 0 
7f5be1729000-7f5be173a000 r-xp 00000000 08:01 409176                     /usr/lib/jvm/java-8-oracle/jre/lib/amd64/libnio.so
7f5be173a000-7f5be1939000 ---p 00011000 08:01 409176                     /usr/lib/jvm/java-8-oracle/jre/lib/amd64/libnio.so
7f5be1939000-7f5be193a000 rw-p 00010000 08:01 409176                     /usr/lib/jvm/java-8-oracle/jre/lib/amd64/libnio.so
7f5be193a000-7f5be1b3a000 rw-p 00000000 00:00 0 
7f5be1b3a000-7f5be1d3a000 rw-p 00000000 00:00 0 
7f5be1d3a000-7f5be1f3a000 rw-p 00000000 00:00 0 
7f5be1f3a000-7f5be1f3d000 r-xp 00000000 08:01 59291                      /lib/x86_64-linux-gnu/libnss_myhostname.so.2
7f5be1f3d000-7f5be213c000 ---p 00003000 08:01 59291                      /lib/x86_64-linux-gnu/libnss_myhostname.so.2
7f5be213c000-7f5be213d000 r--p 00002000 08:01 59291                      /lib/x86_64-linux-gnu/libnss_myhostname.so.2
7f5be213d000-7f5be213e000 rw-p 00003000 08:01 59291                      /lib/x86_64-linux-gnu/libnss_myhostname.so.2
7f5be213e000-7f5be2154000 r-xp 00000000 08:01 409195                     /usr/lib/jvm/java-8-oracle/jre/lib/amd64/libnet.so
7f5be2154000-7f5be2354000 ---p 00016000 08:01 409195                     /usr/lib/jvm/java-8-oracle/jre/lib/amd64/libnet.so
7f5be2354000-7f5be2355000 rw-p 00016000 08:01 409195                     /usr/lib/jvm/java-8-oracle/jre/lib/amd64/libnet.so
7f5be2355000-7f5be2358000 ---p 00000000 00:00 0 
7f5be2358000-7f5be2456000 rw-p 00000000 00:00 0                          [stack:28074]
7f5be2456000-7f5be2459000 ---p 00000000 00:00 0 
7f5be2459000-7f5be2557000 rw-p 00000000 00:00 0                          [stack:28073]
7f5be2557000-7f5be255a000 ---p 00000000 00:00 0 
7f5be255a000-7f5be2658000 rw-p 00000000 00:00 0                          [stack:28089]
7f5be2658000-7f5be2661000 r-xp 00000000 08:01 409227                     /usr/lib/jvm/java-8-oracle/jre/lib/amd64/libmanagement.so
7f5be2661000-7f5be2860000 ---p 00009000 08:01 409227                     /usr/lib/jvm/java-8-oracle/jre/lib/amd64/libmanagement.so
7f5be2860000-7f5be2861000 rw-p 00008000 08:01 409227                     /usr/lib/jvm/java-8-oracle/jre/lib/amd64/libmanagement.so
7f5be2861000-7f5be2862000 ---p 00000000 00:00 0 
7f5be2862000-7f5be2962000 rw-p 00000000 00:00 0                          [stack:28011]
7f5be2962000-7f5be2965000 ---p 00000000 00:00 0 
7f5be2965000-7f5be2a63000 rw-p 00000000 00:00 0                          [stack:28010]
7f5be2a63000-7f5be2a66000 ---p 00000000 00:00 0 
7f5be2a66000-7f5be2b64000 rw-p 00000000 00:00 0                          [stack:28009]
7f5be2b64000-7f5be2b67000 ---p 00000000 00:00 0 
7f5be2b67000-7f5be2c65000 rw-p 00000000 00:00 0                          [stack:28008]
7f5be2c65000-7f5be2c68000 ---p 00000000 00:00 0 
7f5be2c68000-7f5be2d66000 rw-p 00000000 00:00 0                          [stack:28007]
7f5be2d66000-7f5be2d69000 ---p 00000000 00:00 0 
7f5be2d69000-7f5be2e67000 rw-p 00000000 00:00 0                          [stack:28006]
7f5be2e67000-7f5be2ff0000 r--p 00000000 08:01 27112                      /usr/lib/locale/locale-archive
7f5be2ff0000-7f5be2ff3000 ---p 00000000 00:00 0 
7f5be2ff3000-7f5be30f1000 rw-p 00000000 00:00 0                          [stack:28005]
7f5be30f1000-7f5be30f4000 ---p 00000000 00:00 0 
7f5be30f4000-7f5be31f2000 rw-p 00000000 00:00 0                          [stack:28004]
7f5be31f2000-7f5be31f3000 ---p 00000000 00:00 0 
7f5be31f3000-7f5be4000000 rw-p 00000000 00:00 0                          [stack:28003]
7f5be4000000-7f5be4021000 rw-p 00000000 00:00 0 
7f5be4021000-7f5be8000000 ---p 00000000 00:00 0 
7f5be808f000-7f5bec000000 rw-p 00000000 00:00 0 
7f5bec000000-7f5bec023000 rw-p 00000000 00:00 0 
7f5bec023000-7f5bf0000000 ---p 00000000 00:00 0 
7f5bf0000000-7f5bf0021000 rw-p 00000000 00:00 0 
7f5bf0021000-7f5bf4000000 ---p 00000000 00:00 0 
7f5bf4000000-7f5bf4021000 rw-p 00000000 00:00 0 
7f5bf4021000-7f5bf8000000 ---p 00000000 00:00 0 
7f5bf803d000-7f5bf813e000 rw-p 00000000 00:00 0 
7f5bf813e000-7f5bf8318000 r--s 03d4d000 08:01 409330                     /usr/lib/jvm/java-8-oracle/jre/lib/rt.jar
7f5bf8318000-7f5bf8eff000 rw-p 00000000 00:00 0 
7f5bf8eff000-7f5bf8f00000 ---p 00000000 00:00 0 
7f5bf8f00000-7f5bf9000000 rw-p 00000000 00:00 0                          [stack:28002]
7f5bf9000000-7f5bfa320000 rwxp 00000000 00:00 0 
7f5bfa320000-7f5c08000000 ---p 00000000 00:00 0 
7f5c08000000-7f5c08474000 rw-p 00000000 00:00 0 
7f5c08474000-7f5c0c000000 ---p 00000000 00:00 0 
7f5c0c07c000-7f5c0c0f2000 rw-p 00000000 00:00 0 
7f5c0c0f2000-7f5c0c0f3000 ---p 00000000 00:00 0 
7f5c0c0f3000-7f5c0c1f3000 rw-p 00000000 00:00 0                          [stack:28001]
7f5c0c1f3000-7f5c0c1f4000 ---p 00000000 00:00 0 
7f5c0c1f4000-7f5c0c2f4000 rw-p 00000000 00:00 0                          [stack:28000]
7f5c0c2f4000-7f5c0c2f5000 ---p 00000000 00:00 0 
7f5c0c2f5000-7f5c0c42d000 rw-p 00000000 00:00 0                          [stack:27999]
7f5c0c42d000-7f5c0c68f000 ---p 00000000 00:00 0 
7f5c0c68f000-7f5c0c6c7000 rw-p 00000000 00:00 0 
7f5c0c6c7000-7f5c0c929000 ---p 00000000 00:00 0 
7f5c0c929000-7f5c0ca76000 rw-p 00000000 00:00 0 
7f5c0ca76000-7f5c0cac4000 rw-p 00000000 00:00 0 
7f5c0cac4000-7f5c0ce37000 ---p 00000000 00:00 0 
7f5c0ce37000-7f5c0ce51000 r-xp 00000000 08:01 409202                     /usr/lib/jvm/java-8-oracle/jre/lib/amd64/libzip.so
7f5c0ce51000-7f5c0d051000 ---p 0001a000 08:01 409202                     /usr/lib/jvm/java-8-oracle/jre/lib/amd64/libzip.so
7f5c0d051000-7f5c0d052000 rw-p 0001a000 08:01 409202                     /usr/lib/jvm/java-8-oracle/jre/lib/amd64/libzip.so
7f5c0d052000-7f5c0d05c000 r-xp 00000000 08:01 3144                       /lib/x86_64-linux-gnu/libnss_files-2.19.so
7f5c0d05c000-7f5c0d25b000 ---p 0000a000 08:01 3144                       /lib/x86_64-linux-gnu/libnss_files-2.19.so
7f5c0d25b000-7f5c0d25c000 r--p 00009000 08:01 3144                       /lib/x86_64-linux-gnu/libnss_files-2.19.so
7f5c0d25c000-7f5c0d25d000 rw-p 0000a000 08:01 3144                       /lib/x86_64-linux-gnu/libnss_files-2.19.so
7f5c0d25d000-7f5c0d268000 r-xp 00000000 08:01 3036                       /lib/x86_64-linux-gnu/libnss_nis-2.19.so
7f5c0d268000-7f5c0d467000 ---p 0000b000 08:01 3036                       /lib/x86_64-linux-gnu/libnss_nis-2.19.so
7f5c0d467000-7f5c0d468000 r--p 0000a000 08:01 3036                       /lib/x86_64-linux-gnu/libnss_nis-2.19.so
7f5c0d468000-7f5c0d469000 rw-p 0000b000 08:01 3036                       /lib/x86_64-linux-gnu/libnss_nis-2.19.so
7f5c0d469000-7f5c0d480000 r-xp 00000000 08:01 2993                       /lib/x86_64-linux-gnu/libnsl-2.19.so
7f5c0d480000-7f5c0d67f000 ---p 00017000 08:01 2993                       /lib/x86_64-linux-gnu/libnsl-2.19.so
7f5c0d67f000-7f5c0d680000 r--p 00016000 08:01 2993                       /lib/x86_64-linux-gnu/libnsl-2.19.so
7f5c0d680000-7f5c0d681000 rw-p 00017000 08:01 2993                       /lib/x86_64-linux-gnu/libnsl-2.19.so
7f5c0d681000-7f5c0d683000 rw-p 00000000 00:00 0 
7f5c0d683000-7f5c0d68c000 r-xp 00000000 08:01 3004                       /lib/x86_64-linux-gnu/libnss_compat-2.19.so
7f5c0d68c000-7f5c0d88b000 ---p 00009000 08:01 3004                       /lib/x86_64-linux-gnu/libnss_compat-2.19.so
7f5c0d88b000-7f5c0d88c000 r--p 00008000 08:01 3004                       /lib/x86_64-linux-gnu/libnss_compat-2.19.so
7f5c0d88c000-7f5c0d88d000 rw-p 00009000 08:01 3004                       /lib/x86_64-linux-gnu/libnss_compat-2.19.so
7f5c0d88d000-7f5c0d8b8000 r-xp 00000000 08:01 409188                     /usr/lib/jvm/java-8-oracle/jre/lib/amd64/libjava.so
7f5c0d8b8000-7f5c0dab7000 ---p 0002b000 08:01 409188                     /usr/lib/jvm/java-8-oracle/jre/lib/amd64/libjava.so
7f5c0dab7000-7f5c0dab9000 rw-p 0002a000 08:01 409188                     /usr/lib/jvm/java-8-oracle/jre/lib/amd64/libjava.so
7f5c0dab9000-7f5c0dac6000 r-xp 00000000 08:01 409228                     /usr/lib/jvm/java-8-oracle/jre/lib/amd64/libverify.so
7f5c0dac6000-7f5c0dcc6000 ---p 0000d000 08:01 409228                     /usr/lib/jvm/java-8-oracle/jre/lib/amd64/libverify.so
7f5c0dcc6000-7f5c0dcc8000 rw-p 0000d000 08:01 409228                     /usr/lib/jvm/java-8-oracle/jre/lib/amd64/libverify.so
7f5c0dcc8000-7f5c0dccf000 r-xp 00000000 08:01 2965                       /lib/x86_64-linux-gnu/librt-2.19.so
7f5c0dccf000-7f5c0dece000 ---p 00007000 08:01 2965                       /lib/x86_64-linux-gnu/librt-2.19.so
7f5c0dece000-7f5c0decf000 r--p 00006000 08:01 2965                       /lib/x86_64-linux-gnu/librt-2.19.so
7f5c0decf000-7f5c0ded0000 rw-p 00007000 08:01 2965                       /lib/x86_64-linux-gnu/librt-2.19.so
7f5c0ded0000-7f5c0dfd5000 r-xp 00000000 08:01 3059                       /lib/x86_64-linux-gnu/libm-2.19.so
7f5c0dfd5000-7f5c0e1d4000 ---p 00105000 08:01 3059                       /lib/x86_64-linux-gnu/libm-2.19.so
7f5c0e1d4000-7f5c0e1d5000 r--p 00104000 08:01 3059                       /lib/x86_64-linux-gnu/libm-2.19.so
7f5c0e1d5000-7f5c0e1d6000 rw-p 00105000 08:01 3059                       /lib/x86_64-linux-gnu/libm-2.19.so
7f5c0e1d6000-7f5c0eea9000 r-xp 00000000 08:01 409186                     /usr/lib/jvm/java-8-oracle/jre/lib/amd64/server/libjvm.so
7f5c0eea9000-7f5c0f0a8000 ---p 00cd3000 08:01 409186                     /usr/lib/jvm/java-8-oracle/jre/lib/amd64/server/libjvm.so
7f5c0f0a8000-7f5c0f182000 rw-p 00cd2000 08:01 409186                     /usr/lib/jvm/java-8-oracle/jre/lib/amd64/server/libjvm.so
7f5c0f182000-7f5c0f1cd000 rw-p 00000000 00:00 0 
7f5c0f1cd000-7f5c0f38b000 r-xp 00000000 08:01 3143                       /lib/x86_64-linux-gnu/libc-2.19.so
7f5c0f38b000-7f5c0f58b000 ---p 001be000 08:01 3143                       /lib/x86_64-linux-gnu/libc-2.19.so
7f5c0f58b000-7f5c0f58f000 r--p 001be000 08:01 3143                       /lib/x86_64-linux-gnu/libc-2.19.so
7f5c0f58f000-7f5c0f591000 rw-p 001c2000 08:01 3143                       /lib/x86_64-linux-gnu/libc-2.19.so
7f5c0f591000-7f5c0f596000 rw-p 00000000 00:00 0 
7f5c0f596000-7f5c0f599000 r-xp 00000000 08:01 2994                       /lib/x86_64-linux-gnu/libdl-2.19.so
7f5c0f599000-7f5c0f798000 ---p 00003000 08:01 2994                       /lib/x86_64-linux-gnu/libdl-2.19.so
7f5c0f798000-7f5c0f799000 r--p 00002000 08:01 2994                       /lib/x86_64-linux-gnu/libdl-2.19.so
7f5c0f799000-7f5c0f79a000 rw-p 00003000 08:01 2994                       /lib/x86_64-linux-gnu/libdl-2.19.so
7f5c0f79a000-7f5c0f7af000 r-xp 00000000 08:01 409192                     /usr/lib/jvm/java-8-oracle/jre/lib/amd64/jli/libjli.so
7f5c0f7af000-7f5c0f9af000 ---p 00015000 08:01 409192                     /usr/lib/jvm/java-8-oracle/jre/lib/amd64/jli/libjli.so
7f5c0f9af000-7f5c0f9b0000 rw-p 00015000 08:01 409192                     /usr/lib/jvm/java-8-oracle/jre/lib/amd64/jli/libjli.so
7f5c0f9b0000-7f5c0f9c9000 r-xp 00000000 08:01 3039                       /lib/x86_64-linux-gnu/libpthread-2.19.so
7f5c0f9c9000-7f5c0fbc8000 ---p 00019000 08:01 3039                       /lib/x86_64-linux-gnu/libpthread-2.19.so
7f5c0fbc8000-7f5c0fbc9000 r--p 00018000 08:01 3039                       /lib/x86_64-linux-gnu/libpthread-2.19.so
7f5c0fbc9000-7f5c0fbca000 rw-p 00019000 08:01 3039                       /lib/x86_64-linux-gnu/libpthread-2.19.so
7f5c0fbca000-7f5c0fbce000 rw-p 00000000 00:00 0 
7f5c0fbce000-7f5c0fbf1000 r-xp 00000000 08:01 2949                       /lib/x86_64-linux-gnu/ld-2.19.so
7f5c0fbf9000-7f5c0fbfb000 r--s 00009000 08:01 409353                     /usr/lib/jvm/java-8-oracle/jre/lib/ext/sunec.jar
7f5c0fbfb000-7f5c0fc00000 r--s 0009a000 08:01 409166                     /usr/lib/jvm/java-8-oracle/jre/lib/jsse.jar
7f5c0fc00000-7f5c0fc05000 r--s 002f9000 08:01 409391                     /usr/lib/jvm/java-8-oracle/jre/lib/charsets.jar
7f5c0fc05000-7f5c0fc0a000 r--s 020e3000 08:01 1718811                    /home/vagrant/workspace/spring-cloud-nike-running/running-location-distribution/target/running-location-distribution-1.0.0.BUILD-SNAPSHOT.jar
7f5c0fc0a000-7f5c0fcdc000 rw-p 00000000 00:00 0 
7f5c0fcdc000-7f5c0fcdf000 ---p 00000000 00:00 0 
7f5c0fcdf000-7f5c0fde1000 rw-p 00000000 00:00 0                          [stack:27998]
7f5c0fde1000-7f5c0fde4000 r--s 0001a000 08:01 409376                     /usr/lib/jvm/java-8-oracle/jre/lib/jce.jar
7f5c0fde4000-7f5c0fdec000 rw-s 00000000 08:01 273770                     /tmp/hsperfdata_vagrant/27997
7f5c0fdec000-7f5c0fded000 rw-p 00000000 00:00 0 
7f5c0fded000-7f5c0fdee000 r--p 00000000 00:00 0 
7f5c0fdee000-7f5c0fdf0000 rw-p 00000000 00:00 0 
7f5c0fdf0000-7f5c0fdf1000 r--p 00022000 08:01 2949                       /lib/x86_64-linux-gnu/ld-2.19.so
7f5c0fdf1000-7f5c0fdf2000 rw-p 00023000 08:01 2949                       /lib/x86_64-linux-gnu/ld-2.19.so
7f5c0fdf2000-7f5c0fdf3000 rw-p 00000000 00:00 0 
7ffc31b10000-7ffc31b31000 rw-p 00000000 00:00 0                          [stack]
7ffc31b4e000-7ffc31b50000 r-xp 00000000 00:00 0                          [vdso]
ffffffffff600000-ffffffffff601000 r-xp 00000000 00:00 0                  [vsyscall]

VM Arguments:
java_command: ./target/running-location-distribution-1.0.0.BUILD-SNAPSHOT.jar
java_class_path (initial): ./target/running-location-distribution-1.0.0.BUILD-SNAPSHOT.jar
Launcher Type: SUN_STANDARD

Environment Variables:
JAVA_HOME=/usr/lib/jvm/java-8-oracle
PATH=/usr/local/sbin:/usr/local/bin:/usr/sbin:/usr/bin:/sbin:/bin:/usr/games:/usr/local/games:/usr/lib/jvm/java-8-oracle/bin:/usr/lib/jvm/java-8-oracle/db/bin:/usr/lib/jvm/java-8-oracle/jre/bin
SHELL=/bin/zsh
DISPLAY=:0.0

Signal Handlers:
SIGSEGV: [libjvm.so+0xacba10], sa_mask[0]=11111111011111111101111111111110, sa_flags=SA_RESTART|SA_SIGINFO
SIGBUS: [libjvm.so+0xacba10], sa_mask[0]=11111111011111111101111111111110, sa_flags=SA_RESTART|SA_SIGINFO
SIGFPE: [libjvm.so+0x924ba0], sa_mask[0]=11111111011111111101111111111110, sa_flags=SA_RESTART|SA_SIGINFO
SIGPIPE: [libjvm.so+0x924ba0], sa_mask[0]=11111111011111111101111111111110, sa_flags=SA_RESTART|SA_SIGINFO
SIGXFSZ: [libjvm.so+0x924ba0], sa_mask[0]=11111111011111111101111111111110, sa_flags=SA_RESTART|SA_SIGINFO
SIGILL: [libjvm.so+0x924ba0], sa_mask[0]=11111111011111111101111111111110, sa_flags=SA_RESTART|SA_SIGINFO
SIGUSR1: SIG_DFL, sa_mask[0]=00000000000000000000000000000000, sa_flags=none
SIGUSR2: [libjvm.so+0x9263e0], sa_mask[0]=00000000000000000000000000000000, sa_flags=SA_RESTART|SA_SIGINFO
SIGHUP: [libjvm.so+0x9277e0], sa_mask[0]=11111111011111111101111111111110, sa_flags=SA_RESTART|SA_SIGINFO
SIGINT: [libjvm.so+0x9277e0], sa_mask[0]=11111111011111111101111111111110, sa_flags=SA_RESTART|SA_SIGINFO
SIGTERM: [libjvm.so+0x9277e0], sa_mask[0]=11111111011111111101111111111110, sa_flags=SA_RESTART|SA_SIGINFO
SIGQUIT: [libjvm.so+0x9277e0], sa_mask[0]=11111111011111111101111111111110, sa_flags=SA_RESTART|SA_SIGINFO


---------------  S Y S T E M  ---------------

OS:DISTRIB_ID=Ubuntu
DISTRIB_RELEASE=14.04
DISTRIB_CODENAME=trusty
DISTRIB_DESCRIPTION="Ubuntu 14.04.5 LTS"

uname:Linux 3.13.0-132-generic #181-Ubuntu SMP Wed Sep 13 13:25:03 UTC 2017 x86_64
libc:glibc 2.19 NPTL 2.19 
rlimit: STACK 8192k, CORE 0k, NPROC 63709, NOFILE 4096, AS infinity
load average:18.78 8.50 4.04

/proc/meminfo:
MemTotal:        8176716 kB
MemFree:          741968 kB
Buffers:             832 kB
Cached:            56548 kB
SwapCached:            0 kB
Active:          7173268 kB
Inactive:          50912 kB
Active(anon):    7167856 kB
Inactive(anon):    25720 kB
Active(file):       5412 kB
Inactive(file):    25192 kB
Unevictable:           4 kB
Mlocked:               4 kB
SwapTotal:             0 kB
SwapFree:              0 kB
Dirty:               180 kB
Writeback:             0 kB
AnonPages:       7151072 kB
Mapped:            36352 kB
Shmem:             26088 kB
Slab:              52324 kB
SReclaimable:      22892 kB
SUnreclaim:        29432 kB
KernelStack:        7032 kB
PageTables:        40492 kB
NFS_Unstable:          0 kB
Bounce:                0 kB
WritebackTmp:          0 kB
CommitLimit:     4088356 kB
Committed_AS:   11265212 kB
VmallocTotal:   34359738367 kB
VmallocUsed:       21516 kB
VmallocChunk:   34359708580 kB
HardwareCorrupted:     0 kB
AnonHugePages:   4636672 kB
HugePages_Total:       0
HugePages_Free:        0
HugePages_Rsvd:        0
HugePages_Surp:        0
Hugepagesize:       2048 kB
DirectMap4k:       63424 kB
DirectMap2M:     8325120 kB


CPU:total 4 (initial active 4) (4 cores per cpu, 1 threads per core) family 6 model 70 stepping 1, cmov, cx8, fxsr, mmx, sse, sse2, sse3, ssse3, sse4.1, sse4.2, popcnt, avx, aes, clmul, lzcnt, tsc, tscinvbit

/proc/cpuinfo:
processor	: 0
vendor_id	: GenuineIntel
cpu family	: 6
model		: 70
model name	: Intel(R) Core(TM) i7-4770HQ CPU @ 2.20GHz
stepping	: 1
cpu MHz		: 2194.843
cache size	: 6144 KB
physical id	: 0
siblings	: 4
core id		: 0
cpu cores	: 4
apicid		: 0
initial apicid	: 0
fpu		: yes
fpu_exception	: yes
cpuid level	: 13
wp		: yes
flags		: fpu vme de pse tsc msr pae mce cx8 apic sep mtrr pge mca cmov pat pse36 clflush mmx fxsr sse sse2 ht syscall nx rdtscp lm constant_tsc rep_good nopl xtopology nonstop_tsc pni pclmulqdq ssse3 cx16 sse4_1 sse4_2 movbe popcnt aes xsave avx rdrand lahf_lm abm
bogomips	: 4389.68
clflush size	: 64
cache_alignment	: 64
address sizes	: 39 bits physical, 48 bits virtual
power management:

processor	: 1
vendor_id	: GenuineIntel
cpu family	: 6
model		: 70
model name	: Intel(R) Core(TM) i7-4770HQ CPU @ 2.20GHz
stepping	: 1
cpu MHz		: 2194.843
cache size	: 6144 KB
physical id	: 0
siblings	: 4
core id		: 1
cpu cores	: 4
apicid		: 1
initial apicid	: 1
fpu		: yes
fpu_exception	: yes
cpuid level	: 13
wp		: yes
flags		: fpu vme de pse tsc msr pae mce cx8 apic sep mtrr pge mca cmov pat pse36 clflush mmx fxsr sse sse2 ht syscall nx rdtscp lm constant_tsc rep_good nopl xtopology nonstop_tsc pni pclmulqdq ssse3 cx16 sse4_1 sse4_2 movbe popcnt aes xsave avx rdrand lahf_lm abm
bogomips	: 4389.68
clflush size	: 64
cache_alignment	: 64
address sizes	: 39 bits physical, 48 bits virtual
power management:

processor	: 2
vendor_id	: GenuineIntel
cpu family	: 6
model		: 70
model name	: Intel(R) Core(TM) i7-4770HQ CPU @ 2.20GHz
stepping	: 1
cpu MHz		: 2194.843
cache size	: 6144 KB
physical id	: 0
siblings	: 4
core id		: 2
cpu cores	: 4
apicid		: 2
initial apicid	: 2
fpu		: yes
fpu_exception	: yes
cpuid level	: 13
wp		: yes
flags		: fpu vme de pse tsc msr pae mce cx8 apic sep mtrr pge mca cmov pat pse36 clflush mmx fxsr sse sse2 ht syscall nx rdtscp lm constant_tsc rep_good nopl xtopology nonstop_tsc pni pclmulqdq ssse3 cx16 sse4_1 sse4_2 movbe popcnt aes xsave avx rdrand lahf_lm abm
bogomips	: 4389.68
clflush size	: 64
cache_alignment	: 64
address sizes	: 39 bits physical, 48 bits virtual
power management:

processor	: 3
vendor_id	: GenuineIntel
cpu family	: 6
model		: 70
model name	: Intel(R) Core(TM) i7-4770HQ CPU @ 2.20GHz
stepping	: 1
cpu MHz		: 2194.843
cache size	: 6144 KB
physical id	: 0
siblings	: 4
core id		: 3
cpu cores	: 4
apicid		: 3
initial apicid	: 3
fpu		: yes
fpu_exception	: yes
cpuid level	: 13
wp		: yes
flags		: fpu vme de pse tsc msr pae mce cx8 apic sep mtrr pge mca cmov pat pse36 clflush mmx fxsr sse sse2 ht syscall nx rdtscp lm constant_tsc rep_good nopl xtopology nonstop_tsc pni pclmulqdq ssse3 cx16 sse4_1 sse4_2 movbe popcnt aes xsave avx rdrand lahf_lm abm
bogomips	: 4389.68
clflush size	: 64
cache_alignment	: 64
address sizes	: 39 bits physical, 48 bits virtual
power management:



Memory: 4k page, physical 8176716k(799348k free), swap 0k(0k free)

vm_info: Java HotSpot(TM) 64-Bit Server VM (25.144-b01) for linux-amd64 JRE (1.8.0_144-b01), built on Jul 21 2017 21:57:33 by "java_re" with gcc 4.3.0 20080428 (Red Hat 4.3.0-8)

time: Fri Dec 22 23:22:07 2017
elapsed time: 255 seconds (0d 0h 4m 15s)

