#
# There is insufficient memory for the Java Runtime Environment to continue.
# Native memory allocation (mmap) failed to map 150994944 bytes for committing reserved memory.
# Possible reasons:
#   The system is out of physical RAM or swap space
#   In 32 bit mode, the process size limit was hit
# Possible solutions:
#   Reduce memory load on the system
#   Increase physical memory or swap space
#   Check if swap backing store is full
#   Use 64 bit Java on a 64 bit OS
#   Decrease Java heap size (-Xmx/-Xms)
#   Decrease number of Java threads
#   Decrease Java thread stack sizes (-Xss)
#   Set larger code cache with -XX:ReservedCodeCacheSize=
# This output file may be truncated or incomplete.
#
#  Out of Memory Error (os_linux.cpp:2640), pid=28699, tid=0x00007f824e736700
#
# JRE version: Java(TM) SE Runtime Environment (8.0_144-b01) (build 1.8.0_144-b01)
# Java VM: Java HotSpot(TM) 64-Bit Server VM (25.144-b01 mixed mode linux-amd64 compressed oops)
# Failed to write core dump. Core dumps have been disabled. To enable core dumping, try "ulimit -c unlimited" before starting Java again
#

---------------  T H R E A D  ---------------

Current thread (0x00007f82640fb000):  VMThread [stack: 0x00007f824e636000,0x00007f824e737000] [id=28704]

Stack: [0x00007f824e636000,0x00007f824e737000],  sp=0x00007f824e735240,  free space=1020k
Native frames: (J=compiled Java code, j=interpreted, Vv=VM code, C=native code)
V  [libjvm.so+0xacb18a]  VMError::report_and_die()+0x2ba
V  [libjvm.so+0x4ff4db]  report_vm_out_of_memory(char const*, int, unsigned long, VMErrorType, char const*)+0x8b
V  [libjvm.so+0x927d23]  os::Linux::commit_memory_impl(char*, unsigned long, bool)+0x103
V  [libjvm.so+0x928279]  os::pd_commit_memory(char*, unsigned long, unsigned long, bool)+0x29
V  [libjvm.so+0x92249a]  os::commit_memory(char*, unsigned long, unsigned long, bool)+0x2a
V  [libjvm.so+0x996ff3]  PSVirtualSpace::expand_by(unsigned long)+0x53
V  [libjvm.so+0x9983f8]  PSYoungGen::resize_generation(unsigned long, unsigned long)+0xf8
V  [libjvm.so+0x997552]  PSYoungGen::resize(unsigned long, unsigned long)+0x22
V  [libjvm.so+0x99482b]  PSScavenge::invoke_no_policy()+0xf3b
V  [libjvm.so+0x98fad5]  PSParallelCompact::invoke(bool)+0x85
V  [libjvm.so+0x485f14]  CollectedHeap::collect_as_vm_thread(GCCause::Cause)+0x114
V  [libjvm.so+0xacc601]  VM_CollectForMetadataAllocation::doit()+0x161
V  [libjvm.so+0xad4685]  VM_Operation::evaluate()+0x55
V  [libjvm.so+0xad2a5a]  VMThread::evaluate_operation(VM_Operation*)+0xba
V  [libjvm.so+0xad2dde]  VMThread::loop()+0x1ce
V  [libjvm.so+0xad3250]  VMThread::run()+0x70
V  [libjvm.so+0x92a338]  java_start(Thread*)+0x108

VM_Operation (0x00007f826a92dec0): CollectForMetadataAllocation, mode: safepoint, requested by thread 0x00007f826400a000


---------------  P R O C E S S  ---------------

Java Threads: ( => current thread )
  0x00007f8264a72800 JavaThread "Tomcat JDBC Pool Cleaner[1808253012:1513574901404]" daemon [_thread_blocked, id=28713, stack(0x00007f824da65000,0x00007f824db66000)]
  0x00007f8264141800 JavaThread "Service Thread" daemon [_thread_blocked, id=28710, stack(0x00007f824dea7000,0x00007f824dfa8000)]
  0x00007f826413e800 JavaThread "C1 CompilerThread1" daemon [_thread_blocked, id=28709, stack(0x00007f824dfa8000,0x00007f824e0a9000)]
  0x00007f826413c000 JavaThread "C2 CompilerThread0" daemon [_thread_in_native, id=28708, stack(0x00007f824e0a9000,0x00007f824e1aa000)]
  0x00007f826413a800 JavaThread "Signal Dispatcher" daemon [_thread_blocked, id=28707, stack(0x00007f824e1aa000,0x00007f824e2ab000)]
  0x00007f8264107000 JavaThread "Finalizer" daemon [_thread_blocked, id=28706, stack(0x00007f824e434000,0x00007f824e535000)]
  0x00007f8264102800 JavaThread "Reference Handler" daemon [_thread_blocked, id=28705, stack(0x00007f824e535000,0x00007f824e636000)]
  0x00007f826400a000 JavaThread "main" [_thread_blocked, id=28701, stack(0x00007f826a836000,0x00007f826a937000)]

Other Threads:
=>0x00007f82640fb000 VMThread [stack: 0x00007f824e636000,0x00007f824e737000] [id=28704]
  0x00007f8264144800 WatcherThread [stack: 0x00007f824dda6000,0x00007f824dea7000] [id=28711]

VM state:at safepoint (normal execution)

VM Mutex/Monitor currently owned by a thread:  ([mutex/lock_event])
[0x00007f8264006130] Threads_lock - owner thread: 0x00007f82640fb000
[0x00007f8264006630] Heap_lock - owner thread: 0x00007f826400a000

Heap:
 PSYoungGen      total 246784K, used 11170K [0x00000000d6600000, 0x00000000e7d80000, 0x0000000100000000)
  eden space 232960K, 0% used [0x00000000d6600000,0x00000000d6600000,0x00000000e4980000)
  from space 13824K, 80% used [0x00000000e6280000,0x00000000e6d68858,0x00000000e7000000)
  to   space 9216K, 0% used [0x00000000e7480000,0x00000000e7480000,0x00000000e7d80000)
 ParOldGen       total 62976K, used 15273K [0x0000000083200000, 0x0000000086f80000, 0x00000000d6600000)
  object space 62976K, 24% used [0x0000000083200000,0x00000000840ea6a0,0x0000000086f80000)
 Metaspace       used 35020K, capacity 35276K, committed 35456K, reserved 1079296K
  class space    used 4522K, capacity 4617K, committed 4736K, reserved 1048576K

Card table byte_map: [0x00007f825400c000,0x00007f82543f4000] byte_map_base: 0x00007f8253bf3000

Marking Bits: (ParMarkBitMap*) 0x00007f8269cf8dc0
 Begin Bits: [0x00007f824fe01000, 0x00007f8251d39000)
 End Bits:   [0x00007f8251d39000, 0x00007f8253c71000)

Polling page: 0x00007f826a946000

CodeCache: size=245760Kb used=9863Kb max_used=9863Kb free=235896Kb
 bounds [0x00007f82547b4000, 0x00007f8255164000, 0x00007f82637b4000]
 total_blobs=3524 nmethods=3063 adapters=373
 compilation: enabled

Compilation events (10 events):
Event: 7.052 Thread 0x00007f826413e800 3081       2       org.slf4j.LoggerFactory::getLogger (12 bytes)
Event: 7.053 Thread 0x00007f826413e800 nmethod 3081 0x00007f82551563d0 code [0x00007f8255156540, 0x00007f82551566b8]
Event: 7.114 Thread 0x00007f826413e800 3082       1       org.hibernate.annotations.common.reflection.java.JavaXAnnotatedElement::getFactory (5 bytes)
Event: 7.114 Thread 0x00007f826413e800 nmethod 3082 0x00007f8255156790 code [0x00007f82551568e0, 0x00007f82551569f0]
Event: 7.116 Thread 0x00007f826413e800 3083       2       org.hibernate.annotations.common.reflection.java.JavaReflectionManager$MemberKey::<init> (7 bytes)
Event: 7.116 Thread 0x00007f826413e800 nmethod 3083 0x00007f8255156a50 code [0x00007f8255156bc0, 0x00007f8255156dd8]
Event: 7.116 Thread 0x00007f826413e800 3085       2       org.hibernate.annotations.common.reflection.java.generics.CompoundTypeEnvironment::create (28 bytes)
Event: 7.116 Thread 0x00007f826413e800 nmethod 3085 0x00007f8255156f10 code [0x00007f82551570a0, 0x00007f8255157338]
Event: 7.116 Thread 0x00007f826413e800 3084       2       org.hibernate.annotations.common.reflection.java.JavaReflectionManager::toXClass (23 bytes)
Event: 7.117 Thread 0x00007f826413e800 nmethod 3084 0x00007f8255157490 code [0x00007f8255157620, 0x00007f8255157898]

GC Heap History (10 events):
Event: 3.046 GC heap after
Heap after GC invocations=3 (full 0):
 PSYoungGen      total 70656K, used 5110K [0x00000000d6600000, 0x00000000df000000, 0x0000000100000000)
  eden space 65536K, 0% used [0x00000000d6600000,0x00000000d6600000,0x00000000da600000)
  from space 5120K, 99% used [0x00000000da600000,0x00000000daafd960,0x00000000dab00000)
  to   space 5120K, 0% used [0x00000000deb00000,0x00000000deb00000,0x00000000df000000)
 ParOldGen       total 86016K, used 10631K [0x0000000083200000, 0x0000000088600000, 0x00000000d6600000)
  object space 86016K, 12% used [0x0000000083200000,0x0000000083c61d08,0x0000000088600000)
 Metaspace       used 18646K, capacity 18826K, committed 19072K, reserved 1067008K
  class space    used 2325K, capacity 2383K, committed 2432K, reserved 1048576K
}
Event: 3.369 GC heap before
{Heap before GC invocations=4 (full 0):
 PSYoungGen      total 70656K, used 70646K [0x00000000d6600000, 0x00000000df000000, 0x0000000100000000)
  eden space 65536K, 100% used [0x00000000d6600000,0x00000000da600000,0x00000000da600000)
  from space 5120K, 99% used [0x00000000da600000,0x00000000daafd960,0x00000000dab00000)
  to   space 5120K, 0% used [0x00000000deb00000,0x00000000deb00000,0x00000000df000000)
 ParOldGen       total 86016K, used 10631K [0x0000000083200000, 0x0000000088600000, 0x00000000d6600000)
  object space 86016K, 12% used [0x0000000083200000,0x0000000083c61d08,0x0000000088600000)
 Metaspace       used 19976K, capacity 20172K, committed 20224K, reserved 1067008K
  class space    used 2495K, capacity 2549K, committed 2560K, reserved 1048576K
Event: 3.400 GC heap after
Heap after GC invocations=4 (full 0):
 PSYoungGen      total 136192K, used 5108K [0x00000000d6600000, 0x00000000df000000, 0x0000000100000000)
  eden space 131072K, 0% used [0x00000000d6600000,0x00000000d6600000,0x00000000de600000)
  from space 5120K, 99% used [0x00000000deb00000,0x00000000deffd1c0,0x00000000df000000)
  to   space 5120K, 0% used [0x00000000de600000,0x00000000de600000,0x00000000deb00000)
 ParOldGen       total 86016K, used 15440K [0x0000000083200000, 0x0000000088600000, 0x00000000d6600000)
  object space 86016K, 17% used [0x0000000083200000,0x0000000084114338,0x0000000088600000)
 Metaspace       used 19976K, capacity 20172K, committed 20224K, reserved 1067008K
  class space    used 2495K, capacity 2549K, committed 2560K, reserved 1048576K
}
Event: 3.729 GC heap before
{Heap before GC invocations=5 (full 0):
 PSYoungGen      total 136192K, used 57633K [0x00000000d6600000, 0x00000000df000000, 0x0000000100000000)
  eden space 131072K, 40% used [0x00000000d6600000,0x00000000d994b308,0x00000000de600000)
  from space 5120K, 99% used [0x00000000deb00000,0x00000000deffd1c0,0x00000000df000000)
  to   space 5120K, 0% used [0x00000000de600000,0x00000000de600000,0x00000000deb00000)
 ParOldGen       total 86016K, used 15440K [0x0000000083200000, 0x0000000088600000, 0x00000000d6600000)
  object space 86016K, 17% used [0x0000000083200000,0x0000000084114338,0x0000000088600000)
 Metaspace       used 20971K, capacity 21138K, committed 21296K, reserved 1069056K
  class space    used 2641K, capacity 2678K, committed 2688K, reserved 1048576K
Event: 3.859 GC heap after
Heap after GC invocations=5 (full 0):
 PSYoungGen      total 136192K, used 5104K [0x00000000d6600000, 0x00000000e8300000, 0x0000000100000000)
  eden space 131072K, 0% used [0x00000000d6600000,0x00000000d6600000,0x00000000de600000)
  from space 5120K, 99% used [0x00000000de600000,0x00000000deafc188,0x00000000deb00000)
  to   space 14848K, 0% used [0x00000000e7480000,0x00000000e7480000,0x00000000e8300000)
 ParOldGen       total 86016K, used 21063K [0x0000000083200000, 0x0000000088600000, 0x00000000d6600000)
  object space 86016K, 24% used [0x0000000083200000,0x0000000084691d70,0x0000000088600000)
 Metaspace       used 20971K, capacity 21138K, committed 21296K, reserved 1069056K
  class space    used 2641K, capacity 2678K, committed 2688K, reserved 1048576K
}
Event: 3.862 GC heap before
{Heap before GC invocations=6 (full 1):
 PSYoungGen      total 136192K, used 5104K [0x00000000d6600000, 0x00000000e8300000, 0x0000000100000000)
  eden space 131072K, 0% used [0x00000000d6600000,0x00000000d6600000,0x00000000de600000)
  from space 5120K, 99% used [0x00000000de600000,0x00000000deafc188,0x00000000deb00000)
  to   space 14848K, 0% used [0x00000000e7480000,0x00000000e7480000,0x00000000e8300000)
 ParOldGen       total 86016K, used 21063K [0x0000000083200000, 0x0000000088600000, 0x00000000d6600000)
  object space 86016K, 24% used [0x0000000083200000,0x0000000084691d70,0x0000000088600000)
 Metaspace       used 20971K, capacity 21138K, committed 21296K, reserved 1069056K
  class space    used 2641K, capacity 2678K, committed 2688K, reserved 1048576K
Event: 3.945 GC heap after
Heap after GC invocations=6 (full 1):
 PSYoungGen      total 136192K, used 0K [0x00000000d6600000, 0x00000000e8300000, 0x0000000100000000)
  eden space 131072K, 0% used [0x00000000d6600000,0x00000000d6600000,0x00000000de600000)
  from space 5120K, 0% used [0x00000000de600000,0x00000000de600000,0x00000000deb00000)
  to   space 14848K, 0% used [0x00000000e7480000,0x00000000e7480000,0x00000000e8300000)
 ParOldGen       total 62976K, used 15257K [0x0000000083200000, 0x0000000086f80000, 0x00000000d6600000)
  object space 62976K, 24% used [0x0000000083200000,0x00000000840e66a0,0x0000000086f80000)
 Metaspace       used 20971K, capacity 21138K, committed 21296K, reserved 1069056K
  class space    used 2641K, capacity 2678K, committed 2688K, reserved 1048576K
}
Event: 5.753 GC heap before
{Heap before GC invocations=7 (full 1):
 PSYoungGen      total 136192K, used 131072K [0x00000000d6600000, 0x00000000e8300000, 0x0000000100000000)
  eden space 131072K, 100% used [0x00000000d6600000,0x00000000de600000,0x00000000de600000)
  from space 5120K, 0% used [0x00000000de600000,0x00000000de600000,0x00000000deb00000)
  to   space 14848K, 0% used [0x00000000e7480000,0x00000000e7480000,0x00000000e8300000)
 ParOldGen       total 62976K, used 15257K [0x0000000083200000, 0x0000000086f80000, 0x00000000d6600000)
  object space 62976K, 24% used [0x0000000083200000,0x00000000840e66a0,0x0000000086f80000)
 Metaspace       used 27423K, capacity 27684K, committed 27904K, reserved 1073152K
  class space    used 3438K, capacity 3497K, committed 3584K, reserved 1048576K
Event: 5.770 GC heap after
Heap after GC invocations=7 (full 1):
 PSYoungGen      total 242176K, used 9087K [0x00000000d6600000, 0x00000000e7d80000, 0x0000000100000000)
  eden space 232960K, 0% used [0x00000000d6600000,0x00000000d6600000,0x00000000e4980000)
  from space 9216K, 98% used [0x00000000e7480000,0x00000000e7d5fd30,0x00000000e7d80000)
  to   space 13824K, 0% used [0x00000000e6280000,0x00000000e6280000,0x00000000e7000000)
 ParOldGen       total 62976K, used 15265K [0x0000000083200000, 0x0000000086f80000, 0x00000000d6600000)
  object space 62976K, 24% used [0x0000000083200000,0x00000000840e86a0,0x0000000086f80000)
 Metaspace       used 27423K, capacity 27684K, committed 27904K, reserved 1073152K
  class space    used 3438K, capacity 3497K, committed 3584K, reserved 1048576K
}
Event: 7.165 GC heap before
{Heap before GC invocations=8 (full 1):
 PSYoungGen      total 242176K, used 81761K [0x00000000d6600000, 0x00000000e7d80000, 0x0000000100000000)
  eden space 232960K, 31% used [0x00000000d6600000,0x00000000dacf8940,0x00000000e4980000)
  from space 9216K, 98% used [0x00000000e7480000,0x00000000e7d5fd30,0x00000000e7d80000)
  to   space 13824K, 0% used [0x00000000e6280000,0x00000000e6280000,0x00000000e7000000)
 ParOldGen       total 62976K, used 15265K [0x0000000083200000, 0x0000000086f80000, 0x00000000d6600000)
  object space 62976K, 24% used [0x0000000083200000,0x00000000840e86a0,0x0000000086f80000)
 Metaspace       used 35020K, capacity 35276K, committed 35456K, reserved 1079296K
  class space    used 4522K, capacity 4617K, committed 4736K, reserved 1048576K

Deoptimization events (10 events):
Event: 5.202 Thread 0x00007f826400a000 Uncommon trap: reason=predicate action=maybe_recompile pc=0x00007f8255066410 method=java.util.AbstractCollection.toArray([Ljava/lang/Object;)[Ljava/lang/Object; @ 49
Event: 5.241 Thread 0x00007f826400a000 Uncommon trap: reason=unstable_if action=reinterpret pc=0x00007f8255065a2c method=org.hibernate.validator.internal.util.ExecutableHelper.overrides(Ljava/lang/reflect/Method;Ljava/lang/reflect/Method;)Z @ 33
Event: 5.247 Thread 0x00007f826400a000 Uncommon trap: reason=array_check action=maybe_recompile pc=0x00007f82550813d8 method=java.util.AbstractCollection.toArray([Ljava/lang/Object;)[Ljava/lang/Object; @ 119
Event: 5.252 Thread 0x00007f826400a000 Uncommon trap: reason=array_check action=maybe_recompile pc=0x00007f82550813d8 method=java.util.AbstractCollection.toArray([Ljava/lang/Object;)[Ljava/lang/Object; @ 119
Event: 5.252 Thread 0x00007f826400a000 Uncommon trap: reason=array_check action=maybe_recompile pc=0x00007f82550813d8 method=java.util.AbstractCollection.toArray([Ljava/lang/Object;)[Ljava/lang/Object; @ 119
Event: 5.254 Thread 0x00007f826400a000 Uncommon trap: reason=array_check action=maybe_recompile pc=0x00007f82550813d8 method=java.util.AbstractCollection.toArray([Ljava/lang/Object;)[Ljava/lang/Object; @ 119
Event: 5.397 Thread 0x00007f826400a000 Uncommon trap: reason=predicate action=maybe_recompile pc=0x00007f8254b53b44 method=java.lang.String.regionMatches(ZILjava/lang/String;II)Z @ 63
Event: 6.243 Thread 0x00007f826400a000 Uncommon trap: reason=unstable_if action=reinterpret pc=0x00007f82550825d4 method=java.util.ArrayList.toArray([Ljava/lang/Object;)[Ljava/lang/Object; @ 48
Event: 6.350 Thread 0x00007f826400a000 Uncommon trap: reason=unstable_if action=reinterpret pc=0x00007f8254ff5f40 method=java.lang.ClassLoader.getClassLoadingLock(Ljava/lang/String;)Ljava/lang/Object; @ 6
Event: 6.832 Thread 0x00007f826400a000 Uncommon trap: reason=unstable_if action=reinterpret pc=0x00007f82551125dc method=java.net.URLClassLoader.getAndVerifyPackage(Ljava/lang/String;Ljava/util/jar/Manifest;Ljava/net/URL;)Ljava/lang/Package; @ 62

Internal exceptions (10 events):
Event: 5.400 Thread 0x00007f826400a000 Exception <a 'java/lang/ClassNotFoundException': org/springframework/orm/jpa/vendor/AbstractJpaVendorAdapterCustomizer> (0x00000000dd7451c8) thrown at [/HUDSON3/workspace/8-2-build-linux-amd64/jdk8u144/9417/hotspot/src/share/vm/classfile/systemDictionary.
Event: 5.401 Thread 0x00007f826400a000 Exception <a 'java/lang/ClassNotFoundException': org/springframework/orm/jpa/vendor/HibernateJpaVendorAdapterCustomizer> (0x00000000dd76fd78) thrown at [/HUDSON3/workspace/8-2-build-linux-amd64/jdk8u144/9417/hotspot/src/share/vm/classfile/systemDictionary
Event: 5.404 Thread 0x00007f826400a000 Exception <a 'java/lang/ClassNotFoundException': java/lang/ObjectCustomizer> (0x00000000dd7c71b8) thrown at [/HUDSON3/workspace/8-2-build-linux-amd64/jdk8u144/9417/hotspot/src/share/vm/classfile/systemDictionary.cpp, line 210]
Event: 5.405 Thread 0x00007f826400a000 Exception <a 'java/lang/ClassNotFoundException': org/springframework/boot/orm/jpa/EntityManagerFactoryBuilderCustomizer> (0x00000000dd7e7ac0) thrown at [/HUDSON3/workspace/8-2-build-linux-amd64/jdk8u144/9417/hotspot/src/share/vm/classfile/systemDictionary
Event: 5.842 Thread 0x00007f826400a000 Exception <a 'java/lang/ClassNotFoundException': java/lang/ObjectCustomizer> (0x00000000d67a74d0) thrown at [/HUDSON3/workspace/8-2-build-linux-amd64/jdk8u144/9417/hotspot/src/share/vm/classfile/systemDictionary.cpp, line 210]
Event: 5.842 Thread 0x00007f826400a000 Exception <a 'java/lang/ClassNotFoundException': org/springframework/orm/jpa/AbstractEntityManagerFactoryBeanCustomizer> (0x00000000d67c75a0) thrown at [/HUDSON3/workspace/8-2-build-linux-amd64/jdk8u144/9417/hotspot/src/share/vm/classfile/systemDictionary
Event: 5.843 Thread 0x00007f826400a000 Exception <a 'java/lang/ClassNotFoundException': org/springframework/orm/jpa/LocalContainerEntityManagerFactoryBeanCustomizer> (0x00000000d6810ba8) thrown at [/HUDSON3/workspace/8-2-build-linux-amd64/jdk8u144/9417/hotspot/src/share/vm/classfile/systemDict
Event: 6.242 Thread 0x00007f826400a000 Exception <a 'java/lang/NoSuchFieldError': method resolution failed> (0x00000000d7737030) thrown at [/HUDSON3/workspace/8-2-build-linux-amd64/jdk8u144/9417/hotspot/src/share/vm/prims/methodHandles.cpp, line 1146]
Event: 6.244 Thread 0x00007f826400a000 Exception <a 'java/lang/NoSuchFieldError': method resolution failed> (0x00000000d7744ac0) thrown at [/HUDSON3/workspace/8-2-build-linux-amd64/jdk8u144/9417/hotspot/src/share/vm/prims/methodHandles.cpp, line 1146]
Event: 6.550 Thread 0x00007f826400a000 Exception <a 'java/lang/NullPointerException'> (0x00000000d8bb23d8) thrown at [/HUDSON3/workspace/8-2-build-linux-amd64/jdk8u144/9417/hotspot/src/share/vm/runtime/reflection.cpp, line 922]

Events (10 events):
Event: 7.163 loading class org/hibernate/engine/spi/IdentifierValue$2 done
Event: 7.164 loading class org/hibernate/engine/spi/IdentifierValue$3
Event: 7.164 loading class org/hibernate/engine/spi/IdentifierValue$3 done
Event: 7.164 loading class org/hibernate/engine/spi/IdentifierValue$4
Event: 7.164 loading class org/hibernate/engine/spi/IdentifierValue$4 done
Event: 7.164 loading class org/hibernate/tuple/IdentifierProperty
Event: 7.165 loading class org/hibernate/tuple/IdentifierProperty done
Event: 7.165 loading class org/hibernate/tuple/IdentifierAttribute
Event: 7.165 loading class org/hibernate/tuple/IdentifierAttribute done
Event: 7.165 Executing VM operation: CollectForMetadataAllocation


Dynamic libraries:
00400000-00401000 r-xp 00000000 08:01 409108                             /usr/lib/jvm/java-8-oracle/jre/bin/java
00600000-00601000 rw-p 00000000 08:01 409108                             /usr/lib/jvm/java-8-oracle/jre/bin/java
02204000-02225000 rw-p 00000000 00:00 0                                  [heap]
83200000-86f80000 rw-p 00000000 00:00 0 
86f80000-d6600000 ---p 00000000 00:00 0 
d6600000-e7d80000 rw-p 00000000 00:00 0 
f0d80000-100000000 ---p 00000000 00:00 0 
100000000-1004a0000 rw-p 00000000 00:00 0 
1004a0000-140000000 ---p 00000000 00:00 0 
7f821fa00000-7f821fc00000 rw-p 00000000 00:00 0 
7f821fc00000-7f821fe00000 rw-p 00000000 00:00 0 
7f821fe00000-7f8220000000 rw-p 00000000 00:00 0 
7f8220000000-7f8220021000 rw-p 00000000 00:00 0 
7f8220021000-7f8224000000 ---p 00000000 00:00 0 
7f8224000000-7f822425c000 rw-p 00000000 00:00 0 
7f822425c000-7f8228000000 ---p 00000000 00:00 0 
7f8228000000-7f82292ef000 rw-p 00000000 00:00 0 
7f82292ef000-7f822c000000 ---p 00000000 00:00 0 
7f822c000000-7f822c021000 rw-p 00000000 00:00 0 
7f822c021000-7f8230000000 ---p 00000000 00:00 0 
7f8230000000-7f8230021000 rw-p 00000000 00:00 0 
7f8230021000-7f8234000000 ---p 00000000 00:00 0 
7f8234000000-7f82359e7000 rw-p 00000000 00:00 0 
7f82359e7000-7f8238000000 ---p 00000000 00:00 0 
7f8238000000-7f8238021000 rw-p 00000000 00:00 0 
7f8238021000-7f823c000000 ---p 00000000 00:00 0 
7f823c000000-7f823c021000 rw-p 00000000 00:00 0 
7f823c021000-7f8240000000 ---p 00000000 00:00 0 
7f8240000000-7f8240021000 rw-p 00000000 00:00 0 
7f8240021000-7f8244000000 ---p 00000000 00:00 0 
7f8244000000-7f824428e000 rw-p 00000000 00:00 0 
7f824428e000-7f8248000000 ---p 00000000 00:00 0 
7f8248000000-7f8248026000 rw-p 00000000 00:00 0 
7f8248026000-7f824c000000 ---p 00000000 00:00 0 
7f824c0bc000-7f824c2bc000 rw-p 00000000 00:00 0 
7f824c377000-7f824c577000 rw-p 00000000 00:00 0 
7f824c577000-7f824c58a000 r--s 00345000 08:01 409126                     /usr/lib/jvm/java-8-oracle/jre/lib/resources.jar
7f824c58a000-7f824c78a000 rw-p 00000000 00:00 0 
7f824c78a000-7f824c81f000 r--s 01110000 08:01 409352                     /usr/lib/jvm/java-8-oracle/jre/lib/ext/jfxrt.jar
7f824c81f000-7f824ca1f000 rw-p 00000000 00:00 0 
7f824ca1f000-7f824ca30000 r-xp 00000000 08:01 409176                     /usr/lib/jvm/java-8-oracle/jre/lib/amd64/libnio.so
7f824ca30000-7f824cc2f000 ---p 00011000 08:01 409176                     /usr/lib/jvm/java-8-oracle/jre/lib/amd64/libnio.so
7f824cc2f000-7f824cc30000 rw-p 00010000 08:01 409176                     /usr/lib/jvm/java-8-oracle/jre/lib/amd64/libnio.so
7f824cc30000-7f824ce30000 rw-p 00000000 00:00 0 
7f824ce30000-7f824d030000 rw-p 00000000 00:00 0 
7f824d030000-7f824d033000 r-xp 00000000 08:01 59291                      /lib/x86_64-linux-gnu/libnss_myhostname.so.2
7f824d033000-7f824d232000 ---p 00003000 08:01 59291                      /lib/x86_64-linux-gnu/libnss_myhostname.so.2
7f824d232000-7f824d233000 r--p 00002000 08:01 59291                      /lib/x86_64-linux-gnu/libnss_myhostname.so.2
7f824d233000-7f824d234000 rw-p 00003000 08:01 59291                      /lib/x86_64-linux-gnu/libnss_myhostname.so.2
7f824d23f000-7f824d240000 rw-p 00000000 00:00 0 
7f824d240000-7f824d256000 r-xp 00000000 08:01 409195                     /usr/lib/jvm/java-8-oracle/jre/lib/amd64/libnet.so
7f824d256000-7f824d456000 ---p 00016000 08:01 409195                     /usr/lib/jvm/java-8-oracle/jre/lib/amd64/libnet.so
7f824d456000-7f824d457000 rw-p 00016000 08:01 409195                     /usr/lib/jvm/java-8-oracle/jre/lib/amd64/libnet.so
7f824d457000-7f824d460000 r-xp 00000000 08:01 409227                     /usr/lib/jvm/java-8-oracle/jre/lib/amd64/libmanagement.so
7f824d460000-7f824d65f000 ---p 00009000 08:01 409227                     /usr/lib/jvm/java-8-oracle/jre/lib/amd64/libmanagement.so
7f824d65f000-7f824d660000 rw-p 00008000 08:01 409227                     /usr/lib/jvm/java-8-oracle/jre/lib/amd64/libmanagement.so
7f824d660000-7f824d860000 rw-p 00000000 00:00 0 
7f824d860000-7f824da60000 rw-p 00000000 00:00 0 
7f824da60000-7f824da65000 r--s 002f9000 08:01 409391                     /usr/lib/jvm/java-8-oracle/jre/lib/charsets.jar
7f824da65000-7f824da68000 ---p 00000000 00:00 0 
7f824da68000-7f824db66000 rw-p 00000000 00:00 0                          [stack:28713]
7f824db66000-7f824db68000 r--s 0000f000 08:01 1191933                    /home/vagrant/.m2/repository/org/apache/maven/surefire/surefire-junit4/2.18.1/surefire-junit4-2.18.1.jar
7f824db68000-7f824db7e000 r--s 000fe000 08:01 1836482                    /home/vagrant/.m2/repository/org/assertj/assertj-core/3.6.2/assertj-core-3.6.2.jar
7f824db7e000-7f824db8c000 r--s 0007c000 08:01 1717947                    /home/vagrant/.m2/repository/org/springframework/spring-test/4.2.2.RELEASE/spring-test-4.2.2.RELEASE.jar
7f824db8c000-7f824dba1000 r--s 000f2000 08:01 1451299                    /home/vagrant/.m2/repository/org/springframework/spring-core/4.2.3.RELEASE/spring-core-4.2.3.RELEASE.jar
7f824dba1000-7f824dba2000 r--s 0000c000 08:01 1451922                    /home/vagrant/.m2/repository/org/hamcrest/hamcrest-library/1.3/hamcrest-library-1.3.jar
7f824dba2000-7f824dba4000 r--s 00009000 08:01 1450936                    /home/vagrant/.m2/repository/org/hamcrest/hamcrest-core/1.3/hamcrest-core-1.3.jar
7f824dba4000-7f824dba6000 r--s 00009000 08:01 1706346                    /home/vagrant/.m2/repository/org/objenesis/objenesis/2.1/objenesis-2.1.jar
7f824dba6000-7f824dbc2000 r--s 00103000 08:01 1706344                    /home/vagrant/.m2/repository/org/mockito/mockito-core/1.10.19/mockito-core-1.10.19.jar
7f824dbc2000-7f824dbca000 r--s 00045000 08:01 1450934                    /home/vagrant/.m2/repository/junit/junit/4.12/junit-4.12.jar
7f824dbca000-7f824dbcb000 r--s 00000000 08:01 1835900                    /home/vagrant/.m2/repository/org/springframework/boot/spring-boot-starter-test/1.3.0.RELEASE/spring-boot-starter-test-1.3.0.RELEASE.jar
7f824dbcb000-7f824dbe0000 r--s 00145000 08:01 1573319                    /home/vagrant/.m2/repository/org/projectlombok/lombok/1.16.12/lombok-1.16.12.jar
7f824dbe0000-7f824dbee000 r--s 00194000 08:01 1573050                    /home/vagrant/.m2/repository/com/h2database/h2/1.4.190/h2-1.4.190.jar
7f824dbee000-7f824dbf1000 r--s 00009000 08:01 1451272                    /home/vagrant/.m2/repository/com/fasterxml/jackson/core/jackson-annotations/2.6.3/jackson-annotations-2.6.3.jar
7f824dbf1000-7f824dbf2000 r--s 00000000 08:01 1451531                    /home/vagrant/.m2/repository/org/springframework/boot/spring-boot-starter-data-rest/1.3.0.RELEASE/spring-boot-starter-data-rest-1.3.0.RELEASE.jar
7f824dbf2000-7f824dbf4000 r--s 00003000 08:01 1190391                    /home/vagrant/.m2/repository/org/slf4j/jcl-over-slf4j/1.7.13/jcl-over-slf4j-1.7.13.jar
7f824dbf4000-7f824dbf6000 r--s 00007000 08:01 1058013                    /home/vagrant/.m2/repository/org/slf4j/slf4j-api/1.7.13/slf4j-api-1.7.13.jar
7f824dbf6000-7f824dbf8000 r--s 00006000 08:01 1057790                    /home/vagrant/.m2/repository/com/google/code/findbugs/jsr305/2.0.1/jsr305-2.0.1.jar
7f824dbf8000-7f824dc23000 r--s 001fc000 08:01 1450965                    /home/vagrant/.m2/repository/com/google/guava/guava/18.0/guava-18.0.jar
7f824dc23000-7f824dc24000 r--s 00002000 08:01 1058104                    /home/vagrant/.m2/repository/com/github/fge/btf/1.2/btf-1.2.jar
7f824dc24000-7f824dc26000 r--s 00008000 08:01 1058101                    /home/vagrant/.m2/repository/com/github/fge/msg-simple/1.1/msg-simple-1.1.jar
7f824dc26000-7f824dc28000 r--s 00006000 08:01 1058099                    /home/vagrant/.m2/repository/com/github/fge/jackson-coreutils/1.6/jackson-coreutils-1.6.jar
7f824dc28000-7f824dc2a000 r--s 00009000 08:01 1058097                    /home/vagrant/.m2/repository/com/github/fge/json-patch/1.7/json-patch-1.7.jar
7f824dc2a000-7f824dc2c000 r--s 00002000 08:01 806615                     /home/vagrant/.m2/repository/org/atteo/evo-inflector/1.2.1/evo-inflector-1.2.1.jar
7f824dc2c000-7f824dc2d000 r--s 00004000 08:01 1451539                    /home/vagrant/.m2/repository/org/springframework/plugin/spring-plugin-core/1.2.0.RELEASE/spring-plugin-core-1.2.0.RELEASE.jar
7f824dc2d000-7f824dc32000 r--s 00027000 08:01 1451537                    /home/vagrant/.m2/repository/org/springframework/hateoas/spring-hateoas/0.19.0.RELEASE/spring-hateoas-0.19.0.RELEASE.jar
7f824dc32000-7f824dc36000 r--s 00017000 08:01 1586389                    /home/vagrant/.m2/repository/org/springframework/data/spring-data-rest-core/2.4.0.RELEASE/spring-data-rest-core-2.4.0.RELEASE.jar
7f824dc36000-7f824dc3b000 r--s 00033000 08:01 1452423                    /home/vagrant/.m2/repository/org/springframework/data/spring-data-rest-webmvc/2.4.0.RELEASE/spring-data-rest-webmvc-2.4.0.RELEASE.jar
7f824dc3b000-7f824dc3d000 r--s 00058000 08:01 1837067                    /home/vagrant/.m2/repository/org/springframework/data/spring-data-rest-hal-browser/2.4.0.RELEASE/spring-data-rest-hal-browser-2.4.0.RELEASE.jar
7f824dc3d000-7f824dc40000 r--s 0000c000 08:01 1837063                    /home/vagrant/.m2/repository/org/springframework/spring-aspects/4.2.2.RELEASE/spring-aspects-4.2.2.RELEASE.jar
7f824dc40000-7f824dc47000 r--s 0003a000 08:01 1717952                    /home/vagrant/.m2/repository/org/springframework/spring-tx/4.2.2.RELEASE/spring-tx-4.2.2.RELEASE.jar
7f824dc47000-7f824dc51000 r--s 00068000 08:01 1837061                    /home/vagrant/.m2/repository/org/springframework/spring-orm/4.2.2.RELEASE/spring-orm-4.2.2.RELEASE.jar
7f824dc51000-7f824dc61000 r--s 0008c000 08:01 1837060                    /home/vagrant/.m2/repository/org/springframework/data/spring-data-commons/1.11.0.RELEASE/spring-data-commons-1.11.0.RELEASE.jar
7f824dc61000-7f824dc68000 r--s 00038000 08:01 1586387                    /home/vagrant/.m2/repository/org/springframework/data/spring-data-jpa/1.9.0.RELEASE/spring-data-jpa-1.9.0.RELEASE.jar
7f824dc68000-7f824dc6a000 r--s 00006000 08:01 1573022                    /home/vagrant/.m2/repository/javax/transaction/javax.transaction-api/1.2/javax.transaction-api-1.2.jar
7f824dc6a000-7f824dc74000 r--s 000a5000 08:01 1573013                    /home/vagrant/.m2/repository/org/javassist/javassist/3.18.1-GA/javassist-3.18.1-GA.jar
7f824dc74000-7f824dc79000 r--s 00017000 08:01 1573007                    /home/vagrant/.m2/repository/org/hibernate/javax/persistence/hibernate-jpa-2.1-api/1.0.0.Final/hibernate-jpa-2.1-api-1.0.0.Final.jar
7f824dc79000-7f824dc7c000 r--s 00010000 08:01 1573015                    /home/vagrant/.m2/repository/org/hibernate/common/hibernate-commons-annotations/4.0.5.Final/hibernate-commons-annotations-4.0.5.Final.jar
7f824dc7c000-7f824dc81000 r--s 00016000 08:01 1451311                    /home/vagrant/.m2/repository/xml-apis/xml-apis/1.0.b2/xml-apis-1.0.b2.jar
7f824dc81000-7f824dc86000 r--s 00048000 08:01 1451307                    /home/vagrant/.m2/repository/dom4j/dom4j/1.6.1/dom4j-1.6.1.jar
7f824dc86000-7f824dc88000 r--s 00011000 08:01 1573008                    /home/vagrant/.m2/repository/org/jboss/jandex/1.1.0.Final/jandex-1.1.0.Final.jar
7f824dc88000-7f824dc8d000 r--s 00068000 08:01 1451302                    /home/vagrant/.m2/repository/antlr/antlr/2.7.7/antlr-2.7.7.jar
7f824dc8d000-7f824dceb000 r--s 004ac000 08:01 1573005                    /home/vagrant/.m2/repository/org/hibernate/hibernate-core/4.3.11.Final/hibernate-core-4.3.11.Final.jar
7f824dceb000-7f824dcec000 r--s 00002000 08:01 1573019                    /home/vagrant/.m2/repository/org/jboss/logging/jboss-logging-annotations/1.2.0.Beta1/jboss-logging-annotations-1.2.0.Beta1.jar
7f824dcec000-7f824dcee000 r--s 0000f000 08:01 1450148                    /home/vagrant/.m2/repository/org/jboss/logging/jboss-logging/3.3.0.Final/jboss-logging-3.3.0.Final.jar
7f824dcee000-7f824dcfc000 r--s 00091000 08:01 1573001                    /home/vagrant/.m2/repository/org/hibernate/hibernate-entitymanager/4.3.11.Final/hibernate-entitymanager-4.3.11.Final.jar
7f824dcfc000-7f824dd06000 r--s 0005e000 08:01 1452419                    /home/vagrant/.m2/repository/org/springframework/spring-jdbc/4.2.2.RELEASE/spring-jdbc-4.2.2.RELEASE.jar
7f824dd06000-7f824dd07000 r--s 00009000 08:01 1058011                    /home/vagrant/.m2/repository/org/apache/tomcat/tomcat-juli/8.0.28/tomcat-juli-8.0.28.jar
7f824dd07000-7f824dd0a000 r--s 0001f000 08:01 806469                     /home/vagrant/.m2/repository/org/apache/tomcat/tomcat-jdbc/8.0.28/tomcat-jdbc-8.0.28.jar
7f824dd0a000-7f824dd0b000 r--s 00000000 08:01 1572995                    /home/vagrant/.m2/repository/org/springframework/boot/spring-boot-starter-jdbc/1.3.0.RELEASE/spring-boot-starter-jdbc-1.3.0.RELEASE.jar
7f824dd0b000-7f824dd24000 r--s 001af000 08:01 1573025                    /home/vagrant/.m2/repository/org/aspectj/aspectjweaver/1.8.7/aspectjweaver-1.8.7.jar
7f824dd24000-7f824dd25000 r--s 00000000 08:01 1572992                    /home/vagrant/.m2/repository/org/springframework/boot/spring-boot-starter-aop/1.3.0.RELEASE/spring-boot-starter-aop-1.3.0.RELEASE.jar
7f824dd25000-7f824dd2a000 r--s 0003c000 08:01 1452097                    /home/vagrant/.m2/repository/org/springframework/spring-expression/4.2.2.RELEASE/spring-expression-4.2.2.RELEASE.jar
7f824dd2a000-7f824dd3b000 r--s 000c5000 08:01 1452106                    /home/vagrant/.m2/repository/org/springframework/spring-webmvc/4.2.2.RELEASE/spring-webmvc-4.2.2.RELEASE.jar
7f824dd3b000-7f824dd54000 r--s 000f1000 08:01 1452108                    /home/vagrant/.m2/repository/org/springframework/spring-context/4.2.2.RELEASE/spring-context-4.2.2.RELEASE.jar
7f824dd54000-7f824dd62000 r--s 000a5000 08:01 1452104                    /home/vagrant/.m2/repository/org/springframework/spring-beans/4.2.2.RELEASE/spring-beans-4.2.2.RELEASE.jar
7f824dd62000-7f824dd64000 r--s 00000000 08:01 1450916                    /home/vagrant/.m2/repository/aopalliance/aopalliance/1.0/aopalliance-1.0.jar
7f824dd64000-7f824dd6d000 r--s 00051000 08:01 1452101                    /home/vagrant/.m2/repository/org/springframework/spring-aop/4.2.2.RELEASE/spring-aop-4.2.2.RELEASE.jar
7f824dd6d000-7f824dd7e000 r--s 000ab000 08:01 1452098                    /home/vagrant/.m2/repository/org/springframework/spring-web/4.2.2.RELEASE/spring-web-4.2.2.RELEASE.jar
7f824dd7e000-7f824dd82000 r--s 0003c000 08:01 1451297                    /home/vagrant/.m2/repository/com/fasterxml/jackson/core/jackson-core/2.6.3/jackson-core-2.6.3.jar
7f824dd82000-7f824dd93000 r--s 0010d000 08:01 1317569                    /home/vagrant/.m2/repository/com/fasterxml/jackson/core/jackson-databind/2.6.3/jackson-databind-2.6.3.jar
7f824dd93000-7f824dd95000 r--s 0000e000 08:01 1317567                    /home/vagrant/.m2/repository/com/fasterxml/classmate/1.1.0/classmate-1.1.0.jar
7f824dd95000-7f824dda6000 r--s 0009a000 08:01 1451296                    /home/vagrant/.m2/repository/org/hibernate/hibernate-validator/5.2.2.Final/hibernate-validator-5.2.2.Final.jar
7f824dda6000-7f824dda7000 ---p 00000000 00:00 0 
7f824dda7000-7f824dea7000 rw-p 00000000 00:00 0                          [stack:28711]
7f824dea7000-7f824deaa000 ---p 00000000 00:00 0 
7f824deaa000-7f824dfa8000 rw-p 00000000 00:00 0                          [stack:28710]
7f824dfa8000-7f824dfab000 ---p 00000000 00:00 0 
7f824dfab000-7f824e0a9000 rw-p 00000000 00:00 0                          [stack:28709]
7f824e0a9000-7f824e0ac000 ---p 00000000 00:00 0 
7f824e0ac000-7f824e1aa000 rw-p 00000000 00:00 0                          [stack:28708]
7f824e1aa000-7f824e1ad000 ---p 00000000 00:00 0 
7f824e1ad000-7f824e2ab000 rw-p 00000000 00:00 0                          [stack:28707]
7f824e2ab000-7f824e434000 r--p 00000000 08:01 27112                      /usr/lib/locale/locale-archive
7f824e434000-7f824e437000 ---p 00000000 00:00 0 
7f824e437000-7f824e535000 rw-p 00000000 00:00 0                          [stack:28706]
7f824e535000-7f824e538000 ---p 00000000 00:00 0 
7f824e538000-7f824e636000 rw-p 00000000 00:00 0                          [stack:28705]
7f824e636000-7f824e637000 ---p 00000000 00:00 0 
7f824e637000-7f824f040000 rw-p 00000000 00:00 0                          [stack:28704]
7f824f040000-7f824f21a000 r--s 03d4d000 08:01 409330                     /usr/lib/jvm/java-8-oracle/jre/lib/rt.jar
7f824f21a000-7f8253c71000 rw-p 00000000 00:00 0 
7f8253c71000-7f8253c72000 ---p 00000000 00:00 0 
7f8253c72000-7f8253d91000 rw-p 00000000 00:00 0                          [stack:28703]
7f8253d91000-7f825400c000 ---p 00000000 00:00 0 
7f825400c000-7f825402b000 rw-p 00000000 00:00 0 
7f825402b000-7f82542a6000 ---p 00000000 00:00 0 
7f82542a6000-7f8254332000 rw-p 00000000 00:00 0 
7f8254332000-7f82543f3000 ---p 00000000 00:00 0 
7f82543f3000-7f825441b000 rw-p 00000000 00:00 0 
7f825441b000-7f82547b4000 ---p 00000000 00:00 0 
7f82547b4000-7f8255164000 rwxp 00000000 00:00 0 
7f8255164000-7f82637b4000 ---p 00000000 00:00 0 
7f82637b4000-7f82637ce000 r-xp 00000000 08:01 409202                     /usr/lib/jvm/java-8-oracle/jre/lib/amd64/libzip.so
7f82637ce000-7f82639ce000 ---p 0001a000 08:01 409202                     /usr/lib/jvm/java-8-oracle/jre/lib/amd64/libzip.so
7f82639ce000-7f82639cf000 rw-p 0001a000 08:01 409202                     /usr/lib/jvm/java-8-oracle/jre/lib/amd64/libzip.so
7f82639cf000-7f82639d9000 r-xp 00000000 08:01 3144                       /lib/x86_64-linux-gnu/libnss_files-2.19.so
7f82639d9000-7f8263bd8000 ---p 0000a000 08:01 3144                       /lib/x86_64-linux-gnu/libnss_files-2.19.so
7f8263bd8000-7f8263bd9000 r--p 00009000 08:01 3144                       /lib/x86_64-linux-gnu/libnss_files-2.19.so
7f8263bd9000-7f8263bda000 rw-p 0000a000 08:01 3144                       /lib/x86_64-linux-gnu/libnss_files-2.19.so
7f8263bda000-7f8263be5000 r-xp 00000000 08:01 3036                       /lib/x86_64-linux-gnu/libnss_nis-2.19.so
7f8263be5000-7f8263de4000 ---p 0000b000 08:01 3036                       /lib/x86_64-linux-gnu/libnss_nis-2.19.so
7f8263de4000-7f8263de5000 r--p 0000a000 08:01 3036                       /lib/x86_64-linux-gnu/libnss_nis-2.19.so
7f8263de5000-7f8263de6000 rw-p 0000b000 08:01 3036                       /lib/x86_64-linux-gnu/libnss_nis-2.19.so
7f8263de6000-7f8263dfd000 r-xp 00000000 08:01 2993                       /lib/x86_64-linux-gnu/libnsl-2.19.so
7f8263dfd000-7f8263ffc000 ---p 00017000 08:01 2993                       /lib/x86_64-linux-gnu/libnsl-2.19.so
7f8263ffc000-7f8263ffd000 r--p 00016000 08:01 2993                       /lib/x86_64-linux-gnu/libnsl-2.19.so
7f8263ffd000-7f8263ffe000 rw-p 00017000 08:01 2993                       /lib/x86_64-linux-gnu/libnsl-2.19.so
7f8263ffe000-7f8264000000 rw-p 00000000 00:00 0 
7f8264000000-7f826544a000 rw-p 00000000 00:00 0 
7f826544a000-7f8268000000 ---p 00000000 00:00 0 
7f8268000000-7f8268001000 r--s 00000000 08:01 1572989                    /home/vagrant/.m2/repository/org/springframework/boot/spring-boot-starter-data-jpa/1.3.0.RELEASE/spring-boot-starter-data-jpa-1.3.0.RELEASE.jar
7f8268001000-7f8268005000 r--s 0000c000 08:01 1450141                    /home/vagrant/.m2/repository/javax/validation/validation-api/1.1.0.Final/validation-api-1.1.0.Final.jar
7f8268005000-7f8268006000 r--s 00000000 08:01 1451275                    /home/vagrant/.m2/repository/org/springframework/boot/spring-boot-starter-validation/1.3.0.RELEASE/spring-boot-starter-validation-1.3.0.RELEASE.jar
7f8268006000-7f826800c000 r--s 00036000 08:01 1317565                    /home/vagrant/.m2/repository/org/apache/tomcat/embed/tomcat-embed-websocket/8.0.28/tomcat-embed-websocket-8.0.28.jar
7f826800c000-7f826800d000 r--s 00009000 08:01 927836                     /home/vagrant/.m2/repository/org/apache/tomcat/embed/tomcat-embed-logging-juli/8.0.28/tomcat-embed-logging-juli-8.0.28.jar
7f826800d000-7f8268012000 r--s 00036000 08:01 806471                     /home/vagrant/.m2/repository/org/apache/tomcat/embed/tomcat-embed-el/8.0.28/tomcat-embed-el-8.0.28.jar
7f8268012000-7f8268037000 r--s 0028c000 08:01 806467                     /home/vagrant/.m2/repository/org/apache/tomcat/embed/tomcat-embed-core/8.0.28/tomcat-embed-core-8.0.28.jar
7f8268037000-7f826803d000 r--s 0003c000 08:01 1451284                    /home/vagrant/.m2/repository/org/yaml/snakeyaml/1.16/snakeyaml-1.16.jar
7f826803d000-7f8268048000 r--s 00065000 08:01 1451287                    /home/vagrant/.m2/repository/ch/qos/logback/logback-core/1.1.3/logback-core-1.1.3.jar
7f8268048000-7f826804e000 r--s 0003f000 08:01 1451283                    /home/vagrant/.m2/repository/ch/qos/logback/logback-classic/1.1.3/logback-classic-1.1.3.jar
7f826804e000-7f8268065000 r--s 0009e000 08:01 1451270                    /home/vagrant/.m2/repository/org/springframework/boot/spring-boot-autoconfigure/1.3.0.RELEASE/spring-boot-autoconfigure-1.3.0.RELEASE.jar
7f8268065000-7f82680db000 rw-p 00000000 00:00 0 
7f82680db000-7f82680dc000 ---p 00000000 00:00 0 
7f82680dc000-7f82681dc000 rw-p 00000000 00:00 0                          [stack:28702]
7f82681dc000-7f82681e5000 r-xp 00000000 08:01 3004                       /lib/x86_64-linux-gnu/libnss_compat-2.19.so
7f82681e5000-7f82683e4000 ---p 00009000 08:01 3004                       /lib/x86_64-linux-gnu/libnss_compat-2.19.so
7f82683e4000-7f82683e5000 r--p 00008000 08:01 3004                       /lib/x86_64-linux-gnu/libnss_compat-2.19.so
7f82683e5000-7f82683e6000 rw-p 00009000 08:01 3004                       /lib/x86_64-linux-gnu/libnss_compat-2.19.so
7f82683e6000-7f8268411000 r-xp 00000000 08:01 409188                     /usr/lib/jvm/java-8-oracle/jre/lib/amd64/libjava.so
7f8268411000-7f8268610000 ---p 0002b000 08:01 409188                     /usr/lib/jvm/java-8-oracle/jre/lib/amd64/libjava.so
7f8268610000-7f8268612000 rw-p 0002a000 08:01 409188                     /usr/lib/jvm/java-8-oracle/jre/lib/amd64/libjava.so
7f8268612000-7f826861f000 r-xp 00000000 08:01 409228                     /usr/lib/jvm/java-8-oracle/jre/lib/amd64/libverify.so
7f826861f000-7f826881f000 ---p 0000d000 08:01 409228                     /usr/lib/jvm/java-8-oracle/jre/lib/amd64/libverify.so
7f826881f000-7f8268821000 rw-p 0000d000 08:01 409228                     /usr/lib/jvm/java-8-oracle/jre/lib/amd64/libverify.so
7f8268821000-7f8268828000 r-xp 00000000 08:01 2965                       /lib/x86_64-linux-gnu/librt-2.19.so
7f8268828000-7f8268a27000 ---p 00007000 08:01 2965                       /lib/x86_64-linux-gnu/librt-2.19.so
7f8268a27000-7f8268a28000 r--p 00006000 08:01 2965                       /lib/x86_64-linux-gnu/librt-2.19.so
7f8268a28000-7f8268a29000 rw-p 00007000 08:01 2965                       /lib/x86_64-linux-gnu/librt-2.19.so
7f8268a29000-7f8268b2e000 r-xp 00000000 08:01 3059                       /lib/x86_64-linux-gnu/libm-2.19.so
7f8268b2e000-7f8268d2d000 ---p 00105000 08:01 3059                       /lib/x86_64-linux-gnu/libm-2.19.so
7f8268d2d000-7f8268d2e000 r--p 00104000 08:01 3059                       /lib/x86_64-linux-gnu/libm-2.19.so
7f8268d2e000-7f8268d2f000 rw-p 00105000 08:01 3059                       /lib/x86_64-linux-gnu/libm-2.19.so
7f8268d2f000-7f8269a02000 r-xp 00000000 08:01 409186                     /usr/lib/jvm/java-8-oracle/jre/lib/amd64/server/libjvm.so
7f8269a02000-7f8269c01000 ---p 00cd3000 08:01 409186                     /usr/lib/jvm/java-8-oracle/jre/lib/amd64/server/libjvm.so
7f8269c01000-7f8269cdb000 rw-p 00cd2000 08:01 409186                     /usr/lib/jvm/java-8-oracle/jre/lib/amd64/server/libjvm.so
7f8269cdb000-7f8269d26000 rw-p 00000000 00:00 0 
7f8269d26000-7f8269ee4000 r-xp 00000000 08:01 3143                       /lib/x86_64-linux-gnu/libc-2.19.so
7f8269ee4000-7f826a0e4000 ---p 001be000 08:01 3143                       /lib/x86_64-linux-gnu/libc-2.19.so
7f826a0e4000-7f826a0e8000 r--p 001be000 08:01 3143                       /lib/x86_64-linux-gnu/libc-2.19.so
7f826a0e8000-7f826a0ea000 rw-p 001c2000 08:01 3143                       /lib/x86_64-linux-gnu/libc-2.19.so
7f826a0ea000-7f826a0ef000 rw-p 00000000 00:00 0 
7f826a0ef000-7f826a0f2000 r-xp 00000000 08:01 2994                       /lib/x86_64-linux-gnu/libdl-2.19.so
7f826a0f2000-7f826a2f1000 ---p 00003000 08:01 2994                       /lib/x86_64-linux-gnu/libdl-2.19.so
7f826a2f1000-7f826a2f2000 r--p 00002000 08:01 2994                       /lib/x86_64-linux-gnu/libdl-2.19.so
7f826a2f2000-7f826a2f3000 rw-p 00003000 08:01 2994                       /lib/x86_64-linux-gnu/libdl-2.19.so
7f826a2f3000-7f826a308000 r-xp 00000000 08:01 409192                     /usr/lib/jvm/java-8-oracle/jre/lib/amd64/jli/libjli.so
7f826a308000-7f826a508000 ---p 00015000 08:01 409192                     /usr/lib/jvm/java-8-oracle/jre/lib/amd64/jli/libjli.so
7f826a508000-7f826a509000 rw-p 00015000 08:01 409192                     /usr/lib/jvm/java-8-oracle/jre/lib/amd64/jli/libjli.so
7f826a509000-7f826a522000 r-xp 00000000 08:01 3039                       /lib/x86_64-linux-gnu/libpthread-2.19.so
7f826a522000-7f826a721000 ---p 00019000 08:01 3039                       /lib/x86_64-linux-gnu/libpthread-2.19.so
7f826a721000-7f826a722000 r--p 00018000 08:01 3039                       /lib/x86_64-linux-gnu/libpthread-2.19.so
7f826a722000-7f826a723000 rw-p 00019000 08:01 3039                       /lib/x86_64-linux-gnu/libpthread-2.19.so
7f826a723000-7f826a727000 rw-p 00000000 00:00 0 
7f826a727000-7f826a74a000 r-xp 00000000 08:01 2949                       /lib/x86_64-linux-gnu/ld-2.19.so
7f826a74a000-7f826a74b000 r--s 00000000 08:01 1451291                    /home/vagrant/.m2/repository/org/springframework/boot/spring-boot-starter-tomcat/1.3.0.RELEASE/spring-boot-starter-tomcat-1.3.0.RELEASE.jar
7f826a74b000-7f826a74c000 r--s 00005000 08:01 1190393                    /home/vagrant/.m2/repository/org/slf4j/log4j-over-slf4j/1.7.13/log4j-over-slf4j-1.7.13.jar
7f826a74c000-7f826a74e000 r--s 00000000 08:01 1190390                    /home/vagrant/.m2/repository/org/slf4j/jul-to-slf4j/1.7.13/jul-to-slf4j-1.7.13.jar
7f826a74e000-7f826a74f000 r--s 00000000 08:01 1451281                    /home/vagrant/.m2/repository/org/springframework/boot/spring-boot-starter-logging/1.3.0.RELEASE/spring-boot-starter-logging-1.3.0.RELEASE.jar
7f826a74f000-7f826a75c000 r--s 00076000 08:01 1451285                    /home/vagrant/.m2/repository/org/springframework/boot/spring-boot/1.3.0.RELEASE/spring-boot-1.3.0.RELEASE.jar
7f826a75c000-7f826a75d000 r--s 00000000 08:01 1451303                    /home/vagrant/.m2/repository/org/springframework/boot/spring-boot-starter/1.3.0.RELEASE/spring-boot-starter-1.3.0.RELEASE.jar
7f826a75d000-7f826a762000 r--s 00020000 08:01 1450461                    /home/vagrant/.m2/repository/org/apache/maven/surefire/surefire-api/2.18.1/surefire-api-2.18.1.jar
7f826a762000-7f826a764000 r--s 00008000 08:01 1450459                    /home/vagrant/.m2/repository/org/apache/maven/surefire/surefire-booter/2.18.1/surefire-booter-2.18.1.jar
7f826a764000-7f826a836000 rw-p 00000000 00:00 0 
7f826a836000-7f826a839000 ---p 00000000 00:00 0 
7f826a839000-7f826a93b000 rw-p 00000000 00:00 0                          [stack:28701]
7f826a93b000-7f826a93c000 r--s 00000000 08:01 1451269                    /home/vagrant/.m2/repository/org/springframework/boot/spring-boot-starter-web/1.3.0.RELEASE/spring-boot-starter-web-1.3.0.RELEASE.jar
7f826a93c000-7f826a93d000 r--s 00002000 08:01 809347                     /home/vagrant/workspace/spring-cloud-nike-running/running-location-service/target/surefire/surefirebooter6574618502036745911.jar
7f826a93d000-7f826a945000 rw-s 00000000 08:01 274614                     /tmp/hsperfdata_vagrant/28699
7f826a945000-7f826a946000 rw-p 00000000 00:00 0 
7f826a946000-7f826a947000 ---p 00000000 00:00 0 
7f826a947000-7f826a949000 rw-p 00000000 00:00 0 
7f826a949000-7f826a94a000 r--p 00022000 08:01 2949                       /lib/x86_64-linux-gnu/ld-2.19.so
7f826a94a000-7f826a94b000 rw-p 00023000 08:01 2949                       /lib/x86_64-linux-gnu/ld-2.19.so
7f826a94b000-7f826a94c000 rw-p 00000000 00:00 0 
7fff58e3e000-7fff58e5f000 rw-p 00000000 00:00 0                          [stack]
7fff58f49000-7fff58f4b000 r-xp 00000000 00:00 0                          [vdso]
ffffffffff600000-ffffffffff601000 r-xp 00000000 00:00 0                  [vsyscall]

VM Arguments:
java_command: /home/vagrant/workspace/spring-cloud-nike-running/running-location-service/target/surefire/surefirebooter6574618502036745911.jar /home/vagrant/workspace/spring-cloud-nike-running/running-location-service/target/surefire/surefire995094902310374711tmp /home/vagrant/workspace/spring-cloud-nike-running/running-location-service/target/surefire/surefire_0606361468991546929tmp
java_class_path (initial): /home/vagrant/workspace/spring-cloud-nike-running/running-location-service/target/surefire/surefirebooter6574618502036745911.jar
Launcher Type: SUN_STANDARD

Environment Variables:
JAVA_HOME=/usr/lib/jvm/java-8-oracle
PATH=/usr/local/sbin:/usr/local/bin:/usr/sbin:/usr/bin:/sbin:/bin:/usr/games:/usr/local/games:/usr/lib/jvm/java-8-oracle/bin:/usr/lib/jvm/java-8-oracle/db/bin:/usr/lib/jvm/java-8-oracle/jre/bin
SHELL=/bin/zsh
DISPLAY=:0.0

Signal Handlers:
SIGSEGV: [libjvm.so+0xacba10], sa_mask[0]=11111111011111111101111111111110, sa_flags=SA_RESTART|SA_SIGINFO
SIGBUS: [libjvm.so+0xacba10], sa_mask[0]=11111111011111111101111111111110, sa_flags=SA_RESTART|SA_SIGINFO
SIGFPE: [libjvm.so+0x924ba0], sa_mask[0]=11111111011111111101111111111110, sa_flags=SA_RESTART|SA_SIGINFO
SIGPIPE: [libjvm.so+0x924ba0], sa_mask[0]=11111111011111111101111111111110, sa_flags=SA_RESTART|SA_SIGINFO
SIGXFSZ: [libjvm.so+0x924ba0], sa_mask[0]=11111111011111111101111111111110, sa_flags=SA_RESTART|SA_SIGINFO
SIGILL: [libjvm.so+0x924ba0], sa_mask[0]=11111111011111111101111111111110, sa_flags=SA_RESTART|SA_SIGINFO
SIGUSR1: SIG_DFL, sa_mask[0]=00000000000000000000000000000000, sa_flags=none
SIGUSR2: [libjvm.so+0x9263e0], sa_mask[0]=00100000000000000000000000000000, sa_flags=SA_RESTART|SA_SIGINFO
SIGHUP: [libjvm.so+0x9277e0], sa_mask[0]=11111111011111111101111111111110, sa_flags=SA_RESTART|SA_SIGINFO
SIGINT: [libjvm.so+0x9277e0], sa_mask[0]=11111111011111111101111111111110, sa_flags=SA_RESTART|SA_SIGINFO
SIGTERM: [libjvm.so+0x9277e0], sa_mask[0]=11111111011111111101111111111110, sa_flags=SA_RESTART|SA_SIGINFO
SIGQUIT: [libjvm.so+0x9277e0], sa_mask[0]=11111111011111111101111111111110, sa_flags=SA_RESTART|SA_SIGINFO


---------------  S Y S T E M  ---------------

OS:DISTRIB_ID=Ubuntu
DISTRIB_RELEASE=14.04
DISTRIB_CODENAME=trusty
DISTRIB_DESCRIPTION="Ubuntu 14.04.5 LTS"

uname:Linux 3.13.0-132-generic #181-Ubuntu SMP Wed Sep 13 13:25:03 UTC 2017 x86_64
libc:glibc 2.19 NPTL 2.19 
rlimit: STACK 8192k, CORE 0k, NPROC 63711, NOFILE 4096, AS infinity
load average:1.19 0.40 0.23

/proc/meminfo:
MemTotal:        8176932 kB
MemFree:          133248 kB
Buffers:            3408 kB
Cached:            69432 kB
SwapCached:            0 kB
Active:          7825844 kB
Inactive:          42620 kB
Active(anon):    7796124 kB
Inactive(anon):    17856 kB
Active(file):      29720 kB
Inactive(file):    24764 kB
Unevictable:           4 kB
Mlocked:               4 kB
SwapTotal:             0 kB
SwapFree:              0 kB
Dirty:               688 kB
Writeback:             0 kB
AnonPages:       7795804 kB
Mapped:            40156 kB
Shmem:             18220 kB
Slab:              55228 kB
SReclaimable:      26892 kB
SUnreclaim:        28336 kB
KernelStack:        6208 kB
PageTables:        44956 kB
NFS_Unstable:          0 kB
Bounce:                0 kB
WritebackTmp:          0 kB
CommitLimit:     4088464 kB
Committed_AS:   11869316 kB
VmallocTotal:   34359738367 kB
VmallocUsed:       21516 kB
VmallocChunk:   34359702824 kB
HardwareCorrupted:     0 kB
AnonHugePages:   5160960 kB
HugePages_Total:       0
HugePages_Free:        0
HugePages_Rsvd:        0
HugePages_Surp:        0
Hugepagesize:       2048 kB
DirectMap4k:       69568 kB
DirectMap2M:     8318976 kB


CPU:total 2 (initial active 2) (2 cores per cpu, 1 threads per core) family 6 model 70 stepping 1, cmov, cx8, fxsr, mmx, sse, sse2, sse3, ssse3, sse4.1, sse4.2, popcnt, avx, aes, clmul, lzcnt, tsc, tscinvbit

/proc/cpuinfo:
processor	: 0
vendor_id	: GenuineIntel
cpu family	: 6
model		: 70
model name	: Intel(R) Core(TM) i7-4770HQ CPU @ 2.20GHz
stepping	: 1
cpu MHz		: 2194.894
cache size	: 6144 KB
physical id	: 0
siblings	: 2
core id		: 0
cpu cores	: 2
apicid		: 0
initial apicid	: 0
fpu		: yes
fpu_exception	: yes
cpuid level	: 13
wp		: yes
flags		: fpu vme de pse tsc msr pae mce cx8 apic sep mtrr pge mca cmov pat pse36 clflush mmx fxsr sse sse2 ht syscall nx rdtscp lm constant_tsc rep_good nopl xtopology nonstop_tsc pni pclmulqdq ssse3 cx16 sse4_1 sse4_2 movbe popcnt aes xsave avx rdrand lahf_lm abm
bogomips	: 4389.78
clflush size	: 64
cache_alignment	: 64
address sizes	: 39 bits physical, 48 bits virtual
power management:

processor	: 1
vendor_id	: GenuineIntel
cpu family	: 6
model		: 70
model name	: Intel(R) Core(TM) i7-4770HQ CPU @ 2.20GHz
stepping	: 1
cpu MHz		: 2194.894
cache size	: 6144 KB
physical id	: 0
siblings	: 2
core id		: 1
cpu cores	: 2
apicid		: 1
initial apicid	: 1
fpu		: yes
fpu_exception	: yes
cpuid level	: 13
wp		: yes
flags		: fpu vme de pse tsc msr pae mce cx8 apic sep mtrr pge mca cmov pat pse36 clflush mmx fxsr sse sse2 ht syscall nx rdtscp lm constant_tsc rep_good nopl xtopology nonstop_tsc pni pclmulqdq ssse3 cx16 sse4_1 sse4_2 movbe popcnt aes xsave avx rdrand lahf_lm abm
bogomips	: 4389.78
clflush size	: 64
cache_alignment	: 64
address sizes	: 39 bits physical, 48 bits virtual
power management:



Memory: 4k page, physical 8176932k(133248k free), swap 0k(0k free)

vm_info: Java HotSpot(TM) 64-Bit Server VM (25.144-b01) for linux-amd64 JRE (1.8.0_144-b01), built on Jul 21 2017 21:57:33 by "java_re" with gcc 4.3.0 20080428 (Red Hat 4.3.0-8)

time: Mon Dec 18 00:28:23 2017
elapsed time: 7 seconds (0d 0h 0m 7s)

