#
# There is insufficient memory for the Java Runtime Environment to continue.
# Native memory allocation (mmap) failed to map 65536 bytes for committing reserved memory.
# Possible reasons:
#   The system is out of physical RAM or swap space
#   In 32 bit mode, the process size limit was hit
# Possible solutions:
#   Reduce memory load on the system
#   Increase physical memory or swap space
#   Check if swap backing store is full
#   Use 64 bit Java on a 64 bit OS
#   Decrease Java heap size (-Xmx/-Xms)
#   Decrease number of Java threads
#   Decrease Java thread stack sizes (-Xss)
#   Set larger code cache with -XX:ReservedCodeCacheSize=
# This output file may be truncated or incomplete.
#
#  Out of Memory Error (os_linux.cpp:2640), pid=30134, tid=0x00007f99f7870700
#
# JRE version: Java(TM) SE Runtime Environment (8.0_144-b01) (build 1.8.0_144-b01)
# Java VM: Java HotSpot(TM) 64-Bit Server VM (25.144-b01 mixed mode linux-amd64 compressed oops)
# Failed to write core dump. Core dumps have been disabled. To enable core dumping, try "ulimit -c unlimited" before starting Java again
#

---------------  T H R E A D  ---------------

Current thread (0x00007f9a1013e800):  JavaThread "C1 CompilerThread1" daemon [_thread_in_vm, id=30146, stack(0x00007f99f7770000,0x00007f99f7871000)]

Stack: [0x00007f99f7770000,0x00007f99f7871000],  sp=0x00007f99f786edd0,  free space=1019k
Native frames: (J=compiled Java code, j=interpreted, Vv=VM code, C=native code)
V  [libjvm.so+0xacb18a]  VMError::report_and_die()+0x2ba
V  [libjvm.so+0x4ff4db]  report_vm_out_of_memory(char const*, int, unsigned long, VMErrorType, char const*)+0x8b
V  [libjvm.so+0x927d23]  os::Linux::commit_memory_impl(char*, unsigned long, bool)+0x103
V  [libjvm.so+0x928279]  os::pd_commit_memory(char*, unsigned long, unsigned long, bool)+0x29
V  [libjvm.so+0x92249a]  os::commit_memory(char*, unsigned long, unsigned long, bool)+0x2a
V  [libjvm.so+0xac6ee9]  VirtualSpace::expand_by(unsigned long, bool)+0x199
V  [libjvm.so+0x61ddec]  CodeHeap::expand_by(unsigned long)+0x8c
V  [libjvm.so+0x483200]  CodeCache::allocate(int, bool)+0x60
V  [libjvm.so+0x8eff0c]  nmethod::new_nmethod(methodHandle, int, int, CodeOffsets*, int, DebugInformationRecorder*, Dependencies*, CodeBuffer*, int, OopMapSet*, ExceptionHandlerTable*, ImplicitExceptionTable*, AbstractCompiler*, int)+0x1fc
V  [libjvm.so+0x41863b]  ciEnv::register_method(ciMethod*, int, CodeOffsets*, int, CodeBuffer*, int, OopMapSet*, ExceptionHandlerTable*, ImplicitExceptionTable*, AbstractCompiler*, int, bool, bool, RTMState)+0x42b
V  [libjvm.so+0x35acd9]  Compilation::install_code(int)+0xc9
V  [libjvm.so+0x35c1cc]  Compilation::compile_method()+0xec
V  [libjvm.so+0x35c49e]  Compilation::Compilation(AbstractCompiler*, ciEnv*, ciMethod*, int, BufferBlob*)+0x25e
V  [libjvm.so+0x35d249]  Compiler::compile_method(ciEnv*, ciMethod*, int)+0xa9
V  [libjvm.so+0x4b2afa]  CompileBroker::invoke_compiler_on_method(CompileTask*)+0xc9a
V  [libjvm.so+0x4b3aa6]  CompileBroker::compiler_thread_loop()+0x5d6
V  [libjvm.so+0xa79753]  JavaThread::thread_main_inner()+0x103
V  [libjvm.so+0xa7989c]  JavaThread::run()+0x11c
V  [libjvm.so+0x92a338]  java_start(Thread*)+0x108
C  [libpthread.so.0+0x8184]  start_thread+0xc4


Current CompileTask:
C1:   4317 1481       2       org.springframework.core.annotation.AnnotationUtils::postProcessAnnotationAttributes (449 bytes)


---------------  P R O C E S S  ---------------

Java Threads: ( => current thread )
  0x00007f9a10782000 JavaThread "pool-1-thread-1" [_thread_blocked, id=30149, stack(0x00007f99f727b000,0x00007f99f737c000)]
  0x00007f9a10141800 JavaThread "Service Thread" daemon [_thread_blocked, id=30147, stack(0x00007f99f766f000,0x00007f99f7770000)]
=>0x00007f9a1013e800 JavaThread "C1 CompilerThread1" daemon [_thread_in_vm, id=30146, stack(0x00007f99f7770000,0x00007f99f7871000)]
  0x00007f9a1013c000 JavaThread "C2 CompilerThread0" daemon [_thread_in_native, id=30145, stack(0x00007f99f7871000,0x00007f99f7972000)]
  0x00007f9a1013a800 JavaThread "Signal Dispatcher" daemon [_thread_blocked, id=30144, stack(0x00007f99f7972000,0x00007f99f7a73000)]
  0x00007f9a10107000 JavaThread "Finalizer" daemon [_thread_blocked, id=30143, stack(0x00007f99f7bfc000,0x00007f99f7cfd000)]
  0x00007f9a10102800 JavaThread "Reference Handler" daemon [_thread_blocked, id=30142, stack(0x00007f99f7cfd000,0x00007f99f7dfe000)]
  0x00007f9a1000a000 JavaThread "main" [_thread_blocked, id=30138, stack(0x00007f9a1804c000,0x00007f9a1814d000)]

Other Threads:
  0x00007f9a100fb000 VMThread [stack: 0x00007f99f7dfe000,0x00007f99f7eff000] [id=30141]
  0x00007f9a10144800 WatcherThread [stack: 0x00007f99f756e000,0x00007f99f766f000] [id=30148]

VM state:synchronizing (normal execution)

VM Mutex/Monitor currently owned by a thread:  ([mutex/lock_event])
[0x00007f9a100054b0] CodeCache_lock - owner thread: 0x00007f9a1013e800
[0x00007f9a10006130] Threads_lock - owner thread: 0x00007f9a100fb000
[0x00007f9a10006b30] Compile_lock - owner thread: 0x00007f9a1013e800
[0x00007f9a10006c30] MethodCompileQueue_lock - owner thread: 0x00007f9a1013e800

Heap:
 PSYoungGen      total 70656K, used 62781K [0x00000000d6600000, 0x00000000db000000, 0x0000000100000000)
  eden space 65536K, 88% used [0x00000000d6600000,0x00000000d9e54790,0x00000000da600000)
  from space 5120K, 99% used [0x00000000dab00000,0x00000000daffafd0,0x00000000db000000)
  to   space 5120K, 0% used [0x00000000da600000,0x00000000da600000,0x00000000dab00000)
 ParOldGen       total 86016K, used 3704K [0x0000000083200000, 0x0000000088600000, 0x00000000d6600000)
  object space 86016K, 4% used [0x0000000083200000,0x000000008359e0c8,0x0000000088600000)
 Metaspace       used 18929K, capacity 19124K, committed 19328K, reserved 1067008K
  class space    used 2366K, capacity 2417K, committed 2432K, reserved 1048576K

Card table byte_map: [0x00007f9a149fe000,0x00007f9a14de6000] byte_map_base: 0x00007f9a145e5000

Marking Bits: (ParMarkBitMap*) 0x00007f9a1750edc0
 Begin Bits: [0x00007f99fd190000, 0x00007f99ff0c8000)
 End Bits:   [0x00007f99ff0c8000, 0x00007f9a01000000)

Polling page: 0x00007f9a1815c000

CodeCache: size=245760Kb used=5416Kb max_used=5416Kb free=240343Kb
 bounds [0x00007f9a01000000, 0x00007f9a01550000, 0x00007f9a10000000]
 total_blobs=1821 nmethods=1460 adapters=273
 compilation: enabled

Compilation events (10 events):
Event: 3.960 Thread 0x00007f9a1013e800 nmethod 1476 0x00007f9a0154b450 code [0x00007f9a0154b5c0, 0x00007f9a0154b788]
Event: 3.960 Thread 0x00007f9a1013e800 1477       2       org.springframework.core.type.classreading.AnnotationAttributesReadingVisitor::<init> (30 bytes)
Event: 3.960 Thread 0x00007f9a1013e800 nmethod 1477 0x00007f9a0154b850 code [0x00007f9a0154b9e0, 0x00007f9a0154bd38]
Event: 3.960 Thread 0x00007f9a1013e800 1474       3       java.net.URLConnection::<init> (44 bytes)
Event: 3.961 Thread 0x00007f9a1013e800 nmethod 1474 0x00007f9a0154bed0 code [0x00007f9a0154c040, 0x00007f9a0154c250]
Event: 3.977 Thread 0x00007f9a1013e800 1479       2       org.springframework.asm.MethodVisitor::visitFieldInsn (20 bytes)
Event: 3.977 Thread 0x00007f9a1013e800 nmethod 1479 0x00007f9a0154c310 code [0x00007f9a0154c480, 0x00007f9a0154c608]
Event: 3.977 Thread 0x00007f9a1013e800 1478   !   2       sun.reflect.annotation.AnnotationParser::parseEnumValue (152 bytes)
Event: 3.978 Thread 0x00007f9a1013e800 nmethod 1478 0x00007f9a0154c6d0 code [0x00007f9a0154c960, 0x00007f9a0154d2d8]
Event: 3.994 Thread 0x00007f9a1013e800 1481       2       org.springframework.core.annotation.AnnotationUtils::postProcessAnnotationAttributes (449 bytes)

GC Heap History (4 events):
Event: 1.566 GC heap before
{Heap before GC invocations=1 (full 0):
 PSYoungGen      total 37888K, used 32768K [0x00000000d6600000, 0x00000000d9000000, 0x0000000100000000)
  eden space 32768K, 100% used [0x00000000d6600000,0x00000000d8600000,0x00000000d8600000)
  from space 5120K, 0% used [0x00000000d8b00000,0x00000000d8b00000,0x00000000d9000000)
  to   space 5120K, 0% used [0x00000000d8600000,0x00000000d8600000,0x00000000d8b00000)
 ParOldGen       total 86016K, used 0K [0x0000000083200000, 0x0000000088600000, 0x00000000d6600000)
  object space 86016K, 0% used [0x0000000083200000,0x0000000083200000,0x0000000088600000)
 Metaspace       used 7428K, capacity 7580K, committed 7680K, reserved 1056768K
  class space    used 906K, capacity 946K, committed 1024K, reserved 1048576K
Event: 1.596 GC heap after
Heap after GC invocations=1 (full 0):
 PSYoungGen      total 37888K, used 4234K [0x00000000d6600000, 0x00000000db000000, 0x0000000100000000)
  eden space 32768K, 0% used [0x00000000d6600000,0x00000000d6600000,0x00000000d8600000)
  from space 5120K, 82% used [0x00000000d8600000,0x00000000d8a22b50,0x00000000d8b00000)
  to   space 5120K, 0% used [0x00000000dab00000,0x00000000dab00000,0x00000000db000000)
 ParOldGen       total 86016K, used 8K [0x0000000083200000, 0x0000000088600000, 0x00000000d6600000)
  object space 86016K, 0% used [0x0000000083200000,0x0000000083202000,0x0000000088600000)
 Metaspace       used 7428K, capacity 7580K, committed 7680K, reserved 1056768K
  class space    used 906K, capacity 946K, committed 1024K, reserved 1048576K
}
Event: 2.355 GC heap before
{Heap before GC invocations=2 (full 0):
 PSYoungGen      total 37888K, used 37002K [0x00000000d6600000, 0x00000000db000000, 0x0000000100000000)
  eden space 32768K, 100% used [0x00000000d6600000,0x00000000d8600000,0x00000000d8600000)
  from space 5120K, 82% used [0x00000000d8600000,0x00000000d8a22b50,0x00000000d8b00000)
  to   space 5120K, 0% used [0x00000000dab00000,0x00000000dab00000,0x00000000db000000)
 ParOldGen       total 86016K, used 8K [0x0000000083200000, 0x0000000088600000, 0x00000000d6600000)
  object space 86016K, 0% used [0x0000000083200000,0x0000000083202000,0x0000000088600000)
 Metaspace       used 12331K, capacity 12462K, committed 12672K, reserved 1060864K
  class space    used 1535K, capacity 1589K, committed 1664K, reserved 1048576K
Event: 2.371 GC heap after
Heap after GC invocations=2 (full 0):
 PSYoungGen      total 70656K, used 5099K [0x00000000d6600000, 0x00000000db000000, 0x0000000100000000)
  eden space 65536K, 0% used [0x00000000d6600000,0x00000000d6600000,0x00000000da600000)
  from space 5120K, 99% used [0x00000000dab00000,0x00000000daffafd0,0x00000000db000000)
  to   space 5120K, 0% used [0x00000000da600000,0x00000000da600000,0x00000000dab00000)
 ParOldGen       total 86016K, used 3704K [0x0000000083200000, 0x0000000088600000, 0x00000000d6600000)
  object space 86016K, 4% used [0x0000000083200000,0x000000008359e0c8,0x0000000088600000)
 Metaspace       used 12331K, capacity 12462K, committed 12672K, reserved 1060864K
  class space    used 1535K, capacity 1589K, committed 1664K, reserved 1048576K
}

Deoptimization events (7 events):
Event: 1.616 Thread 0x00007f9a1000a000 Uncommon trap: reason=range_check action=make_not_entrant pc=0x00007f9a0122b100 method=sun.reflect.generics.parser.SignatureParser.current()C @ 34
Event: 1.949 Thread 0x00007f9a1000a000 Uncommon trap: reason=unstable_if action=reinterpret pc=0x00007f9a011dcb40 method=java.lang.String.indexOf([CII[CIII)I @ 3
Event: 2.532 Thread 0x00007f9a1000a000 Uncommon trap: reason=predicate action=maybe_recompile pc=0x00007f9a0133af44 method=java.lang.String.regionMatches(ZILjava/lang/String;II)Z @ 63
Event: 2.564 Thread 0x00007f9a10782000 Uncommon trap: reason=unstable_if action=reinterpret pc=0x00007f9a012ed58c method=java.util.Properties$LineReader.readLine()I @ 252
Event: 2.565 Thread 0x00007f9a10782000 Uncommon trap: reason=unstable_if action=reinterpret pc=0x00007f9a012bca94 method=java.util.Properties$LineReader.readLine()I @ 252
Event: 2.565 Thread 0x00007f9a10782000 Uncommon trap: reason=unstable_if action=reinterpret pc=0x00007f9a01221674 method=sun.net.www.ParseUtil.encodePath(Ljava/lang/String;Z)Ljava/lang/String; @ 109
Event: 2.630 Thread 0x00007f9a1000a000 Uncommon trap: reason=unstable_if action=reinterpret pc=0x00007f9a013773b4 method=java.net.URL.<init>(Ljava/net/URL;Ljava/lang/String;Ljava/net/URLStreamHandler;)V @ 347

Internal exceptions (10 events):
Event: 0.467 Thread 0x00007f9a1000a000 Exception <a 'java/security/PrivilegedActionException'> (0x00000000d7026108) thrown at [/HUDSON3/workspace/8-2-build-linux-amd64/jdk8u144/9417/hotspot/src/share/vm/prims/jvm.cpp, line 1390]
Event: 0.467 Thread 0x00007f9a1000a000 Exception <a 'java/security/PrivilegedActionException'> (0x00000000d7028940) thrown at [/HUDSON3/workspace/8-2-build-linux-amd64/jdk8u144/9417/hotspot/src/share/vm/prims/jvm.cpp, line 1390]
Event: 0.467 Thread 0x00007f9a1000a000 Exception <a 'java/security/PrivilegedActionException'> (0x00000000d7028d38) thrown at [/HUDSON3/workspace/8-2-build-linux-amd64/jdk8u144/9417/hotspot/src/share/vm/prims/jvm.cpp, line 1390]
Event: 0.512 Thread 0x00007f9a1000a000 Exception <a 'java/io/FileNotFoundException'> (0x00000000d719a3a0) thrown at [/HUDSON3/workspace/8-2-build-linux-amd64/jdk8u144/9417/hotspot/src/share/vm/prims/jni.cpp, line 709]
Event: 0.704 Thread 0x00007f9a1000a000 Exception <a 'java/lang/reflect/InvocationTargetException'> (0x00000000d78dbcd0) thrown at [/HUDSON3/workspace/8-2-build-linux-amd64/jdk8u144/9417/hotspot/src/share/vm/runtime/reflection.cpp, line 1092]
Event: 1.418 Thread 0x00007f9a1000a000 Exception <a 'java/lang/reflect/InvocationTargetException'> (0x00000000d82344f0) thrown at [/HUDSON3/workspace/8-2-build-linux-amd64/jdk8u144/9417/hotspot/src/share/vm/runtime/reflection.cpp, line 1092]
Event: 1.618 Thread 0x00007f9a1000a000 Exception <a 'java/lang/ArrayIndexOutOfBoundsException': 18> (0x00000000d670f790) thrown at [/HUDSON3/workspace/8-2-build-linux-amd64/jdk8u144/9417/hotspot/src/share/vm/interpreter/interpreterRuntime.cpp, line 366]
Event: 2.339 Thread 0x00007f9a1000a000 Exception <a 'java/lang/ClassNotFoundException': java/lang/ObjectCustomizer> (0x00000000d85580b0) thrown at [/HUDSON3/workspace/8-2-build-linux-amd64/jdk8u144/9417/hotspot/src/share/vm/classfile/systemDictionary.cpp, line 210]
Event: 2.349 Thread 0x00007f9a1000a000 Exception <a 'java/lang/ClassNotFoundException': org/springframework/boot/SpringApplicationCustomizer> (0x00000000d85769d8) thrown at [/HUDSON3/workspace/8-2-build-linux-amd64/jdk8u144/9417/hotspot/src/share/vm/classfile/systemDictionary.cpp, line 210]
Event: 2.834 Thread 0x00007f9a1000a000 Exception <a 'java/io/FileNotFoundException'> (0x00000000d78b9880) thrown at [/HUDSON3/workspace/8-2-build-linux-amd64/jdk8u144/9417/hotspot/src/share/vm/prims/jni.cpp, line 709]

Events (10 events):
Event: 3.992 loading class org/hibernate/validator/internal/util/ConcurrentReferenceHashMap$Option
Event: 3.992 loading class org/hibernate/validator/internal/util/ConcurrentReferenceHashMap$Option done
Event: 3.995 loading class org/hibernate/validator/internal/util/ConcurrentReferenceHashMap$Segment
Event: 3.995 loading class org/hibernate/validator/internal/util/ConcurrentReferenceHashMap$Segment done
Event: 3.997 loading class org/hibernate/validator/internal/util/ConcurrentReferenceHashMap$HashEntry
Event: 3.997 loading class org/hibernate/validator/internal/util/ConcurrentReferenceHashMap$HashEntry done
Event: 3.999 loading class org/hibernate/validator/internal/engine/ServiceLoaderBasedConstraintDefinitionContributor
Event: 3.999 loading class org/hibernate/validator/internal/engine/ServiceLoaderBasedConstraintDefinitionContributor done
Event: 4.000 loading class org/hibernate/validator/internal/util/logging/Messages
Event: 4.000 loading class org/hibernate/validator/internal/util/logging/Messages done


Dynamic libraries:
00400000-00401000 r-xp 00000000 08:01 409108                             /usr/lib/jvm/java-8-oracle/jre/bin/java
00600000-00601000 rw-p 00000000 08:01 409108                             /usr/lib/jvm/java-8-oracle/jre/bin/java
01e07000-01e28000 rw-p 00000000 00:00 0                                  [heap]
83200000-88600000 rw-p 00000000 00:00 0 
88600000-d6600000 ---p 00000000 00:00 0 
d6600000-db000000 rw-p 00000000 00:00 0 
db000000-100000000 ---p 00000000 00:00 0 
100000000-100260000 rw-p 00000000 00:00 0 
100260000-140000000 ---p 00000000 00:00 0 
7f99cc000000-7f99cc021000 rw-p 00000000 00:00 0 
7f99cc021000-7f99d0000000 ---p 00000000 00:00 0 
7f99d0000000-7f99d043a000 rw-p 00000000 00:00 0 
7f99d043a000-7f99d4000000 ---p 00000000 00:00 0 
7f99d4000000-7f99d499a000 rw-p 00000000 00:00 0 
7f99d499a000-7f99d8000000 ---p 00000000 00:00 0 
7f99d8000000-7f99d8021000 rw-p 00000000 00:00 0 
7f99d8021000-7f99dc000000 ---p 00000000 00:00 0 
7f99dc000000-7f99dc021000 rw-p 00000000 00:00 0 
7f99dc021000-7f99e0000000 ---p 00000000 00:00 0 
7f99e0000000-7f99e0410000 rw-p 00000000 00:00 0 
7f99e0410000-7f99e4000000 ---p 00000000 00:00 0 
7f99e4000000-7f99e4021000 rw-p 00000000 00:00 0 
7f99e4021000-7f99e8000000 ---p 00000000 00:00 0 
7f99e8000000-7f99e8021000 rw-p 00000000 00:00 0 
7f99e8021000-7f99ec000000 ---p 00000000 00:00 0 
7f99ec000000-7f99ec021000 rw-p 00000000 00:00 0 
7f99ec021000-7f99f0000000 ---p 00000000 00:00 0 
7f99f0000000-7f99f0021000 rw-p 00000000 00:00 0 
7f99f0021000-7f99f4000000 ---p 00000000 00:00 0 
7f99f5fa0000-7f99f6035000 r--s 01110000 08:01 409352                     /usr/lib/jvm/java-8-oracle/jre/lib/ext/jfxrt.jar
7f99f6035000-7f99f60b5000 rw-p 00000000 00:00 0 
7f99f60b5000-7f99f6235000 ---p 00000000 00:00 0 
7f99f6235000-7f99f6246000 r-xp 00000000 08:01 409176                     /usr/lib/jvm/java-8-oracle/jre/lib/amd64/libnio.so
7f99f6246000-7f99f6445000 ---p 00011000 08:01 409176                     /usr/lib/jvm/java-8-oracle/jre/lib/amd64/libnio.so
7f99f6445000-7f99f6446000 rw-p 00010000 08:01 409176                     /usr/lib/jvm/java-8-oracle/jre/lib/amd64/libnio.so
7f99f6446000-7f99f6646000 rw-p 00000000 00:00 0 
7f99f6646000-7f99f6846000 rw-p 00000000 00:00 0 
7f99f6846000-7f99f6849000 r-xp 00000000 08:01 59291                      /lib/x86_64-linux-gnu/libnss_myhostname.so.2
7f99f6849000-7f99f6a48000 ---p 00003000 08:01 59291                      /lib/x86_64-linux-gnu/libnss_myhostname.so.2
7f99f6a48000-7f99f6a49000 r--p 00002000 08:01 59291                      /lib/x86_64-linux-gnu/libnss_myhostname.so.2
7f99f6a49000-7f99f6a4a000 rw-p 00003000 08:01 59291                      /lib/x86_64-linux-gnu/libnss_myhostname.so.2
7f99f6a56000-7f99f6a6c000 r-xp 00000000 08:01 409195                     /usr/lib/jvm/java-8-oracle/jre/lib/amd64/libnet.so
7f99f6a6c000-7f99f6c6c000 ---p 00016000 08:01 409195                     /usr/lib/jvm/java-8-oracle/jre/lib/amd64/libnet.so
7f99f6c6c000-7f99f6c6d000 rw-p 00016000 08:01 409195                     /usr/lib/jvm/java-8-oracle/jre/lib/amd64/libnet.so
7f99f6c6d000-7f99f6c76000 r-xp 00000000 08:01 409227                     /usr/lib/jvm/java-8-oracle/jre/lib/amd64/libmanagement.so
7f99f6c76000-7f99f6e75000 ---p 00009000 08:01 409227                     /usr/lib/jvm/java-8-oracle/jre/lib/amd64/libmanagement.so
7f99f6e75000-7f99f6e76000 rw-p 00008000 08:01 409227                     /usr/lib/jvm/java-8-oracle/jre/lib/amd64/libmanagement.so
7f99f6e76000-7f99f7076000 rw-p 00000000 00:00 0 
7f99f7076000-7f99f7276000 rw-p 00000000 00:00 0 
7f99f7276000-7f99f727b000 r--s 002f9000 08:01 409391                     /usr/lib/jvm/java-8-oracle/jre/lib/charsets.jar
7f99f727b000-7f99f727e000 ---p 00000000 00:00 0 
7f99f727e000-7f99f737c000 rw-p 00000000 00:00 0                          [stack:30149]
7f99f737c000-7f99f737e000 r--s 0000f000 08:01 1191933                    /home/vagrant/.m2/repository/org/apache/maven/surefire/surefire-junit4/2.18.1/surefire-junit4-2.18.1.jar
7f99f737e000-7f99f7394000 r--s 000fe000 08:01 1836482                    /home/vagrant/.m2/repository/org/assertj/assertj-core/3.6.2/assertj-core-3.6.2.jar
7f99f7394000-7f99f73a2000 r--s 0007c000 08:01 1717947                    /home/vagrant/.m2/repository/org/springframework/spring-test/4.2.2.RELEASE/spring-test-4.2.2.RELEASE.jar
7f99f73a2000-7f99f73b7000 r--s 000f2000 08:01 1451299                    /home/vagrant/.m2/repository/org/springframework/spring-core/4.2.3.RELEASE/spring-core-4.2.3.RELEASE.jar
7f99f73b7000-7f99f73b8000 r--s 0000c000 08:01 1451922                    /home/vagrant/.m2/repository/org/hamcrest/hamcrest-library/1.3/hamcrest-library-1.3.jar
7f99f73b8000-7f99f73ba000 r--s 00009000 08:01 1450936                    /home/vagrant/.m2/repository/org/hamcrest/hamcrest-core/1.3/hamcrest-core-1.3.jar
7f99f73ba000-7f99f73bc000 r--s 00009000 08:01 1706346                    /home/vagrant/.m2/repository/org/objenesis/objenesis/2.1/objenesis-2.1.jar
7f99f73bc000-7f99f73d8000 r--s 00103000 08:01 1706344                    /home/vagrant/.m2/repository/org/mockito/mockito-core/1.10.19/mockito-core-1.10.19.jar
7f99f73d8000-7f99f73e0000 r--s 00045000 08:01 1450934                    /home/vagrant/.m2/repository/junit/junit/4.12/junit-4.12.jar
7f99f73e0000-7f99f73e1000 r--s 00000000 08:01 1835900                    /home/vagrant/.m2/repository/org/springframework/boot/spring-boot-starter-test/1.3.0.RELEASE/spring-boot-starter-test-1.3.0.RELEASE.jar
7f99f73e1000-7f99f73f6000 r--s 00145000 08:01 1573319                    /home/vagrant/.m2/repository/org/projectlombok/lombok/1.16.12/lombok-1.16.12.jar
7f99f73f6000-7f99f7404000 r--s 00194000 08:01 1573050                    /home/vagrant/.m2/repository/com/h2database/h2/1.4.190/h2-1.4.190.jar
7f99f7404000-7f99f7407000 r--s 00009000 08:01 1451272                    /home/vagrant/.m2/repository/com/fasterxml/jackson/core/jackson-annotations/2.6.3/jackson-annotations-2.6.3.jar
7f99f7407000-7f99f7408000 r--s 00000000 08:01 1451531                    /home/vagrant/.m2/repository/org/springframework/boot/spring-boot-starter-data-rest/1.3.0.RELEASE/spring-boot-starter-data-rest-1.3.0.RELEASE.jar
7f99f7408000-7f99f740a000 r--s 00003000 08:01 1190391                    /home/vagrant/.m2/repository/org/slf4j/jcl-over-slf4j/1.7.13/jcl-over-slf4j-1.7.13.jar
7f99f740a000-7f99f740c000 r--s 00007000 08:01 1058013                    /home/vagrant/.m2/repository/org/slf4j/slf4j-api/1.7.13/slf4j-api-1.7.13.jar
7f99f740c000-7f99f740e000 r--s 00006000 08:01 1057790                    /home/vagrant/.m2/repository/com/google/code/findbugs/jsr305/2.0.1/jsr305-2.0.1.jar
7f99f740e000-7f99f7439000 r--s 001fc000 08:01 1450965                    /home/vagrant/.m2/repository/com/google/guava/guava/18.0/guava-18.0.jar
7f99f7439000-7f99f743a000 r--s 00002000 08:01 1058104                    /home/vagrant/.m2/repository/com/github/fge/btf/1.2/btf-1.2.jar
7f99f743a000-7f99f743c000 r--s 00008000 08:01 1058101                    /home/vagrant/.m2/repository/com/github/fge/msg-simple/1.1/msg-simple-1.1.jar
7f99f743c000-7f99f743e000 r--s 00006000 08:01 1058099                    /home/vagrant/.m2/repository/com/github/fge/jackson-coreutils/1.6/jackson-coreutils-1.6.jar
7f99f743e000-7f99f7440000 r--s 00009000 08:01 1058097                    /home/vagrant/.m2/repository/com/github/fge/json-patch/1.7/json-patch-1.7.jar
7f99f7440000-7f99f7442000 r--s 00002000 08:01 806615                     /home/vagrant/.m2/repository/org/atteo/evo-inflector/1.2.1/evo-inflector-1.2.1.jar
7f99f7442000-7f99f7443000 r--s 00004000 08:01 1451539                    /home/vagrant/.m2/repository/org/springframework/plugin/spring-plugin-core/1.2.0.RELEASE/spring-plugin-core-1.2.0.RELEASE.jar
7f99f7443000-7f99f7448000 r--s 00027000 08:01 1451537                    /home/vagrant/.m2/repository/org/springframework/hateoas/spring-hateoas/0.19.0.RELEASE/spring-hateoas-0.19.0.RELEASE.jar
7f99f7448000-7f99f744c000 r--s 00017000 08:01 1586389                    /home/vagrant/.m2/repository/org/springframework/data/spring-data-rest-core/2.4.0.RELEASE/spring-data-rest-core-2.4.0.RELEASE.jar
7f99f744c000-7f99f7451000 r--s 00033000 08:01 1452423                    /home/vagrant/.m2/repository/org/springframework/data/spring-data-rest-webmvc/2.4.0.RELEASE/spring-data-rest-webmvc-2.4.0.RELEASE.jar
7f99f7451000-7f99f7453000 r--s 00058000 08:01 1837067                    /home/vagrant/.m2/repository/org/springframework/data/spring-data-rest-hal-browser/2.4.0.RELEASE/spring-data-rest-hal-browser-2.4.0.RELEASE.jar
7f99f7453000-7f99f7456000 r--s 0000c000 08:01 1837063                    /home/vagrant/.m2/repository/org/springframework/spring-aspects/4.2.2.RELEASE/spring-aspects-4.2.2.RELEASE.jar
7f99f7456000-7f99f745d000 r--s 0003a000 08:01 1717952                    /home/vagrant/.m2/repository/org/springframework/spring-tx/4.2.2.RELEASE/spring-tx-4.2.2.RELEASE.jar
7f99f745d000-7f99f7467000 r--s 00068000 08:01 1837061                    /home/vagrant/.m2/repository/org/springframework/spring-orm/4.2.2.RELEASE/spring-orm-4.2.2.RELEASE.jar
7f99f7467000-7f99f7477000 r--s 0008c000 08:01 1837060                    /home/vagrant/.m2/repository/org/springframework/data/spring-data-commons/1.11.0.RELEASE/spring-data-commons-1.11.0.RELEASE.jar
7f99f7477000-7f99f747e000 r--s 00038000 08:01 1586387                    /home/vagrant/.m2/repository/org/springframework/data/spring-data-jpa/1.9.0.RELEASE/spring-data-jpa-1.9.0.RELEASE.jar
7f99f747e000-7f99f7480000 r--s 00006000 08:01 1573022                    /home/vagrant/.m2/repository/javax/transaction/javax.transaction-api/1.2/javax.transaction-api-1.2.jar
7f99f7480000-7f99f748a000 r--s 000a5000 08:01 1573013                    /home/vagrant/.m2/repository/org/javassist/javassist/3.18.1-GA/javassist-3.18.1-GA.jar
7f99f748a000-7f99f748f000 r--s 00017000 08:01 1573007                    /home/vagrant/.m2/repository/org/hibernate/javax/persistence/hibernate-jpa-2.1-api/1.0.0.Final/hibernate-jpa-2.1-api-1.0.0.Final.jar
7f99f748f000-7f99f7492000 r--s 00010000 08:01 1573015                    /home/vagrant/.m2/repository/org/hibernate/common/hibernate-commons-annotations/4.0.5.Final/hibernate-commons-annotations-4.0.5.Final.jar
7f99f7492000-7f99f7497000 r--s 00016000 08:01 1451311                    /home/vagrant/.m2/repository/xml-apis/xml-apis/1.0.b2/xml-apis-1.0.b2.jar
7f99f7497000-7f99f749c000 r--s 00048000 08:01 1451307                    /home/vagrant/.m2/repository/dom4j/dom4j/1.6.1/dom4j-1.6.1.jar
7f99f749c000-7f99f749e000 r--s 00011000 08:01 1573008                    /home/vagrant/.m2/repository/org/jboss/jandex/1.1.0.Final/jandex-1.1.0.Final.jar
7f99f749e000-7f99f74a3000 r--s 00068000 08:01 1451302                    /home/vagrant/.m2/repository/antlr/antlr/2.7.7/antlr-2.7.7.jar
7f99f74a3000-7f99f7501000 r--s 004ac000 08:01 1573005                    /home/vagrant/.m2/repository/org/hibernate/hibernate-core/4.3.11.Final/hibernate-core-4.3.11.Final.jar
7f99f7501000-7f99f7502000 r--s 00002000 08:01 1573019                    /home/vagrant/.m2/repository/org/jboss/logging/jboss-logging-annotations/1.2.0.Beta1/jboss-logging-annotations-1.2.0.Beta1.jar
7f99f7502000-7f99f7504000 r--s 0000f000 08:01 1450148                    /home/vagrant/.m2/repository/org/jboss/logging/jboss-logging/3.3.0.Final/jboss-logging-3.3.0.Final.jar
7f99f7504000-7f99f7512000 r--s 00091000 08:01 1573001                    /home/vagrant/.m2/repository/org/hibernate/hibernate-entitymanager/4.3.11.Final/hibernate-entitymanager-4.3.11.Final.jar
7f99f7512000-7f99f751c000 r--s 0005e000 08:01 1452419                    /home/vagrant/.m2/repository/org/springframework/spring-jdbc/4.2.2.RELEASE/spring-jdbc-4.2.2.RELEASE.jar
7f99f751c000-7f99f751d000 r--s 00009000 08:01 1058011                    /home/vagrant/.m2/repository/org/apache/tomcat/tomcat-juli/8.0.28/tomcat-juli-8.0.28.jar
7f99f751d000-7f99f7536000 r--s 001af000 08:01 1573025                    /home/vagrant/.m2/repository/org/aspectj/aspectjweaver/1.8.7/aspectjweaver-1.8.7.jar
7f99f7536000-7f99f7547000 r--s 000c5000 08:01 1452106                    /home/vagrant/.m2/repository/org/springframework/spring-webmvc/4.2.2.RELEASE/spring-webmvc-4.2.2.RELEASE.jar
7f99f7547000-7f99f7560000 r--s 000f1000 08:01 1452108                    /home/vagrant/.m2/repository/org/springframework/spring-context/4.2.2.RELEASE/spring-context-4.2.2.RELEASE.jar
7f99f7560000-7f99f756e000 r--s 000a5000 08:01 1452104                    /home/vagrant/.m2/repository/org/springframework/spring-beans/4.2.2.RELEASE/spring-beans-4.2.2.RELEASE.jar
7f99f756e000-7f99f756f000 ---p 00000000 00:00 0 
7f99f756f000-7f99f766f000 rw-p 00000000 00:00 0                          [stack:30148]
7f99f766f000-7f99f7672000 ---p 00000000 00:00 0 
7f99f7672000-7f99f7770000 rw-p 00000000 00:00 0                          [stack:30147]
7f99f7770000-7f99f7773000 ---p 00000000 00:00 0 
7f99f7773000-7f99f7871000 rw-p 00000000 00:00 0                          [stack:30146]
7f99f7871000-7f99f7874000 ---p 00000000 00:00 0 
7f99f7874000-7f99f7972000 rw-p 00000000 00:00 0                          [stack:30145]
7f99f7972000-7f99f7975000 ---p 00000000 00:00 0 
7f99f7975000-7f99f7a73000 rw-p 00000000 00:00 0                          [stack:30144]
7f99f7a73000-7f99f7bfc000 r--p 00000000 08:01 27112                      /usr/lib/locale/locale-archive
7f99f7bfc000-7f99f7bff000 ---p 00000000 00:00 0 
7f99f7bff000-7f99f7cfd000 rw-p 00000000 00:00 0                          [stack:30143]
7f99f7cfd000-7f99f7d00000 ---p 00000000 00:00 0 
7f99f7d00000-7f99f7dfe000 rw-p 00000000 00:00 0                          [stack:30142]
7f99f7dfe000-7f99f7dff000 ---p 00000000 00:00 0 
7f99f7dff000-7f99f8000000 rw-p 00000000 00:00 0                          [stack:30141]
7f99f8000000-7f99f8021000 rw-p 00000000 00:00 0 
7f99f8021000-7f99fc000000 ---p 00000000 00:00 0 
7f99fc000000-7f99fc003000 r--s 0001f000 08:01 806469                     /home/vagrant/.m2/repository/org/apache/tomcat/tomcat-jdbc/8.0.28/tomcat-jdbc-8.0.28.jar
7f99fc003000-7f99fc004000 r--s 00000000 08:01 1572995                    /home/vagrant/.m2/repository/org/springframework/boot/spring-boot-starter-jdbc/1.3.0.RELEASE/spring-boot-starter-jdbc-1.3.0.RELEASE.jar
7f99fc004000-7f99fc005000 r--s 00000000 08:01 1572992                    /home/vagrant/.m2/repository/org/springframework/boot/spring-boot-starter-aop/1.3.0.RELEASE/spring-boot-starter-aop-1.3.0.RELEASE.jar
7f99fc005000-7f99fc006000 r--s 00000000 08:01 1572989                    /home/vagrant/.m2/repository/org/springframework/boot/spring-boot-starter-data-jpa/1.3.0.RELEASE/spring-boot-starter-data-jpa-1.3.0.RELEASE.jar
7f99fc006000-7f99fc00b000 r--s 0003c000 08:01 1452097                    /home/vagrant/.m2/repository/org/springframework/spring-expression/4.2.2.RELEASE/spring-expression-4.2.2.RELEASE.jar
7f99fc00b000-7f99fc00d000 r--s 00000000 08:01 1450916                    /home/vagrant/.m2/repository/aopalliance/aopalliance/1.0/aopalliance-1.0.jar
7f99fc00d000-7f99fc016000 r--s 00051000 08:01 1452101                    /home/vagrant/.m2/repository/org/springframework/spring-aop/4.2.2.RELEASE/spring-aop-4.2.2.RELEASE.jar
7f99fc016000-7f99fc027000 r--s 000ab000 08:01 1452098                    /home/vagrant/.m2/repository/org/springframework/spring-web/4.2.2.RELEASE/spring-web-4.2.2.RELEASE.jar
7f99fc027000-7f99fc02b000 r--s 0003c000 08:01 1451297                    /home/vagrant/.m2/repository/com/fasterxml/jackson/core/jackson-core/2.6.3/jackson-core-2.6.3.jar
7f99fc02b000-7f99fc03c000 r--s 0010d000 08:01 1317569                    /home/vagrant/.m2/repository/com/fasterxml/jackson/core/jackson-databind/2.6.3/jackson-databind-2.6.3.jar
7f99fc03c000-7f99fc040000 r--s 0000c000 08:01 1450141                    /home/vagrant/.m2/repository/javax/validation/validation-api/1.1.0.Final/validation-api-1.1.0.Final.jar
7f99fc040000-7f99fc051000 r--s 0009a000 08:01 1451296                    /home/vagrant/.m2/repository/org/hibernate/hibernate-validator/5.2.2.Final/hibernate-validator-5.2.2.Final.jar
7f99fc051000-7f99fc057000 r--s 00036000 08:01 1317565                    /home/vagrant/.m2/repository/org/apache/tomcat/embed/tomcat-embed-websocket/8.0.28/tomcat-embed-websocket-8.0.28.jar
7f99fc057000-7f99fc05c000 r--s 00036000 08:01 806471                     /home/vagrant/.m2/repository/org/apache/tomcat/embed/tomcat-embed-el/8.0.28/tomcat-embed-el-8.0.28.jar
7f99fc05c000-7f99fc081000 r--s 0028c000 08:01 806467                     /home/vagrant/.m2/repository/org/apache/tomcat/embed/tomcat-embed-core/8.0.28/tomcat-embed-core-8.0.28.jar
7f99fc081000-7f99fc087000 r--s 0003c000 08:01 1451284                    /home/vagrant/.m2/repository/org/yaml/snakeyaml/1.16/snakeyaml-1.16.jar
7f99fc087000-7f99fc092000 r--s 00065000 08:01 1451287                    /home/vagrant/.m2/repository/ch/qos/logback/logback-core/1.1.3/logback-core-1.1.3.jar
7f99fc092000-7f99fc098000 r--s 0003f000 08:01 1451283                    /home/vagrant/.m2/repository/ch/qos/logback/logback-classic/1.1.3/logback-classic-1.1.3.jar
7f99fc098000-7f99fc0af000 r--s 0009e000 08:01 1451270                    /home/vagrant/.m2/repository/org/springframework/boot/spring-boot-autoconfigure/1.3.0.RELEASE/spring-boot-autoconfigure-1.3.0.RELEASE.jar
7f99fc0af000-7f99fc7b6000 rw-p 00000000 00:00 0 
7f99fc7b6000-7f99fc990000 r--s 03d4d000 08:01 409330                     /usr/lib/jvm/java-8-oracle/jre/lib/rt.jar
7f99fc990000-7f9a01000000 rw-p 00000000 00:00 0 
7f9a01000000-7f9a01550000 rwxp 00000000 00:00 0 
7f9a01560000-7f9a10000000 ---p 00000000 00:00 0 
7f9a10000000-7f9a1091c000 rw-p 00000000 00:00 0 
7f9a1091c000-7f9a14000000 ---p 00000000 00:00 0 
7f9a14000000-7f9a14002000 r--s 0000e000 08:01 1317567                    /home/vagrant/.m2/repository/com/fasterxml/classmate/1.1.0/classmate-1.1.0.jar
7f9a14002000-7f9a14003000 r--s 00000000 08:01 1451275                    /home/vagrant/.m2/repository/org/springframework/boot/spring-boot-starter-validation/1.3.0.RELEASE/spring-boot-starter-validation-1.3.0.RELEASE.jar
7f9a14003000-7f9a14004000 r--s 00009000 08:01 927836                     /home/vagrant/.m2/repository/org/apache/tomcat/embed/tomcat-embed-logging-juli/8.0.28/tomcat-embed-logging-juli-8.0.28.jar
7f9a14004000-7f9a14562000 rw-p 00000000 00:00 0 
7f9a14562000-7f9a14563000 ---p 00000000 00:00 0 
7f9a14563000-7f9a14663000 rw-p 00000000 00:00 0                          [stack:30140]
7f9a14663000-7f9a14664000 ---p 00000000 00:00 0 
7f9a14664000-7f9a1478e000 rw-p 00000000 00:00 0                          [stack:30139]
7f9a1478e000-7f9a149fe000 ---p 00000000 00:00 0 
7f9a149fe000-7f9a14a28000 rw-p 00000000 00:00 0 
7f9a14a28000-7f9a14c98000 ---p 00000000 00:00 0 
7f9a14c98000-7f9a14cbd000 rw-p 00000000 00:00 0 
7f9a14cbd000-7f9a14de5000 ---p 00000000 00:00 0 
7f9a14de5000-7f9a14dfc000 rw-p 00000000 00:00 0 
7f9a14dfc000-7f9a151a6000 ---p 00000000 00:00 0 
7f9a151a6000-7f9a151c0000 r-xp 00000000 08:01 409202                     /usr/lib/jvm/java-8-oracle/jre/lib/amd64/libzip.so
7f9a151c0000-7f9a153c0000 ---p 0001a000 08:01 409202                     /usr/lib/jvm/java-8-oracle/jre/lib/amd64/libzip.so
7f9a153c0000-7f9a153c1000 rw-p 0001a000 08:01 409202                     /usr/lib/jvm/java-8-oracle/jre/lib/amd64/libzip.so
7f9a153c1000-7f9a153cb000 r-xp 00000000 08:01 3144                       /lib/x86_64-linux-gnu/libnss_files-2.19.so
7f9a153cb000-7f9a155ca000 ---p 0000a000 08:01 3144                       /lib/x86_64-linux-gnu/libnss_files-2.19.so
7f9a155ca000-7f9a155cb000 r--p 00009000 08:01 3144                       /lib/x86_64-linux-gnu/libnss_files-2.19.so
7f9a155cb000-7f9a155cc000 rw-p 0000a000 08:01 3144                       /lib/x86_64-linux-gnu/libnss_files-2.19.so
7f9a155cc000-7f9a155d7000 r-xp 00000000 08:01 3036                       /lib/x86_64-linux-gnu/libnss_nis-2.19.so
7f9a155d7000-7f9a157d6000 ---p 0000b000 08:01 3036                       /lib/x86_64-linux-gnu/libnss_nis-2.19.so
7f9a157d6000-7f9a157d7000 r--p 0000a000 08:01 3036                       /lib/x86_64-linux-gnu/libnss_nis-2.19.so
7f9a157d7000-7f9a157d8000 rw-p 0000b000 08:01 3036                       /lib/x86_64-linux-gnu/libnss_nis-2.19.so
7f9a157d8000-7f9a157ef000 r-xp 00000000 08:01 2993                       /lib/x86_64-linux-gnu/libnsl-2.19.so
7f9a157ef000-7f9a159ee000 ---p 00017000 08:01 2993                       /lib/x86_64-linux-gnu/libnsl-2.19.so
7f9a159ee000-7f9a159ef000 r--p 00016000 08:01 2993                       /lib/x86_64-linux-gnu/libnsl-2.19.so
7f9a159ef000-7f9a159f0000 rw-p 00017000 08:01 2993                       /lib/x86_64-linux-gnu/libnsl-2.19.so
7f9a159f0000-7f9a159f2000 rw-p 00000000 00:00 0 
7f9a159f2000-7f9a159fb000 r-xp 00000000 08:01 3004                       /lib/x86_64-linux-gnu/libnss_compat-2.19.so
7f9a159fb000-7f9a15bfa000 ---p 00009000 08:01 3004                       /lib/x86_64-linux-gnu/libnss_compat-2.19.so
7f9a15bfa000-7f9a15bfb000 r--p 00008000 08:01 3004                       /lib/x86_64-linux-gnu/libnss_compat-2.19.so
7f9a15bfb000-7f9a15bfc000 rw-p 00009000 08:01 3004                       /lib/x86_64-linux-gnu/libnss_compat-2.19.so
7f9a15bfc000-7f9a15c27000 r-xp 00000000 08:01 409188                     /usr/lib/jvm/java-8-oracle/jre/lib/amd64/libjava.so
7f9a15c27000-7f9a15e26000 ---p 0002b000 08:01 409188                     /usr/lib/jvm/java-8-oracle/jre/lib/amd64/libjava.so
7f9a15e26000-7f9a15e28000 rw-p 0002a000 08:01 409188                     /usr/lib/jvm/java-8-oracle/jre/lib/amd64/libjava.so
7f9a15e28000-7f9a15e35000 r-xp 00000000 08:01 409228                     /usr/lib/jvm/java-8-oracle/jre/lib/amd64/libverify.so
7f9a15e35000-7f9a16035000 ---p 0000d000 08:01 409228                     /usr/lib/jvm/java-8-oracle/jre/lib/amd64/libverify.so
7f9a16035000-7f9a16037000 rw-p 0000d000 08:01 409228                     /usr/lib/jvm/java-8-oracle/jre/lib/amd64/libverify.so
7f9a16037000-7f9a1603e000 r-xp 00000000 08:01 2965                       /lib/x86_64-linux-gnu/librt-2.19.so
7f9a1603e000-7f9a1623d000 ---p 00007000 08:01 2965                       /lib/x86_64-linux-gnu/librt-2.19.so
7f9a1623d000-7f9a1623e000 r--p 00006000 08:01 2965                       /lib/x86_64-linux-gnu/librt-2.19.so
7f9a1623e000-7f9a1623f000 rw-p 00007000 08:01 2965                       /lib/x86_64-linux-gnu/librt-2.19.so
7f9a1623f000-7f9a16344000 r-xp 00000000 08:01 3059                       /lib/x86_64-linux-gnu/libm-2.19.so
7f9a16344000-7f9a16543000 ---p 00105000 08:01 3059                       /lib/x86_64-linux-gnu/libm-2.19.so
7f9a16543000-7f9a16544000 r--p 00104000 08:01 3059                       /lib/x86_64-linux-gnu/libm-2.19.so
7f9a16544000-7f9a16545000 rw-p 00105000 08:01 3059                       /lib/x86_64-linux-gnu/libm-2.19.so
7f9a16545000-7f9a17218000 r-xp 00000000 08:01 409186                     /usr/lib/jvm/java-8-oracle/jre/lib/amd64/server/libjvm.so
7f9a17218000-7f9a17417000 ---p 00cd3000 08:01 409186                     /usr/lib/jvm/java-8-oracle/jre/lib/amd64/server/libjvm.so
7f9a17417000-7f9a174f1000 rw-p 00cd2000 08:01 409186                     /usr/lib/jvm/java-8-oracle/jre/lib/amd64/server/libjvm.so
7f9a174f1000-7f9a1753c000 rw-p 00000000 00:00 0 
7f9a1753c000-7f9a176fa000 r-xp 00000000 08:01 3143                       /lib/x86_64-linux-gnu/libc-2.19.so
7f9a176fa000-7f9a178fa000 ---p 001be000 08:01 3143                       /lib/x86_64-linux-gnu/libc-2.19.so
7f9a178fa000-7f9a178fe000 r--p 001be000 08:01 3143                       /lib/x86_64-linux-gnu/libc-2.19.so
7f9a178fe000-7f9a17900000 rw-p 001c2000 08:01 3143                       /lib/x86_64-linux-gnu/libc-2.19.so
7f9a17900000-7f9a17905000 rw-p 00000000 00:00 0 
7f9a17905000-7f9a17908000 r-xp 00000000 08:01 2994                       /lib/x86_64-linux-gnu/libdl-2.19.so
7f9a17908000-7f9a17b07000 ---p 00003000 08:01 2994                       /lib/x86_64-linux-gnu/libdl-2.19.so
7f9a17b07000-7f9a17b08000 r--p 00002000 08:01 2994                       /lib/x86_64-linux-gnu/libdl-2.19.so
7f9a17b08000-7f9a17b09000 rw-p 00003000 08:01 2994                       /lib/x86_64-linux-gnu/libdl-2.19.so
7f9a17b09000-7f9a17b1e000 r-xp 00000000 08:01 409192                     /usr/lib/jvm/java-8-oracle/jre/lib/amd64/jli/libjli.so
7f9a17b1e000-7f9a17d1e000 ---p 00015000 08:01 409192                     /usr/lib/jvm/java-8-oracle/jre/lib/amd64/jli/libjli.so
7f9a17d1e000-7f9a17d1f000 rw-p 00015000 08:01 409192                     /usr/lib/jvm/java-8-oracle/jre/lib/amd64/jli/libjli.so
7f9a17d1f000-7f9a17d38000 r-xp 00000000 08:01 3039                       /lib/x86_64-linux-gnu/libpthread-2.19.so
7f9a17d38000-7f9a17f37000 ---p 00019000 08:01 3039                       /lib/x86_64-linux-gnu/libpthread-2.19.so
7f9a17f37000-7f9a17f38000 r--p 00018000 08:01 3039                       /lib/x86_64-linux-gnu/libpthread-2.19.so
7f9a17f38000-7f9a17f39000 rw-p 00019000 08:01 3039                       /lib/x86_64-linux-gnu/libpthread-2.19.so
7f9a17f39000-7f9a17f3d000 rw-p 00000000 00:00 0 
7f9a17f3d000-7f9a17f60000 r-xp 00000000 08:01 2949                       /lib/x86_64-linux-gnu/ld-2.19.so
7f9a17f60000-7f9a17f61000 r--s 00000000 08:01 1451291                    /home/vagrant/.m2/repository/org/springframework/boot/spring-boot-starter-tomcat/1.3.0.RELEASE/spring-boot-starter-tomcat-1.3.0.RELEASE.jar
7f9a17f61000-7f9a17f62000 r--s 00005000 08:01 1190393                    /home/vagrant/.m2/repository/org/slf4j/log4j-over-slf4j/1.7.13/log4j-over-slf4j-1.7.13.jar
7f9a17f62000-7f9a17f64000 r--s 00000000 08:01 1190390                    /home/vagrant/.m2/repository/org/slf4j/jul-to-slf4j/1.7.13/jul-to-slf4j-1.7.13.jar
7f9a17f64000-7f9a17f65000 r--s 00000000 08:01 1451281                    /home/vagrant/.m2/repository/org/springframework/boot/spring-boot-starter-logging/1.3.0.RELEASE/spring-boot-starter-logging-1.3.0.RELEASE.jar
7f9a17f65000-7f9a17f72000 r--s 00076000 08:01 1451285                    /home/vagrant/.m2/repository/org/springframework/boot/spring-boot/1.3.0.RELEASE/spring-boot-1.3.0.RELEASE.jar
7f9a17f72000-7f9a17f73000 r--s 00000000 08:01 1451303                    /home/vagrant/.m2/repository/org/springframework/boot/spring-boot-starter/1.3.0.RELEASE/spring-boot-starter-1.3.0.RELEASE.jar
7f9a17f73000-7f9a17f78000 r--s 00020000 08:01 1450461                    /home/vagrant/.m2/repository/org/apache/maven/surefire/surefire-api/2.18.1/surefire-api-2.18.1.jar
7f9a17f78000-7f9a17f7a000 r--s 00008000 08:01 1450459                    /home/vagrant/.m2/repository/org/apache/maven/surefire/surefire-booter/2.18.1/surefire-booter-2.18.1.jar
7f9a17f7a000-7f9a1804c000 rw-p 00000000 00:00 0 
7f9a1804c000-7f9a1804f000 ---p 00000000 00:00 0 
7f9a1804f000-7f9a18151000 rw-p 00000000 00:00 0                          [stack:30138]
7f9a18151000-7f9a18152000 r--s 00000000 08:01 1451269                    /home/vagrant/.m2/repository/org/springframework/boot/spring-boot-starter-web/1.3.0.RELEASE/spring-boot-starter-web-1.3.0.RELEASE.jar
7f9a18152000-7f9a18153000 r--s 00002000 08:01 809417                     /home/vagrant/workspace/spring-cloud-nike-running/running-location-service/target/surefire/surefirebooter3860559619672489541.jar
7f9a18153000-7f9a1815b000 rw-s 00000000 08:01 274838                     /tmp/hsperfdata_vagrant/30134
7f9a1815b000-7f9a1815c000 rw-p 00000000 00:00 0 
7f9a1815c000-7f9a1815d000 ---p 00000000 00:00 0 
7f9a1815d000-7f9a1815f000 rw-p 00000000 00:00 0 
7f9a1815f000-7f9a18160000 r--p 00022000 08:01 2949                       /lib/x86_64-linux-gnu/ld-2.19.so
7f9a18160000-7f9a18161000 rw-p 00023000 08:01 2949                       /lib/x86_64-linux-gnu/ld-2.19.so
7f9a18161000-7f9a18162000 rw-p 00000000 00:00 0 
7ffd12192000-7ffd121b3000 rw-p 00000000 00:00 0                          [stack]
7ffd121be000-7ffd121c0000 r-xp 00000000 00:00 0                          [vdso]
ffffffffff600000-ffffffffff601000 r-xp 00000000 00:00 0                  [vsyscall]

VM Arguments:
java_command: /home/vagrant/workspace/spring-cloud-nike-running/running-location-service/target/surefire/surefirebooter3860559619672489541.jar /home/vagrant/workspace/spring-cloud-nike-running/running-location-service/target/surefire/surefire7808491263046339634tmp /home/vagrant/workspace/spring-cloud-nike-running/running-location-service/target/surefire/surefire_06326960232151696799tmp
java_class_path (initial): /home/vagrant/workspace/spring-cloud-nike-running/running-location-service/target/surefire/surefirebooter3860559619672489541.jar
Launcher Type: SUN_STANDARD

Environment Variables:
JAVA_HOME=/usr/lib/jvm/java-8-oracle
PATH=/usr/local/sbin:/usr/local/bin:/usr/sbin:/usr/bin:/sbin:/bin:/usr/games:/usr/local/games:/usr/lib/jvm/java-8-oracle/bin:/usr/lib/jvm/java-8-oracle/db/bin:/usr/lib/jvm/java-8-oracle/jre/bin
SHELL=/bin/zsh
DISPLAY=:0.0

Signal Handlers:
SIGSEGV: [libjvm.so+0xacba10], sa_mask[0]=11111111011111111101111111111110, sa_flags=SA_RESTART|SA_SIGINFO
SIGBUS: [libjvm.so+0xacba10], sa_mask[0]=11111111011111111101111111111110, sa_flags=SA_RESTART|SA_SIGINFO
SIGFPE: [libjvm.so+0x924ba0], sa_mask[0]=11111111011111111101111111111110, sa_flags=SA_RESTART|SA_SIGINFO
SIGPIPE: [libjvm.so+0x924ba0], sa_mask[0]=11111111011111111101111111111110, sa_flags=SA_RESTART|SA_SIGINFO
SIGXFSZ: [libjvm.so+0x924ba0], sa_mask[0]=11111111011111111101111111111110, sa_flags=SA_RESTART|SA_SIGINFO
SIGILL: [libjvm.so+0x924ba0], sa_mask[0]=11111111011111111101111111111110, sa_flags=SA_RESTART|SA_SIGINFO
SIGUSR1: SIG_DFL, sa_mask[0]=00000000000000000000000000000000, sa_flags=none
SIGUSR2: [libjvm.so+0x9263e0], sa_mask[0]=00100000000000000000000000000000, sa_flags=SA_RESTART|SA_SIGINFO
SIGHUP: [libjvm.so+0x9277e0], sa_mask[0]=11111111011111111101111111111110, sa_flags=SA_RESTART|SA_SIGINFO
SIGINT: [libjvm.so+0x9277e0], sa_mask[0]=11111111011111111101111111111110, sa_flags=SA_RESTART|SA_SIGINFO
SIGTERM: [libjvm.so+0x9277e0], sa_mask[0]=11111111011111111101111111111110, sa_flags=SA_RESTART|SA_SIGINFO
SIGQUIT: [libjvm.so+0x9277e0], sa_mask[0]=11111111011111111101111111111110, sa_flags=SA_RESTART|SA_SIGINFO


---------------  S Y S T E M  ---------------

OS:DISTRIB_ID=Ubuntu
DISTRIB_RELEASE=14.04
DISTRIB_CODENAME=trusty
DISTRIB_DESCRIPTION="Ubuntu 14.04.5 LTS"

uname:Linux 3.13.0-132-generic #181-Ubuntu SMP Wed Sep 13 13:25:03 UTC 2017 x86_64
libc:glibc 2.19 NPTL 2.19 
rlimit: STACK 8192k, CORE 0k, NPROC 63711, NOFILE 4096, AS infinity
load average:1.25 0.89 0.63

/proc/meminfo:
MemTotal:        8176932 kB
MemFree:          114724 kB
Buffers:             152 kB
Cached:            21728 kB
SwapCached:            0 kB
Active:          7875680 kB
Inactive:          20092 kB
Active(anon):    7874580 kB
Inactive(anon):    17920 kB
Active(file):       1100 kB
Inactive(file):     2172 kB
Unevictable:           4 kB
Mlocked:               4 kB
SwapTotal:             0 kB
SwapFree:              0 kB
Dirty:               244 kB
Writeback:             0 kB
AnonPages:       7874124 kB
Mapped:            19196 kB
Shmem:             18300 kB
Slab:              48456 kB
SReclaimable:      21208 kB
SUnreclaim:        27248 kB
KernelStack:        6184 kB
PageTables:        42728 kB
NFS_Unstable:          0 kB
Bounce:                0 kB
WritebackTmp:          0 kB
CommitLimit:     4088464 kB
Committed_AS:   11682956 kB
VmallocTotal:   34359738367 kB
VmallocUsed:       21548 kB
VmallocChunk:   34359702104 kB
HardwareCorrupted:     0 kB
AnonHugePages:   5267456 kB
HugePages_Total:       0
HugePages_Free:        0
HugePages_Rsvd:        0
HugePages_Surp:        0
Hugepagesize:       2048 kB
DirectMap4k:       69568 kB
DirectMap2M:     8318976 kB


CPU:total 2 (initial active 2) (2 cores per cpu, 1 threads per core) family 6 model 70 stepping 1, cmov, cx8, fxsr, mmx, sse, sse2, sse3, ssse3, sse4.1, sse4.2, popcnt, avx, aes, clmul, lzcnt, tsc, tscinvbit

/proc/cpuinfo:
processor	: 0
vendor_id	: GenuineIntel
cpu family	: 6
model		: 70
model name	: Intel(R) Core(TM) i7-4770HQ CPU @ 2.20GHz
stepping	: 1
cpu MHz		: 2194.894
cache size	: 6144 KB
physical id	: 0
siblings	: 2
core id		: 0
cpu cores	: 2
apicid		: 0
initial apicid	: 0
fpu		: yes
fpu_exception	: yes
cpuid level	: 13
wp		: yes
flags		: fpu vme de pse tsc msr pae mce cx8 apic sep mtrr pge mca cmov pat pse36 clflush mmx fxsr sse sse2 ht syscall nx rdtscp lm constant_tsc rep_good nopl xtopology nonstop_tsc pni pclmulqdq ssse3 cx16 sse4_1 sse4_2 movbe popcnt aes xsave avx rdrand lahf_lm abm
bogomips	: 4389.78
clflush size	: 64
cache_alignment	: 64
address sizes	: 39 bits physical, 48 bits virtual
power management:

processor	: 1
vendor_id	: GenuineIntel
cpu family	: 6
model		: 70
model name	: Intel(R) Core(TM) i7-4770HQ CPU @ 2.20GHz
stepping	: 1
cpu MHz		: 2194.894
cache size	: 6144 KB
physical id	: 0
siblings	: 2
core id		: 1
cpu cores	: 2
apicid		: 1
initial apicid	: 1
fpu		: yes
fpu_exception	: yes
cpuid level	: 13
wp		: yes
flags		: fpu vme de pse tsc msr pae mce cx8 apic sep mtrr pge mca cmov pat pse36 clflush mmx fxsr sse sse2 ht syscall nx rdtscp lm constant_tsc rep_good nopl xtopology nonstop_tsc pni pclmulqdq ssse3 cx16 sse4_1 sse4_2 movbe popcnt aes xsave avx rdrand lahf_lm abm
bogomips	: 4389.78
clflush size	: 64
cache_alignment	: 64
address sizes	: 39 bits physical, 48 bits virtual
power management:



Memory: 4k page, physical 8176932k(114220k free), swap 0k(0k free)

vm_info: Java HotSpot(TM) 64-Bit Server VM (25.144-b01) for linux-amd64 JRE (1.8.0_144-b01), built on Jul 21 2017 21:57:33 by "java_re" with gcc 4.3.0 20080428 (Red Hat 4.3.0-8)

time: Mon Dec 18 00:47:53 2017
elapsed time: 4 seconds (0d 0h 0m 4s)

