#
# There is insufficient memory for the Java Runtime Environment to continue.
# Native memory allocation (mmap) failed to map 65536 bytes for committing reserved memory.
# Possible reasons:
#   The system is out of physical RAM or swap space
#   In 32 bit mode, the process size limit was hit
# Possible solutions:
#   Reduce memory load on the system
#   Increase physical memory or swap space
#   Check if swap backing store is full
#   Use 64 bit Java on a 64 bit OS
#   Decrease Java heap size (-Xmx/-Xms)
#   Decrease number of Java threads
#   Decrease Java thread stack sizes (-Xss)
#   Set larger code cache with -XX:ReservedCodeCacheSize=
# This output file may be truncated or incomplete.
#
#  Out of Memory Error (os_linux.cpp:2640), pid=28030, tid=0x00007fad22e66700
#
# JRE version: Java(TM) SE Runtime Environment (8.0_144-b01) (build 1.8.0_144-b01)
# Java VM: Java HotSpot(TM) 64-Bit Server VM (25.144-b01 mixed mode linux-amd64 compressed oops)
# Failed to write core dump. Core dumps have been disabled. To enable core dumping, try "ulimit -c unlimited" before starting Java again
#

---------------  T H R E A D  ---------------

Current thread (0x00007fad44180000):  JavaThread "C2 CompilerThread0" daemon [_thread_in_vm, id=28040, stack(0x00007fad22d66000,0x00007fad22e67000)]

Stack: [0x00007fad22d66000,0x00007fad22e67000],  sp=0x00007fad22e638b0,  free space=1014k
Native frames: (J=compiled Java code, j=interpreted, Vv=VM code, C=native code)
V  [libjvm.so+0xacb18a]  VMError::report_and_die()+0x2ba
V  [libjvm.so+0x4ff4db]  report_vm_out_of_memory(char const*, int, unsigned long, VMErrorType, char const*)+0x8b
V  [libjvm.so+0x927d23]  os::Linux::commit_memory_impl(char*, unsigned long, bool)+0x103
V  [libjvm.so+0x928279]  os::pd_commit_memory(char*, unsigned long, unsigned long, bool)+0x29
V  [libjvm.so+0x92249a]  os::commit_memory(char*, unsigned long, unsigned long, bool)+0x2a
V  [libjvm.so+0xac6ee9]  VirtualSpace::expand_by(unsigned long, bool)+0x199
V  [libjvm.so+0x61ddec]  CodeHeap::expand_by(unsigned long)+0x8c
V  [libjvm.so+0x483200]  CodeCache::allocate(int, bool)+0x60
V  [libjvm.so+0x8eff0c]  nmethod::new_nmethod(methodHandle, int, int, CodeOffsets*, int, DebugInformationRecorder*, Dependencies*, CodeBuffer*, int, OopMapSet*, ExceptionHandlerTable*, ImplicitExceptionTable*, AbstractCompiler*, int)+0x1fc
V  [libjvm.so+0x41863b]  ciEnv::register_method(ciMethod*, int, CodeOffsets*, int, CodeBuffer*, int, OopMapSet*, ExceptionHandlerTable*, ImplicitExceptionTable*, AbstractCompiler*, int, bool, bool, RTMState)+0x42b
V  [libjvm.so+0x4a869d]  Compile::Compile(ciEnv*, C2Compiler*, ciMethod*, int, bool, bool, bool)+0x15ad
V  [libjvm.so+0x3f4e45]  C2Compiler::compile_method(ciEnv*, ciMethod*, int)+0x1f5
V  [libjvm.so+0x4b2afa]  CompileBroker::invoke_compiler_on_method(CompileTask*)+0xc9a
V  [libjvm.so+0x4b3aa6]  CompileBroker::compiler_thread_loop()+0x5d6
V  [libjvm.so+0xa79753]  JavaThread::thread_main_inner()+0x103
V  [libjvm.so+0xa7989c]  JavaThread::run()+0x11c
V  [libjvm.so+0x92a338]  java_start(Thread*)+0x108
C  [libpthread.so.0+0x8184]  start_thread+0xc4


Current CompileTask:
C2: 230450 6988       4       com.fasterxml.jackson.databind.ser.BasicSerializerFactory::createTypeSerializer (81 bytes)


---------------  P R O C E S S  ---------------

Java Threads: ( => current thread )
  0x00007facc800f000 JavaThread "task-scheduler-3" [_thread_blocked, id=28230, stack(0x00007facda2ed000,0x00007facda3ee000)]
  0x00007facc800d000 JavaThread "task-scheduler-2" [_thread_blocked, id=28214, stack(0x00007facd9ae5000,0x00007facd9be6000)]
  0x00007facec4b0800 JavaThread "pool-2-thread-10" [_thread_blocked, id=28213, stack(0x00007facd9be6000,0x00007facd9ce7000)]
  0x00007facec1d5800 JavaThread "pool-2-thread-9" [_thread_blocked, id=28212, stack(0x00007facd9ce7000,0x00007facd9de8000)]
  0x00007facec214000 JavaThread "pool-2-thread-8" [_thread_blocked, id=28211, stack(0x00007facd9de8000,0x00007facd9ee9000)]
  0x00007facec26b000 JavaThread "pool-2-thread-7" [_thread_blocked, id=28210, stack(0x00007facd9ee9000,0x00007facd9fea000)]
  0x00007facec182000 JavaThread "pool-2-thread-6" [_thread_blocked, id=28209, stack(0x00007facd9fea000,0x00007facda0eb000)]
  0x00007facec19a800 JavaThread "pool-2-thread-5" [_thread_blocked, id=28208, stack(0x00007facda0eb000,0x00007facda1ec000)]
  0x00007facec1be000 JavaThread "pool-2-thread-4" [_thread_blocked, id=28196, stack(0x00007facda1ec000,0x00007facda2ed000)]
  0x00007facb8003000 JavaThread "http-nio-9007-exec-4" daemon [_thread_blocked, id=28149, stack(0x00007facda6f1000,0x00007facda7f2000)]
  0x00007faca8638800 JavaThread "WebSocket background processing" daemon [_thread_blocked, id=28148, stack(0x00007facda7f2000,0x00007facda8f3000)]
  0x00007faca861f000 JavaThread "MessageBroker-4" [_thread_blocked, id=28147, stack(0x00007facda8f3000,0x00007facda9f4000)]
  0x00007faca8611800 JavaThread "WebSocketServer-localhost-ROOT-1" daemon [_thread_blocked, id=28146, stack(0x00007facda9f4000,0x00007facdaaf5000)]
  0x00007facd0001000 JavaThread "MessageBroker-3" [_thread_blocked, id=28145, stack(0x00007facdacf5000,0x00007facdadf6000)]
  0x00007faca8027800 JavaThread "MessageBroker-2" [_thread_blocked, id=28144, stack(0x00007facdadf6000,0x00007facdaef7000)]
  0x00007facb8001000 JavaThread "http-nio-9007-exec-3" daemon [_thread_blocked, id=28143, stack(0x00007facdaef7000,0x00007facdaff8000)]
  0x00007facbc025800 JavaThread "http-nio-9007-exec-2" daemon [_thread_blocked, id=28142, stack(0x00007facdaff8000,0x00007facdb0f9000)]
  0x00007facbc00d000 JavaThread "http-nio-9007-exec-1" daemon [_thread_blocked, id=28141, stack(0x00007fad22658000,0x00007fad22759000)]
  0x00007facf0cf0800 JavaThread "http-nio-9007-Acceptor-0" daemon [_thread_in_native, id=28113, stack(0x00007facdb0f9000,0x00007facdb1fa000)]
  0x00007facf0ea1800 JavaThread "http-nio-9007-ClientPoller-1" daemon [_thread_in_native, id=28112, stack(0x00007facdb1fa000,0x00007facdb2fb000)]
  0x00007facf9b42800 JavaThread "http-nio-9007-ClientPoller-0" daemon [_thread_in_native, id=28111, stack(0x00007facdb2fb000,0x00007facdb3fc000)]
  0x00007facf8479800 JavaThread "NioBlockingSelector.BlockPoller-1" daemon [_thread_in_native, id=28110, stack(0x00007facdb3fc000,0x00007facdb4fd000)]
  0x00007facecff1800 JavaThread "pool-2-thread-3" [_thread_blocked, id=28109, stack(0x00007facdb4fd000,0x00007facdb5fe000)]
  0x00007facf8797000 JavaThread "binder.locations-1" [_thread_blocked, id=28108, stack(0x00007facdb5fe000,0x00007facdb6ff000)]
  0x00007facf8f3a000 JavaThread "pool-2-thread-2" [_thread_blocked, id=28107, stack(0x00007fad20b75000,0x00007fad20c76000)]
  0x00007facf859b800 JavaThread "AMQP Connection 127.0.0.1:5672" [_thread_in_native, id=28106, stack(0x00007fad22557000,0x00007fad22658000)]
  0x00007facf99fd800 JavaThread "task-scheduler-1" [_thread_blocked, id=28105, stack(0x00007facdb8ff000,0x00007facdba00000)]
  0x00007facf07e9000 JavaThread "MessageBroker-1" [_thread_blocked, id=28101, stack(0x00007fad20070000,0x00007fad20171000)]
  0x00007facf8334800 JavaThread "container-0" [_thread_blocked, id=28098, stack(0x00007fad20171000,0x00007fad20272000)]
  0x00007face421d000 JavaThread "ContainerBackgroundProcessor[StandardEngine[Tomcat].StandardHost[localhost].StandardContext[]]" daemon [_thread_blocked, id=28097, stack(0x00007fad20272000,0x00007fad20373000)]
  0x00007face5208000 JavaThread "MongoCleaner389695529" daemon [_thread_blocked, id=28094, stack(0x00007fad20773000,0x00007fad20874000)]
  0x00007face516a000 JavaThread "cluster-1-localhost:27017" daemon [_thread_in_native, id=28093, stack(0x00007fad20874000,0x00007fad20975000)]
  0x00007fad44009800 JavaThread "DestroyJavaVM" [_thread_blocked, id=28031, stack(0x00007fad4be0c000,0x00007fad4bf0d000)]
  0x00007fad44187800 JavaThread "Service Thread" daemon [_thread_blocked, id=28043, stack(0x00007fad22a63000,0x00007fad22b64000)]
  0x00007fad44184800 JavaThread "C1 CompilerThread2" daemon [_thread_blocked, id=28042, stack(0x00007fad22b64000,0x00007fad22c65000)]
  0x00007fad44182800 JavaThread "C2 CompilerThread1" daemon [_thread_in_vm, id=28041, stack(0x00007fad22c65000,0x00007fad22d66000)]
=>0x00007fad44180000 JavaThread "C2 CompilerThread0" daemon [_thread_in_vm, id=28040, stack(0x00007fad22d66000,0x00007fad22e67000)]
  0x00007fad4417e800 JavaThread "Signal Dispatcher" daemon [_thread_blocked, id=28039, stack(0x00007fad22e67000,0x00007fad22f68000)]
  0x00007fad4414b000 JavaThread "Finalizer" daemon [_thread_blocked, id=28038, stack(0x00007fad230f1000,0x00007fad231f2000)]
  0x00007fad44146800 JavaThread "Reference Handler" daemon [_thread_blocked, id=28037, stack(0x00007fad231f2000,0x00007fad232f3000)]

Other Threads:
  0x00007fad4413e800 VMThread [stack: 0x00007fad232f3000,0x00007fad233f4000] [id=28036]
  0x00007fad4418a000 WatcherThread [stack: 0x00007fad22962000,0x00007fad22a63000] [id=28045]

VM state:not at safepoint (normal execution)

VM Mutex/Monitor currently owned by a thread:  ([mutex/lock_event])
[0x00007fad440051d0] CodeCache_lock - owner thread: 0x00007fad44180000
[0x00007fad44006850] Compile_lock - owner thread: 0x00007fad44180000
[0x00007fad44006950] MethodCompileQueue_lock - owner thread: 0x00007fad44180000

Heap:
 PSYoungGen      total 668672K, used 445179K [0x00000000d6600000, 0x0000000100000000, 0x0000000100000000)
  eden space 655360K, 66% used [0x00000000d6600000,0x00000000f0f8d5c0,0x00000000fe600000)
  from space 13312K, 70% used [0x00000000fe600000,0x00000000fef319e8,0x00000000ff300000)
  to   space 13312K, 0% used [0x00000000ff300000,0x00000000ff300000,0x0000000100000000)
 ParOldGen       total 87040K, used 41666K [0x0000000083200000, 0x0000000088700000, 0x00000000d6600000)
  object space 87040K, 47% used [0x0000000083200000,0x0000000085ab08c8,0x0000000088700000)
 Metaspace       used 48823K, capacity 49622K, committed 49832K, reserved 1093632K
  class space    used 6009K, capacity 6193K, committed 6320K, reserved 1048576K

Card table byte_map: [0x00007fad487bf000,0x00007fad48ba7000] byte_map_base: 0x00007fad483a6000

Marking Bits: (ParMarkBitMap*) 0x00007fad4b2cfdc0
 Begin Bits: [0x00007fad31190000, 0x00007fad330c8000)
 End Bits:   [0x00007fad330c8000, 0x00007fad35000000)

Polling page: 0x00007fad4bf1d000

CodeCache: size=245760Kb used=21620Kb max_used=21620Kb free=224139Kb
 bounds [0x00007fad35000000, 0x00007fad36540000, 0x00007fad44000000]
 total_blobs=6185 nmethods=5462 adapters=633
 compilation: enabled

Compilation events (10 events):
Event: 216.566 Thread 0x00007fad44184800 7001       3       org.bson.io.PoolOutputBuffer::write (70 bytes)
Event: 216.776 Thread 0x00007fad44184800 nmethod 7001 0x00007fad3651fb10 code [0x00007fad3651fd00, 0x00007fad36520578]
Event: 218.417 Thread 0x00007fad44182800 7002       4       java.security.CodeSource::hashCode (17 bytes)
Event: 218.775 Thread 0x00007fad44184800 7003       3       org.bson.io.PoolOutputBuffer::getPosition (8 bytes)
Event: 221.901 Thread 0x00007fad44184800 nmethod 7003 0x00007fad36507690 code [0x00007fad36507800, 0x00007fad365079d0]
Event: 221.818 Thread 0x00007fad44182800 nmethod 7002 0x00007fad36533690 code [0x00007fad365338a0, 0x00007fad36534e38]
Event: 222.223 Thread 0x00007fad44182800 7006       4       org.bson.io.PoolOutputBuffer::_afterWrite (98 bytes)
Event: 222.235 Thread 0x00007fad44184800 7004       3       org.bson.BasicBSONEncoder::writeInt (9 bytes)
Event: 222.476 Thread 0x00007fad44184800 nmethod 7004 0x00007fad35821150 code [0x00007fad35821300, 0x00007fad35821838]
Event: 222.677 Thread 0x00007fad44184800 7007       3       java.nio.channels.spi.AbstractSelector::begin (48 bytes)

GC Heap History (10 events):
Event: 32.398 GC heap before
{Heap before GC invocations=11 (full 1):
 PSYoungGen      total 535552K, used 523264K [0x00000000d6600000, 0x0000000100000000, 0x0000000100000000)
  eden space 523264K, 100% used [0x00000000d6600000,0x00000000f6500000,0x00000000f6500000)
  from space 12288K, 0% used [0x00000000f6500000,0x00000000f6500000,0x00000000f7100000)
  to   space 12288K, 0% used [0x00000000ff400000,0x00000000ff400000,0x0000000100000000)
 ParOldGen       total 68096K, used 24859K [0x0000000083200000, 0x0000000087480000, 0x00000000d6600000)
  object space 68096K, 36% used [0x0000000083200000,0x0000000084a46fc0,0x0000000087480000)
 Metaspace       used 25574K, capacity 25836K, committed 26032K, reserved 1073152K
  class space    used 3149K, capacity 3237K, committed 3248K, reserved 1048576K
Event: 32.439 GC heap after
Heap after GC invocations=11 (full 1):
 PSYoungGen      total 668672K, used 11019K [0x00000000d6600000, 0x0000000100000000, 0x0000000100000000)
  eden space 656384K, 0% used [0x00000000d6600000,0x00000000d6600000,0x00000000fe700000)
  from space 12288K, 89% used [0x00000000ff400000,0x00000000ffec2da8,0x0000000100000000)
  to   space 12800K, 0% used [0x00000000fe700000,0x00000000fe700000,0x00000000ff380000)
 ParOldGen       total 68096K, used 24867K [0x0000000083200000, 0x0000000087480000, 0x00000000d6600000)
  object space 68096K, 36% used [0x0000000083200000,0x0000000084a48fc0,0x0000000087480000)
 Metaspace       used 25574K, capacity 25836K, committed 26032K, reserved 1073152K
  class space    used 3149K, capacity 3237K, committed 3248K, reserved 1048576K
}
Event: 42.015 GC heap before
{Heap before GC invocations=12 (full 1):
 PSYoungGen      total 668672K, used 626591K [0x00000000d6600000, 0x0000000100000000, 0x0000000100000000)
  eden space 656384K, 93% used [0x00000000d6600000,0x00000000fbf250e0,0x00000000fe700000)
  from space 12288K, 89% used [0x00000000ff400000,0x00000000ffec2da8,0x0000000100000000)
  to   space 12800K, 0% used [0x00000000fe700000,0x00000000fe700000,0x00000000ff380000)
 ParOldGen       total 68096K, used 24867K [0x0000000083200000, 0x0000000087480000, 0x00000000d6600000)
  object space 68096K, 36% used [0x0000000083200000,0x0000000084a48fc0,0x0000000087480000)
 Metaspace       used 34783K, capacity 35196K, committed 35496K, reserved 1081344K
  class space    used 4376K, capacity 4512K, committed 4528K, reserved 1048576K
Event: 42.082 GC heap after
Heap after GC invocations=12 (full 1):
 PSYoungGen      total 669184K, used 12498K [0x00000000d6600000, 0x0000000100000000, 0x0000000100000000)
  eden space 656384K, 0% used [0x00000000d6600000,0x00000000d6600000,0x00000000fe700000)
  from space 12800K, 97% used [0x00000000fe700000,0x00000000ff334b98,0x00000000ff380000)
  to   space 12800K, 0% used [0x00000000ff380000,0x00000000ff380000,0x0000000100000000)
 ParOldGen       total 68096K, used 28012K [0x0000000083200000, 0x0000000087480000, 0x00000000d6600000)
  object space 68096K, 41% used [0x0000000083200000,0x0000000084d5b000,0x0000000087480000)
 Metaspace       used 34783K, capacity 35196K, committed 35496K, reserved 1081344K
  class space    used 4376K, capacity 4512K, committed 4528K, reserved 1048576K
}
Event: 42.082 GC heap before
{Heap before GC invocations=13 (full 2):
 PSYoungGen      total 669184K, used 12498K [0x00000000d6600000, 0x0000000100000000, 0x0000000100000000)
  eden space 656384K, 0% used [0x00000000d6600000,0x00000000d6600000,0x00000000fe700000)
  from space 12800K, 97% used [0x00000000fe700000,0x00000000ff334b98,0x00000000ff380000)
  to   space 12800K, 0% used [0x00000000ff380000,0x00000000ff380000,0x0000000100000000)
 ParOldGen       total 68096K, used 28012K [0x0000000083200000, 0x0000000087480000, 0x00000000d6600000)
  object space 68096K, 41% used [0x0000000083200000,0x0000000084d5b000,0x0000000087480000)
 Metaspace       used 34783K, capacity 35196K, committed 35496K, reserved 1081344K
  class space    used 4376K, capacity 4512K, committed 4528K, reserved 1048576K
Event: 42.399 GC heap after
Heap after GC invocations=13 (full 2):
 PSYoungGen      total 669184K, used 0K [0x00000000d6600000, 0x0000000100000000, 0x0000000100000000)
  eden space 656384K, 0% used [0x00000000d6600000,0x00000000d6600000,0x00000000fe700000)
  from space 12800K, 0% used [0x00000000fe700000,0x00000000fe700000,0x00000000ff380000)
  to   space 12800K, 0% used [0x00000000ff380000,0x00000000ff380000,0x0000000100000000)
 ParOldGen       total 87040K, used 36090K [0x0000000083200000, 0x0000000088700000, 0x00000000d6600000)
  object space 87040K, 41% used [0x0000000083200000,0x000000008553e888,0x0000000088700000)
 Metaspace       used 34783K, capacity 35196K, committed 35496K, reserved 1081344K
  class space    used 4376K, capacity 4512K, committed 4528K, reserved 1048576K
}
Event: 48.257 GC heap before
{Heap before GC invocations=14 (full 2):
 PSYoungGen      total 669184K, used 656384K [0x00000000d6600000, 0x0000000100000000, 0x0000000100000000)
  eden space 656384K, 100% used [0x00000000d6600000,0x00000000fe700000,0x00000000fe700000)
  from space 12800K, 0% used [0x00000000fe700000,0x00000000fe700000,0x00000000ff380000)
  to   space 12800K, 0% used [0x00000000ff380000,0x00000000ff380000,0x0000000100000000)
 ParOldGen       total 87040K, used 36090K [0x0000000083200000, 0x0000000088700000, 0x00000000d6600000)
  object space 87040K, 41% used [0x0000000083200000,0x000000008553e888,0x0000000088700000)
 Metaspace       used 39215K, capacity 39648K, committed 39976K, reserved 1083392K
  class space    used 4975K, capacity 5106K, committed 5168K, reserved 1048576K
Event: 48.294 GC heap after
Heap after GC invocations=14 (full 2):
 PSYoungGen      total 668160K, used 8714K [0x00000000d6600000, 0x0000000100000000, 0x0000000100000000)
  eden space 655360K, 0% used [0x00000000d6600000,0x00000000d6600000,0x00000000fe600000)
  from space 12800K, 68% used [0x00000000ff380000,0x00000000ffc028c8,0x0000000100000000)
  to   space 13312K, 0% used [0x00000000fe600000,0x00000000fe600000,0x00000000ff300000)
 ParOldGen       total 87040K, used 36098K [0x0000000083200000, 0x0000000088700000, 0x00000000d6600000)
  object space 87040K, 41% used [0x0000000083200000,0x0000000085540888,0x0000000088700000)
 Metaspace       used 39215K, capacity 39648K, committed 39976K, reserved 1083392K
  class space    used 4975K, capacity 5106K, committed 5168K, reserved 1048576K
}
Event: 53.109 GC heap before
{Heap before GC invocations=15 (full 2):
 PSYoungGen      total 668160K, used 664074K [0x00000000d6600000, 0x0000000100000000, 0x0000000100000000)
  eden space 655360K, 100% used [0x00000000d6600000,0x00000000fe600000,0x00000000fe600000)
  from space 12800K, 68% used [0x00000000ff380000,0x00000000ffc028c8,0x0000000100000000)
  to   space 13312K, 0% used [0x00000000fe600000,0x00000000fe600000,0x00000000ff300000)
 ParOldGen       total 87040K, used 36098K [0x0000000083200000, 0x0000000088700000, 0x00000000d6600000)
  object space 87040K, 41% used [0x0000000083200000,0x0000000085540888,0x0000000088700000)
 Metaspace       used 42797K, capacity 43346K, committed 43688K, reserved 1087488K
  class space    used 5353K, capacity 5493K, committed 5552K, reserved 1048576K
Event: 53.206 GC heap after
Heap after GC invocations=15 (full 2):
 PSYoungGen      total 668672K, used 9414K [0x00000000d6600000, 0x0000000100000000, 0x0000000100000000)
  eden space 655360K, 0% used [0x00000000d6600000,0x00000000d6600000,0x00000000fe600000)
  from space 13312K, 70% used [0x00000000fe600000,0x00000000fef319e8,0x00000000ff300000)
  to   space 13312K, 0% used [0x00000000ff300000,0x00000000ff300000,0x0000000100000000)
 ParOldGen       total 87040K, used 41666K [0x0000000083200000, 0x0000000088700000, 0x00000000d6600000)
  object space 87040K, 47% used [0x0000000083200000,0x0000000085ab08c8,0x0000000088700000)
 Metaspace       used 42797K, capacity 43346K, committed 43688K, reserved 1087488K
  class space    used 5353K, capacity 5493K, committed 5552K, reserved 1048576K
}

Deoptimization events (10 events):
Event: 90.559 Thread 0x00007facbc025800 Uncommon trap: reason=class_check action=maybe_recompile pc=0x00007fad35e33918 method=java.util.TreeMap.put(Ljava/lang/Object;Ljava/lang/Object;)Ljava/lang/Object; @ 127
Event: 90.668 Thread 0x00007facb8001000 Uncommon trap: reason=class_check action=maybe_recompile pc=0x00007fad35e339f8 method=java.util.TreeMap.compare(Ljava/lang/Object;Ljava/lang/Object;)I @ 8
Event: 90.756 Thread 0x00007facb8001000 Uncommon trap: reason=speculate_class_check action=maybe_recompile pc=0x00007fad3545fe34 method=java.lang.StringCoding.encode(Ljava/nio/charset/Charset;[CII)[B @ 91
Event: 90.946 Thread 0x00007facb8001000 Uncommon trap: reason=unstable_if action=reinterpret pc=0x00007fad351745e4 method=sun.nio.cs.UTF_8$Encoder.encode([CII[B)I @ 33
Event: 91.176 Thread 0x00007facb8003000 Uncommon trap: reason=unstable_if action=reinterpret pc=0x00007fad35729e3c method=org.springframework.util.ObjectUtils.nullSafeEquals(Ljava/lang/Object;Ljava/lang/Object;)Z @ 12
Event: 141.703 Thread 0x00007facf8797000 Uncommon trap: reason=class_check action=maybe_recompile pc=0x00007fad3637adf4 method=java.util.Collections$UnmodifiableMap$UnmodifiableEntrySet$UnmodifiableEntry.<init>(Ljava/util/Map$Entry;)V @ 9
Event: 141.755 Thread 0x00007facf8797000 Uncommon trap: reason=class_check action=maybe_recompile pc=0x00007fad3637adf4 method=java.util.Collections$UnmodifiableMap$UnmodifiableEntrySet$UnmodifiableEntry.<init>(Ljava/util/Map$Entry;)V @ 9
Event: 141.755 Thread 0x00007facf8797000 Uncommon trap: reason=class_check action=maybe_recompile pc=0x00007fad3637adf4 method=java.util.Collections$UnmodifiableMap$UnmodifiableEntrySet$UnmodifiableEntry.<init>(Ljava/util/Map$Entry;)V @ 9
Event: 141.755 Thread 0x00007facf8797000 Uncommon trap: reason=class_check action=maybe_recompile pc=0x00007fad3637adf4 method=java.util.Collections$UnmodifiableMap$UnmodifiableEntrySet$UnmodifiableEntry.<init>(Ljava/util/Map$Entry;)V @ 9
Event: 215.440 Thread 0x00007facf8797000 Uncommon trap: reason=unstable_if action=reinterpret pc=0x00007fad36300b0c method=com.fasterxml.jackson.core.io.SerializedString.appendQuotedUTF8([BI)I @ 6

Internal exceptions (10 events):
Event: 89.664 Thread 0x00007facbc00d000 Exception <a 'java/lang/ClassNotFoundException': org/springframework/web/servlet/theme/AbstractThemeResolverCustomizer> (0x00000000e1afaaf0) thrown at [/HUDSON3/workspace/8-2-build-linux-amd64/jdk8u144/9417/hotspot/src/share/vm/classfile/systemDictionary.
Event: 89.668 Thread 0x00007facbc00d000 Exception <a 'java/lang/ClassNotFoundException': org/springframework/web/servlet/theme/FixedThemeResolverCustomizer> (0x00000000e1c2a7f0) thrown at [/HUDSON3/workspace/8-2-build-linux-amd64/jdk8u144/9417/hotspot/src/share/vm/classfile/systemDictionary.cpp
Event: 89.687 Thread 0x00007facbc00d000 Exception <a 'java/lang/ClassNotFoundException': java/lang/ObjectCustomizer> (0x00000000e1ccf3a8) thrown at [/HUDSON3/workspace/8-2-build-linux-amd64/jdk8u144/9417/hotspot/src/share/vm/classfile/systemDictionary.cpp, line 210]
Event: 89.695 Thread 0x00007facbc00d000 Exception <a 'java/lang/ClassNotFoundException': org/springframework/web/servlet/view/DefaultRequestToViewNameTranslatorCustomizer> (0x00000000e1e15d40) thrown at [/HUDSON3/workspace/8-2-build-linux-amd64/jdk8u144/9417/hotspot/src/share/vm/classfile/syste
Event: 89.717 Thread 0x00007facbc00d000 Exception <a 'java/lang/ClassNotFoundException': java/lang/ObjectCustomizer> (0x00000000e1eed888) thrown at [/HUDSON3/workspace/8-2-build-linux-amd64/jdk8u144/9417/hotspot/src/share/vm/classfile/systemDictionary.cpp, line 210]
Event: 89.726 Thread 0x00007facbc00d000 Exception <a 'java/lang/ClassNotFoundException': org/springframework/web/servlet/support/AbstractFlashMapManagerCustomizer> (0x00000000e2028300) thrown at [/HUDSON3/workspace/8-2-build-linux-amd64/jdk8u144/9417/hotspot/src/share/vm/classfile/systemDiction
Event: 89.734 Thread 0x00007facbc00d000 Exception <a 'java/lang/ClassNotFoundException': org/springframework/web/servlet/support/SessionFlashMapManagerCustomizer> (0x00000000e2165e48) thrown at [/HUDSON3/workspace/8-2-build-linux-amd64/jdk8u144/9417/hotspot/src/share/vm/classfile/systemDictiona
Event: 91.176 Thread 0x00007facb8003000 Implicit null exception at 0x00007fad35729a61 to 0x00007fad35729e29
Event: 99.760 Thread 0x00007facf859b800 Exception <a 'java/net/SocketTimeoutException': Read timed out> (0x00000000dd142c58) thrown at [/HUDSON3/workspace/8-2-build-linux-amd64/jdk8u144/9417/hotspot/src/share/vm/prims/jni.cpp, line 735]
Event: 215.440 Thread 0x00007facf8797000 Implicit null exception at 0x00007fad36300a56 to 0x00007fad36300af1

Events (10 events):
Event: 218.812 loading class com/mongodb/IndexMap
Event: 218.812 loading class com/mongodb/IndexMap done
Event: 218.953 loading class com/mongodb/IndexMap$RangeBased
Event: 218.953 loading class com/mongodb/IndexMap$RangeBased done
Event: 219.082 loading class com/mongodb/IndexMap$HashBased
Event: 219.082 loading class com/mongodb/IndexMap$HashBased done
Event: 222.056 loading class com/mongodb/WriteCommandResultHelper
Event: 222.060 loading class com/mongodb/WriteCommandResultHelper done
Event: 223.055 loading class com/mongodb/BulkWriteUpsert
Event: 223.113 loading class com/mongodb/BulkWriteUpsert done


Dynamic libraries:
00400000-00401000 r-xp 00000000 08:01 409108                             /usr/lib/jvm/java-8-oracle/jre/bin/java
00600000-00601000 rw-p 00000000 08:01 409108                             /usr/lib/jvm/java-8-oracle/jre/bin/java
00672000-00693000 rw-p 00000000 00:00 0                                  [heap]
83200000-88700000 rw-p 00000000 00:00 0 
88700000-d6600000 ---p 00000000 00:00 0 
d6600000-100000000 rw-p 00000000 00:00 0 
100000000-10062c000 rw-p 00000000 00:00 0 
10062c000-140000000 ---p 00000000 00:00 0 
7faca8000000-7faca8646000 rw-p 00000000 00:00 0 
7faca8646000-7facac000000 ---p 00000000 00:00 0 
7facb0000000-7facb0021000 rw-p 00000000 00:00 0 
7facb0021000-7facb4000000 ---p 00000000 00:00 0 
7facb4000000-7facb4034000 rw-p 00000000 00:00 0 
7facb4034000-7facb8000000 ---p 00000000 00:00 0 
7facb8000000-7facb8165000 rw-p 00000000 00:00 0 
7facb8165000-7facbc000000 ---p 00000000 00:00 0 
7facbc000000-7facbc2b5000 rw-p 00000000 00:00 0 
7facbc2b5000-7facc0000000 ---p 00000000 00:00 0 
7facc0000000-7facc0021000 rw-p 00000000 00:00 0 
7facc0021000-7facc4000000 ---p 00000000 00:00 0 
7facc4000000-7facc4021000 rw-p 00000000 00:00 0 
7facc4021000-7facc8000000 ---p 00000000 00:00 0 
7facc8000000-7facc8021000 rw-p 00000000 00:00 0 
7facc8021000-7faccc000000 ---p 00000000 00:00 0 
7faccc000000-7faccc8e8000 rw-p 00000000 00:00 0 
7faccc8e8000-7facd0000000 ---p 00000000 00:00 0 
7facd0000000-7facd0021000 rw-p 00000000 00:00 0 
7facd0021000-7facd4000000 ---p 00000000 00:00 0 
7facd4000000-7facd4021000 rw-p 00000000 00:00 0 
7facd4021000-7facd8000000 ---p 00000000 00:00 0 
7facd98e5000-7facd9965000 rw-p 00000000 00:00 0 
7facd9965000-7facd9ae5000 ---p 00000000 00:00 0 
7facd9ae5000-7facd9ae8000 ---p 00000000 00:00 0 
7facd9ae8000-7facd9be6000 rw-p 00000000 00:00 0                          [stack:28214]
7facd9be6000-7facd9be9000 ---p 00000000 00:00 0 
7facd9be9000-7facd9ce7000 rw-p 00000000 00:00 0                          [stack:28213]
7facd9ce7000-7facd9cea000 ---p 00000000 00:00 0 
7facd9cea000-7facd9de8000 rw-p 00000000 00:00 0                          [stack:28212]
7facd9de8000-7facd9deb000 ---p 00000000 00:00 0 
7facd9deb000-7facd9ee9000 rw-p 00000000 00:00 0                          [stack:28211]
7facd9ee9000-7facd9eec000 ---p 00000000 00:00 0 
7facd9eec000-7facd9fea000 rw-p 00000000 00:00 0                          [stack:28210]
7facd9fea000-7facd9fed000 ---p 00000000 00:00 0 
7facd9fed000-7facda0eb000 rw-p 00000000 00:00 0                          [stack:28209]
7facda0eb000-7facda0ee000 ---p 00000000 00:00 0 
7facda0ee000-7facda1ec000 rw-p 00000000 00:00 0                          [stack:28208]
7facda1ec000-7facda1ef000 ---p 00000000 00:00 0 
7facda1ef000-7facda2ed000 rw-p 00000000 00:00 0                          [stack:28196]
7facda2ed000-7facda2f0000 ---p 00000000 00:00 0 
7facda2f0000-7facda3ee000 rw-p 00000000 00:00 0                          [stack:28230]
7facda3ee000-7facda3f1000 ---p 00000000 00:00 0 
7facda3f1000-7facda4ef000 rw-p 00000000 00:00 0 
7facda4ef000-7facda4f2000 ---p 00000000 00:00 0 
7facda4f2000-7facda5f0000 rw-p 00000000 00:00 0 
7facda5f0000-7facda5f3000 ---p 00000000 00:00 0 
7facda5f3000-7facda6f1000 rw-p 00000000 00:00 0 
7facda6f1000-7facda6f4000 ---p 00000000 00:00 0 
7facda6f4000-7facda7f2000 rw-p 00000000 00:00 0                          [stack:28149]
7facda7f2000-7facda7f5000 ---p 00000000 00:00 0 
7facda7f5000-7facda8f3000 rw-p 00000000 00:00 0                          [stack:28148]
7facda8f3000-7facda8f6000 ---p 00000000 00:00 0 
7facda8f6000-7facda9f4000 rw-p 00000000 00:00 0                          [stack:28147]
7facda9f4000-7facda9f7000 ---p 00000000 00:00 0 
7facda9f7000-7facdacf5000 rw-p 00000000 00:00 0                          [stack:28146]
7facdacf5000-7facdacf8000 ---p 00000000 00:00 0 
7facdacf8000-7facdadf6000 rw-p 00000000 00:00 0                          [stack:28145]
7facdadf6000-7facdadf9000 ---p 00000000 00:00 0 
7facdadf9000-7facdaef7000 rw-p 00000000 00:00 0                          [stack:28144]
7facdaef7000-7facdaefa000 ---p 00000000 00:00 0 
7facdaefa000-7facdaff8000 rw-p 00000000 00:00 0                          [stack:28143]
7facdaff8000-7facdaffb000 ---p 00000000 00:00 0 
7facdaffb000-7facdb0f9000 rw-p 00000000 00:00 0                          [stack:28142]
7facdb0f9000-7facdb0fc000 ---p 00000000 00:00 0 
7facdb0fc000-7facdb1fa000 rw-p 00000000 00:00 0                          [stack:28113]
7facdb1fa000-7facdb1fd000 ---p 00000000 00:00 0 
7facdb1fd000-7facdb2fb000 rw-p 00000000 00:00 0                          [stack:28112]
7facdb2fb000-7facdb2fe000 ---p 00000000 00:00 0 
7facdb2fe000-7facdb3fc000 rw-p 00000000 00:00 0                          [stack:28111]
7facdb3fc000-7facdb3ff000 ---p 00000000 00:00 0 
7facdb3ff000-7facdb4fd000 rw-p 00000000 00:00 0                          [stack:28110]
7facdb4fd000-7facdb500000 ---p 00000000 00:00 0 
7facdb500000-7facdb5fe000 rw-p 00000000 00:00 0                          [stack:28109]
7facdb5fe000-7facdb601000 ---p 00000000 00:00 0 
7facdb601000-7facdb8ff000 rw-p 00000000 00:00 0                          [stack:28108]
7facdb8ff000-7facdb902000 ---p 00000000 00:00 0 
7facdb902000-7facdbc00000 rw-p 00000000 00:00 0                          [stack:28105]
7facdbc00000-7facdbe00000 rw-p 00000000 00:00 0 
7facdbe00000-7facdc000000 rw-p 00000000 00:00 0 
7facdc000000-7facdc021000 rw-p 00000000 00:00 0 
7facdc021000-7face0000000 ---p 00000000 00:00 0 
7face0000000-7face0021000 rw-p 00000000 00:00 0 
7face0021000-7face4000000 ---p 00000000 00:00 0 
7face4000000-7face65bb000 rw-p 00000000 00:00 0 
7face65bb000-7face8000000 ---p 00000000 00:00 0 
7face8000000-7face82af000 rw-p 00000000 00:00 0 
7face82af000-7facec000000 ---p 00000000 00:00 0 
7facec000000-7faced0ca000 rw-p 00000000 00:00 0 
7faced0ca000-7facf0000000 ---p 00000000 00:00 0 
7facf0000000-7facf2281000 rw-p 00000000 00:00 0 
7facf2281000-7facf4000000 ---p 00000000 00:00 0 
7facf4000000-7facf4021000 rw-p 00000000 00:00 0 
7facf4021000-7facf8000000 ---p 00000000 00:00 0 
7facf8000000-7facfbfff000 rw-p 00000000 00:00 0 
7facfbfff000-7facfc000000 ---p 00000000 00:00 0 
7facfc000000-7facfcccb000 rw-p 00000000 00:00 0 
7facfcccb000-7fad00000000 ---p 00000000 00:00 0 
7fad00000000-7fad00021000 rw-p 00000000 00:00 0 
7fad00021000-7fad04000000 ---p 00000000 00:00 0 
7fad04000000-7fad0621f000 rw-p 00000000 00:00 0 
7fad0621f000-7fad08000000 ---p 00000000 00:00 0 
7fad08000000-7fad09db2000 rw-p 00000000 00:00 0 
7fad09db2000-7fad0c000000 ---p 00000000 00:00 0 
7fad0c000000-7fad0c021000 rw-p 00000000 00:00 0 
7fad0c021000-7fad10000000 ---p 00000000 00:00 0 
7fad10000000-7fad10021000 rw-p 00000000 00:00 0 
7fad10021000-7fad14000000 ---p 00000000 00:00 0 
7fad14000000-7fad14022000 rw-p 00000000 00:00 0 
7fad14022000-7fad18000000 ---p 00000000 00:00 0 
7fad18000000-7fad18021000 rw-p 00000000 00:00 0 
7fad18021000-7fad1c000000 ---p 00000000 00:00 0 
7fad1c000000-7fad1c021000 rw-p 00000000 00:00 0 
7fad1c021000-7fad20000000 ---p 00000000 00:00 0 
7fad20070000-7fad20073000 ---p 00000000 00:00 0 
7fad20073000-7fad20171000 rw-p 00000000 00:00 0                          [stack:28101]
7fad20171000-7fad20174000 ---p 00000000 00:00 0 
7fad20174000-7fad20272000 rw-p 00000000 00:00 0                          [stack:28098]
7fad20272000-7fad20275000 ---p 00000000 00:00 0 
7fad20275000-7fad20571000 rw-p 00000000 00:00 0                          [stack:28097]
7fad20571000-7fad20573000 ---p 00000000 00:00 0 
7fad20573000-7fad20773000 rw-p 00000000 00:00 0 
7fad20773000-7fad20776000 ---p 00000000 00:00 0 
7fad20776000-7fad20874000 rw-p 00000000 00:00 0                          [stack:28094]
7fad20874000-7fad20877000 ---p 00000000 00:00 0 
7fad20877000-7fad20b75000 rw-p 00000000 00:00 0                          [stack:28093]
7fad20b75000-7fad20b78000 ---p 00000000 00:00 0 
7fad20b78000-7fad20e76000 rw-p 00000000 00:00 0                          [stack:28107]
7fad20e76000-7fad21076000 rw-p 00000000 00:00 0 
7fad2112b000-7fad2132b000 rw-p 00000000 00:00 0 
7fad2132b000-7fad2152b000 rw-p 00000000 00:00 0 
7fad2152b000-7fad2172b000 rw-p 00000000 00:00 0 
7fad2172b000-7fad2192b000 rw-p 00000000 00:00 0 
7fad2192b000-7fad2193c000 r-xp 00000000 08:01 409176                     /usr/lib/jvm/java-8-oracle/jre/lib/amd64/libnio.so
7fad2193c000-7fad21b3b000 ---p 00011000 08:01 409176                     /usr/lib/jvm/java-8-oracle/jre/lib/amd64/libnio.so
7fad21b3b000-7fad21b3c000 rw-p 00010000 08:01 409176                     /usr/lib/jvm/java-8-oracle/jre/lib/amd64/libnio.so
7fad21b3c000-7fad21d3c000 rw-p 00000000 00:00 0 
7fad21d3c000-7fad21d3f000 r-xp 00000000 08:01 59291                      /lib/x86_64-linux-gnu/libnss_myhostname.so.2
7fad21d3f000-7fad21f3e000 ---p 00003000 08:01 59291                      /lib/x86_64-linux-gnu/libnss_myhostname.so.2
7fad21f3e000-7fad21f3f000 r--p 00002000 08:01 59291                      /lib/x86_64-linux-gnu/libnss_myhostname.so.2
7fad21f3f000-7fad21f40000 rw-p 00003000 08:01 59291                      /lib/x86_64-linux-gnu/libnss_myhostname.so.2
7fad21f40000-7fad21f56000 r-xp 00000000 08:01 409195                     /usr/lib/jvm/java-8-oracle/jre/lib/amd64/libnet.so
7fad21f56000-7fad22156000 ---p 00016000 08:01 409195                     /usr/lib/jvm/java-8-oracle/jre/lib/amd64/libnet.so
7fad22156000-7fad22157000 rw-p 00016000 08:01 409195                     /usr/lib/jvm/java-8-oracle/jre/lib/amd64/libnet.so
7fad22157000-7fad22357000 rw-p 00000000 00:00 0 
7fad22357000-7fad22557000 rw-p 00000000 00:00 0 
7fad22557000-7fad2255a000 ---p 00000000 00:00 0 
7fad2255a000-7fad22658000 rw-p 00000000 00:00 0                          [stack:28106]
7fad22658000-7fad2265b000 ---p 00000000 00:00 0 
7fad2265b000-7fad22759000 rw-p 00000000 00:00 0                          [stack:28141]
7fad22759000-7fad22762000 r-xp 00000000 08:01 409227                     /usr/lib/jvm/java-8-oracle/jre/lib/amd64/libmanagement.so
7fad22762000-7fad22961000 ---p 00009000 08:01 409227                     /usr/lib/jvm/java-8-oracle/jre/lib/amd64/libmanagement.so
7fad22961000-7fad22962000 rw-p 00008000 08:01 409227                     /usr/lib/jvm/java-8-oracle/jre/lib/amd64/libmanagement.so
7fad22962000-7fad22963000 ---p 00000000 00:00 0 
7fad22963000-7fad22a63000 rw-p 00000000 00:00 0                          [stack:28045]
7fad22a63000-7fad22a66000 ---p 00000000 00:00 0 
7fad22a66000-7fad22b64000 rw-p 00000000 00:00 0                          [stack:28043]
7fad22b64000-7fad22b67000 ---p 00000000 00:00 0 
7fad22b67000-7fad22c65000 rw-p 00000000 00:00 0                          [stack:28042]
7fad22c65000-7fad22c68000 ---p 00000000 00:00 0 
7fad22c68000-7fad22d66000 rw-p 00000000 00:00 0                          [stack:28041]
7fad22d66000-7fad22d69000 ---p 00000000 00:00 0 
7fad22d69000-7fad22e67000 rw-p 00000000 00:00 0                          [stack:28040]
7fad22e67000-7fad22e6a000 ---p 00000000 00:00 0 
7fad22e6a000-7fad22f68000 rw-p 00000000 00:00 0                          [stack:28039]
7fad22f68000-7fad230f1000 r--p 00000000 08:01 27112                      /usr/lib/locale/locale-archive
7fad230f1000-7fad230f4000 ---p 00000000 00:00 0 
7fad230f4000-7fad231f2000 rw-p 00000000 00:00 0                          [stack:28038]
7fad231f2000-7fad231f5000 ---p 00000000 00:00 0 
7fad231f5000-7fad232f3000 rw-p 00000000 00:00 0                          [stack:28037]
7fad232f3000-7fad232f4000 ---p 00000000 00:00 0 
7fad232f4000-7fad24000000 rw-p 00000000 00:00 0                          [stack:28036]
7fad24000000-7fad24021000 rw-p 00000000 00:00 0 
7fad24021000-7fad28000000 ---p 00000000 00:00 0 
7fad28000000-7fad28021000 rw-p 00000000 00:00 0 
7fad28021000-7fad2c000000 ---p 00000000 00:00 0 
7fad2c000000-7fad2c021000 rw-p 00000000 00:00 0 
7fad2c021000-7fad30000000 ---p 00000000 00:00 0 
7fad300cc000-7fad303cf000 rw-p 00000000 00:00 0 
7fad303cf000-7fad305a9000 r--s 03d4d000 08:01 409330                     /usr/lib/jvm/java-8-oracle/jre/lib/rt.jar
7fad305a9000-7fad35000000 rw-p 00000000 00:00 0 
7fad35000000-7fad36540000 rwxp 00000000 00:00 0 
7fad36550000-7fad44000000 ---p 00000000 00:00 0 
7fad44000000-7fad44458000 rw-p 00000000 00:00 0 
7fad44458000-7fad48000000 ---p 00000000 00:00 0 
7fad48003000-7fad48016000 r--s 00345000 08:01 409126                     /usr/lib/jvm/java-8-oracle/jre/lib/resources.jar
7fad48016000-7fad480ab000 r--s 01110000 08:01 409352                     /usr/lib/jvm/java-8-oracle/jre/lib/ext/jfxrt.jar
7fad480ab000-7fad48121000 rw-p 00000000 00:00 0 
7fad48121000-7fad48122000 ---p 00000000 00:00 0 
7fad48122000-7fad48222000 rw-p 00000000 00:00 0                          [stack:28035]
7fad48222000-7fad48223000 ---p 00000000 00:00 0 
7fad48223000-7fad48323000 rw-p 00000000 00:00 0                          [stack:28034]
7fad48323000-7fad48324000 ---p 00000000 00:00 0 
7fad48324000-7fad48424000 rw-p 00000000 00:00 0                          [stack:28033]
7fad48424000-7fad48425000 ---p 00000000 00:00 0 
7fad48425000-7fad48550000 rw-p 00000000 00:00 0                          [stack:28032]
7fad48550000-7fad487bf000 ---p 00000000 00:00 0 
7fad487bf000-7fad487ea000 rw-p 00000000 00:00 0 
7fad487ea000-7fad48a59000 ---p 00000000 00:00 0 
7fad48a59000-7fad48ba6000 rw-p 00000000 00:00 0 
7fad48ba6000-7fad48bfc000 rw-p 00000000 00:00 0 
7fad48bfc000-7fad48f67000 ---p 00000000 00:00 0 
7fad48f67000-7fad48f81000 r-xp 00000000 08:01 409202                     /usr/lib/jvm/java-8-oracle/jre/lib/amd64/libzip.so
7fad48f81000-7fad49181000 ---p 0001a000 08:01 409202                     /usr/lib/jvm/java-8-oracle/jre/lib/amd64/libzip.so
7fad49181000-7fad49182000 rw-p 0001a000 08:01 409202                     /usr/lib/jvm/java-8-oracle/jre/lib/amd64/libzip.so
7fad49182000-7fad4918c000 r-xp 00000000 08:01 3144                       /lib/x86_64-linux-gnu/libnss_files-2.19.so
7fad4918c000-7fad4938b000 ---p 0000a000 08:01 3144                       /lib/x86_64-linux-gnu/libnss_files-2.19.so
7fad4938b000-7fad4938c000 r--p 00009000 08:01 3144                       /lib/x86_64-linux-gnu/libnss_files-2.19.so
7fad4938c000-7fad4938d000 rw-p 0000a000 08:01 3144                       /lib/x86_64-linux-gnu/libnss_files-2.19.so
7fad4938d000-7fad49398000 r-xp 00000000 08:01 3036                       /lib/x86_64-linux-gnu/libnss_nis-2.19.so
7fad49398000-7fad49597000 ---p 0000b000 08:01 3036                       /lib/x86_64-linux-gnu/libnss_nis-2.19.so
7fad49597000-7fad49598000 r--p 0000a000 08:01 3036                       /lib/x86_64-linux-gnu/libnss_nis-2.19.so
7fad49598000-7fad49599000 rw-p 0000b000 08:01 3036                       /lib/x86_64-linux-gnu/libnss_nis-2.19.so
7fad49599000-7fad495b0000 r-xp 00000000 08:01 2993                       /lib/x86_64-linux-gnu/libnsl-2.19.so
7fad495b0000-7fad497af000 ---p 00017000 08:01 2993                       /lib/x86_64-linux-gnu/libnsl-2.19.so
7fad497af000-7fad497b0000 r--p 00016000 08:01 2993                       /lib/x86_64-linux-gnu/libnsl-2.19.so
7fad497b0000-7fad497b1000 rw-p 00017000 08:01 2993                       /lib/x86_64-linux-gnu/libnsl-2.19.so
7fad497b1000-7fad497b3000 rw-p 00000000 00:00 0 
7fad497b3000-7fad497bc000 r-xp 00000000 08:01 3004                       /lib/x86_64-linux-gnu/libnss_compat-2.19.so
7fad497bc000-7fad499bb000 ---p 00009000 08:01 3004                       /lib/x86_64-linux-gnu/libnss_compat-2.19.so
7fad499bb000-7fad499bc000 r--p 00008000 08:01 3004                       /lib/x86_64-linux-gnu/libnss_compat-2.19.so
7fad499bc000-7fad499bd000 rw-p 00009000 08:01 3004                       /lib/x86_64-linux-gnu/libnss_compat-2.19.so
7fad499bd000-7fad499e8000 r-xp 00000000 08:01 409188                     /usr/lib/jvm/java-8-oracle/jre/lib/amd64/libjava.so
7fad499e8000-7fad49be7000 ---p 0002b000 08:01 409188                     /usr/lib/jvm/java-8-oracle/jre/lib/amd64/libjava.so
7fad49be7000-7fad49be9000 rw-p 0002a000 08:01 409188                     /usr/lib/jvm/java-8-oracle/jre/lib/amd64/libjava.so
7fad49be9000-7fad49bf6000 r-xp 00000000 08:01 409228                     /usr/lib/jvm/java-8-oracle/jre/lib/amd64/libverify.so
7fad49bf6000-7fad49df6000 ---p 0000d000 08:01 409228                     /usr/lib/jvm/java-8-oracle/jre/lib/amd64/libverify.so
7fad49df6000-7fad49df8000 rw-p 0000d000 08:01 409228                     /usr/lib/jvm/java-8-oracle/jre/lib/amd64/libverify.so
7fad49df8000-7fad49dff000 r-xp 00000000 08:01 2965                       /lib/x86_64-linux-gnu/librt-2.19.so
7fad49dff000-7fad49ffe000 ---p 00007000 08:01 2965                       /lib/x86_64-linux-gnu/librt-2.19.so
7fad49ffe000-7fad49fff000 r--p 00006000 08:01 2965                       /lib/x86_64-linux-gnu/librt-2.19.so
7fad49fff000-7fad4a000000 rw-p 00007000 08:01 2965                       /lib/x86_64-linux-gnu/librt-2.19.so
7fad4a000000-7fad4a105000 r-xp 00000000 08:01 3059                       /lib/x86_64-linux-gnu/libm-2.19.so
7fad4a105000-7fad4a304000 ---p 00105000 08:01 3059                       /lib/x86_64-linux-gnu/libm-2.19.so
7fad4a304000-7fad4a305000 r--p 00104000 08:01 3059                       /lib/x86_64-linux-gnu/libm-2.19.so
7fad4a305000-7fad4a306000 rw-p 00105000 08:01 3059                       /lib/x86_64-linux-gnu/libm-2.19.so
7fad4a306000-7fad4afd9000 r-xp 00000000 08:01 409186                     /usr/lib/jvm/java-8-oracle/jre/lib/amd64/server/libjvm.so
7fad4afd9000-7fad4b1d8000 ---p 00cd3000 08:01 409186                     /usr/lib/jvm/java-8-oracle/jre/lib/amd64/server/libjvm.so
7fad4b1d8000-7fad4b2b2000 rw-p 00cd2000 08:01 409186                     /usr/lib/jvm/java-8-oracle/jre/lib/amd64/server/libjvm.so
7fad4b2b2000-7fad4b2fd000 rw-p 00000000 00:00 0 
7fad4b2fd000-7fad4b4bb000 r-xp 00000000 08:01 3143                       /lib/x86_64-linux-gnu/libc-2.19.so
7fad4b4bb000-7fad4b6bb000 ---p 001be000 08:01 3143                       /lib/x86_64-linux-gnu/libc-2.19.so
7fad4b6bb000-7fad4b6bf000 r--p 001be000 08:01 3143                       /lib/x86_64-linux-gnu/libc-2.19.so
7fad4b6bf000-7fad4b6c1000 rw-p 001c2000 08:01 3143                       /lib/x86_64-linux-gnu/libc-2.19.so
7fad4b6c1000-7fad4b6c6000 rw-p 00000000 00:00 0 
7fad4b6c6000-7fad4b6c9000 r-xp 00000000 08:01 2994                       /lib/x86_64-linux-gnu/libdl-2.19.so
7fad4b6c9000-7fad4b8c8000 ---p 00003000 08:01 2994                       /lib/x86_64-linux-gnu/libdl-2.19.so
7fad4b8c8000-7fad4b8c9000 r--p 00002000 08:01 2994                       /lib/x86_64-linux-gnu/libdl-2.19.so
7fad4b8c9000-7fad4b8ca000 rw-p 00003000 08:01 2994                       /lib/x86_64-linux-gnu/libdl-2.19.so
7fad4b8ca000-7fad4b8df000 r-xp 00000000 08:01 409192                     /usr/lib/jvm/java-8-oracle/jre/lib/amd64/jli/libjli.so
7fad4b8df000-7fad4badf000 ---p 00015000 08:01 409192                     /usr/lib/jvm/java-8-oracle/jre/lib/amd64/jli/libjli.so
7fad4badf000-7fad4bae0000 rw-p 00015000 08:01 409192                     /usr/lib/jvm/java-8-oracle/jre/lib/amd64/jli/libjli.so
7fad4bae0000-7fad4baf9000 r-xp 00000000 08:01 3039                       /lib/x86_64-linux-gnu/libpthread-2.19.so
7fad4baf9000-7fad4bcf8000 ---p 00019000 08:01 3039                       /lib/x86_64-linux-gnu/libpthread-2.19.so
7fad4bcf8000-7fad4bcf9000 r--p 00018000 08:01 3039                       /lib/x86_64-linux-gnu/libpthread-2.19.so
7fad4bcf9000-7fad4bcfa000 rw-p 00019000 08:01 3039                       /lib/x86_64-linux-gnu/libpthread-2.19.so
7fad4bcfa000-7fad4bcfe000 rw-p 00000000 00:00 0 
7fad4bcfe000-7fad4bd21000 r-xp 00000000 08:01 2949                       /lib/x86_64-linux-gnu/ld-2.19.so
7fad4bd2b000-7fad4bd30000 r--s 0009a000 08:01 409166                     /usr/lib/jvm/java-8-oracle/jre/lib/jsse.jar
7fad4bd30000-7fad4bd35000 r--s 002f9000 08:01 409391                     /usr/lib/jvm/java-8-oracle/jre/lib/charsets.jar
7fad4bd35000-7fad4bd3a000 r--s 01fa2000 08:01 1719081                    /home/vagrant/workspace/spring-cloud-nike-running/running-location-updater/target/running-location-updater-1.0.0.BUILD-SNAPSHOT.jar
7fad4bd3a000-7fad4be0c000 rw-p 00000000 00:00 0 
7fad4be0c000-7fad4be0f000 ---p 00000000 00:00 0 
7fad4be0f000-7fad4bf11000 rw-p 00000000 00:00 0                          [stack:28031]
7fad4bf14000-7fad4bf1c000 rw-s 00000000 08:01 273771                     /tmp/hsperfdata_vagrant/28030
7fad4bf1c000-7fad4bf1d000 rw-p 00000000 00:00 0 
7fad4bf1d000-7fad4bf1e000 r--p 00000000 00:00 0 
7fad4bf1e000-7fad4bf20000 rw-p 00000000 00:00 0 
7fad4bf20000-7fad4bf21000 r--p 00022000 08:01 2949                       /lib/x86_64-linux-gnu/ld-2.19.so
7fad4bf21000-7fad4bf22000 rw-p 00023000 08:01 2949                       /lib/x86_64-linux-gnu/ld-2.19.so
7fad4bf22000-7fad4bf23000 rw-p 00000000 00:00 0 
7fff0b14d000-7fff0b16e000 rw-p 00000000 00:00 0                          [stack]
7fff0b1b3000-7fff0b1b5000 r-xp 00000000 00:00 0                          [vdso]
ffffffffff600000-ffffffffff601000 r-xp 00000000 00:00 0                  [vsyscall]

VM Arguments:
java_command: ./target/running-location-updater-1.0.0.BUILD-SNAPSHOT.jar
java_class_path (initial): ./target/running-location-updater-1.0.0.BUILD-SNAPSHOT.jar
Launcher Type: SUN_STANDARD

Environment Variables:
JAVA_HOME=/usr/lib/jvm/java-8-oracle
PATH=/usr/local/sbin:/usr/local/bin:/usr/sbin:/usr/bin:/sbin:/bin:/usr/games:/usr/local/games:/usr/lib/jvm/java-8-oracle/bin:/usr/lib/jvm/java-8-oracle/db/bin:/usr/lib/jvm/java-8-oracle/jre/bin
SHELL=/bin/zsh
DISPLAY=:0.0

Signal Handlers:
SIGSEGV: [libjvm.so+0xacba10], sa_mask[0]=11111111011111111101111111111110, sa_flags=SA_RESTART|SA_SIGINFO
SIGBUS: [libjvm.so+0xacba10], sa_mask[0]=11111111011111111101111111111110, sa_flags=SA_RESTART|SA_SIGINFO
SIGFPE: [libjvm.so+0x924ba0], sa_mask[0]=11111111011111111101111111111110, sa_flags=SA_RESTART|SA_SIGINFO
SIGPIPE: [libjvm.so+0x924ba0], sa_mask[0]=11111111011111111101111111111110, sa_flags=SA_RESTART|SA_SIGINFO
SIGXFSZ: [libjvm.so+0x924ba0], sa_mask[0]=11111111011111111101111111111110, sa_flags=SA_RESTART|SA_SIGINFO
SIGILL: [libjvm.so+0x924ba0], sa_mask[0]=11111111011111111101111111111110, sa_flags=SA_RESTART|SA_SIGINFO
SIGUSR1: SIG_DFL, sa_mask[0]=00000000000000000000000000000000, sa_flags=none
SIGUSR2: [libjvm.so+0x9263e0], sa_mask[0]=00000000000000000000000000000000, sa_flags=SA_RESTART|SA_SIGINFO
SIGHUP: [libjvm.so+0x9277e0], sa_mask[0]=11111111011111111101111111111110, sa_flags=SA_RESTART|SA_SIGINFO
SIGINT: [libjvm.so+0x9277e0], sa_mask[0]=11111111011111111101111111111110, sa_flags=SA_RESTART|SA_SIGINFO
SIGTERM: [libjvm.so+0x9277e0], sa_mask[0]=11111111011111111101111111111110, sa_flags=SA_RESTART|SA_SIGINFO
SIGQUIT: [libjvm.so+0x9277e0], sa_mask[0]=11111111011111111101111111111110, sa_flags=SA_RESTART|SA_SIGINFO


---------------  S Y S T E M  ---------------

OS:DISTRIB_ID=Ubuntu
DISTRIB_RELEASE=14.04
DISTRIB_CODENAME=trusty
DISTRIB_DESCRIPTION="Ubuntu 14.04.5 LTS"

uname:Linux 3.13.0-132-generic #181-Ubuntu SMP Wed Sep 13 13:25:03 UTC 2017 x86_64
libc:glibc 2.19 NPTL 2.19 
rlimit: STACK 8192k, CORE 0k, NPROC 63709, NOFILE 4096, AS infinity
load average:16.63 7.73 3.75

/proc/meminfo:
MemTotal:        8176716 kB
MemFree:          102548 kB
Buffers:             204 kB
Cached:            39764 kB
SwapCached:            0 kB
Active:          7871040 kB
Inactive:          33048 kB
Active(anon):    7864996 kB
Inactive(anon):    25720 kB
Active(file):       6044 kB
Inactive(file):     7328 kB
Unevictable:           4 kB
Mlocked:               4 kB
SwapTotal:             0 kB
SwapFree:              0 kB
Dirty:                48 kB
Writeback:             0 kB
AnonPages:       7864632 kB
Mapped:            33760 kB
Shmem:             26088 kB
Slab:              52256 kB
SReclaimable:      22844 kB
SUnreclaim:        29412 kB
KernelStack:        7024 kB
PageTables:        41216 kB
NFS_Unstable:          0 kB
Bounce:                0 kB
WritebackTmp:          0 kB
CommitLimit:     4088356 kB
Committed_AS:   11265212 kB
VmallocTotal:   34359738367 kB
VmallocUsed:       21516 kB
VmallocChunk:   34359708580 kB
HardwareCorrupted:     0 kB
AnonHugePages:   5013504 kB
HugePages_Total:       0
HugePages_Free:        0
HugePages_Rsvd:        0
HugePages_Surp:        0
Hugepagesize:       2048 kB
DirectMap4k:       63424 kB
DirectMap2M:     8325120 kB


CPU:total 4 (initial active 4) (4 cores per cpu, 1 threads per core) family 6 model 70 stepping 1, cmov, cx8, fxsr, mmx, sse, sse2, sse3, ssse3, sse4.1, sse4.2, popcnt, avx, aes, clmul, lzcnt, tsc, tscinvbit

/proc/cpuinfo:
processor	: 0
vendor_id	: GenuineIntel
cpu family	: 6
model		: 70
model name	: Intel(R) Core(TM) i7-4770HQ CPU @ 2.20GHz
stepping	: 1
cpu MHz		: 2194.843
cache size	: 6144 KB
physical id	: 0
siblings	: 4
core id		: 0
cpu cores	: 4
apicid		: 0
initial apicid	: 0
fpu		: yes
fpu_exception	: yes
cpuid level	: 13
wp		: yes
flags		: fpu vme de pse tsc msr pae mce cx8 apic sep mtrr pge mca cmov pat pse36 clflush mmx fxsr sse sse2 ht syscall nx rdtscp lm constant_tsc rep_good nopl xtopology nonstop_tsc pni pclmulqdq ssse3 cx16 sse4_1 sse4_2 movbe popcnt aes xsave avx rdrand lahf_lm abm
bogomips	: 4389.68
clflush size	: 64
cache_alignment	: 64
address sizes	: 39 bits physical, 48 bits virtual
power management:

processor	: 1
vendor_id	: GenuineIntel
cpu family	: 6
model		: 70
model name	: Intel(R) Core(TM) i7-4770HQ CPU @ 2.20GHz
stepping	: 1
cpu MHz		: 2194.843
cache size	: 6144 KB
physical id	: 0
siblings	: 4
core id		: 1
cpu cores	: 4
apicid		: 1
initial apicid	: 1
fpu		: yes
fpu_exception	: yes
cpuid level	: 13
wp		: yes
flags		: fpu vme de pse tsc msr pae mce cx8 apic sep mtrr pge mca cmov pat pse36 clflush mmx fxsr sse sse2 ht syscall nx rdtscp lm constant_tsc rep_good nopl xtopology nonstop_tsc pni pclmulqdq ssse3 cx16 sse4_1 sse4_2 movbe popcnt aes xsave avx rdrand lahf_lm abm
bogomips	: 4389.68
clflush size	: 64
cache_alignment	: 64
address sizes	: 39 bits physical, 48 bits virtual
power management:

processor	: 2
vendor_id	: GenuineIntel
cpu family	: 6
model		: 70
model name	: Intel(R) Core(TM) i7-4770HQ CPU @ 2.20GHz
stepping	: 1
cpu MHz		: 2194.843
cache size	: 6144 KB
physical id	: 0
siblings	: 4
core id		: 2
cpu cores	: 4
apicid		: 2
initial apicid	: 2
fpu		: yes
fpu_exception	: yes
cpuid level	: 13
wp		: yes
flags		: fpu vme de pse tsc msr pae mce cx8 apic sep mtrr pge mca cmov pat pse36 clflush mmx fxsr sse sse2 ht syscall nx rdtscp lm constant_tsc rep_good nopl xtopology nonstop_tsc pni pclmulqdq ssse3 cx16 sse4_1 sse4_2 movbe popcnt aes xsave avx rdrand lahf_lm abm
bogomips	: 4389.68
clflush size	: 64
cache_alignment	: 64
address sizes	: 39 bits physical, 48 bits virtual
power management:

processor	: 3
vendor_id	: GenuineIntel
cpu family	: 6
model		: 70
model name	: Intel(R) Core(TM) i7-4770HQ CPU @ 2.20GHz
stepping	: 1
cpu MHz		: 2194.843
cache size	: 6144 KB
physical id	: 0
siblings	: 4
core id		: 3
cpu cores	: 4
apicid		: 3
initial apicid	: 3
fpu		: yes
fpu_exception	: yes
cpuid level	: 13
wp		: yes
flags		: fpu vme de pse tsc msr pae mce cx8 apic sep mtrr pge mca cmov pat pse36 clflush mmx fxsr sse sse2 ht syscall nx rdtscp lm constant_tsc rep_good nopl xtopology nonstop_tsc pni pclmulqdq ssse3 cx16 sse4_1 sse4_2 movbe popcnt aes xsave avx rdrand lahf_lm abm
bogomips	: 4389.68
clflush size	: 64
cache_alignment	: 64
address sizes	: 39 bits physical, 48 bits virtual
power management:



Memory: 4k page, physical 8176716k(102288k free), swap 0k(0k free)

vm_info: Java HotSpot(TM) 64-Bit Server VM (25.144-b01) for linux-amd64 JRE (1.8.0_144-b01), built on Jul 21 2017 21:57:33 by "java_re" with gcc 4.3.0 20080428 (Red Hat 4.3.0-8)

time: Fri Dec 22 23:22:00 2017
elapsed time: 232 seconds (0d 0h 3m 52s)

